Log file open, 10/13/23 16:46:39
LogWindows: Failed to load 'aqProf.dll' (GetLastError=126)
LogWindows: File 'aqProf.dll' does not exist
LogWindows: Failed to load 'VtuneApi.dll' (GetLastError=126)
LogWindows: File 'VtuneApi.dll' does not exist
LogWindows: Failed to load 'VtuneApi32e.dll' (GetLastError=126)
LogWindows: File 'VtuneApi32e.dll' does not exist
LogConsoleResponse: Display: Failed to find resolution value strings in scalability ini. Falling back to default.
LogConsoleResponse: Display: Failed to find resolution value strings in scalability ini. Falling back to default.
LogInit: Display: Running engine for game: UnrealGame001
LogPlatformFile: Not using cached read wrapper
LogTaskGraph: Started task graph with 5 named threads and 47 total threads with 3 sets of task threads.
LogStats: Stats thread started at 0.480909
LogICUInternationalization: ICU TimeZone Detection - Raw Offset: -5:00, Platform Override: ''
LogInit: Display: Loading text-based GConfig....
LogPluginManager: Mounting plugin MeshPainting
LogPluginManager: Mounting plugin XGEController
LogPluginManager: Mounting plugin Paper2D
LogPluginManager: Mounting plugin LightPropagationVolume
LogPluginManager: Mounting plugin EnvironmentQueryEditor
LogPluginManager: Mounting plugin AISupport
LogPluginManager: Mounting plugin LiveLink
LogPluginManager: Mounting plugin GameplayCameras
LogPluginManager: Mounting plugin OodleData
LogPluginManager: Mounting plugin AnimationSharing
LogPluginManager: Mounting plugin CameraShakePreviewer
LogPluginManager: Mounting plugin DatasmithContent
LogPluginManager: Mounting plugin OodleNetwork
LogPluginManager: Mounting plugin CLionSourceCodeAccess
LogPluginManager: Mounting plugin VariantManagerContent
LogPluginManager: Mounting plugin GitSourceControl
LogPluginManager: Mounting plugin CodeLiteSourceCodeAccess
LogPluginManager: Mounting plugin NullSourceCodeAccess
LogPluginManager: Mounting plugin PluginUtils
LogPluginManager: Mounting plugin PlasticSourceControl
LogPluginManager: Mounting plugin PropertyAccessNode
LogPluginManager: Mounting plugin PixWinPlugin
LogPluginManager: Mounting plugin RiderSourceCodeAccess
LogPluginManager: Mounting plugin TextureFormatOodle
LogPluginManager: Mounting plugin UObjectPlugin
LogPluginManager: Mounting plugin VisualStudioCodeSourceCodeAccess
LogPluginManager: Mounting plugin VisualStudioSourceCodeAccess
LogPluginManager: Mounting plugin XCodeSourceCodeAccess
LogPluginManager: Mounting plugin Niagara
LogPluginManager: Mounting plugin KDevelopSourceCodeAccess
LogPluginManager: Mounting plugin AlembicImporter
LogPluginManager: Mounting plugin SubversionSourceControl
LogPluginManager: Mounting plugin PerforceSourceControl
LogPluginManager: Mounting plugin AutomationUtils
LogPluginManager: Mounting plugin BackChannel
LogPluginManager: Mounting plugin ChaosCloth
LogPluginManager: Mounting plugin ChaosEditor
LogPluginManager: Mounting plugin CharacterAI
LogPluginManager: Mounting plugin ChaosNiagara
LogPluginManager: Mounting plugin AndroidMedia
LogPluginManager: Mounting plugin ChaosSolverPlugin
LogPluginManager: Mounting plugin AvfMedia
LogPluginManager: Mounting plugin ImgMedia
LogPluginManager: Mounting plugin MediaCompositing
LogPluginManager: Mounting plugin MediaPlayerEditor
LogPluginManager: Mounting plugin WebMMedia
LogPluginManager: Mounting plugin WmfMedia
LogPluginManager: Mounting plugin LuminPlatformFeatures
LogPluginManager: Mounting plugin MagicLeap
LogPluginManager: Mounting plugin MagicLeapLightEstimation
LogPluginManager: Mounting plugin MagicLeapMedia
LogPluginManager: Mounting plugin MagicLeapPassableWorld
LogPluginManager: Mounting plugin AssetManagerEditor
LogPluginManager: Mounting plugin GeometryCollectionPlugin
LogPluginManager: Mounting plugin GeometryProcessing
LogPluginManager: Mounting plugin GeometryCache
LogPluginManager: Mounting plugin MotoSynth
LogPluginManager: Mounting plugin OpenImageDenoise
LogPluginManager: Mounting plugin PlanarCut
LogPluginManager: Mounting plugin PlatformCrypto
LogPluginManager: Mounting plugin ProxyLODPlugin
LogPluginManager: Mounting plugin CryptoKeys
LogPluginManager: Mounting plugin CurveEditorTools
LogPluginManager: Mounting plugin DataValidation
LogPluginManager: Mounting plugin PythonScriptPlugin
LogPluginManager: Mounting plugin ChaosClothEditor
LogPluginManager: Mounting plugin GameplayTagsEditor
LogPluginManager: Mounting plugin FacialAnimation
LogPluginManager: Mounting plugin GeometryMode
LogPluginManager: Mounting plugin MLSDK
LogPluginManager: Mounting plugin MacGraphicsSwitching
LogPluginManager: Mounting plugin MaterialAnalyzer
LogPluginManager: Mounting plugin MobileLauncherProfileWizard
LogPluginManager: Mounting plugin PluginBrowser
LogPluginManager: Mounting plugin SpeedTreeImporter
LogPluginManager: Mounting plugin SkeletalReduction
LogPluginManager: Mounting plugin TcpMessaging
LogPluginManager: Mounting plugin UdpMessaging
LogPluginManager: Mounting plugin OnlineSubsystem
LogPluginManager: Mounting plugin OnlineSubsystemNull
LogPluginManager: Mounting plugin ActorSequence
LogPluginManager: Mounting plugin MatineeToLevelSequence
LogPluginManager: Mounting plugin LevelSequenceEditor
LogPluginManager: Mounting plugin OnlineSubsystemUtils
LogPluginManager: Mounting plugin ActorLayerUtilities
LogPluginManager: Mounting plugin TemplateSequence
LogPluginManager: Mounting plugin AndroidMoviePlayer
LogPluginManager: Mounting plugin AndroidPermission
LogPluginManager: Mounting plugin AndroidDeviceProfileSelector
LogPluginManager: Mounting plugin AppleImageUtils
LogPluginManager: Mounting plugin AppleMoviePlayer
LogPluginManager: Mounting plugin ArchVisCharacter
LogPluginManager: Mounting plugin AssetTags
LogPluginManager: Mounting plugin AudioSynesthesia
LogPluginManager: Mounting plugin CableComponent
LogPluginManager: Mounting plugin ChunkDownloader
LogPluginManager: Mounting plugin CustomMeshComponent
LogPluginManager: Mounting plugin EditableMesh
LogPluginManager: Mounting plugin ExampleDeviceProfileSelector
LogPluginManager: Mounting plugin GoogleCloudMessaging
LogPluginManager: Mounting plugin LauncherChunkInstaller
LogPluginManager: Mounting plugin IOSDeviceProfileSelector
LogPluginManager: Mounting plugin LinuxDeviceProfileSelector
LogPluginManager: Mounting plugin LocationServicesBPLibrary
LogPluginManager: Mounting plugin MobilePatchingUtils
LogPluginManager: Mounting plugin OpenXR
LogPluginManager: Mounting plugin AudioCapture
LogPluginManager: Mounting plugin GooglePAD
LogPluginManager: Mounting plugin OpenXRHandTracking
LogPluginManager: Mounting plugin ScreenshotTools
LogPluginManager: Mounting plugin PhysXVehicles
LogPluginManager: Mounting plugin PostSplashScreen
LogPluginManager: Mounting plugin ProceduralMeshComponent
LogPluginManager: Mounting plugin PropertyAccessEditor
LogPluginManager: Mounting plugin RuntimePhysXCooking
LogPluginManager: Mounting plugin SignificanceManager
LogPluginManager: Mounting plugin OpenXREyeTracker
LogPluginManager: Mounting plugin SoundFields
LogPluginManager: Mounting plugin Synthesis
LogPluginManager: Mounting plugin WebMMoviePlayer
LogPluginManager: Mounting plugin WindowsMoviePlayer
LogPluginManager: Mounting plugin Takes
LogPluginManager: Mounting plugin ContentBrowserAssetDataSource
LogPluginManager: Mounting plugin ContentBrowserClassDataSource
LogPluginManager: Mounting plugin ContentBrowserFileDataSource
LogPluginManager: Mounting plugin OnlineSubsystemGooglePlay
LogPluginManager: Mounting plugin OnlineSubsystemIOS
LogPluginManager: Mounting plugin OculusVR
LogPluginManager: Mounting plugin SteamVR
PixWinPlugin: PIX capture plugin failed to initialize! Check that the process is launched from PIX.
LogInit: Using libcurl 7.55.1-DEV
LogInit:  - built for x86_64-pc-win32
LogInit:  - supports SSL with OpenSSL/1.1.1
LogInit:  - supports HTTP deflate (compression) using libz 1.2.8
LogInit:  - other features:
LogInit:      CURL_VERSION_SSL
LogInit:      CURL_VERSION_LIBZ
LogInit:      CURL_VERSION_IPV6
LogInit:      CURL_VERSION_ASYNCHDNS
LogInit:      CURL_VERSION_LARGEFILE
LogInit:      CURL_VERSION_IDN
LogInit:  CurlRequestOptions (configurable via config and command line):
LogInit:  - bVerifyPeer = true  - Libcurl will verify peer certificate
LogInit:  - bUseHttpProxy = false  - Libcurl will NOT use HTTP proxy
LogInit:  - bDontReuseConnections = false  - Libcurl will reuse connections
LogInit:  - MaxHostConnections = 16  - Libcurl will limit the number of connections to a host
LogInit:  - LocalHostAddr = Default
LogInit:  - BufferSize = 65536
LogOnline: OSS: Creating online subsystem instance for: NULL
LogInit: WinSock: version 1.1 (2.2), MaxSocks=32767, MaxUdp=65467
LogOnline: OSS: TryLoadSubsystemAndSetDefault: Loaded subsystem for module [NULL]
LogOculusPluginWrapper: OculusPlugin initialized successfully
LogHMD: Failed initializing OVRPlugin 1.59.0
LogInit: Build: ++UE4+Release-4.27-CL-18319896
LogInit: Engine Version: 4.27.2-18319896+++UE4+Release-4.27
LogInit: Compatible Engine Version: 4.27.0-17155196+++UE4+Release-4.27
LogInit: Net CL: 17155196
LogInit: OS: Windows 10 (Release 2009) (), CPU: 11th Gen Intel(R) Core(TM) i7-11800H @ 2.30GHz, GPU: NVIDIA GeForce RTX 3080 Laptop GPU
LogInit: Compiled (64-bit): Nov 30 2021 07:12:08
LogInit: Compiled with Visual C++: 19.24.28315.00
LogInit: Build Configuration: Development
LogInit: Branch Name: ++UE4+Release-4.27
LogInit: Command Line:  -skipcompile
LogInit: Base Directory: C:/Program Files/Epic Games/UE_4.27/Engine/Binaries/Win64/
LogInit: Allocator: TBB
LogInit: Installed Engine Build: 1
LogDevObjectVersion: Number of dev versions registered: 29
LogDevObjectVersion:   Dev-Blueprints (B0D832E4-1F89-4F0D-ACCF-7EB736FD4AA2): 10
LogDevObjectVersion:   Dev-Build (E1C64328-A22C-4D53-A36C-8E866417BD8C): 0
LogDevObjectVersion:   Dev-Core (375EC13C-06E4-48FB-B500-84F0262A717E): 4
LogDevObjectVersion:   Dev-Editor (E4B068ED-F494-42E9-A231-DA0B2E46BB41): 40
LogDevObjectVersion:   Dev-Framework (CFFC743F-43B0-4480-9391-14DF171D2073): 37
LogDevObjectVersion:   Dev-Mobile (B02B49B5-BB20-44E9-A304-32B752E40360): 3
LogDevObjectVersion:   Dev-Networking (A4E4105C-59A1-49B5-A7C5-40C4547EDFEE): 0
LogDevObjectVersion:   Dev-Online (39C831C9-5AE6-47DC-9A44-9C173E1C8E7C): 0
LogDevObjectVersion:   Dev-Physics (78F01B33-EBEA-4F98-B9B4-84EACCB95AA2): 14
LogDevObjectVersion:   Dev-Platform (6631380F-2D4D-43E0-8009-CF276956A95A): 0
LogDevObjectVersion:   Dev-Rendering (12F88B9F-8875-4AFC-A67C-D90C383ABD29): 45
LogDevObjectVersion:   Dev-Sequencer (7B5AE74C-D270-4C10-A958-57980B212A5A): 13
LogDevObjectVersion:   Dev-VR (D7296918-1DD6-4BDD-9DE2-64A83CC13884): 3
LogDevObjectVersion:   Dev-LoadTimes (C2A15278-BFE7-4AFE-6C17-90FF531DF755): 1
LogDevObjectVersion:   Private-Geometry (6EACA3D4-40EC-4CC1-B786-8BED09428FC5): 3
LogDevObjectVersion:   Dev-AnimPhys (29E575DD-E0A3-4627-9D10-D276232CDCEA): 17
LogDevObjectVersion:   Dev-Anim (AF43A65D-7FD3-4947-9873-3E8ED9C1BB05): 15
LogDevObjectVersion:   Dev-ReflectionCapture (6B266CEC-1EC7-4B8F-A30B-E4D90942FC07): 1
LogDevObjectVersion:   Dev-Automation (0DF73D61-A23F-47EA-B727-89E90C41499A): 1
LogDevObjectVersion:   FortniteMain (601D1886-AC64-4F84-AA16-D3DE0DEAC7D6): 47
LogDevObjectVersion:   FortniteRelease (E7086368-6B23-4C58-8439-1B7016265E91): 1
LogDevObjectVersion:   Dev-Enterprise (9DFFBCD6-494F-0158-E221-12823C92A888): 10
LogDevObjectVersion:   Dev-Niagara (F2AED0AC-9AFE-416F-8664-AA7FFA26D6FC): 1
LogDevObjectVersion:   Dev-Destruction (174F1F0B-B4C6-45A5-B13F-2EE8D0FB917D): 10
LogDevObjectVersion:   Dev-Physics-Ext (35F94A83-E258-406C-A318-09F59610247C): 41
LogDevObjectVersion:   Dev-PhysicsMaterial-Chaos (B68FC16E-8B1B-42E2-B453-215C058844FE): 1
LogDevObjectVersion:   Dev-CineCamera (B2E18506-4273-CFC2-A54E-F4BB758BBA07): 1
LogDevObjectVersion:   Dev-VirtualProduction (64F58936-FD1B-42BA-BA96-7289D5D0FA4E): 1
LogDevObjectVersion:   Dev-MediaFramework (6F0ED827-A609-4895-9C91-998D90180EA4): 2
LogInit: Presizing for max 25165824 objects, including 0 objects not considered by GC, pre-allocating 0 bytes for permanent pool.
LogConfig: Applying CVar settings from Section [/Script/Engine.StreamingSettings] File [D:/UnrealGame01/UnrealGame001/Saved/Config/Windows/Engine.ini]
LogConfig: Setting CVar [[s.MinBulkDataSizeForAsyncLoading:131072]]
LogConfig: Setting CVar [[s.AsyncLoadingThreadEnabled:0]]
LogConfig: Setting CVar [[s.EventDrivenLoaderEnabled:1]]
LogConfig: Setting CVar [[s.WarnIfTimeLimitExceeded:0]]
LogConfig: Setting CVar [[s.TimeLimitExceededMultiplier:1.5]]
LogConfig: Setting CVar [[s.TimeLimitExceededMinTime:0.005]]
LogConfig: Setting CVar [[s.UseBackgroundLevelStreaming:1]]
LogConfig: Setting CVar [[s.PriorityAsyncLoadingExtraTime:15.0]]
LogConfig: Setting CVar [[s.LevelStreamingActorsUpdateTimeLimit:5.0]]
LogConfig: Setting CVar [[s.PriorityLevelStreamingActorsUpdateExtraTime:5.0]]
LogConfig: Setting CVar [[s.LevelStreamingComponentsRegistrationGranularity:10]]
LogConfig: Setting CVar [[s.UnregisterComponentsTimeLimit:1.0]]
LogConfig: Setting CVar [[s.LevelStreamingComponentsUnregistrationGranularity:5]]
LogConfig: Setting CVar [[s.FlushStreamingOnExit:1]]
LogInit: Object subsystem initialized
LogConfig: Setting CVar [[con.DebugEarlyDefault:1]]
LogConfig: Setting CVar [[r.setres:1280x720]]
[2023.10.13-20.46.40:574][  0]LogConfig: Setting CVar [[r.VSync:0]]
[2023.10.13-20.46.40:574][  0]LogConfig: Setting CVar [[r.RHICmdBypass:0]]
[2023.10.13-20.46.40:574][  0]LogConfig: Applying CVar settings from Section [/Script/Engine.RendererSettings] File [D:/UnrealGame01/UnrealGame001/Saved/Config/Windows/Engine.ini]
[2023.10.13-20.46.40:574][  0]LogConfig: Setting CVar [[r.GPUCrashDebugging:0]]
[2023.10.13-20.46.40:574][  0]LogConfig: Applying CVar settings from Section [/Script/Engine.RendererOverrideSettings] File [D:/UnrealGame01/UnrealGame001/Saved/Config/Windows/Engine.ini]
[2023.10.13-20.46.40:574][  0]LogConfig: Applying CVar settings from Section [/Script/Engine.StreamingSettings] File [D:/UnrealGame01/UnrealGame001/Saved/Config/Windows/Engine.ini]
[2023.10.13-20.46.40:574][  0]LogConfig: Setting CVar [[s.MinBulkDataSizeForAsyncLoading:131072]]
[2023.10.13-20.46.40:575][  0]LogConfig: Setting CVar [[s.AsyncLoadingThreadEnabled:0]]
[2023.10.13-20.46.40:575][  0]LogConfig: Setting CVar [[s.EventDrivenLoaderEnabled:1]]
[2023.10.13-20.46.40:575][  0]LogConfig: Setting CVar [[s.WarnIfTimeLimitExceeded:0]]
[2023.10.13-20.46.40:575][  0]LogConfig: Setting CVar [[s.TimeLimitExceededMultiplier:1.5]]
[2023.10.13-20.46.40:575][  0]LogConfig: Setting CVar [[s.TimeLimitExceededMinTime:0.005]]
[2023.10.13-20.46.40:575][  0]LogConfig: Setting CVar [[s.UseBackgroundLevelStreaming:1]]
[2023.10.13-20.46.40:575][  0]LogConfig: Setting CVar [[s.PriorityAsyncLoadingExtraTime:15.0]]
[2023.10.13-20.46.40:575][  0]LogConfig: Setting CVar [[s.LevelStreamingActorsUpdateTimeLimit:5.0]]
[2023.10.13-20.46.40:575][  0]LogConfig: Setting CVar [[s.PriorityLevelStreamingActorsUpdateExtraTime:5.0]]
[2023.10.13-20.46.40:575][  0]LogConfig: Setting CVar [[s.LevelStreamingComponentsRegistrationGranularity:10]]
[2023.10.13-20.46.40:575][  0]LogConfig: Setting CVar [[s.UnregisterComponentsTimeLimit:1.0]]
[2023.10.13-20.46.40:575][  0]LogConfig: Setting CVar [[s.LevelStreamingComponentsUnregistrationGranularity:5]]
[2023.10.13-20.46.40:575][  0]LogConfig: Setting CVar [[s.FlushStreamingOnExit:1]]
[2023.10.13-20.46.40:575][  0]LogConfig: Applying CVar settings from Section [/Script/Engine.GarbageCollectionSettings] File [D:/UnrealGame01/UnrealGame001/Saved/Config/Windows/Engine.ini]
[2023.10.13-20.46.40:575][  0]LogConfig: Setting CVar [[gc.MaxObjectsNotConsideredByGC:1]]
[2023.10.13-20.46.40:575][  0]LogConfig: Setting CVar [[gc.SizeOfPermanentObjectPool:0]]
[2023.10.13-20.46.40:575][  0]LogConfig: Setting CVar [[gc.FlushStreamingOnGC:0]]
[2023.10.13-20.46.40:575][  0]LogConfig: Setting CVar [[gc.NumRetriesBeforeForcingGC:10]]
[2023.10.13-20.46.40:576][  0]LogConfig: Setting CVar [[gc.AllowParallelGC:1]]
[2023.10.13-20.46.40:576][  0]LogConfig: Setting CVar [[gc.TimeBetweenPurgingPendingKillObjects:61.1]]
[2023.10.13-20.46.40:576][  0]LogConfig: Setting CVar [[gc.MaxObjectsInEditor:25165824]]
[2023.10.13-20.46.40:576][  0]LogConfig: Setting CVar [[gc.IncrementalBeginDestroyEnabled:1]]
[2023.10.13-20.46.40:576][  0]LogConfig: Setting CVar [[gc.CreateGCClusters:1]]
[2023.10.13-20.46.40:576][  0]LogConfig: Setting CVar [[gc.MinGCClusterSize:5]]
[2023.10.13-20.46.40:576][  0]LogConfig: Setting CVar [[gc.ActorClusteringEnabled:0]]
[2023.10.13-20.46.40:576][  0]LogConfig: Setting CVar [[gc.BlueprintClusteringEnabled:0]]
[2023.10.13-20.46.40:576][  0]LogConfig: Setting CVar [[gc.UseDisregardForGCOnDedicatedServers:0]]
[2023.10.13-20.46.40:576][  0]LogConfig: Setting CVar [[gc.MultithreadedDestructionEnabled:1]]
[2023.10.13-20.46.40:576][  0]LogConfig: Applying CVar settings from Section [/Script/Engine.NetworkSettings] File [D:/UnrealGame01/UnrealGame001/Saved/Config/Windows/Engine.ini]
[2023.10.13-20.46.40:576][  0]LogConfig: Applying CVar settings from Section [/Script/UnrealEd.CookerSettings] File [D:/UnrealGame01/UnrealGame001/Saved/Config/Windows/Engine.ini]
[2023.10.13-20.46.40:604][  0]LogConfig: Applying CVar settings from Section [ViewDistanceQuality@3] File [D:/UnrealGame01/UnrealGame001/Saved/Config/Windows/Scalability.ini]
[2023.10.13-20.46.40:604][  0]LogConfig: Setting CVar [[r.SkeletalMeshLODBias:0]]
[2023.10.13-20.46.40:604][  0]LogConfig: Setting CVar [[r.ViewDistanceScale:1.0]]
[2023.10.13-20.46.40:604][  0]LogConfig: Applying CVar settings from Section [AntiAliasingQuality@3] File [D:/UnrealGame01/UnrealGame001/Saved/Config/Windows/Scalability.ini]
[2023.10.13-20.46.40:604][  0]LogConfig: Setting CVar [[r.PostProcessAAQuality:4]]
[2023.10.13-20.46.40:604][  0]LogConfig: Applying CVar settings from Section [ShadowQuality@3] File [D:/UnrealGame01/UnrealGame001/Saved/Config/Windows/Scalability.ini]
[2023.10.13-20.46.40:604][  0]LogConfig: Setting CVar [[r.LightFunctionQuality:1]]
[2023.10.13-20.46.40:604][  0]LogConfig: Setting CVar [[r.ShadowQuality:5]]
[2023.10.13-20.46.40:604][  0]LogConfig: Setting CVar [[r.Shadow.CSM.MaxCascades:10]]
[2023.10.13-20.46.40:604][  0]LogConfig: Setting CVar [[r.Shadow.MaxResolution:2048]]
[2023.10.13-20.46.40:604][  0]LogConfig: Setting CVar [[r.Shadow.MaxCSMResolution:2048]]
[2023.10.13-20.46.40:604][  0]LogConfig: Setting CVar [[r.Shadow.RadiusThreshold:0.01]]
[2023.10.13-20.46.40:605][  0]LogConfig: Setting CVar [[r.Shadow.DistanceScale:1.0]]
[2023.10.13-20.46.40:605][  0]LogConfig: Setting CVar [[r.Shadow.CSM.TransitionScale:1.0]]
[2023.10.13-20.46.40:605][  0]LogConfig: Setting CVar [[r.Shadow.PreShadowResolutionFactor:1.0]]
[2023.10.13-20.46.40:605][  0]LogConfig: Setting CVar [[r.DistanceFieldShadowing:1]]
[2023.10.13-20.46.40:605][  0]LogConfig: Setting CVar [[r.DistanceFieldAO:1]]
[2023.10.13-20.46.40:605][  0]LogConfig: Setting CVar [[r.AOQuality:2]]
[2023.10.13-20.46.40:605][  0]LogConfig: Setting CVar [[r.VolumetricFog:1]]
[2023.10.13-20.46.40:605][  0]LogConfig: Setting CVar [[r.VolumetricFog.GridPixelSize:8]]
[2023.10.13-20.46.40:605][  0]LogConfig: Setting CVar [[r.VolumetricFog.GridSizeZ:128]]
[2023.10.13-20.46.40:605][  0]LogConfig: Setting CVar [[r.VolumetricFog.HistoryMissSupersampleCount:4]]
[2023.10.13-20.46.40:605][  0]LogConfig: Setting CVar [[r.LightMaxDrawDistanceScale:1]]
[2023.10.13-20.46.40:605][  0]LogConfig: Setting CVar [[r.CapsuleShadows:1]]
[2023.10.13-20.46.40:605][  0]LogConfig: Applying CVar settings from Section [PostProcessQuality@3] File [D:/UnrealGame01/UnrealGame001/Saved/Config/Windows/Scalability.ini]
[2023.10.13-20.46.40:605][  0]LogConfig: Setting CVar [[r.MotionBlurQuality:4]]
[2023.10.13-20.46.40:606][  0]LogConfig: Setting CVar [[r.AmbientOcclusionMipLevelFactor:0.4]]
[2023.10.13-20.46.40:606][  0]LogConfig: Setting CVar [[r.AmbientOcclusionMaxQuality:100]]
[2023.10.13-20.46.40:606][  0]LogConfig: Setting CVar [[r.AmbientOcclusionLevels:-1]]
[2023.10.13-20.46.40:606][  0]LogConfig: Setting CVar [[r.AmbientOcclusionRadiusScale:1.0]]
[2023.10.13-20.46.40:606][  0]LogConfig: Setting CVar [[r.DepthOfFieldQuality:2]]
[2023.10.13-20.46.40:606][  0]LogConfig: Setting CVar [[r.RenderTargetPoolMin:400]]
[2023.10.13-20.46.40:606][  0]LogConfig: Setting CVar [[r.LensFlareQuality:2]]
[2023.10.13-20.46.40:606][  0]LogConfig: Setting CVar [[r.SceneColorFringeQuality:1]]
[2023.10.13-20.46.40:606][  0]LogConfig: Setting CVar [[r.EyeAdaptationQuality:2]]
[2023.10.13-20.46.40:606][  0]LogConfig: Setting CVar [[r.BloomQuality:5]]
[2023.10.13-20.46.40:606][  0]LogConfig: Setting CVar [[r.FastBlurThreshold:100]]
[2023.10.13-20.46.40:607][  0]LogConfig: Setting CVar [[r.Upscale.Quality:3]]
[2023.10.13-20.46.40:607][  0]LogConfig: Setting CVar [[r.Tonemapper.GrainQuantization:1]]
[2023.10.13-20.46.40:607][  0]LogConfig: Setting CVar [[r.LightShaftQuality:1]]
[2023.10.13-20.46.40:607][  0]LogConfig: Setting CVar [[r.Filter.SizeScale:1]]
[2023.10.13-20.46.40:607][  0]LogConfig: Setting CVar [[r.Tonemapper.Quality:5]]
[2023.10.13-20.46.40:607][  0]LogConfig: Setting CVar [[r.DOF.Gather.AccumulatorQuality:1        ; higher gathering accumulator quality]]
[2023.10.13-20.46.40:607][  0]LogConfig: Setting CVar [[r.DOF.Gather.PostfilterMethod:1          ; Median3x3 postfilering method]]
[2023.10.13-20.46.40:607][  0]LogConfig: Setting CVar [[r.DOF.Gather.EnableBokehSettings:0       ; no bokeh simulation when gathering]]
[2023.10.13-20.46.40:607][  0]LogConfig: Setting CVar [[r.DOF.Gather.RingCount:4                 ; medium number of samples when gathering]]
[2023.10.13-20.46.40:607][  0]LogConfig: Setting CVar [[r.DOF.Scatter.ForegroundCompositing:1    ; additive foreground scattering]]
[2023.10.13-20.46.40:607][  0]LogConfig: Setting CVar [[r.DOF.Scatter.BackgroundCompositing:2    ; additive background scattering]]
[2023.10.13-20.46.40:608][  0]LogConfig: Setting CVar [[r.DOF.Scatter.EnableBokehSettings:1      ; bokeh simulation when scattering]]
[2023.10.13-20.46.40:608][  0]LogConfig: Setting CVar [[r.DOF.Scatter.MaxSpriteRatio:0.1         ; only a maximum of 10% of scattered bokeh]]
[2023.10.13-20.46.40:608][  0]LogConfig: Setting CVar [[r.DOF.Recombine.Quality:1                ; cheap slight out of focus]]
[2023.10.13-20.46.40:608][  0]LogConfig: Setting CVar [[r.DOF.Recombine.EnableBokehSettings:0    ; no bokeh simulation on slight out of focus]]
[2023.10.13-20.46.40:608][  0]LogConfig: Setting CVar [[r.DOF.TemporalAAQuality:1                ; more stable temporal accumulation]]
[2023.10.13-20.46.40:608][  0]LogConfig: Setting CVar [[r.DOF.Kernel.MaxForegroundRadius:0.025]]
[2023.10.13-20.46.40:608][  0]LogConfig: Setting CVar [[r.DOF.Kernel.MaxBackgroundRadius:0.025]]
[2023.10.13-20.46.40:608][  0]LogConfig: Applying CVar settings from Section [TextureQuality@3] File [D:/UnrealGame01/UnrealGame001/Saved/Config/Windows/Scalability.ini]
[2023.10.13-20.46.40:608][  0]LogConfig: Setting CVar [[r.Streaming.MipBias:0]]
[2023.10.13-20.46.40:608][  0]LogConfig: Setting CVar [[r.Streaming.AmortizeCPUToGPUCopy:0]]
[2023.10.13-20.46.40:608][  0]LogConfig: Setting CVar [[r.Streaming.MaxNumTexturesToStreamPerFrame:0]]
[2023.10.13-20.46.40:608][  0]LogConfig: Setting CVar [[r.Streaming.Boost:1]]
[2023.10.13-20.46.40:608][  0]LogConfig: Setting CVar [[r.MaxAnisotropy:8]]
[2023.10.13-20.46.40:608][  0]LogConfig: Setting CVar [[r.VT.MaxAnisotropy:8]]
[2023.10.13-20.46.40:608][  0]LogConfig: Setting CVar [[r.Streaming.LimitPoolSizeToVRAM:0]]
[2023.10.13-20.46.40:609][  0]LogConfig: Setting CVar [[r.Streaming.PoolSize:1000]]
[2023.10.13-20.46.40:609][  0]LogConfig: Setting CVar [[r.Streaming.MaxEffectiveScreenSize:0]]
[2023.10.13-20.46.40:609][  0]LogConfig: Applying CVar settings from Section [EffectsQuality@3] File [D:/UnrealGame01/UnrealGame001/Saved/Config/Windows/Scalability.ini]
[2023.10.13-20.46.40:609][  0]LogConfig: Setting CVar [[r.TranslucencyLightingVolumeDim:64]]
[2023.10.13-20.46.40:609][  0]LogConfig: Setting CVar [[r.RefractionQuality:2]]
[2023.10.13-20.46.40:609][  0]LogConfig: Setting CVar [[r.SSR.Quality:3]]
[2023.10.13-20.46.40:609][  0]LogConfig: Setting CVar [[r.SSR.HalfResSceneColor:0]]
[2023.10.13-20.46.40:609][  0]LogConfig: Setting CVar [[r.SceneColorFormat:4]]
[2023.10.13-20.46.40:609][  0]LogConfig: Setting CVar [[r.DetailMode:2]]
[2023.10.13-20.46.40:609][  0]LogConfig: Setting CVar [[r.TranslucencyVolumeBlur:1]]
[2023.10.13-20.46.40:609][  0]LogConfig: Setting CVar [[r.MaterialQualityLevel:1 ; High quality]]
[2023.10.13-20.46.40:609][  0]LogConfig: Setting CVar [[r.AnisotropicMaterials:1]]
[2023.10.13-20.46.40:609][  0]LogConfig: Setting CVar [[r.SSS.Scale:1]]
[2023.10.13-20.46.40:610][  0]LogConfig: Setting CVar [[r.SSS.SampleSet:2]]
[2023.10.13-20.46.40:610][  0]LogConfig: Setting CVar [[r.SSS.Quality:1]]
[2023.10.13-20.46.40:610][  0]LogConfig: Setting CVar [[r.SSS.HalfRes:0]]
[2023.10.13-20.46.40:610][  0]LogConfig: Setting CVar [[r.SSGI.Quality:3]]
[2023.10.13-20.46.40:610][  0]LogConfig: Setting CVar [[r.EmitterSpawnRateScale:1.0]]
[2023.10.13-20.46.40:610][  0]LogConfig: Setting CVar [[r.ParticleLightQuality:2]]
[2023.10.13-20.46.40:610][  0]LogConfig: Setting CVar [[r.SkyAtmosphere.AerialPerspectiveLUT.FastApplyOnOpaque:1 ; Always have FastSkyLUT 1 in this case to avoid wrong sky]]
[2023.10.13-20.46.40:610][  0]LogConfig: Setting CVar [[r.SkyAtmosphere.AerialPerspectiveLUT.SampleCountMaxPerSlice:4]]
[2023.10.13-20.46.40:610][  0]LogConfig: Setting CVar [[r.SkyAtmosphere.AerialPerspectiveLUT.DepthResolution:16.0]]
[2023.10.13-20.46.40:610][  0]LogConfig: Setting CVar [[r.SkyAtmosphere.FastSkyLUT:1]]
[2023.10.13-20.46.40:610][  0]LogConfig: Setting CVar [[r.SkyAtmosphere.FastSkyLUT.SampleCountMin:4.0]]
[2023.10.13-20.46.40:610][  0]LogConfig: Setting CVar [[r.SkyAtmosphere.FastSkyLUT.SampleCountMax:128.0]]
[2023.10.13-20.46.40:610][  0]LogConfig: Setting CVar [[r.SkyAtmosphere.SampleCountMin:4.0]]
[2023.10.13-20.46.40:610][  0]LogConfig: Setting CVar [[r.SkyAtmosphere.SampleCountMax:128.0]]
[2023.10.13-20.46.40:610][  0]LogConfig: Setting CVar [[r.SkyAtmosphere.TransmittanceLUT.UseSmallFormat:0]]
[2023.10.13-20.46.40:610][  0]LogConfig: Setting CVar [[r.SkyAtmosphere.TransmittanceLUT.SampleCount:10.0]]
[2023.10.13-20.46.40:610][  0]LogConfig: Setting CVar [[r.SkyAtmosphere.MultiScatteringLUT.SampleCount:15.0]]
[2023.10.13-20.46.40:610][  0]LogConfig: Setting CVar [[r.SkyLight.RealTimeReflectionCapture:1]]
[2023.10.13-20.46.40:611][  0]LogConfig: Applying CVar settings from Section [FoliageQuality@3] File [D:/UnrealGame01/UnrealGame001/Saved/Config/Windows/Scalability.ini]
[2023.10.13-20.46.40:611][  0]LogConfig: Setting CVar [[foliage.DensityScale:1.0]]
[2023.10.13-20.46.40:611][  0]LogConfig: Setting CVar [[grass.DensityScale:1.0]]
[2023.10.13-20.46.40:611][  0]LogConfig: Applying CVar settings from Section [ShadingQuality@3] File [D:/UnrealGame01/UnrealGame001/Saved/Config/Windows/Scalability.ini]
[2023.10.13-20.46.40:611][  0]LogConfig: Setting CVar [[r.HairStrands.SkyLighting.IntegrationType:2]]
[2023.10.13-20.46.40:611][  0]LogConfig: Setting CVar [[r.HairStrands.SkyAO.SampleCount:4]]
[2023.10.13-20.46.40:611][  0]LogConfig: Setting CVar [[r.HairStrands.Visibility.MSAA.SamplePerPixel:4]]
[2023.10.13-20.46.40:611][  0]LogInit: Selected Device Profile: [Windows]
[2023.10.13-20.46.40:611][  0]LogInit: Applying CVar settings loaded from the selected device profile: [Windows]
[2023.10.13-20.46.40:611][  0]LogHAL: Display: Platform has ~ 16 GB [16938074112 / 17179869184 / 16], which maps to Larger [LargestMinGB=32, LargerMinGB=12, DefaultMinGB=8, SmallerMinGB=6, SmallestMinGB=0)
[2023.10.13-20.46.40:611][  0]LogInit: Going up to parent DeviceProfile []
[2023.10.13-20.46.40:611][  0]LogConfig: Applying CVar settings from Section [ViewDistanceQuality@3] File [D:/UnrealGame01/UnrealGame001/Saved/Config/Windows/Scalability.ini]
[2023.10.13-20.46.40:611][  0]LogConfig: Setting CVar [[r.SkeletalMeshLODBias:0]]
[2023.10.13-20.46.40:612][  0]LogConfig: Setting CVar [[r.ViewDistanceScale:1.0]]
[2023.10.13-20.46.40:612][  0]LogConfig: Applying CVar settings from Section [AntiAliasingQuality@3] File [D:/UnrealGame01/UnrealGame001/Saved/Config/Windows/Scalability.ini]
[2023.10.13-20.46.40:612][  0]LogConfig: Setting CVar [[r.PostProcessAAQuality:4]]
[2023.10.13-20.46.40:612][  0]LogConfig: Applying CVar settings from Section [ShadowQuality@3] File [D:/UnrealGame01/UnrealGame001/Saved/Config/Windows/Scalability.ini]
[2023.10.13-20.46.40:612][  0]LogConfig: Setting CVar [[r.LightFunctionQuality:1]]
[2023.10.13-20.46.40:612][  0]LogConfig: Setting CVar [[r.ShadowQuality:5]]
[2023.10.13-20.46.40:612][  0]LogConfig: Setting CVar [[r.Shadow.CSM.MaxCascades:10]]
[2023.10.13-20.46.40:612][  0]LogConfig: Setting CVar [[r.Shadow.MaxResolution:2048]]
[2023.10.13-20.46.40:612][  0]LogConfig: Setting CVar [[r.Shadow.MaxCSMResolution:2048]]
[2023.10.13-20.46.40:612][  0]LogConfig: Setting CVar [[r.Shadow.RadiusThreshold:0.01]]
[2023.10.13-20.46.40:612][  0]LogConfig: Setting CVar [[r.Shadow.DistanceScale:1.0]]
[2023.10.13-20.46.40:612][  0]LogConfig: Setting CVar [[r.Shadow.CSM.TransitionScale:1.0]]
[2023.10.13-20.46.40:612][  0]LogConfig: Setting CVar [[r.Shadow.PreShadowResolutionFactor:1.0]]
[2023.10.13-20.46.40:612][  0]LogConfig: Setting CVar [[r.DistanceFieldShadowing:1]]
[2023.10.13-20.46.40:613][  0]LogConfig: Setting CVar [[r.DistanceFieldAO:1]]
[2023.10.13-20.46.40:613][  0]LogConfig: Setting CVar [[r.AOQuality:2]]
[2023.10.13-20.46.40:613][  0]LogConfig: Setting CVar [[r.VolumetricFog:1]]
[2023.10.13-20.46.40:614][  0]LogConfig: Setting CVar [[r.VolumetricFog.GridPixelSize:8]]
[2023.10.13-20.46.40:614][  0]LogConfig: Setting CVar [[r.VolumetricFog.GridSizeZ:128]]
[2023.10.13-20.46.40:614][  0]LogConfig: Setting CVar [[r.VolumetricFog.HistoryMissSupersampleCount:4]]
[2023.10.13-20.46.40:614][  0]LogConfig: Setting CVar [[r.LightMaxDrawDistanceScale:1]]
[2023.10.13-20.46.40:614][  0]LogConfig: Setting CVar [[r.CapsuleShadows:1]]
[2023.10.13-20.46.40:614][  0]LogConfig: Applying CVar settings from Section [PostProcessQuality@3] File [D:/UnrealGame01/UnrealGame001/Saved/Config/Windows/Scalability.ini]
[2023.10.13-20.46.40:614][  0]LogConfig: Setting CVar [[r.MotionBlurQuality:4]]
[2023.10.13-20.46.40:614][  0]LogConfig: Setting CVar [[r.AmbientOcclusionMipLevelFactor:0.4]]
[2023.10.13-20.46.40:614][  0]LogConfig: Setting CVar [[r.AmbientOcclusionMaxQuality:100]]
[2023.10.13-20.46.40:615][  0]LogConfig: Setting CVar [[r.AmbientOcclusionLevels:-1]]
[2023.10.13-20.46.40:615][  0]LogConfig: Setting CVar [[r.AmbientOcclusionRadiusScale:1.0]]
[2023.10.13-20.46.40:615][  0]LogConfig: Setting CVar [[r.DepthOfFieldQuality:2]]
[2023.10.13-20.46.40:615][  0]LogConfig: Setting CVar [[r.RenderTargetPoolMin:400]]
[2023.10.13-20.46.40:615][  0]LogConfig: Setting CVar [[r.LensFlareQuality:2]]
[2023.10.13-20.46.40:615][  0]LogConfig: Setting CVar [[r.SceneColorFringeQuality:1]]
[2023.10.13-20.46.40:615][  0]LogConfig: Setting CVar [[r.EyeAdaptationQuality:2]]
[2023.10.13-20.46.40:615][  0]LogConfig: Setting CVar [[r.BloomQuality:5]]
[2023.10.13-20.46.40:615][  0]LogConfig: Setting CVar [[r.FastBlurThreshold:100]]
[2023.10.13-20.46.40:615][  0]LogConfig: Setting CVar [[r.Upscale.Quality:3]]
[2023.10.13-20.46.40:615][  0]LogConfig: Setting CVar [[r.Tonemapper.GrainQuantization:1]]
[2023.10.13-20.46.40:615][  0]LogConfig: Setting CVar [[r.LightShaftQuality:1]]
[2023.10.13-20.46.40:615][  0]LogConfig: Setting CVar [[r.Filter.SizeScale:1]]
[2023.10.13-20.46.40:615][  0]LogConfig: Setting CVar [[r.Tonemapper.Quality:5]]
[2023.10.13-20.46.40:615][  0]LogConfig: Setting CVar [[r.DOF.Gather.AccumulatorQuality:1        ; higher gathering accumulator quality]]
[2023.10.13-20.46.40:615][  0]LogConfig: Setting CVar [[r.DOF.Gather.PostfilterMethod:1          ; Median3x3 postfilering method]]
[2023.10.13-20.46.40:615][  0]LogConfig: Setting CVar [[r.DOF.Gather.EnableBokehSettings:0       ; no bokeh simulation when gathering]]
[2023.10.13-20.46.40:616][  0]LogConfig: Setting CVar [[r.DOF.Gather.RingCount:4                 ; medium number of samples when gathering]]
[2023.10.13-20.46.40:616][  0]LogConfig: Setting CVar [[r.DOF.Scatter.ForegroundCompositing:1    ; additive foreground scattering]]
[2023.10.13-20.46.40:616][  0]LogConfig: Setting CVar [[r.DOF.Scatter.BackgroundCompositing:2    ; additive background scattering]]
[2023.10.13-20.46.40:616][  0]LogConfig: Setting CVar [[r.DOF.Scatter.EnableBokehSettings:1      ; bokeh simulation when scattering]]
[2023.10.13-20.46.40:616][  0]LogConfig: Setting CVar [[r.DOF.Scatter.MaxSpriteRatio:0.1         ; only a maximum of 10% of scattered bokeh]]
[2023.10.13-20.46.40:616][  0]LogConfig: Setting CVar [[r.DOF.Recombine.Quality:1                ; cheap slight out of focus]]
[2023.10.13-20.46.40:616][  0]LogConfig: Setting CVar [[r.DOF.Recombine.EnableBokehSettings:0    ; no bokeh simulation on slight out of focus]]
[2023.10.13-20.46.40:616][  0]LogConfig: Setting CVar [[r.DOF.TemporalAAQuality:1                ; more stable temporal accumulation]]
[2023.10.13-20.46.40:616][  0]LogConfig: Setting CVar [[r.DOF.Kernel.MaxForegroundRadius:0.025]]
[2023.10.13-20.46.40:616][  0]LogConfig: Setting CVar [[r.DOF.Kernel.MaxBackgroundRadius:0.025]]
[2023.10.13-20.46.40:616][  0]LogConfig: Applying CVar settings from Section [TextureQuality@3] File [D:/UnrealGame01/UnrealGame001/Saved/Config/Windows/Scalability.ini]
[2023.10.13-20.46.40:616][  0]LogConfig: Setting CVar [[r.Streaming.MipBias:0]]
[2023.10.13-20.46.40:616][  0]LogConfig: Setting CVar [[r.Streaming.AmortizeCPUToGPUCopy:0]]
[2023.10.13-20.46.40:616][  0]LogConfig: Setting CVar [[r.Streaming.MaxNumTexturesToStreamPerFrame:0]]
[2023.10.13-20.46.40:616][  0]LogConfig: Setting CVar [[r.Streaming.Boost:1]]
[2023.10.13-20.46.40:617][  0]LogConfig: Setting CVar [[r.MaxAnisotropy:8]]
[2023.10.13-20.46.40:617][  0]LogConfig: Setting CVar [[r.VT.MaxAnisotropy:8]]
[2023.10.13-20.46.40:617][  0]LogConfig: Setting CVar [[r.Streaming.LimitPoolSizeToVRAM:0]]
[2023.10.13-20.46.40:617][  0]LogConfig: Setting CVar [[r.Streaming.PoolSize:1000]]
[2023.10.13-20.46.40:617][  0]LogConfig: Setting CVar [[r.Streaming.MaxEffectiveScreenSize:0]]
[2023.10.13-20.46.40:617][  0]LogConfig: Applying CVar settings from Section [EffectsQuality@3] File [D:/UnrealGame01/UnrealGame001/Saved/Config/Windows/Scalability.ini]
[2023.10.13-20.46.40:617][  0]LogConfig: Setting CVar [[r.TranslucencyLightingVolumeDim:64]]
[2023.10.13-20.46.40:617][  0]LogConfig: Setting CVar [[r.RefractionQuality:2]]
[2023.10.13-20.46.40:617][  0]LogConfig: Setting CVar [[r.SSR.Quality:3]]
[2023.10.13-20.46.40:617][  0]LogConfig: Setting CVar [[r.SSR.HalfResSceneColor:0]]
[2023.10.13-20.46.40:617][  0]LogConfig: Setting CVar [[r.SceneColorFormat:4]]
[2023.10.13-20.46.40:617][  0]LogConfig: Setting CVar [[r.DetailMode:2]]
[2023.10.13-20.46.40:618][  0]LogConfig: Setting CVar [[r.TranslucencyVolumeBlur:1]]
[2023.10.13-20.46.40:618][  0]LogConfig: Setting CVar [[r.MaterialQualityLevel:1 ; High quality]]
[2023.10.13-20.46.40:618][  0]LogConfig: Setting CVar [[r.AnisotropicMaterials:1]]
[2023.10.13-20.46.40:618][  0]LogConfig: Setting CVar [[r.SSS.Scale:1]]
[2023.10.13-20.46.40:618][  0]LogConfig: Setting CVar [[r.SSS.SampleSet:2]]
[2023.10.13-20.46.40:618][  0]LogConfig: Setting CVar [[r.SSS.Quality:1]]
[2023.10.13-20.46.40:618][  0]LogConfig: Setting CVar [[r.SSS.HalfRes:0]]
[2023.10.13-20.46.40:618][  0]LogConfig: Setting CVar [[r.SSGI.Quality:3]]
[2023.10.13-20.46.40:618][  0]LogConfig: Setting CVar [[r.EmitterSpawnRateScale:1.0]]
[2023.10.13-20.46.40:618][  0]LogConfig: Setting CVar [[r.ParticleLightQuality:2]]
[2023.10.13-20.46.40:618][  0]LogConfig: Setting CVar [[r.SkyAtmosphere.AerialPerspectiveLUT.FastApplyOnOpaque:1 ; Always have FastSkyLUT 1 in this case to avoid wrong sky]]
[2023.10.13-20.46.40:619][  0]LogConfig: Setting CVar [[r.SkyAtmosphere.AerialPerspectiveLUT.SampleCountMaxPerSlice:4]]
[2023.10.13-20.46.40:619][  0]LogConfig: Setting CVar [[r.SkyAtmosphere.AerialPerspectiveLUT.DepthResolution:16.0]]
[2023.10.13-20.46.40:619][  0]LogConfig: Setting CVar [[r.SkyAtmosphere.FastSkyLUT:1]]
[2023.10.13-20.46.40:619][  0]LogConfig: Setting CVar [[r.SkyAtmosphere.FastSkyLUT.SampleCountMin:4.0]]
[2023.10.13-20.46.40:619][  0]LogConfig: Setting CVar [[r.SkyAtmosphere.FastSkyLUT.SampleCountMax:128.0]]
[2023.10.13-20.46.40:619][  0]LogConfig: Setting CVar [[r.SkyAtmosphere.SampleCountMin:4.0]]
[2023.10.13-20.46.40:619][  0]LogConfig: Setting CVar [[r.SkyAtmosphere.SampleCountMax:128.0]]
[2023.10.13-20.46.40:619][  0]LogConfig: Setting CVar [[r.SkyAtmosphere.TransmittanceLUT.UseSmallFormat:0]]
[2023.10.13-20.46.40:619][  0]LogConfig: Setting CVar [[r.SkyAtmosphere.TransmittanceLUT.SampleCount:10.0]]
[2023.10.13-20.46.40:619][  0]LogConfig: Setting CVar [[r.SkyAtmosphere.MultiScatteringLUT.SampleCount:15.0]]
[2023.10.13-20.46.40:619][  0]LogConfig: Setting CVar [[r.SkyLight.RealTimeReflectionCapture:1]]
[2023.10.13-20.46.40:619][  0]LogConfig: Applying CVar settings from Section [FoliageQuality@3] File [D:/UnrealGame01/UnrealGame001/Saved/Config/Windows/Scalability.ini]
[2023.10.13-20.46.40:619][  0]LogConfig: Setting CVar [[foliage.DensityScale:1.0]]
[2023.10.13-20.46.40:619][  0]LogConfig: Setting CVar [[grass.DensityScale:1.0]]
[2023.10.13-20.46.40:619][  0]LogConfig: Applying CVar settings from Section [ShadingQuality@3] File [D:/UnrealGame01/UnrealGame001/Saved/Config/Windows/Scalability.ini]
[2023.10.13-20.46.40:619][  0]LogConfig: Setting CVar [[r.HairStrands.SkyLighting.IntegrationType:2]]
[2023.10.13-20.46.40:619][  0]LogConfig: Setting CVar [[r.HairStrands.SkyAO.SampleCount:4]]
[2023.10.13-20.46.40:619][  0]LogConfig: Setting CVar [[r.HairStrands.Visibility.MSAA.SamplePerPixel:4]]
[2023.10.13-20.46.40:620][  0]LogConfig: Applying CVar settings from Section [Startup] File [../../../Engine/Config/ConsoleVariables.ini]
[2023.10.13-20.46.40:620][  0]LogConfig: Setting CVar [[net.UseAdaptiveNetUpdateFrequency:0]]
[2023.10.13-20.46.40:620][  0]LogConfig: Setting CVar [[p.chaos.AllowCreatePhysxBodies:1]]
[2023.10.13-20.46.40:620][  0]LogConfig: Setting CVar [[fx.SkipVectorVMBackendOptimizations:1]]
[2023.10.13-20.46.40:620][  0]LogConfig: Applying CVar settings from Section [ConsoleVariables] File [D:/UnrealGame01/UnrealGame001/Saved/Config/Windows/Engine.ini]
[2023.10.13-20.46.40:620][  0]LogConfig: Applying CVar settings from Section [ConsoleVariables] File [D:/UnrealGame01/UnrealGame001/Saved/Config/Windows/Editor.ini]
[2023.10.13-20.46.40:621][  0]LogInit: Computer: MSI
[2023.10.13-20.46.40:621][  0]LogInit: User: MOON
[2023.10.13-20.46.40:621][  0]LogInit: CPU Page size=4096, Cores=8
[2023.10.13-20.46.40:621][  0]LogInit: High frequency timer resolution =10.000000 MHz
[2023.10.13-20.46.40:622][  0]LogMemory: Memory total: Physical=15.8GB (16GB approx)
[2023.10.13-20.46.40:622][  0]LogMemory: Platform Memory Stats for Windows
[2023.10.13-20.46.40:622][  0]LogMemory: Process Physical Memory: 149.18 MB used, 149.18 MB peak
[2023.10.13-20.46.40:622][  0]LogMemory: Process Virtual Memory: 131.32 MB used, 131.32 MB peak
[2023.10.13-20.46.40:622][  0]LogMemory: Physical Memory: 12306.58 MB used,  3846.83 MB free, 16153.41 MB total
[2023.10.13-20.46.40:622][  0]LogMemory: Virtual Memory: 134211040.00 MB used,  6684.89 MB free, 134217728.00 MB total
[2023.10.13-20.46.40:905][  0]LogWindows: WindowsPlatformFeatures enabled
[2023.10.13-20.46.41:170][  0]LogInit: Physics initialised using underlying interface: PhysX
[2023.10.13-20.46.41:171][  0]LogInit: Using OS detected language (en-US).
[2023.10.13-20.46.41:171][  0]LogInit: Using OS detected locale (en-US).
[2023.10.13-20.46.41:179][  0]LogTextLocalizationManager: No specific localization for 'en-US' exists, so the 'en' localization will be used.
[2023.10.13-20.46.41:465][  0]LogInit: Setting process to per monitor DPI aware
[2023.10.13-20.46.41:490][  0]LogWindowsTextInputMethodSystem: Display: IME system deactivated.
[2023.10.13-20.46.41:520][  0]LogSlate: New Slate User Created.  User Index 0, Is Virtual User: 0
[2023.10.13-20.46.41:520][  0]LogSlate: Slate User Registered.  User Index 0, Is Virtual User: 0
[2023.10.13-20.46.41:823][  0]LogD3D11RHI: Loaded GFSDK_Aftermath_Lib.x64.dll
[2023.10.13-20.46.41:837][  0]LogHMD: Failed to initialize OpenVR with code 110
[2023.10.13-20.46.41:837][  0]LogD3D11RHI: D3D11 min allowed feature level: 11_0
[2023.10.13-20.46.41:837][  0]LogD3D11RHI: D3D11 max allowed feature level: 11_0
[2023.10.13-20.46.41:837][  0]LogD3D11RHI: D3D11 adapters:
[2023.10.13-20.46.42:065][  0]LogD3D11RHI:    0. 'NVIDIA GeForce RTX 3080 Laptop GPU' (Feature Level 11_0)
[2023.10.13-20.46.42:066][  0]LogD3D11RHI:       16191/0/8076 MB DedicatedVideo/DedicatedSystem/SharedSystem, Outputs:1, VendorId:0x10de
[2023.10.13-20.46.42:076][  0]LogD3D11RHI:    1. 'Microsoft Basic Render Driver' (Feature Level 11_0)
[2023.10.13-20.46.42:076][  0]LogD3D11RHI:       0/0/8076 MB DedicatedVideo/DedicatedSystem/SharedSystem, Outputs:0, VendorId:0x1414
[2023.10.13-20.46.42:076][  0]LogD3D11RHI: Chosen D3D11 Adapter:
[2023.10.13-20.46.42:076][  0]LogD3D11RHI:     Description : NVIDIA GeForce RTX 3080 Laptop GPU
[2023.10.13-20.46.42:076][  0]LogD3D11RHI:     VendorId    : 10de
[2023.10.13-20.46.42:076][  0]LogD3D11RHI:     DeviceId    : 249c
[2023.10.13-20.46.42:076][  0]LogD3D11RHI:     SubSysId    : 13051462
[2023.10.13-20.46.42:076][  0]LogD3D11RHI:     Revision    : 00a1
[2023.10.13-20.46.42:076][  0]LogD3D11RHI:     DedicatedVideoMemory : 16977494016 bytes
[2023.10.13-20.46.42:076][  0]LogD3D11RHI:     DedicatedSystemMemory : 0 bytes
[2023.10.13-20.46.42:076][  0]LogD3D11RHI:     SharedSystemMemory : 8469037056 bytes
[2023.10.13-20.46.42:076][  0]LogD3D11RHI:     AdapterLuid : 0 70377
[2023.10.13-20.46.42:086][  0]LogD3D11RHI: Creating new Direct3DDevice
[2023.10.13-20.46.42:086][  0]LogD3D11RHI:     GPU DeviceId: 0x249c (for the marketing name, search the web for "GPU Device Id")
[2023.10.13-20.46.42:086][  0]LogWindows: EnumDisplayDevices:
[2023.10.13-20.46.42:086][  0]LogWindows:    0. 'NVIDIA GeForce RTX 3080 Laptop GPU' (P:1 D:1)
[2023.10.13-20.46.42:087][  0]LogWindows:    1. 'NVIDIA GeForce RTX 3080 Laptop GPU' (P:0 D:0)
[2023.10.13-20.46.42:088][  0]LogWindows:    2. 'NVIDIA GeForce RTX 3080 Laptop GPU' (P:0 D:0)
[2023.10.13-20.46.42:089][  0]LogWindows:    3. 'NVIDIA GeForce RTX 3080 Laptop GPU' (P:0 D:0)
[2023.10.13-20.46.42:089][  0]LogWindows: DebugString: FoundDriverCount:4 
[2023.10.13-20.46.42:090][  0]LogD3D11RHI:     Adapter Name: NVIDIA GeForce RTX 3080 Laptop GPU
[2023.10.13-20.46.42:090][  0]LogD3D11RHI:   Driver Version: 536.99 (internal:31.0.15.3699, unified:536.99)
[2023.10.13-20.46.42:090][  0]LogD3D11RHI:      Driver Date: 8-4-2023
[2023.10.13-20.46.42:090][  0]LogRHI: Texture pool is 11333 MB (70% of 16191 MB)
[2023.10.13-20.46.42:090][  0]LogD3D11RHI: Creating D3DDevice using adapter:
[2023.10.13-20.46.42:090][  0]LogD3D11RHI:     Description : NVIDIA GeForce RTX 3080 Laptop GPU
[2023.10.13-20.46.42:090][  0]LogD3D11RHI:     VendorId    : 10de
[2023.10.13-20.46.42:090][  0]LogD3D11RHI:     DeviceId    : 249c
[2023.10.13-20.46.42:090][  0]LogD3D11RHI:     SubSysId    : 13051462
[2023.10.13-20.46.42:090][  0]LogD3D11RHI:     Revision    : 00a1
[2023.10.13-20.46.42:090][  0]LogD3D11RHI:     DedicatedVideoMemory : 16977494016 bytes
[2023.10.13-20.46.42:090][  0]LogD3D11RHI:     DedicatedSystemMemory : 0 bytes
[2023.10.13-20.46.42:090][  0]LogD3D11RHI:     SharedSystemMemory : 8469037056 bytes
[2023.10.13-20.46.42:090][  0]LogD3D11RHI:     AdapterLuid : 0 70377
[2023.10.13-20.46.42:184][  0]LogD3D11RHI: RHI has support for 64 bit atomics
[2023.10.13-20.46.42:184][  0]LogD3D11RHI: Async texture creation enabled
[2023.10.13-20.46.42:184][  0]LogD3D11RHI: Array index from any shader is supported
[2023.10.13-20.46.42:210][  0]LogD3D11RHI: GPU Timing Frequency: 1000.000000 (Debug: 2 1)
[2023.10.13-20.46.42:295][  0]LogRHI: GeForceNow SDK initialized: 1
[2023.10.13-20.46.42:697][  0]LogTargetPlatformManager: Display: Loaded TargetPlatform 'AllDesktop'
[2023.10.13-20.46.42:724][  0]LogTargetPlatformManager: Display: Loaded TargetPlatform 'Android'
[2023.10.13-20.46.42:724][  0]LogTargetPlatformManager: Display: Loaded TargetPlatform 'Android_ASTC'
[2023.10.13-20.46.42:724][  0]LogTargetPlatformManager: Display: Loaded TargetPlatform 'Android_DXT'
[2023.10.13-20.46.42:725][  0]LogTargetPlatformManager: Display: Loaded TargetPlatform 'Android_ETC2'
[2023.10.13-20.46.42:725][  0]LogTargetPlatformManager: Display: Loaded TargetPlatform 'AndroidClient'
[2023.10.13-20.46.42:725][  0]LogTargetPlatformManager: Display: Loaded TargetPlatform 'Android_ASTCClient'
[2023.10.13-20.46.42:725][  0]LogTargetPlatformManager: Display: Loaded TargetPlatform 'Android_DXTClient'
[2023.10.13-20.46.42:725][  0]LogTargetPlatformManager: Display: Loaded TargetPlatform 'Android_ETC2Client'
[2023.10.13-20.46.42:725][  0]LogTargetPlatformManager: Display: Loaded TargetPlatform 'Android_Multi'
[2023.10.13-20.46.42:725][  0]LogTargetPlatformManager: Display: Loaded TargetPlatform 'Android_MultiClient'
[2023.10.13-20.46.42:769][  0]LogTargetPlatformManager: Display: Loaded TargetPlatform 'IOSClient'
[2023.10.13-20.46.42:769][  0]LogTargetPlatformManager: Display: Loaded TargetPlatform 'IOS'
[2023.10.13-20.46.42:787][  0]LogTargetPlatformManager: Display: Loaded TargetPlatform 'Linux'
[2023.10.13-20.46.42:801][  0]LogTargetPlatformManager: Display: Loaded TargetPlatform 'LinuxNoEditor'
[2023.10.13-20.46.42:812][  0]LogTargetPlatformManager: Display: Loaded TargetPlatform 'LinuxClient'
[2023.10.13-20.46.42:823][  0]LogTargetPlatformManager: Display: Loaded TargetPlatform 'LinuxServer'
[2023.10.13-20.46.42:840][  0]LogTargetPlatformManager: Display: Loaded TargetPlatform 'LinuxAArch64NoEditor'
[2023.10.13-20.46.42:853][  0]LogTargetPlatformManager: Display: Loaded TargetPlatform 'LinuxAArch64Client'
[2023.10.13-20.46.42:864][  0]LogTargetPlatformManager: Display: Loaded TargetPlatform 'LinuxAArch64Server'
[2023.10.13-20.46.42:894][  0]LogTargetPlatformManager: Display: Loaded TargetPlatform 'Lumin'
[2023.10.13-20.46.42:894][  0]LogTargetPlatformManager: Display: Loaded TargetPlatform 'LuminClient'
[2023.10.13-20.46.42:914][  0]LogTargetPlatformManager: Display: Loaded TargetPlatform 'MacNoEditor'
[2023.10.13-20.46.42:928][  0]LogTargetPlatformManager: Display: Loaded TargetPlatform 'Mac'
[2023.10.13-20.46.42:942][  0]LogTargetPlatformManager: Display: Loaded TargetPlatform 'MacClient'
[2023.10.13-20.46.42:975][  0]LogTargetPlatformManager: Display: Loaded TargetPlatform 'MacServer'
[2023.10.13-20.46.42:991][  0]LogTargetPlatformManager: Display: Loaded TargetPlatform 'TVOSClient'
[2023.10.13-20.46.42:991][  0]LogTargetPlatformManager: Display: Loaded TargetPlatform 'TVOS'
[2023.10.13-20.46.43:010][  0]LogTargetPlatformManager: Display: Loaded TargetPlatform 'WindowsNoEditor'
[2023.10.13-20.46.43:025][  0]LogTargetPlatformManager: Display: Loaded TargetPlatform 'Windows'
[2023.10.13-20.46.43:055][  0]LogTargetPlatformManager: Display: Loaded TargetPlatform 'WindowsClient'
[2023.10.13-20.46.43:070][  0]LogTargetPlatformManager: Display: Loaded TargetPlatform 'WindowsServer'
[2023.10.13-20.46.43:070][  0]LogTargetPlatformManager: Display: Building Assets For Windows
[2023.10.13-20.46.43:100][  0]LogAudioDebug: Display: Lib vorbis DLL was dynamically loaded.
[2023.10.13-20.46.43:219][  0]LogTextureFormatOodle: Display: Oodle Texture 2.9.0 init RDO Off
[2023.10.13-20.46.43:399][  0]LogRendererCore: Ray tracing is disabled. Reason: r.RayTracing=0.
[2023.10.13-20.46.43:399][  0]LogShaderCompilers: Guid format shader working directory is 16 characters bigger than the processId version (D:/UnrealGame01/UnrealGame001/Intermediate/Shaders/WorkingDirectory/38892/).
[2023.10.13-20.46.43:399][  0]LogShaderCompilers: Cleaned the shader compiler working directory 'C:/Users/ansdn/AppData/Local/Temp/UnrealShaderWorkingDir/F03E30F448CDE988716D268F6C0ED8A7/'.
[2023.10.13-20.46.43:400][  0]LogXGEController: Cannot use XGE Controller as Incredibuild is not installed on this machine.
[2023.10.13-20.46.43:400][  0]LogShaderCompilers: Cannot use XGE Shader Compiler as Incredibuild is not installed on this machine.
[2023.10.13-20.46.43:400][  0]LogShaderCompilers: Display: Using Local Shader Compiler.
[2023.10.13-20.46.44:155][  0]LogDerivedDataCache: Display: Max Cache Size: 512 MB
[2023.10.13-20.46.44:246][  0]LogDerivedDataCache: Loaded boot cache 0.09s 94MB C:/Users/ansdn/AppData/Local/UnrealEngine/4.27/DerivedDataCache/Boot.ddc.
[2023.10.13-20.46.44:246][  0]LogDerivedDataCache: Display: Loaded Boot cache: C:/Users/ansdn/AppData/Local/UnrealEngine/4.27/DerivedDataCache/Boot.ddc
[2023.10.13-20.46.44:246][  0]LogDerivedDataCache: FDerivedDataBackendGraph:  Pak pak cache file D:/UnrealGame01/UnrealGame001/DerivedDataCache/DDC.ddp not found, will not use a pak cache.
[2023.10.13-20.46.44:246][  0]LogDerivedDataCache: Unable to find inner node Pak for hierarchical cache Hierarchy.
[2023.10.13-20.46.44:246][  0]LogDerivedDataCache: FDerivedDataBackendGraph:  CompressedPak pak cache file D:/UnrealGame01/UnrealGame001/DerivedDataCache/Compressed.ddp not found, will not use a pak cache.
[2023.10.13-20.46.44:246][  0]LogDerivedDataCache: Unable to find inner node CompressedPak for hierarchical cache Hierarchy.
[2023.10.13-20.46.44:261][  0]LogDerivedDataCache: Display: Pak cache opened for reading ../../../Engine/DerivedDataCache/Compressed.ddp.
[2023.10.13-20.46.44:261][  0]LogDerivedDataCache: FDerivedDataBackendGraph:  EnterprisePak pak cache file ../../../Enterprise/DerivedDataCache/Compressed.ddp not found, will not use a pak cache.
[2023.10.13-20.46.44:262][  0]LogDerivedDataCache: Unable to find inner node EnterprisePak for hierarchical cache Hierarchy.
[2023.10.13-20.46.44:276][  0]LogDerivedDataCache: Speed tests for C:/Users/ansdn/AppData/Local/UnrealEngine/Common/DerivedDataCache took 0.01 seconds
[2023.10.13-20.46.44:277][  0]LogDerivedDataCache: Display: Performance to C:/Users/ansdn/AppData/Local/UnrealEngine/Common/DerivedDataCache: Latency=0.07ms. RandomReadSpeed=231.22MBs, RandomWriteSpeed=96.85MBs. Assigned SpeedClass 'Local'
[2023.10.13-20.46.44:279][  0]LogDerivedDataCache: Using Local data cache path C:/Users/ansdn/AppData/Local/UnrealEngine/Common/DerivedDataCache: Writable
[2023.10.13-20.46.44:279][  0]LogDerivedDataCache: Shared data cache path not found in *engine.ini, will not use an Shared cache.
[2023.10.13-20.46.44:280][  0]LogDerivedDataCache: Unable to find inner node Shared for hierarchical cache Hierarchy.
[2023.10.13-20.46.44:320][  0]LogSlate: Using FreeType 2.10.0
[2023.10.13-20.46.44:321][  0]LogSlate: SlateFontServices - WITH_FREETYPE: 1, WITH_HARFBUZZ: 1
[2023.10.13-20.46.44:360][  0]LogAssetRegistry: FAssetRegistry took 0.0042 seconds to start up
[2023.10.13-20.46.44:638][  0]LogInit: Selected Device Profile: [Windows]
[2023.10.13-20.46.44:639][  0]LogInit: Active device profile: [00000281FDC3B500][00000281F4D8A600 49] Windows
[2023.10.13-20.46.44:639][  0]LogInit: Profiles: [00000281FDC3B500][00000281F4D8A600 49] Windows, [00000281FDBF8D00][00000281FBBA0740 49] WindowsNoEditor, [00000281FDC38C00][00000281FBBC28C0 49] WindowsServer, [00000281FDBFB400][00000281FBBC6A40 49] WindowsClient, [00000281FDC3B300][00000281FBBDABC0 49] IOS, [00000281FDBF9200][00000281FBBF6D40 49] iPadAir, [00000281FDC39100][00000281FBBFAEC0 49] iPadAir2, [00000281FD934500][00000281F42A3180 49] IPadPro, [00000281FD934600][00000281FC0211C0 49] iPadAir3, [00000281FDC3AE00][00000281F42CF340 49] iPadAir4, [00000281FD937300][00000281FC8114C0 49] iPadMini2, [00000281FDC39300][00000281FC815640 49] iPadMini3, [00000281FD935700][00000281FC8197C0 49] iPadMini4, [00000281FDC3AA00][00000281FC81D940 49] iPadMini5, [00000281FD88FD00][00000281FC825C00 49] iPhone6, [00000281FD88FE00][00000281FC8200C0 49] iPodTouch6, [00000281FD936D00][00000281FC82C380 49] iPhone7, [00000281FD936C00][00000281FC8283C0 49] iPodTouch7, [00000281FD88D000][00000281F3E8C540 49] iPhone5S, [00000281FD936400][00000281FBBBA680 49] iPhone6Plus, [00000281FD88EE00][00000281F3E907C0 49] iPhone6S, [00000281FD936900][00000281F3E94900 49] iPhone6SPlus, [00000281FD88D500][00000281F3E9CA80 49] iPhone7Plus, [00000281FD935F00][00000281F3EA0C00 49] iPhoneSE, [00000281FD88E900][00000281F3EA4D80 49] iPhone8, [00000281FD935000][00000281F3EA8F00 49] iPhone8Plus, [00000281FD88DA00][00000281F3EAD080 49] iPhoneX, [00000281FD934800][00000281F3EB1200 49] iPhoneXS, [00000281FD88F000][00000281F3EB5380 49] iPhoneXSMax, [00000281FD937200][00000281F3EB9500 49] iPhoneXR, [00000281FD88FA00][00000281F3EBD680 49] iPhone11, [00000281FD937B00][00000281F3EC1800 49] iPhone11Pro, [00000281FD88EA00][00000281F3EC5980 49] iPhone11ProMax, [00000281FD937600][00000281F3EC9B00 49] iPhoneSE2, [00000281FD88CF00][00000281F3ECC100 49] iPhone12Mini, [00000281FD935500][00000281F3ED0280 49] iPhone12, [00000281FD88D200][00000281F3ED4400 49] iPhone12Pro, [00000281FD934D00][00000281F3ED8580 49] iPhone12ProMax, [00000281FD88D900][00000281F3EDC700 49] iPadPro105, [00000281FD934E00][00000281F3E98840 49] iPadPro129, [00000281FD88E100][00000281F3EE0980 49] iPadPro97, [00000281FD935800][00000281F3EE4AC0 49] iPadPro2_129, [00000281FD88E000][00000281F3EECC40 49] iPad5, [00000281FD934C00][00000281F3EF0DC0 49] iPad6, [00000281FD88DE00][00000281F3EF4F40 49] iPad7, [00000281FD936F00][00000281F3EF90C0 49] iPad8, [00000281FD88EC00][00000281F3EFD240 49] iPadPro11, [00000281FD936700][00000281F3F013C0 49] iPadPro2_11, [00000281FD88CB00][00000281F3F05540 49] iPadPro3_129, [00000281FD936800][00000281FC0B96C0 49] iPadPro4_129, [00000281FD88FB00][00000281FC0BD840 49] AppleTV, [00000281FD934300][00000281FC0C19C0 49] AppleTV4K, [00000281FD88D400][00000281FC0C5B40 49] TVOS, [00000281FD937800][00000281FC0C8140 49] Mac, [00000281FD88F700][00000281FC0CC2C0 49] MacClient, [00000281FD937000][00000281FC0D0440 49] MacNoEditor, [00000281FD88C100][00000281FC0D45C0 49] MacServer, [00000281FD934700][00000281FC0D8740 49] Linux, [00000281FD88C300][00000281FC0DC8C0 49] LinuxAArch64, [00000281FD937400][00000281F3EE8A00 49] LinuxNoEditor, [00000281FD88E700][00000281FC0E0B40 49] LinuxAArch64NoEditor, [00000281FD935900][00000281FC0E4C80 49] LinuxClient, [00000281FD88E200][00000281FC0E8DC0 49] LinuxAArch64Client, [00000281FD935C00][00000281FC0F0F40 49] LinuxServer, [00000281FDBFA700][00000281FC0F50C0 49] LinuxAArch64Server, [00000281FCC88900][00000281FC0F9240 49] Android, [00000281FDBFB500][00000281FC0FD3C0 49] Android_Low, [00000281FCC8A400][00000281FC101540 49] Android_Mid, [00000281FDBFA400][00000281FC1056C0 49] Android_High, [00000281FCC88C00][00000281FC109840 49] Android_Default, [00000281FDBF8900][00000281FC10D9C0 49] Android_Adreno4xx, [00000281FCC89B00][00000281FC111B40 49] Android_Adreno5xx_Low, [00000281FDBFA100][00000281FC114140 49] Android_Adreno5xx, [00000281FCC88300][00000281FC1182C0 49] Android_Adreno6xx, [00000281FDBF9600][00000281FC11C440 49] Android_Adreno6xx_Vulkan, [00000281FCC89400][00000281FC1205C0 49] Android_Mali_T6xx, [00000281FDBFA800][00000281FC124740 49] Android_Mali_T7xx, [00000281FCC89F00][00000281FC1288C0 49] Android_Mali_T8xx, [00000281FDBF8300][00000281FC12CA40 49] Android_Mali_G71, [00000281FCC88E00][00000281FC0ECB80 49] Android_Mali_G72, [00000281FDBF8200][00000281FC130CC0 49] Android_Mali_G72_Vulkan, [00000281FCC89000][00000281FC134E00 49] Android_Mali_G76, [00000281FDBF8600][00000281FC138F40 49] Android_Mali_G76_Vulkan, [00000281FCC88B00][00000281FC1410C0 49] Android_Mali_G77, [00000281FDBF9700][00000281FC145240 49] Android_Mali_G77_Vulkan, [00000281FCC89500][00000281FC1493C0 49] Android_Mali_G78, [00000281FDBFA900][00000281FC14D540 49] Android_Mali_G78_Vulkan, [00000281FCC88D00][00000281FC1516C0 49] Android_Mali_G710, [00000281FDBF8A00][00000281FC155840 49] Android_Mali_G710_Vulkan, [00000281FCC88100][00000281FC1599C0 49] Android_Vulkan_SM5, [00000281FD936500][00000281FC15DB40 49] Android_PowerVR_G6xxx, [00000281FD88F500][00000281FC160140 49] Android_PowerVR_GT7xxx, [00000281FD936000][00000281FC1642C0 49] Android_PowerVR_GE8xxx, [00000281FD88C700][00000281FC168440 49] Android_PowerVR_GM9xxx, [00000281FD936300][00000281FC16C5C0 49] Android_PowerVR_GM9xxx_Vulkan, [00000281FD88E600][00000281FC170740 49] Android_TegraK1, [00000281FD937A00][00000281FC1748C0 49] Android_Unknown_Vulkan, [00000281FD88E800][00000281FC178A40 49] Lumin, [00000281FD937E00][00000281FC17CBC0 49] Lumin_Desktop, [00000281FD88D100][00000281D8F56D40 49] HoloLens, 
[2023.10.13-20.46.44:856][  0]LogMeshReduction: Using QuadricMeshReduction for automatic static mesh reduction
[2023.10.13-20.46.44:856][  0]LogMeshReduction: Using SimplygonMeshReduction for automatic skeletal mesh reduction
[2023.10.13-20.46.44:856][  0]LogMeshReduction: Using ProxyLODMeshReduction for automatic mesh merging
[2023.10.13-20.46.44:856][  0]LogMeshReduction: No distributed automatic mesh merging module available
[2023.10.13-20.46.44:857][  0]LogMeshMerging: No distributed automatic mesh merging module available
[2023.10.13-20.46.44:890][  0]LogNetVersion: UnrealGame001 1.0.0, NetCL: 17155196, EngineNetVer: 17, GameNetVer: 0 (Checksum: 1156378723)
[2023.10.13-20.46.45:368][  0]LogTexture: Default maximum texture size for cubemaps generated from long-lat sources has been changed from 512 to unlimited. In order to preserve old behaiour for '/Engine/MapTemplates/Sky/DaylightAmbientCubemap.DaylightAmbientCubemap', its maximum texture size has been explicitly set to 512.
[2023.10.13-20.46.45:430][  0]LogHMD: PokeAHoleMaterial loaded successfully
[2023.10.13-20.46.45:436][  0]LogUObjectArray: 17178 objects as part of root set at end of initial load.
[2023.10.13-20.46.45:436][  0]LogUObjectAllocator: 4302048 out of 0 bytes used by permanent object pool.
[2023.10.13-20.46.45:436][  0]LogUObjectArray: CloseDisregardForGC: 0/0 objects in disregard for GC pool
[2023.10.13-20.46.46:090][  0]LogNiagaraDebuggerClient: Niagara Debugger Client Initialized | Session: B90899C7441624D82483B6AAE77AFD10 | Instance: 5822F60E47F28B5C0369EA9EC118C057 (MSI-38892).
[2023.10.13-20.46.46:695][  0]LogPython: Using Python 3.7.7
[2023.10.13-20.46.47:205][  0]LogTcpMessaging: Initializing TcpMessaging bridge
[2023.10.13-20.46.47:219][  0]LogUdpMessaging: Initializing bridge on interface 0.0.0.0:0 to multicast group 230.0.0.1:6666.
[2023.10.13-20.46.47:863][  0]SourceControl: Source control is disabled
[2023.10.13-20.46.47:863][  0]SourceControl: Source control is disabled
[2023.10.13-20.46.47:894][  0]SourceControl: Source control is disabled
[2023.10.13-20.46.47:940][  0]LogUProjectInfo: Found projects:
[2023.10.13-20.46.48:068][  0]SourceControl: Source control is disabled
[2023.10.13-20.46.48:088][  0]SourceControl: Source control is disabled
[2023.10.13-20.46.48:596][  0]LogOpenImageDenoise: OIDN starting up
[2023.10.13-20.46.48:810][  0]LogAndroidPermission: UAndroidPermissionCallbackProxy::GetInstance
[2023.10.13-20.46.49:029][  0]LogAudioCaptureCore: Display: No Audio Capture implementations found. Audio input will be silent.
[2023.10.13-20.46.49:030][  0]LogAudioCaptureCore: Display: No Audio Capture implementations found. Audio input will be silent.
[2023.10.13-20.46.49:188][  0]LogCollectionManager: Loaded 0 collections in 0.001937 seconds
[2023.10.13-20.46.49:251][  0]LogFileCache: Scanning file cache for directory 'D:/UnrealGame01/UnrealGame001/Saved/Collections/' took 0.00s
[2023.10.13-20.46.49:251][  0]LogFileCache: Scanning file cache for directory 'D:/UnrealGame01/UnrealGame001/Content/Developers/MOON/Collections/' took 0.00s
[2023.10.13-20.46.49:251][  0]LogFileCache: Scanning file cache for directory 'D:/UnrealGame01/UnrealGame001/Content/Collections/' took 0.00s
[2023.10.13-20.46.49:251][  0]LogOcInput: OculusInput pre-init called
[2023.10.13-20.46.49:594][  0]LogEngine: Initializing Engine...
[2023.10.13-20.46.49:602][  0]LogHMD: Failed to enumerate extensions. Please check that you have a valid OpenXR runtime installed.
[2023.10.13-20.46.49:602][  0]LogHMD: Failed to initialize OpenVR with code 110
[2023.10.13-20.46.49:603][  0]LogMagicLeap: Warning: VR disabled because ZI is not enabled.  To enable, in the editor, Edit -> Project Settings -> Plugins -> Magic Leap Plugin -> Enable Zero Iteration
[2023.10.13-20.46.49:605][  0]LogStats: UGameplayTagsManager::InitializeManager -  0.001 s
[2023.10.13-20.46.49:714][  0]LogInit: Initializing FReadOnlyCVARCache
[2023.10.13-20.46.49:736][  0]LogAIModule: Creating AISystem for world Untitled
[2023.10.13-20.46.49:738][  0]LogAudio: Display: Initializing Audio Device Manager...
[2023.10.13-20.46.49:752][  0]LogAudio: Display: Loading Default Audio Settings Objects...
[2023.10.13-20.46.49:752][  0]LogAudio: Display: No default SoundConcurrencyObject specified (or failed to load).
[2023.10.13-20.46.49:753][  0]LogAudio: Display: Audio Device Manager Initialized
[2023.10.13-20.46.49:754][  0]LogAudio: Display: Creating Audio Device:                 Id: 1, Scope: Shared, Realtime: True
[2023.10.13-20.46.49:754][  0]LogAudioMixer: Display: Audio Mixer Platform Settings:
[2023.10.13-20.46.49:754][  0]LogAudioMixer: Display: 	Sample Rate:						  48000
[2023.10.13-20.46.49:754][  0]LogAudioMixer: Display: 	Callback Buffer Frame Size Requested: 1024
[2023.10.13-20.46.49:754][  0]LogAudioMixer: Display: 	Callback Buffer Frame Size To Use:	  1024
[2023.10.13-20.46.49:754][  0]LogAudioMixer: Display: 	Number of buffers to queue:			  2
[2023.10.13-20.46.49:754][  0]LogAudioMixer: Display: 	Max Channels (voices):				  32
[2023.10.13-20.46.49:754][  0]LogAudioMixer: Display: 	Number of Async Source Workers:		  0
[2023.10.13-20.46.49:754][  0]LogAudio: Display: AudioDevice MaxSources: 32
[2023.10.13-20.46.49:754][  0]LogAudio: Display: Audio Spatialization Plugin: None (built-in).
[2023.10.13-20.46.49:754][  0]LogAudio: Display: Audio Reverb Plugin: None (built-in).
[2023.10.13-20.46.49:754][  0]LogAudio: Display: Audio Occlusion Plugin: None (built-in).
[2023.10.13-20.46.49:755][  0]LogAudioMixer: Display: Initializing audio mixer.
[2023.10.13-20.46.49:851][  0]LogAudioMixer: Display: 0: FrontLeft
[2023.10.13-20.46.49:851][  0]LogAudioMixer: Display: 1: FrontRight
[2023.10.13-20.46.49:885][  0]LogAudioMixer: Display: Using Audio Device 헤드폰 (WH-XB910N)
[2023.10.13-20.46.49:888][  0]LogAudioMixer: Display: Initializing Sound Submixes...
[2023.10.13-20.46.49:892][  0]LogAudioMixer: Display: Creating Master Submix 'MasterSubmixDefault'
[2023.10.13-20.46.49:892][  0]LogAudioMixer: Display: Creating Master Submix 'MasterReverbSubmixDefault'
[2023.10.13-20.46.49:893][  0]LogAudioMixer: Display: Creating Master Submix 'MasterEQSubmixDefault'
[2023.10.13-20.46.49:893][  0]LogAudioMixer: FMixerPlatformXAudio2::StartAudioStream() called
[2023.10.13-20.46.49:893][  0]LogAudioMixer: Display: Output buffers initialized: Frames=1024, Channels=2, Samples=2048
[2023.10.13-20.46.49:895][  0]LogAudioMixer: Display: Starting AudioMixerPlatformInterface::RunInternal()
[2023.10.13-20.46.49:895][  0]LogAudioMixer: Display: FMixerPlatformXAudio2::SubmitBuffer() called for the first time
[2023.10.13-20.46.49:895][  0]LogInit: FAudioDevice initialized.
[2023.10.13-20.46.49:895][  0]LogAudio: Display: Audio Device (ID: 1) registered with world 'Untitled'.
[2023.10.13-20.46.49:895][  0]LogNetVersion: Set ProjectVersion to 1.0.0.0. Version Checksum will be recalculated on next use.
[2023.10.13-20.46.49:948][  0]LogDerivedDataCache: Saved boot cache 0.05s 94MB C:/Users/ansdn/AppData/Local/UnrealEngine/4.27/DerivedDataCache/Boot.ddc.
[2023.10.13-20.46.49:949][  0]LogInit: Texture streaming: Enabled
[2023.10.13-20.46.50:007][  0]LogAnalytics: Display: [UEEditor.Rocket.Release] APIServer = https://datarouter.ol.epicgames.com/. AppVersion = 4.27.2-18319896+++UE4+Release-4.27
[2023.10.13-20.46.50:024][  0]LogEngineSessionManager: EngineSessionManager initialized
[2023.10.13-20.46.50:024][  0]LogEngineSessionManager: EngineSessionManager sent abnormal shutdown report. Type=Debugger, SessionId={E2514F1D-4431-1F7E-A4D0-649B00CFEDA0}
[2023.10.13-20.46.50:024][  0]LogEditorSessionSummary: Verbose: Initializing EditorSessionSummaryWriter for editor session tracking
[2023.10.13-20.46.50:029][  0]LogEditorSessionSummary: EditorSessionSummaryWriter initialized
[2023.10.13-20.46.50:093][  0]LogInit: Transaction tracking system initialized
[2023.10.13-20.46.50:182][  0]BlueprintLog: New page: Editor Load
[2023.10.13-20.46.50:471][  0]LocalizationService: Localization service is disabled
[2023.10.13-20.46.50:573][  0]TimingProfiler: Initialize
[2023.10.13-20.46.50:574][  0]TimingProfiler: OnSessionChanged
[2023.10.13-20.46.50:574][  0]LoadingProfiler: Initialize
[2023.10.13-20.46.50:575][  0]LoadingProfiler: OnSessionChanged
[2023.10.13-20.46.50:575][  0]NetworkingProfiler: Initialize
[2023.10.13-20.46.50:575][  0]NetworkingProfiler: OnSessionChanged
[2023.10.13-20.46.50:575][  0]MemoryProfiler: Initialize
[2023.10.13-20.46.50:576][  0]MemoryProfiler: OnSessionChanged
[2023.10.13-20.46.50:917][  0]LogCook: Display: CookSettings for Memory: MemoryMaxUsedVirtual 0MiB, MemoryMaxUsedPhysical 16384MiB, MemoryMinFreeVirtual 0MiB, MemoryMinFreePhysical 1024MiB
[2023.10.13-20.46.50:917][  0]LogCook: Display: Mobile HDR setting 1
[2023.10.13-20.46.50:934][  0]LogFileCache: Scanning file cache for directory 'D:/UnrealGame01/UnrealGame001/Content/' took 0.00s
[2023.10.13-20.46.51:774][  0]LogInit: Display: Engine is initialized. Leaving FEngineLoop::Init()
[2023.10.13-20.46.51:781][  0]SourceControl: Source control is disabled
[2023.10.13-20.46.51:781][  0]LogUnrealEdMisc: Loading editor; pre map load, took 13.848
[2023.10.13-20.46.51:781][  0]Cmd: MAP LOAD FILE="../../../Engine/Content/Maps/Templates/Template_Default.umap" TEMPLATE=1 SHOWPROGRESS=1 FEATURELEVEL=3
[2023.10.13-20.46.51:782][  0]LightingResults: New page: Lighting Build
[2023.10.13-20.46.51:784][  0]LogWorld: UWorld::CleanupWorld for Untitled, bSessionEnded=true, bCleanupResources=true
[2023.10.13-20.46.51:785][  0]LogSlate: InvalidateAllWidgets triggered.  All widgets were invalidated
[2023.10.13-20.46.51:785][  0]MapCheck: New page: Map Check
[2023.10.13-20.46.51:785][  0]LightingResults: New page: Lighting Build
[2023.10.13-20.46.51:788][  0]LogAudio: Display: Audio Device unregistered from world 'None'.
[2023.10.13-20.46.51:792][  0]LogUObjectHash: Compacting FUObjectHashTables data took   0.65ms
[2023.10.13-20.46.51:844][  0]LogAudio: Display: Audio Device (ID: 1) registered with world 'Untitled_1'.
[2023.10.13-20.46.51:845][  0]LogAIModule: Creating AISystem for world Untitled_1
[2023.10.13-20.46.51:848][  0]LogEditorServer: Finished looking for orphan Actors (0.000 secs)
[2023.10.13-20.46.51:858][  0]LogUObjectHash: Compacting FUObjectHashTables data took   0.64ms
[2023.10.13-20.46.51:858][  0]Cmd: MAP CHECKDEP NOCLEARLOG
[2023.10.13-20.46.51:859][  0]MapCheck: Map check complete: 0 Error(s), 0 Warning(s), took 0.081ms to complete.
[2023.10.13-20.46.51:859][  0]LogFileHelpers: Loading map 'Template_Default' took 0.078
[2023.10.13-20.46.51:863][  0]LogUnrealEdMisc: Total Editor Startup Time, took 13.930
[2023.10.13-20.46.51:945][  0]LogWindowsTextInputMethodSystem: Display: IME system activated using TSF (Microsoft IME).
[2023.10.13-20.46.51:998][  0]LogSlate: Updating window title bar state: overlay mode, drag disabled, window buttons hidden, title bar hidden
[2023.10.13-20.46.52:003][  0]LogSlate: Updating window title bar state: overlay mode, drag disabled, window buttons hidden, title bar hidden
[2023.10.13-20.46.52:008][  0]LogSlate: Updating window title bar state: overlay mode, drag disabled, window buttons hidden, title bar hidden
[2023.10.13-20.46.52:013][  0]LogSlate: Updating window title bar state: overlay mode, drag disabled, window buttons hidden, title bar hidden
[2023.10.13-20.46.52:031][  0]LogNativeClassHierarchy: Verbose: Native class hierarchy populated in 0.0077 seconds. Added 3831 classes and 935 folders.
[2023.10.13-20.46.52:034][  0]LogNativeClassHierarchy: Verbose: Native class hierarchy updated for 'WidgetCarousel' in 0.0002 seconds. Added 0 classes and 0 folders.
[2023.10.13-20.46.52:039][  0]LogPakFile: PakFile PrimaryIndexSize=187
[2023.10.13-20.46.52:039][  0]LogPakFile: PakFile PathHashIndexSize=101
[2023.10.13-20.46.52:040][  0]LogPakFile: PakFile FullDirectoryIndexSize=148
[2023.10.13-20.46.52:040][  0]LogShaderLibrary: Display: ShaderCodeLibraryPakFileMountedCallback: PakFile 'C:/Program Files/Epic Games/UE_4.27/FeaturePacks/FP_FirstPerson.upack' (chunk index -1, root 'root:/') mounted
[2023.10.13-20.46.52:040][  0]LogShaderLibrary: Display: ShaderCodeLibraryPakFileMountedCallback: pending pak file info (ChunkID:-1 Root:root:/ File:C:/Program Files/Epic Games/UE_4.27/FeaturePacks/FP_FirstPerson.upack)
[2023.10.13-20.46.52:040][  0]LogPakFile: OnPakFileMounted2Time == 0.000541
[2023.10.13-20.46.52:042][  0]LogPakFile: PakFile PrimaryIndexSize=189
[2023.10.13-20.46.52:042][  0]LogPakFile: PakFile PathHashIndexSize=101
[2023.10.13-20.46.52:042][  0]LogPakFile: PakFile FullDirectoryIndexSize=152
[2023.10.13-20.46.52:042][  0]LogShaderLibrary: Display: ShaderCodeLibraryPakFileMountedCallback: PakFile 'C:/Program Files/Epic Games/UE_4.27/FeaturePacks/FP_FirstPersonBP.upack' (chunk index -1, root 'root:/') mounted
[2023.10.13-20.46.52:042][  0]LogShaderLibrary: Display: ShaderCodeLibraryPakFileMountedCallback: pending pak file info (ChunkID:-1 Root:root:/ File:C:/Program Files/Epic Games/UE_4.27/FeaturePacks/FP_FirstPersonBP.upack)
[2023.10.13-20.46.52:042][  0]LogPakFile: OnPakFileMounted2Time == 0.000166
[2023.10.13-20.46.52:044][  0]LogPakFile: PakFile PrimaryIndexSize=191
[2023.10.13-20.46.52:044][  0]LogPakFile: PakFile PathHashIndexSize=101
[2023.10.13-20.46.52:044][  0]LogPakFile: PakFile FullDirectoryIndexSize=160
[2023.10.13-20.46.52:044][  0]LogShaderLibrary: Display: ShaderCodeLibraryPakFileMountedCallback: PakFile 'C:/Program Files/Epic Games/UE_4.27/FeaturePacks/MobileStarterContent.upack' (chunk index -1, root 'root:/') mounted
[2023.10.13-20.46.52:044][  0]LogShaderLibrary: Display: ShaderCodeLibraryPakFileMountedCallback: pending pak file info (ChunkID:-1 Root:root:/ File:C:/Program Files/Epic Games/UE_4.27/FeaturePacks/MobileStarterContent.upack)
[2023.10.13-20.46.52:044][  0]LogPakFile: OnPakFileMounted2Time == 0.000129
[2023.10.13-20.46.52:045][  0]LogPakFile: PakFile PrimaryIndexSize=185
[2023.10.13-20.46.52:045][  0]LogPakFile: PakFile PathHashIndexSize=101
[2023.10.13-20.46.52:045][  0]LogPakFile: PakFile FullDirectoryIndexSize=148
[2023.10.13-20.46.52:045][  0]LogShaderLibrary: Display: ShaderCodeLibraryPakFileMountedCallback: PakFile 'C:/Program Files/Epic Games/UE_4.27/FeaturePacks/StarterContent.upack' (chunk index -1, root 'root:/') mounted
[2023.10.13-20.46.52:045][  0]LogShaderLibrary: Display: ShaderCodeLibraryPakFileMountedCallback: pending pak file info (ChunkID:-1 Root:root:/ File:C:/Program Files/Epic Games/UE_4.27/FeaturePacks/StarterContent.upack)
[2023.10.13-20.46.52:045][  0]LogPakFile: OnPakFileMounted2Time == 0.000133
[2023.10.13-20.46.52:046][  0]LogPakFile: PakFile PrimaryIndexSize=190
[2023.10.13-20.46.52:046][  0]LogPakFile: PakFile PathHashIndexSize=101
[2023.10.13-20.46.52:046][  0]LogPakFile: PakFile FullDirectoryIndexSize=154
[2023.10.13-20.46.52:047][  0]LogShaderLibrary: Display: ShaderCodeLibraryPakFileMountedCallback: PakFile 'C:/Program Files/Epic Games/UE_4.27/FeaturePacks/TP_2DSideScroller.upack' (chunk index -1, root 'root:/') mounted
[2023.10.13-20.46.52:047][  0]LogShaderLibrary: Display: ShaderCodeLibraryPakFileMountedCallback: pending pak file info (ChunkID:-1 Root:root:/ File:C:/Program Files/Epic Games/UE_4.27/FeaturePacks/TP_2DSideScroller.upack)
[2023.10.13-20.46.52:047][  0]LogPakFile: OnPakFileMounted2Time == 0.000137
[2023.10.13-20.46.52:048][  0]LogPakFile: PakFile PrimaryIndexSize=192
[2023.10.13-20.46.52:048][  0]LogPakFile: PakFile PathHashIndexSize=101
[2023.10.13-20.46.52:048][  0]LogPakFile: PakFile FullDirectoryIndexSize=158
[2023.10.13-20.46.52:048][  0]LogShaderLibrary: Display: ShaderCodeLibraryPakFileMountedCallback: PakFile 'C:/Program Files/Epic Games/UE_4.27/FeaturePacks/TP_2DSideScrollerBP.upack' (chunk index -1, root 'root:/') mounted
[2023.10.13-20.46.52:048][  0]LogShaderLibrary: Display: ShaderCodeLibraryPakFileMountedCallback: pending pak file info (ChunkID:-1 Root:root:/ File:C:/Program Files/Epic Games/UE_4.27/FeaturePacks/TP_2DSideScrollerBP.upack)
[2023.10.13-20.46.52:048][  0]LogPakFile: OnPakFileMounted2Time == 0.000138
[2023.10.13-20.46.52:049][  0]LogPakFile: PakFile PrimaryIndexSize=182
[2023.10.13-20.46.52:049][  0]LogPakFile: PakFile PathHashIndexSize=101
[2023.10.13-20.46.52:049][  0]LogPakFile: PakFile FullDirectoryIndexSize=138
[2023.10.13-20.46.52:049][  0]LogShaderLibrary: Display: ShaderCodeLibraryPakFileMountedCallback: PakFile 'C:/Program Files/Epic Games/UE_4.27/FeaturePacks/TP_Flying.upack' (chunk index -1, root 'root:/') mounted
[2023.10.13-20.46.52:050][  0]LogShaderLibrary: Display: ShaderCodeLibraryPakFileMountedCallback: pending pak file info (ChunkID:-1 Root:root:/ File:C:/Program Files/Epic Games/UE_4.27/FeaturePacks/TP_Flying.upack)
[2023.10.13-20.46.52:050][  0]LogPakFile: OnPakFileMounted2Time == 0.000147
[2023.10.13-20.46.52:051][  0]LogPakFile: PakFile PrimaryIndexSize=184
[2023.10.13-20.46.52:051][  0]LogPakFile: PakFile PathHashIndexSize=101
[2023.10.13-20.46.52:051][  0]LogPakFile: PakFile FullDirectoryIndexSize=142
[2023.10.13-20.46.52:051][  0]LogShaderLibrary: Display: ShaderCodeLibraryPakFileMountedCallback: PakFile 'C:/Program Files/Epic Games/UE_4.27/FeaturePacks/TP_FlyingBP.upack' (chunk index -1, root 'root:/') mounted
[2023.10.13-20.46.52:051][  0]LogShaderLibrary: Display: ShaderCodeLibraryPakFileMountedCallback: pending pak file info (ChunkID:-1 Root:root:/ File:C:/Program Files/Epic Games/UE_4.27/FeaturePacks/TP_FlyingBP.upack)
[2023.10.13-20.46.52:051][  0]LogPakFile: OnPakFileMounted2Time == 0.000129
[2023.10.13-20.46.52:052][  0]LogPakFile: PakFile PrimaryIndexSize=188
[2023.10.13-20.46.52:052][  0]LogPakFile: PakFile PathHashIndexSize=101
[2023.10.13-20.46.52:053][  0]LogPakFile: PakFile FullDirectoryIndexSize=150
[2023.10.13-20.46.52:053][  0]LogShaderLibrary: Display: ShaderCodeLibraryPakFileMountedCallback: PakFile 'C:/Program Files/Epic Games/UE_4.27/FeaturePacks/TP_HandheldARBP.upack' (chunk index -1, root 'root:/') mounted
[2023.10.13-20.46.52:053][  0]LogShaderLibrary: Display: ShaderCodeLibraryPakFileMountedCallback: pending pak file info (ChunkID:-1 Root:root:/ File:C:/Program Files/Epic Games/UE_4.27/FeaturePacks/TP_HandheldARBP.upack)
[2023.10.13-20.46.52:053][  0]LogPakFile: OnPakFileMounted2Time == 0.000123
[2023.10.13-20.46.52:055][  0]LogPakFile: PakFile PrimaryIndexSize=182
[2023.10.13-20.46.52:055][  0]LogPakFile: PakFile PathHashIndexSize=101
[2023.10.13-20.46.52:055][  0]LogPakFile: PakFile FullDirectoryIndexSize=138
[2023.10.13-20.46.52:055][  0]LogShaderLibrary: Display: ShaderCodeLibraryPakFileMountedCallback: PakFile 'C:/Program Files/Epic Games/UE_4.27/FeaturePacks/TP_Puzzle.upack' (chunk index -1, root 'root:/') mounted
[2023.10.13-20.46.52:055][  0]LogShaderLibrary: Display: ShaderCodeLibraryPakFileMountedCallback: pending pak file info (ChunkID:-1 Root:root:/ File:C:/Program Files/Epic Games/UE_4.27/FeaturePacks/TP_Puzzle.upack)
[2023.10.13-20.46.52:055][  0]LogPakFile: OnPakFileMounted2Time == 0.000150
[2023.10.13-20.46.52:056][  0]LogPakFile: PakFile PrimaryIndexSize=184
[2023.10.13-20.46.52:056][  0]LogPakFile: PakFile PathHashIndexSize=101
[2023.10.13-20.46.52:056][  0]LogPakFile: PakFile FullDirectoryIndexSize=142
[2023.10.13-20.46.52:057][  0]LogShaderLibrary: Display: ShaderCodeLibraryPakFileMountedCallback: PakFile 'C:/Program Files/Epic Games/UE_4.27/FeaturePacks/TP_PuzzleBP.upack' (chunk index -1, root 'root:/') mounted
[2023.10.13-20.46.52:057][  0]LogShaderLibrary: Display: ShaderCodeLibraryPakFileMountedCallback: pending pak file info (ChunkID:-1 Root:root:/ File:C:/Program Files/Epic Games/UE_4.27/FeaturePacks/TP_PuzzleBP.upack)
[2023.10.13-20.46.52:057][  0]LogPakFile: OnPakFileMounted2Time == 0.000139
[2023.10.13-20.46.52:058][  0]LogPakFile: PakFile PrimaryIndexSize=183
[2023.10.13-20.46.52:058][  0]LogPakFile: PakFile PathHashIndexSize=101
[2023.10.13-20.46.52:058][  0]LogPakFile: PakFile FullDirectoryIndexSize=140
[2023.10.13-20.46.52:058][  0]LogShaderLibrary: Display: ShaderCodeLibraryPakFileMountedCallback: PakFile 'C:/Program Files/Epic Games/UE_4.27/FeaturePacks/TP_Rolling.upack' (chunk index -1, root 'root:/') mounted
[2023.10.13-20.46.52:058][  0]LogShaderLibrary: Display: ShaderCodeLibraryPakFileMountedCallback: pending pak file info (ChunkID:-1 Root:root:/ File:C:/Program Files/Epic Games/UE_4.27/FeaturePacks/TP_Rolling.upack)
[2023.10.13-20.46.52:058][  0]LogPakFile: OnPakFileMounted2Time == 0.000139
[2023.10.13-20.46.52:059][  0]LogPakFile: PakFile PrimaryIndexSize=185
[2023.10.13-20.46.52:059][  0]LogPakFile: PakFile PathHashIndexSize=101
[2023.10.13-20.46.52:060][  0]LogPakFile: PakFile FullDirectoryIndexSize=144
[2023.10.13-20.46.52:060][  0]LogShaderLibrary: Display: ShaderCodeLibraryPakFileMountedCallback: PakFile 'C:/Program Files/Epic Games/UE_4.27/FeaturePacks/TP_RollingBP.upack' (chunk index -1, root 'root:/') mounted
[2023.10.13-20.46.52:060][  0]LogShaderLibrary: Display: ShaderCodeLibraryPakFileMountedCallback: pending pak file info (ChunkID:-1 Root:root:/ File:C:/Program Files/Epic Games/UE_4.27/FeaturePacks/TP_RollingBP.upack)
[2023.10.13-20.46.52:060][  0]LogPakFile: OnPakFileMounted2Time == 0.000148
[2023.10.13-20.46.52:061][  0]LogPakFile: PakFile PrimaryIndexSize=188
[2023.10.13-20.46.52:061][  0]LogPakFile: PakFile PathHashIndexSize=101
[2023.10.13-20.46.52:061][  0]LogPakFile: PakFile FullDirectoryIndexSize=150
[2023.10.13-20.46.52:061][  0]LogShaderLibrary: Display: ShaderCodeLibraryPakFileMountedCallback: PakFile 'C:/Program Files/Epic Games/UE_4.27/FeaturePacks/TP_SideScroller.upack' (chunk index -1, root 'root:/') mounted
[2023.10.13-20.46.52:061][  0]LogShaderLibrary: Display: ShaderCodeLibraryPakFileMountedCallback: pending pak file info (ChunkID:-1 Root:root:/ File:C:/Program Files/Epic Games/UE_4.27/FeaturePacks/TP_SideScroller.upack)
[2023.10.13-20.46.52:061][  0]LogPakFile: OnPakFileMounted2Time == 0.000133
[2023.10.13-20.46.52:062][  0]LogPakFile: PakFile PrimaryIndexSize=190
[2023.10.13-20.46.52:062][  0]LogPakFile: PakFile PathHashIndexSize=101
[2023.10.13-20.46.52:062][  0]LogPakFile: PakFile FullDirectoryIndexSize=154
[2023.10.13-20.46.52:062][  0]LogShaderLibrary: Display: ShaderCodeLibraryPakFileMountedCallback: PakFile 'C:/Program Files/Epic Games/UE_4.27/FeaturePacks/TP_SideScrollerBP.upack' (chunk index -1, root 'root:/') mounted
[2023.10.13-20.46.52:062][  0]LogShaderLibrary: Display: ShaderCodeLibraryPakFileMountedCallback: pending pak file info (ChunkID:-1 Root:root:/ File:C:/Program Files/Epic Games/UE_4.27/FeaturePacks/TP_SideScrollerBP.upack)
[2023.10.13-20.46.52:062][  0]LogPakFile: OnPakFileMounted2Time == 0.000123
[2023.10.13-20.46.52:065][  0]LogPakFile: PakFile PrimaryIndexSize=187
[2023.10.13-20.46.52:065][  0]LogPakFile: PakFile PathHashIndexSize=101
[2023.10.13-20.46.52:065][  0]LogPakFile: PakFile FullDirectoryIndexSize=148
[2023.10.13-20.46.52:065][  0]LogShaderLibrary: Display: ShaderCodeLibraryPakFileMountedCallback: PakFile 'C:/Program Files/Epic Games/UE_4.27/FeaturePacks/TP_ThirdPerson.upack' (chunk index -1, root 'root:/') mounted
[2023.10.13-20.46.52:065][  0]LogShaderLibrary: Display: ShaderCodeLibraryPakFileMountedCallback: pending pak file info (ChunkID:-1 Root:root:/ File:C:/Program Files/Epic Games/UE_4.27/FeaturePacks/TP_ThirdPerson.upack)
[2023.10.13-20.46.52:065][  0]LogPakFile: OnPakFileMounted2Time == 0.000123
[2023.10.13-20.46.52:066][  0]LogPakFile: PakFile PrimaryIndexSize=189
[2023.10.13-20.46.52:066][  0]LogPakFile: PakFile PathHashIndexSize=101
[2023.10.13-20.46.52:066][  0]LogPakFile: PakFile FullDirectoryIndexSize=152
[2023.10.13-20.46.52:066][  0]LogShaderLibrary: Display: ShaderCodeLibraryPakFileMountedCallback: PakFile 'C:/Program Files/Epic Games/UE_4.27/FeaturePacks/TP_ThirdPersonBP.upack' (chunk index -1, root 'root:/') mounted
[2023.10.13-20.46.52:067][  0]LogShaderLibrary: Display: ShaderCodeLibraryPakFileMountedCallback: pending pak file info (ChunkID:-1 Root:root:/ File:C:/Program Files/Epic Games/UE_4.27/FeaturePacks/TP_ThirdPersonBP.upack)
[2023.10.13-20.46.52:067][  0]LogPakFile: OnPakFileMounted2Time == 0.000125
[2023.10.13-20.46.52:068][  0]LogPakFile: PakFile PrimaryIndexSize=183
[2023.10.13-20.46.52:068][  0]LogPakFile: PakFile PathHashIndexSize=101
[2023.10.13-20.46.52:068][  0]LogPakFile: PakFile FullDirectoryIndexSize=140
[2023.10.13-20.46.52:068][  0]LogShaderLibrary: Display: ShaderCodeLibraryPakFileMountedCallback: PakFile 'C:/Program Files/Epic Games/UE_4.27/FeaturePacks/TP_TopDown.upack' (chunk index -1, root 'root:/') mounted
[2023.10.13-20.46.52:068][  0]LogShaderLibrary: Display: ShaderCodeLibraryPakFileMountedCallback: pending pak file info (ChunkID:-1 Root:root:/ File:C:/Program Files/Epic Games/UE_4.27/FeaturePacks/TP_TopDown.upack)
[2023.10.13-20.46.52:068][  0]LogPakFile: OnPakFileMounted2Time == 0.000144
[2023.10.13-20.46.52:069][  0]LogPakFile: PakFile PrimaryIndexSize=185
[2023.10.13-20.46.52:069][  0]LogPakFile: PakFile PathHashIndexSize=101
[2023.10.13-20.46.52:069][  0]LogPakFile: PakFile FullDirectoryIndexSize=144
[2023.10.13-20.46.52:069][  0]LogShaderLibrary: Display: ShaderCodeLibraryPakFileMountedCallback: PakFile 'C:/Program Files/Epic Games/UE_4.27/FeaturePacks/TP_TopDownBP.upack' (chunk index -1, root 'root:/') mounted
[2023.10.13-20.46.52:070][  0]LogShaderLibrary: Display: ShaderCodeLibraryPakFileMountedCallback: pending pak file info (ChunkID:-1 Root:root:/ File:C:/Program Files/Epic Games/UE_4.27/FeaturePacks/TP_TopDownBP.upack)
[2023.10.13-20.46.52:070][  0]LogPakFile: OnPakFileMounted2Time == 0.000148
[2023.10.13-20.46.52:071][  0]LogPakFile: PakFile PrimaryIndexSize=185
[2023.10.13-20.46.52:071][  0]LogPakFile: PakFile PathHashIndexSize=101
[2023.10.13-20.46.52:071][  0]LogPakFile: PakFile FullDirectoryIndexSize=144
[2023.10.13-20.46.52:071][  0]LogShaderLibrary: Display: ShaderCodeLibraryPakFileMountedCallback: PakFile 'C:/Program Files/Epic Games/UE_4.27/FeaturePacks/TP_TwinStick.upack' (chunk index -1, root 'root:/') mounted
[2023.10.13-20.46.52:071][  0]LogShaderLibrary: Display: ShaderCodeLibraryPakFileMountedCallback: pending pak file info (ChunkID:-1 Root:root:/ File:C:/Program Files/Epic Games/UE_4.27/FeaturePacks/TP_TwinStick.upack)
[2023.10.13-20.46.52:071][  0]LogPakFile: OnPakFileMounted2Time == 0.000125
[2023.10.13-20.46.52:073][  0]LogPakFile: PakFile PrimaryIndexSize=187
[2023.10.13-20.46.52:073][  0]LogPakFile: PakFile PathHashIndexSize=101
[2023.10.13-20.46.52:073][  0]LogPakFile: PakFile FullDirectoryIndexSize=148
[2023.10.13-20.46.52:073][  0]LogShaderLibrary: Display: ShaderCodeLibraryPakFileMountedCallback: PakFile 'C:/Program Files/Epic Games/UE_4.27/FeaturePacks/TP_TwinStickBP.upack' (chunk index -1, root 'root:/') mounted
[2023.10.13-20.46.52:073][  0]LogShaderLibrary: Display: ShaderCodeLibraryPakFileMountedCallback: pending pak file info (ChunkID:-1 Root:root:/ File:C:/Program Files/Epic Games/UE_4.27/FeaturePacks/TP_TwinStickBP.upack)
[2023.10.13-20.46.52:073][  0]LogPakFile: OnPakFileMounted2Time == 0.000155
[2023.10.13-20.46.52:074][  0]LogPakFile: PakFile PrimaryIndexSize=183
[2023.10.13-20.46.52:074][  0]LogPakFile: PakFile PathHashIndexSize=101
[2023.10.13-20.46.52:074][  0]LogPakFile: PakFile FullDirectoryIndexSize=140
[2023.10.13-20.46.52:074][  0]LogShaderLibrary: Display: ShaderCodeLibraryPakFileMountedCallback: PakFile 'C:/Program Files/Epic Games/UE_4.27/FeaturePacks/TP_Vehicle.upack' (chunk index -1, root 'root:/') mounted
[2023.10.13-20.46.52:074][  0]LogShaderLibrary: Display: ShaderCodeLibraryPakFileMountedCallback: pending pak file info (ChunkID:-1 Root:root:/ File:C:/Program Files/Epic Games/UE_4.27/FeaturePacks/TP_Vehicle.upack)
[2023.10.13-20.46.52:074][  0]LogPakFile: OnPakFileMounted2Time == 0.000124
[2023.10.13-20.46.52:075][  0]LogPakFile: PakFile PrimaryIndexSize=186
[2023.10.13-20.46.52:076][  0]LogPakFile: PakFile PathHashIndexSize=101
[2023.10.13-20.46.52:076][  0]LogPakFile: PakFile FullDirectoryIndexSize=146
[2023.10.13-20.46.52:076][  0]LogShaderLibrary: Display: ShaderCodeLibraryPakFileMountedCallback: PakFile 'C:/Program Files/Epic Games/UE_4.27/FeaturePacks/TP_VehicleAdv.upack' (chunk index -1, root 'root:/') mounted
[2023.10.13-20.46.52:076][  0]LogShaderLibrary: Display: ShaderCodeLibraryPakFileMountedCallback: pending pak file info (ChunkID:-1 Root:root:/ File:C:/Program Files/Epic Games/UE_4.27/FeaturePacks/TP_VehicleAdv.upack)
[2023.10.13-20.46.52:076][  0]LogPakFile: OnPakFileMounted2Time == 0.000126
[2023.10.13-20.46.52:077][  0]LogPakFile: PakFile PrimaryIndexSize=188
[2023.10.13-20.46.52:077][  0]LogPakFile: PakFile PathHashIndexSize=101
[2023.10.13-20.46.52:077][  0]LogPakFile: PakFile FullDirectoryIndexSize=150
[2023.10.13-20.46.52:077][  0]LogShaderLibrary: Display: ShaderCodeLibraryPakFileMountedCallback: PakFile 'C:/Program Files/Epic Games/UE_4.27/FeaturePacks/TP_VehicleAdvBP.upack' (chunk index -1, root 'root:/') mounted
[2023.10.13-20.46.52:077][  0]LogShaderLibrary: Display: ShaderCodeLibraryPakFileMountedCallback: pending pak file info (ChunkID:-1 Root:root:/ File:C:/Program Files/Epic Games/UE_4.27/FeaturePacks/TP_VehicleAdvBP.upack)
[2023.10.13-20.46.52:077][  0]LogPakFile: OnPakFileMounted2Time == 0.000139
[2023.10.13-20.46.52:078][  0]LogPakFile: PakFile PrimaryIndexSize=185
[2023.10.13-20.46.52:079][  0]LogPakFile: PakFile PathHashIndexSize=101
[2023.10.13-20.46.52:079][  0]LogPakFile: PakFile FullDirectoryIndexSize=144
[2023.10.13-20.46.52:079][  0]LogShaderLibrary: Display: ShaderCodeLibraryPakFileMountedCallback: PakFile 'C:/Program Files/Epic Games/UE_4.27/FeaturePacks/TP_VehicleBP.upack' (chunk index -1, root 'root:/') mounted
[2023.10.13-20.46.52:079][  0]LogShaderLibrary: Display: ShaderCodeLibraryPakFileMountedCallback: pending pak file info (ChunkID:-1 Root:root:/ File:C:/Program Files/Epic Games/UE_4.27/FeaturePacks/TP_VehicleBP.upack)
[2023.10.13-20.46.52:079][  0]LogPakFile: OnPakFileMounted2Time == 0.000135
[2023.10.13-20.46.52:080][  0]LogPakFile: PakFile PrimaryIndexSize=192
[2023.10.13-20.46.52:080][  0]LogPakFile: PakFile PathHashIndexSize=101
[2023.10.13-20.46.52:080][  0]LogPakFile: PakFile FullDirectoryIndexSize=158
[2023.10.13-20.46.52:080][  0]LogShaderLibrary: Display: ShaderCodeLibraryPakFileMountedCallback: PakFile 'C:/Program Files/Epic Games/UE_4.27/FeaturePacks/TP_VirtualRealityBP.upack' (chunk index -1, root 'root:/') mounted
[2023.10.13-20.46.52:080][  0]LogShaderLibrary: Display: ShaderCodeLibraryPakFileMountedCallback: pending pak file info (ChunkID:-1 Root:root:/ File:C:/Program Files/Epic Games/UE_4.27/FeaturePacks/TP_VirtualRealityBP.upack)
[2023.10.13-20.46.52:080][  0]LogPakFile: OnPakFileMounted2Time == 0.000136
[2023.10.13-20.46.52:198][  0]LogNativeClassHierarchy: Verbose: Native class hierarchy updated for 'AddContentDialog' in 0.0003 seconds. Added 0 classes and 0 folders.
[2023.10.13-20.46.52:204][  0]LogNativeClassHierarchy: Verbose: Native class hierarchy updated for 'SceneOutliner' in 0.0003 seconds. Added 2 classes and 0 folders.
[2023.10.13-20.46.52:274][  0]LogSlate: Took 0.000608 seconds to synchronously load lazily loaded font '../../../Engine/Content/Slate/Fonts/Roboto-Regular.ttf' (155K)
[2023.10.13-20.46.52:275][  0]LogSlate: Took 0.000470 seconds to synchronously load lazily loaded font '../../../Engine/Content/Editor/Slate/Fonts/FontAwesome.ttf' (139K)
[2023.10.13-20.46.52:275][  0]LogSlate: Took 0.000468 seconds to synchronously load lazily loaded font '../../../Engine/Content/Slate/Fonts/Roboto-Bold.ttf' (160K)
[2023.10.13-20.46.52:352][  0]LogRenderer: Reallocating scene render targets to support 1208x572 Format 10 NumSamples 1 (Frame:1).
[2023.10.13-20.46.52:385][  0]LogSlate: Took 0.000503 seconds to synchronously load lazily loaded font '../../../Engine/Content/Slate/Fonts/Roboto-Light.ttf' (167K)
[2023.10.13-20.46.52:476][  0]LogNativeClassHierarchy: Verbose: Native class hierarchy updated for 'HierarchicalLODOutliner' in 0.0002 seconds. Added 0 classes and 0 folders.
[2023.10.13-20.46.52:476][  0]LogLoad: (Engine Initialization) Total time: 14.54 seconds
[2023.10.13-20.46.52:476][  0]LogLoad: (Engine Initialization) Total Blueprint compile time: 0.00 seconds
[2023.10.13-20.46.52:575][  0]LogAssetRegistry: Asset discovery search completed in 8.2174 seconds
[2023.10.13-20.46.52:583][  0]LogCollectionManager: Fixed up redirectors for 0 collections in 0.000003 seconds (updated 0 objects)
[2023.10.13-20.46.52:584][  0]LogContentStreaming: Texture pool size now 1000 MB
[2023.10.13-20.46.53:500][ 54]LogSlate: Took 0.000256 seconds to synchronously load lazily loaded font '../../../Engine/Content/Slate/Fonts/Roboto-Light.ttf' (167K)
[2023.10.13-20.46.55:432][164]LogUObjectHash: Compacting FUObjectHashTables data took   0.43ms
[2023.10.13-20.46.55:713][164]LogAssetEditorSubsystem: Opening Asset editor for World /Game/Maps/CodeLevel.CodeLevel
[2023.10.13-20.46.55:713][164]Cmd: MAP LOAD FILE="D:/UnrealGame01/UnrealGame001/Content/Maps/CodeLevel.umap" TEMPLATE=0 SHOWPROGRESS=1 FEATURELEVEL=3
[2023.10.13-20.46.55:714][164]LightingResults: New page: Lighting Build
[2023.10.13-20.46.55:714][164]LoadErrors: New page: Loading map: CodeLevel.umap
[2023.10.13-20.46.55:715][164]LogWorld: UWorld::CleanupWorld for Untitled_1, bSessionEnded=true, bCleanupResources=true
[2023.10.13-20.46.55:715][164]LogSlate: InvalidateAllWidgets triggered.  All widgets were invalidated
[2023.10.13-20.46.55:715][164]MapCheck: New page: Map Check
[2023.10.13-20.46.55:716][164]LightingResults: New page: Lighting Build
[2023.10.13-20.46.55:720][164]LogAudio: Display: Audio Device unregistered from world 'None'.
[2023.10.13-20.46.55:722][164]LogUObjectHash: Compacting FUObjectHashTables data took   0.66ms
[2023.10.13-20.46.55:722][164]LogAudio: Display: Audio Device (ID: 1) registered with world 'CodeLevel'.
[2023.10.13-20.46.55:774][164]LogEditorServer: Finished looking for orphan Actors (0.000 secs)
[2023.10.13-20.46.55:774][164]LogAIModule: Creating AISystem for world CodeLevel
[2023.10.13-20.46.55:780][164]LogUObjectHash: Compacting FUObjectHashTables data took   0.45ms
[2023.10.13-20.46.55:793][164]Cmd: MAP CHECKDEP NOCLEARLOG
[2023.10.13-20.46.55:793][164]MapCheck: Map check complete: 0 Error(s), 0 Warning(s), took 0.08ms to complete.
[2023.10.13-20.46.55:794][164]LogFileHelpers: Loading map 'CodeLevel' took 0.080
[2023.10.13-20.46.56:614][210]LogTemp: Repeating last play command: Selected Viewport
[2023.10.13-20.46.56:623][210]LogPlayLevel: PlayLevel: No blueprints needed recompiling
[2023.10.13-20.46.56:623][210]PIE: New page: PIE session: CodeLevel (Oct 13, 2023, 12:46:56 PM)
[2023.10.13-20.46.56:625][210]LogOnline: OSS: Creating online subsystem instance for: NULL
[2023.10.13-20.46.56:628][210]LogOnline: OSS: TryLoadSubsystemAndSetDefault: Loaded subsystem for module [NULL]
[2023.10.13-20.46.56:628][210]LogPlayLevel: Creating play world package: /Game/Maps/UEDPIE_0_CodeLevel
[2023.10.13-20.46.56:631][210]LogPlayLevel: PIE: StaticDuplicateObject took: (0.002351s)
[2023.10.13-20.46.56:632][210]LogAIModule: Creating AISystem for world CodeLevel
[2023.10.13-20.46.56:632][210]LogPlayLevel: PIE: World Init took: (0.000993s)
[2023.10.13-20.46.56:632][210]LogPlayLevel: PIE: Created PIE world by copying editor world from /Game/Maps/CodeLevel.CodeLevel to /Game/Maps/UEDPIE_0_CodeLevel.CodeLevel (0.003670s)
[2023.10.13-20.46.56:636][210]LogUObjectHash: Compacting FUObjectHashTables data took   0.45ms
[2023.10.13-20.46.56:637][210]LogAudio: Display: Creating Audio Device:                 Id: 2, Scope: Unique, Realtime: True
[2023.10.13-20.46.56:637][210]LogAudioMixer: Display: Audio Mixer Platform Settings:
[2023.10.13-20.46.56:637][210]LogAudioMixer: Display: 	Sample Rate:						  48000
[2023.10.13-20.46.56:637][210]LogAudioMixer: Display: 	Callback Buffer Frame Size Requested: 1024
[2023.10.13-20.46.56:637][210]LogAudioMixer: Display: 	Callback Buffer Frame Size To Use:	  1024
[2023.10.13-20.46.56:637][210]LogAudioMixer: Display: 	Number of buffers to queue:			  2
[2023.10.13-20.46.56:637][210]LogAudioMixer: Display: 	Max Channels (voices):				  32
[2023.10.13-20.46.56:637][210]LogAudioMixer: Display: 	Number of Async Source Workers:		  0
[2023.10.13-20.46.56:637][210]LogAudio: Display: AudioDevice MaxSources: 32
[2023.10.13-20.46.56:638][210]LogAudio: Display: Audio Spatialization Plugin: None (built-in).
[2023.10.13-20.46.56:638][210]LogAudio: Display: Audio Reverb Plugin: None (built-in).
[2023.10.13-20.46.56:638][210]LogAudio: Display: Audio Occlusion Plugin: None (built-in).
[2023.10.13-20.46.56:638][210]LogAudioMixer: Display: Initializing audio mixer.
[2023.10.13-20.46.56:659][210]LogAudioMixer: Display: 0: FrontLeft
[2023.10.13-20.46.56:659][210]LogAudioMixer: Display: 1: FrontRight
[2023.10.13-20.46.56:675][210]LogAudioMixer: Display: Using Audio Device 헤드폰 (WH-XB910N)
[2023.10.13-20.46.56:675][210]LogAudioMixer: Display: Initializing Sound Submixes...
[2023.10.13-20.46.56:675][210]LogAudioMixer: Display: Creating Master Submix 'MasterSubmixDefault'
[2023.10.13-20.46.56:675][210]LogAudioMixer: Display: Creating Master Submix 'MasterReverbSubmixDefault'
[2023.10.13-20.46.56:676][210]LogAudioMixer: Display: Creating Master Submix 'MasterEQSubmixDefault'
[2023.10.13-20.46.56:676][210]LogAudioMixer: FMixerPlatformXAudio2::StartAudioStream() called
[2023.10.13-20.46.56:676][210]LogAudioMixer: Display: Output buffers initialized: Frames=1024, Channels=2, Samples=2048
[2023.10.13-20.46.56:679][210]LogAudioMixer: Display: Starting AudioMixerPlatformInterface::RunInternal()
[2023.10.13-20.46.56:679][210]LogAudioMixer: Display: FMixerPlatformXAudio2::SubmitBuffer() called for the first time
[2023.10.13-20.46.56:679][210]LogInit: FAudioDevice initialized.
[2023.10.13-20.46.56:679][210]LogAudio: Display: Audio Device (ID: 2) registered with world 'CodeLevel'.
[2023.10.13-20.46.56:693][210]LogLoad: Game class is 'BP_CodeGame_C'
[2023.10.13-20.46.56:695][210]LogWorld: Bringing World /Game/Maps/UEDPIE_0_CodeLevel.CodeLevel up for play (max tick rate 60) at 2023.10.13-16.46.56
[2023.10.13-20.46.56:695][210]LogWorld: Bringing up level for play took: 0.001350
[2023.10.13-20.46.56:696][210]LogOnline: OSS: Creating online subsystem instance for: :Context_2
[2023.10.13-20.46.56:700][210]LogNativeClassHierarchy: Verbose: Native class hierarchy updated for 'MovieSceneCapture' in 0.0003 seconds. Added 20 classes and 0 folders.
[2023.10.13-20.46.56:701][210]LogActor: Warning: BP_BaseRifle_C /Game/Maps/UEDPIE_0_CodeLevel.CodeLevel:PersistentLevel.BP_BaseRifle_C_0 has natively added scene component(s), but none of them were set as the actor's RootComponent - picking one arbitrarily
[2023.10.13-20.46.56:702][210]LogActor: Warning: BP_BaseRifle_C /Game/Maps/UEDPIE_0_CodeLevel.CodeLevel:PersistentLevel.BP_BaseRifle_C_1 has natively added scene component(s), but none of them were set as the actor's RootComponent - picking one arbitrarily
[2023.10.13-20.46.56:702][210]Game: Warning: valid in the NativeOnInitialized
[2023.10.13-20.46.56:702][210]PIE: Server logged in
[2023.10.13-20.46.56:703][210]PIE: Play in editor total start time 0.083 seconds.
[2023.10.13-20.46.57:802][276]Game: Error: notify hit
[2023.10.13-20.48.22:384][276]LogAudioMixer: Display: Audio Buffer Underrun (starvation) detected.
[2023.10.13-20.48.22:384][276]LogAudioMixer: Resetting audio stream to device id 
[2023.10.13-20.48.22:405][276]LogAudioMixer: Display: 0: FrontLeft
[2023.10.13-20.48.22:405][276]LogAudioMixer: Display: 1: FrontRight
[2023.10.13-20.48.24:697][353]Game: Error: notify hit
