Log file open, 10/15/23 21:35:16
LogWindows: Failed to load 'aqProf.dll' (GetLastError=126)
LogWindows: File 'aqProf.dll' does not exist
LogWindows: Failed to load 'VtuneApi.dll' (GetLastError=126)
LogWindows: File 'VtuneApi.dll' does not exist
LogWindows: Failed to load 'VtuneApi32e.dll' (GetLastError=126)
LogWindows: File 'VtuneApi32e.dll' does not exist
LogConsoleResponse: Display: Failed to find resolution value strings in scalability ini. Falling back to default.
LogConsoleResponse: Display: Failed to find resolution value strings in scalability ini. Falling back to default.
LogInit: Display: Running engine for game: UnrealGame001
LogPlatformFile: Not using cached read wrapper
LogTaskGraph: Started task graph with 5 named threads and 47 total threads with 3 sets of task threads.
LogStats: Stats thread started at 0.376016
LogICUInternationalization: ICU TimeZone Detection - Raw Offset: -5:00, Platform Override: ''
LogInit: Display: Loading text-based GConfig....
LogPluginManager: Mounting plugin MeshPainting
LogPluginManager: Mounting plugin XGEController
LogPluginManager: Mounting plugin Paper2D
LogPluginManager: Mounting plugin LiveLink
LogPluginManager: Mounting plugin LightPropagationVolume
LogPluginManager: Mounting plugin EnvironmentQueryEditor
LogPluginManager: Mounting plugin AISupport
LogPluginManager: Mounting plugin GameplayCameras
LogPluginManager: Mounting plugin OodleData
LogPluginManager: Mounting plugin CameraShakePreviewer
LogPluginManager: Mounting plugin OodleNetwork
LogPluginManager: Mounting plugin AnimationSharing
LogPluginManager: Mounting plugin CodeLiteSourceCodeAccess
LogPluginManager: Mounting plugin CLionSourceCodeAccess
LogPluginManager: Mounting plugin GitSourceControl
LogPluginManager: Mounting plugin KDevelopSourceCodeAccess
LogPluginManager: Mounting plugin NullSourceCodeAccess
LogPluginManager: Mounting plugin PerforceSourceControl
LogPluginManager: Mounting plugin PixWinPlugin
LogPluginManager: Mounting plugin PluginUtils
LogPluginManager: Mounting plugin PlasticSourceControl
LogPluginManager: Mounting plugin RiderSourceCodeAccess
LogPluginManager: Mounting plugin PropertyAccessNode
LogPluginManager: Mounting plugin SubversionSourceControl
LogPluginManager: Mounting plugin UObjectPlugin
LogPluginManager: Mounting plugin VisualStudioCodeSourceCodeAccess
LogPluginManager: Mounting plugin XCodeSourceCodeAccess
LogPluginManager: Mounting plugin TextureFormatOodle
LogPluginManager: Mounting plugin Niagara
LogPluginManager: Mounting plugin AssetManagerEditor
LogPluginManager: Mounting plugin VisualStudioSourceCodeAccess
LogPluginManager: Mounting plugin CryptoKeys
LogPluginManager: Mounting plugin DataValidation
LogPluginManager: Mounting plugin CurveEditorTools
LogPluginManager: Mounting plugin GameplayTagsEditor
LogPluginManager: Mounting plugin GeometryMode
LogPluginManager: Mounting plugin FacialAnimation
LogPluginManager: Mounting plugin MacGraphicsSwitching
LogPluginManager: Mounting plugin MaterialAnalyzer
LogPluginManager: Mounting plugin PluginBrowser
LogPluginManager: Mounting plugin AlembicImporter
LogPluginManager: Mounting plugin MobileLauncherProfileWizard
LogPluginManager: Mounting plugin AutomationUtils
LogPluginManager: Mounting plugin BackChannel
LogPluginManager: Mounting plugin SpeedTreeImporter
LogPluginManager: Mounting plugin ChaosCloth
LogPluginManager: Mounting plugin ChaosClothEditor
LogPluginManager: Mounting plugin ChaosEditor
LogPluginManager: Mounting plugin ChaosNiagara
LogPluginManager: Mounting plugin CharacterAI
LogPluginManager: Mounting plugin ChaosSolverPlugin
LogPluginManager: Mounting plugin GeometryCache
LogPluginManager: Mounting plugin GeometryCollectionPlugin
LogPluginManager: Mounting plugin GeometryProcessing
LogPluginManager: Mounting plugin MotoSynth
LogPluginManager: Mounting plugin OpenImageDenoise
LogPluginManager: Mounting plugin PlanarCut
LogPluginManager: Mounting plugin PlatformCrypto
LogPluginManager: Mounting plugin ProxyLODPlugin
LogPluginManager: Mounting plugin PythonScriptPlugin
LogPluginManager: Mounting plugin SkeletalReduction
LogPluginManager: Mounting plugin LuminPlatformFeatures
LogPluginManager: Mounting plugin MagicLeap
LogPluginManager: Mounting plugin MagicLeapLightEstimation
LogPluginManager: Mounting plugin MagicLeapMedia
LogPluginManager: Mounting plugin MagicLeapPassableWorld
LogPluginManager: Mounting plugin AndroidMedia
LogPluginManager: Mounting plugin MLSDK
LogPluginManager: Mounting plugin AvfMedia
LogPluginManager: Mounting plugin ImgMedia
LogPluginManager: Mounting plugin MediaPlayerEditor
LogPluginManager: Mounting plugin MediaCompositing
LogPluginManager: Mounting plugin WebMMedia
LogPluginManager: Mounting plugin WmfMedia
LogPluginManager: Mounting plugin DatasmithContent
LogPluginManager: Mounting plugin VariantManagerContent
LogPluginManager: Mounting plugin UdpMessaging
LogPluginManager: Mounting plugin TcpMessaging
LogPluginManager: Mounting plugin OnlineSubsystemNull
LogPluginManager: Mounting plugin OnlineSubsystem
LogPluginManager: Mounting plugin OnlineSubsystemUtils
LogPluginManager: Mounting plugin LauncherChunkInstaller
LogPluginManager: Mounting plugin ActorSequence
LogPluginManager: Mounting plugin MatineeToLevelSequence
LogPluginManager: Mounting plugin LevelSequenceEditor
LogPluginManager: Mounting plugin TemplateSequence
LogPluginManager: Mounting plugin ActorLayerUtilities
LogPluginManager: Mounting plugin AndroidDeviceProfileSelector
LogPluginManager: Mounting plugin AndroidMoviePlayer
LogPluginManager: Mounting plugin AndroidPermission
LogPluginManager: Mounting plugin AppleMoviePlayer
LogPluginManager: Mounting plugin AppleImageUtils
LogPluginManager: Mounting plugin ArchVisCharacter
LogPluginManager: Mounting plugin AssetTags
LogPluginManager: Mounting plugin AudioCapture
LogPluginManager: Mounting plugin AudioSynesthesia
LogPluginManager: Mounting plugin ChunkDownloader
LogPluginManager: Mounting plugin CustomMeshComponent
LogPluginManager: Mounting plugin EditableMesh
LogPluginManager: Mounting plugin ExampleDeviceProfileSelector
LogPluginManager: Mounting plugin CableComponent
LogPluginManager: Mounting plugin Takes
LogPluginManager: Mounting plugin ScreenshotTools
LogPluginManager: Mounting plugin GooglePAD
LogPluginManager: Mounting plugin IOSDeviceProfileSelector
LogPluginManager: Mounting plugin LinuxDeviceProfileSelector
LogPluginManager: Mounting plugin MobilePatchingUtils
LogPluginManager: Mounting plugin OpenXR
LogPluginManager: Mounting plugin OpenXREyeTracker
LogPluginManager: Mounting plugin OpenXRHandTracking
LogPluginManager: Mounting plugin PhysXVehicles
LogPluginManager: Mounting plugin ProceduralMeshComponent
LogPluginManager: Mounting plugin PostSplashScreen
LogPluginManager: Mounting plugin RuntimePhysXCooking
LogPluginManager: Mounting plugin SignificanceManager
LogPluginManager: Mounting plugin SoundFields
LogPluginManager: Mounting plugin Synthesis
LogPluginManager: Mounting plugin WebMMoviePlayer
LogPluginManager: Mounting plugin WindowsMoviePlayer
LogPluginManager: Mounting plugin PropertyAccessEditor
LogPluginManager: Mounting plugin GoogleCloudMessaging
LogPluginManager: Mounting plugin LocationServicesBPLibrary
LogPluginManager: Mounting plugin ContentBrowserClassDataSource
LogPluginManager: Mounting plugin ContentBrowserAssetDataSource
LogPluginManager: Mounting plugin ContentBrowserFileDataSource
LogPluginManager: Mounting plugin OnlineSubsystemIOS
LogPluginManager: Mounting plugin OnlineSubsystemGooglePlay
LogPluginManager: Mounting plugin OculusVR
LogPluginManager: Mounting plugin SteamVR
Running C:/Program Files/Epic Games/UE_4.27/Engine/Binaries/DotNET/UnrealBuildTool.exe Development Win64 -Project="D:/UnrealGame01/UnrealGame001/UnrealGame001.uproject" -TargetType=Editor -Progress -NoEngineChanges -NoHotReloadFromIDE
Using 'git status' to determine working set for adaptive non-unity build (D:\UnrealGame01).
@progress push 5%
@progress pop
Target is up to date
Total execution time: 1.44 seconds
PixWinPlugin: PIX capture plugin failed to initialize! Check that the process is launched from PIX.
LogInit: Using libcurl 7.55.1-DEV
LogInit:  - built for x86_64-pc-win32
LogInit:  - supports SSL with OpenSSL/1.1.1
LogInit:  - supports HTTP deflate (compression) using libz 1.2.8
LogInit:  - other features:
LogInit:      CURL_VERSION_SSL
LogInit:      CURL_VERSION_LIBZ
LogInit:      CURL_VERSION_IPV6
LogInit:      CURL_VERSION_ASYNCHDNS
LogInit:      CURL_VERSION_LARGEFILE
LogInit:      CURL_VERSION_IDN
LogInit:  CurlRequestOptions (configurable via config and command line):
LogInit:  - bVerifyPeer = true  - Libcurl will verify peer certificate
LogInit:  - bUseHttpProxy = false  - Libcurl will NOT use HTTP proxy
LogInit:  - bDontReuseConnections = false  - Libcurl will reuse connections
LogInit:  - MaxHostConnections = 16  - Libcurl will limit the number of connections to a host
LogInit:  - LocalHostAddr = Default
LogInit:  - BufferSize = 65536
LogOnline: OSS: Creating online subsystem instance for: NULL
LogInit: WinSock: version 1.1 (2.2), MaxSocks=32767, MaxUdp=65467
LogOnline: OSS: TryLoadSubsystemAndSetDefault: Loaded subsystem for module [NULL]
LogOculusPluginWrapper: OculusPlugin initialized successfully
LogHMD: Failed initializing OVRPlugin 1.59.0
LogInit: Build: ++UE4+Release-4.27-CL-18319896
LogInit: Engine Version: 4.27.2-18319896+++UE4+Release-4.27
LogInit: Compatible Engine Version: 4.27.0-17155196+++UE4+Release-4.27
LogInit: Net CL: 17155196
LogInit: OS: Windows 10 (Release 2009) (), CPU: 11th Gen Intel(R) Core(TM) i7-11800H @ 2.30GHz, GPU: NVIDIA GeForce RTX 3080 Laptop GPU
LogInit: Compiled (64-bit): Nov 30 2021 07:12:08
LogInit: Compiled with Visual C++: 19.24.28315.00
LogInit: Build Configuration: Development
LogInit: Branch Name: ++UE4+Release-4.27
LogInit: Command Line: 
LogInit: Base Directory: C:/Program Files/Epic Games/UE_4.27/Engine/Binaries/Win64/
LogInit: Allocator: TBB
LogInit: Installed Engine Build: 1
LogDevObjectVersion: Number of dev versions registered: 29
LogDevObjectVersion:   Dev-Blueprints (B0D832E4-1F89-4F0D-ACCF-7EB736FD4AA2): 10
LogDevObjectVersion:   Dev-Build (E1C64328-A22C-4D53-A36C-8E866417BD8C): 0
LogDevObjectVersion:   Dev-Core (375EC13C-06E4-48FB-B500-84F0262A717E): 4
LogDevObjectVersion:   Dev-Editor (E4B068ED-F494-42E9-A231-DA0B2E46BB41): 40
LogDevObjectVersion:   Dev-Framework (CFFC743F-43B0-4480-9391-14DF171D2073): 37
LogDevObjectVersion:   Dev-Mobile (B02B49B5-BB20-44E9-A304-32B752E40360): 3
LogDevObjectVersion:   Dev-Networking (A4E4105C-59A1-49B5-A7C5-40C4547EDFEE): 0
LogDevObjectVersion:   Dev-Online (39C831C9-5AE6-47DC-9A44-9C173E1C8E7C): 0
LogDevObjectVersion:   Dev-Physics (78F01B33-EBEA-4F98-B9B4-84EACCB95AA2): 14
LogDevObjectVersion:   Dev-Platform (6631380F-2D4D-43E0-8009-CF276956A95A): 0
LogDevObjectVersion:   Dev-Rendering (12F88B9F-8875-4AFC-A67C-D90C383ABD29): 45
LogDevObjectVersion:   Dev-Sequencer (7B5AE74C-D270-4C10-A958-57980B212A5A): 13
LogDevObjectVersion:   Dev-VR (D7296918-1DD6-4BDD-9DE2-64A83CC13884): 3
LogDevObjectVersion:   Dev-LoadTimes (C2A15278-BFE7-4AFE-6C17-90FF531DF755): 1
LogDevObjectVersion:   Private-Geometry (6EACA3D4-40EC-4CC1-B786-8BED09428FC5): 3
LogDevObjectVersion:   Dev-AnimPhys (29E575DD-E0A3-4627-9D10-D276232CDCEA): 17
LogDevObjectVersion:   Dev-Anim (AF43A65D-7FD3-4947-9873-3E8ED9C1BB05): 15
LogDevObjectVersion:   Dev-ReflectionCapture (6B266CEC-1EC7-4B8F-A30B-E4D90942FC07): 1
LogDevObjectVersion:   Dev-Automation (0DF73D61-A23F-47EA-B727-89E90C41499A): 1
LogDevObjectVersion:   FortniteMain (601D1886-AC64-4F84-AA16-D3DE0DEAC7D6): 47
LogDevObjectVersion:   FortniteRelease (E7086368-6B23-4C58-8439-1B7016265E91): 1
LogDevObjectVersion:   Dev-Enterprise (9DFFBCD6-494F-0158-E221-12823C92A888): 10
LogDevObjectVersion:   Dev-Niagara (F2AED0AC-9AFE-416F-8664-AA7FFA26D6FC): 1
LogDevObjectVersion:   Dev-Destruction (174F1F0B-B4C6-45A5-B13F-2EE8D0FB917D): 10
LogDevObjectVersion:   Dev-Physics-Ext (35F94A83-E258-406C-A318-09F59610247C): 41
LogDevObjectVersion:   Dev-PhysicsMaterial-Chaos (B68FC16E-8B1B-42E2-B453-215C058844FE): 1
LogDevObjectVersion:   Dev-CineCamera (B2E18506-4273-CFC2-A54E-F4BB758BBA07): 1
LogDevObjectVersion:   Dev-VirtualProduction (64F58936-FD1B-42BA-BA96-7289D5D0FA4E): 1
LogDevObjectVersion:   Dev-MediaFramework (6F0ED827-A609-4895-9C91-998D90180EA4): 2
LogInit: Presizing for max 25165824 objects, including 0 objects not considered by GC, pre-allocating 0 bytes for permanent pool.
LogConfig: Applying CVar settings from Section [/Script/Engine.StreamingSettings] File [D:/UnrealGame01/UnrealGame001/Saved/Config/Windows/Engine.ini]
LogConfig: Setting CVar [[s.MinBulkDataSizeForAsyncLoading:131072]]
LogConfig: Setting CVar [[s.AsyncLoadingThreadEnabled:0]]
LogConfig: Setting CVar [[s.EventDrivenLoaderEnabled:1]]
LogConfig: Setting CVar [[s.WarnIfTimeLimitExceeded:0]]
LogConfig: Setting CVar [[s.TimeLimitExceededMultiplier:1.5]]
LogConfig: Setting CVar [[s.TimeLimitExceededMinTime:0.005]]
LogConfig: Setting CVar [[s.UseBackgroundLevelStreaming:1]]
LogConfig: Setting CVar [[s.PriorityAsyncLoadingExtraTime:15.0]]
LogConfig: Setting CVar [[s.LevelStreamingActorsUpdateTimeLimit:5.0]]
LogConfig: Setting CVar [[s.PriorityLevelStreamingActorsUpdateExtraTime:5.0]]
LogConfig: Setting CVar [[s.LevelStreamingComponentsRegistrationGranularity:10]]
LogConfig: Setting CVar [[s.UnregisterComponentsTimeLimit:1.0]]
LogConfig: Setting CVar [[s.LevelStreamingComponentsUnregistrationGranularity:5]]
LogConfig: Setting CVar [[s.FlushStreamingOnExit:1]]
LogInit: Object subsystem initialized
LogConfig: Setting CVar [[con.DebugEarlyDefault:1]]
LogConfig: Setting CVar [[r.setres:1280x720]]
[2023.10.16-01.35.19:877][  0]LogConfig: Setting CVar [[r.VSync:0]]
[2023.10.16-01.35.19:877][  0]LogConfig: Setting CVar [[r.RHICmdBypass:0]]
[2023.10.16-01.35.19:877][  0]LogConfig: Applying CVar settings from Section [/Script/Engine.RendererSettings] File [D:/UnrealGame01/UnrealGame001/Saved/Config/Windows/Engine.ini]
[2023.10.16-01.35.19:877][  0]LogConfig: Setting CVar [[r.GPUCrashDebugging:0]]
[2023.10.16-01.35.19:877][  0]LogConfig: Applying CVar settings from Section [/Script/Engine.RendererOverrideSettings] File [D:/UnrealGame01/UnrealGame001/Saved/Config/Windows/Engine.ini]
[2023.10.16-01.35.19:877][  0]LogConfig: Applying CVar settings from Section [/Script/Engine.StreamingSettings] File [D:/UnrealGame01/UnrealGame001/Saved/Config/Windows/Engine.ini]
[2023.10.16-01.35.19:877][  0]LogConfig: Setting CVar [[s.MinBulkDataSizeForAsyncLoading:131072]]
[2023.10.16-01.35.19:877][  0]LogConfig: Setting CVar [[s.AsyncLoadingThreadEnabled:0]]
[2023.10.16-01.35.19:877][  0]LogConfig: Setting CVar [[s.EventDrivenLoaderEnabled:1]]
[2023.10.16-01.35.19:877][  0]LogConfig: Setting CVar [[s.WarnIfTimeLimitExceeded:0]]
[2023.10.16-01.35.19:877][  0]LogConfig: Setting CVar [[s.TimeLimitExceededMultiplier:1.5]]
[2023.10.16-01.35.19:877][  0]LogConfig: Setting CVar [[s.TimeLimitExceededMinTime:0.005]]
[2023.10.16-01.35.19:877][  0]LogConfig: Setting CVar [[s.UseBackgroundLevelStreaming:1]]
[2023.10.16-01.35.19:877][  0]LogConfig: Setting CVar [[s.PriorityAsyncLoadingExtraTime:15.0]]
[2023.10.16-01.35.19:877][  0]LogConfig: Setting CVar [[s.LevelStreamingActorsUpdateTimeLimit:5.0]]
[2023.10.16-01.35.19:877][  0]LogConfig: Setting CVar [[s.PriorityLevelStreamingActorsUpdateExtraTime:5.0]]
[2023.10.16-01.35.19:877][  0]LogConfig: Setting CVar [[s.LevelStreamingComponentsRegistrationGranularity:10]]
[2023.10.16-01.35.19:877][  0]LogConfig: Setting CVar [[s.UnregisterComponentsTimeLimit:1.0]]
[2023.10.16-01.35.19:877][  0]LogConfig: Setting CVar [[s.LevelStreamingComponentsUnregistrationGranularity:5]]
[2023.10.16-01.35.19:877][  0]LogConfig: Setting CVar [[s.FlushStreamingOnExit:1]]
[2023.10.16-01.35.19:877][  0]LogConfig: Applying CVar settings from Section [/Script/Engine.GarbageCollectionSettings] File [D:/UnrealGame01/UnrealGame001/Saved/Config/Windows/Engine.ini]
[2023.10.16-01.35.19:877][  0]LogConfig: Setting CVar [[gc.MaxObjectsNotConsideredByGC:1]]
[2023.10.16-01.35.19:877][  0]LogConfig: Setting CVar [[gc.SizeOfPermanentObjectPool:0]]
[2023.10.16-01.35.19:877][  0]LogConfig: Setting CVar [[gc.FlushStreamingOnGC:0]]
[2023.10.16-01.35.19:877][  0]LogConfig: Setting CVar [[gc.NumRetriesBeforeForcingGC:10]]
[2023.10.16-01.35.19:877][  0]LogConfig: Setting CVar [[gc.AllowParallelGC:1]]
[2023.10.16-01.35.19:877][  0]LogConfig: Setting CVar [[gc.TimeBetweenPurgingPendingKillObjects:61.1]]
[2023.10.16-01.35.19:877][  0]LogConfig: Setting CVar [[gc.MaxObjectsInEditor:25165824]]
[2023.10.16-01.35.19:877][  0]LogConfig: Setting CVar [[gc.IncrementalBeginDestroyEnabled:1]]
[2023.10.16-01.35.19:877][  0]LogConfig: Setting CVar [[gc.CreateGCClusters:1]]
[2023.10.16-01.35.19:877][  0]LogConfig: Setting CVar [[gc.MinGCClusterSize:5]]
[2023.10.16-01.35.19:877][  0]LogConfig: Setting CVar [[gc.ActorClusteringEnabled:0]]
[2023.10.16-01.35.19:877][  0]LogConfig: Setting CVar [[gc.BlueprintClusteringEnabled:0]]
[2023.10.16-01.35.19:877][  0]LogConfig: Setting CVar [[gc.UseDisregardForGCOnDedicatedServers:0]]
[2023.10.16-01.35.19:877][  0]LogConfig: Setting CVar [[gc.MultithreadedDestructionEnabled:1]]
[2023.10.16-01.35.19:877][  0]LogConfig: Applying CVar settings from Section [/Script/Engine.NetworkSettings] File [D:/UnrealGame01/UnrealGame001/Saved/Config/Windows/Engine.ini]
[2023.10.16-01.35.19:877][  0]LogConfig: Applying CVar settings from Section [/Script/UnrealEd.CookerSettings] File [D:/UnrealGame01/UnrealGame001/Saved/Config/Windows/Engine.ini]
[2023.10.16-01.35.19:917][  0]LogConfig: Applying CVar settings from Section [ViewDistanceQuality@3] File [D:/UnrealGame01/UnrealGame001/Saved/Config/Windows/Scalability.ini]
[2023.10.16-01.35.19:917][  0]LogConfig: Setting CVar [[r.SkeletalMeshLODBias:0]]
[2023.10.16-01.35.19:917][  0]LogConfig: Setting CVar [[r.ViewDistanceScale:1.0]]
[2023.10.16-01.35.19:917][  0]LogConfig: Applying CVar settings from Section [AntiAliasingQuality@3] File [D:/UnrealGame01/UnrealGame001/Saved/Config/Windows/Scalability.ini]
[2023.10.16-01.35.19:917][  0]LogConfig: Setting CVar [[r.PostProcessAAQuality:4]]
[2023.10.16-01.35.19:917][  0]LogConfig: Applying CVar settings from Section [ShadowQuality@3] File [D:/UnrealGame01/UnrealGame001/Saved/Config/Windows/Scalability.ini]
[2023.10.16-01.35.19:917][  0]LogConfig: Setting CVar [[r.LightFunctionQuality:1]]
[2023.10.16-01.35.19:917][  0]LogConfig: Setting CVar [[r.ShadowQuality:5]]
[2023.10.16-01.35.19:917][  0]LogConfig: Setting CVar [[r.Shadow.CSM.MaxCascades:10]]
[2023.10.16-01.35.19:917][  0]LogConfig: Setting CVar [[r.Shadow.MaxResolution:2048]]
[2023.10.16-01.35.19:917][  0]LogConfig: Setting CVar [[r.Shadow.MaxCSMResolution:2048]]
[2023.10.16-01.35.19:917][  0]LogConfig: Setting CVar [[r.Shadow.RadiusThreshold:0.01]]
[2023.10.16-01.35.19:917][  0]LogConfig: Setting CVar [[r.Shadow.DistanceScale:1.0]]
[2023.10.16-01.35.19:917][  0]LogConfig: Setting CVar [[r.Shadow.CSM.TransitionScale:1.0]]
[2023.10.16-01.35.19:917][  0]LogConfig: Setting CVar [[r.Shadow.PreShadowResolutionFactor:1.0]]
[2023.10.16-01.35.19:917][  0]LogConfig: Setting CVar [[r.DistanceFieldShadowing:1]]
[2023.10.16-01.35.19:917][  0]LogConfig: Setting CVar [[r.DistanceFieldAO:1]]
[2023.10.16-01.35.19:917][  0]LogConfig: Setting CVar [[r.AOQuality:2]]
[2023.10.16-01.35.19:917][  0]LogConfig: Setting CVar [[r.VolumetricFog:1]]
[2023.10.16-01.35.19:917][  0]LogConfig: Setting CVar [[r.VolumetricFog.GridPixelSize:8]]
[2023.10.16-01.35.19:917][  0]LogConfig: Setting CVar [[r.VolumetricFog.GridSizeZ:128]]
[2023.10.16-01.35.19:917][  0]LogConfig: Setting CVar [[r.VolumetricFog.HistoryMissSupersampleCount:4]]
[2023.10.16-01.35.19:917][  0]LogConfig: Setting CVar [[r.LightMaxDrawDistanceScale:1]]
[2023.10.16-01.35.19:917][  0]LogConfig: Setting CVar [[r.CapsuleShadows:1]]
[2023.10.16-01.35.19:917][  0]LogConfig: Applying CVar settings from Section [PostProcessQuality@3] File [D:/UnrealGame01/UnrealGame001/Saved/Config/Windows/Scalability.ini]
[2023.10.16-01.35.19:917][  0]LogConfig: Setting CVar [[r.MotionBlurQuality:4]]
[2023.10.16-01.35.19:917][  0]LogConfig: Setting CVar [[r.AmbientOcclusionMipLevelFactor:0.4]]
[2023.10.16-01.35.19:917][  0]LogConfig: Setting CVar [[r.AmbientOcclusionMaxQuality:100]]
[2023.10.16-01.35.19:917][  0]LogConfig: Setting CVar [[r.AmbientOcclusionLevels:-1]]
[2023.10.16-01.35.19:917][  0]LogConfig: Setting CVar [[r.AmbientOcclusionRadiusScale:1.0]]
[2023.10.16-01.35.19:917][  0]LogConfig: Setting CVar [[r.DepthOfFieldQuality:2]]
[2023.10.16-01.35.19:917][  0]LogConfig: Setting CVar [[r.RenderTargetPoolMin:400]]
[2023.10.16-01.35.19:917][  0]LogConfig: Setting CVar [[r.LensFlareQuality:2]]
[2023.10.16-01.35.19:917][  0]LogConfig: Setting CVar [[r.SceneColorFringeQuality:1]]
[2023.10.16-01.35.19:917][  0]LogConfig: Setting CVar [[r.EyeAdaptationQuality:2]]
[2023.10.16-01.35.19:917][  0]LogConfig: Setting CVar [[r.BloomQuality:5]]
[2023.10.16-01.35.19:917][  0]LogConfig: Setting CVar [[r.FastBlurThreshold:100]]
[2023.10.16-01.35.19:917][  0]LogConfig: Setting CVar [[r.Upscale.Quality:3]]
[2023.10.16-01.35.19:917][  0]LogConfig: Setting CVar [[r.Tonemapper.GrainQuantization:1]]
[2023.10.16-01.35.19:917][  0]LogConfig: Setting CVar [[r.LightShaftQuality:1]]
[2023.10.16-01.35.19:917][  0]LogConfig: Setting CVar [[r.Filter.SizeScale:1]]
[2023.10.16-01.35.19:917][  0]LogConfig: Setting CVar [[r.Tonemapper.Quality:5]]
[2023.10.16-01.35.19:917][  0]LogConfig: Setting CVar [[r.DOF.Gather.AccumulatorQuality:1        ; higher gathering accumulator quality]]
[2023.10.16-01.35.19:917][  0]LogConfig: Setting CVar [[r.DOF.Gather.PostfilterMethod:1          ; Median3x3 postfilering method]]
[2023.10.16-01.35.19:917][  0]LogConfig: Setting CVar [[r.DOF.Gather.EnableBokehSettings:0       ; no bokeh simulation when gathering]]
[2023.10.16-01.35.19:918][  0]LogConfig: Setting CVar [[r.DOF.Gather.RingCount:4                 ; medium number of samples when gathering]]
[2023.10.16-01.35.19:918][  0]LogConfig: Setting CVar [[r.DOF.Scatter.ForegroundCompositing:1    ; additive foreground scattering]]
[2023.10.16-01.35.19:918][  0]LogConfig: Setting CVar [[r.DOF.Scatter.BackgroundCompositing:2    ; additive background scattering]]
[2023.10.16-01.35.19:918][  0]LogConfig: Setting CVar [[r.DOF.Scatter.EnableBokehSettings:1      ; bokeh simulation when scattering]]
[2023.10.16-01.35.19:918][  0]LogConfig: Setting CVar [[r.DOF.Scatter.MaxSpriteRatio:0.1         ; only a maximum of 10% of scattered bokeh]]
[2023.10.16-01.35.19:918][  0]LogConfig: Setting CVar [[r.DOF.Recombine.Quality:1                ; cheap slight out of focus]]
[2023.10.16-01.35.19:918][  0]LogConfig: Setting CVar [[r.DOF.Recombine.EnableBokehSettings:0    ; no bokeh simulation on slight out of focus]]
[2023.10.16-01.35.19:918][  0]LogConfig: Setting CVar [[r.DOF.TemporalAAQuality:1                ; more stable temporal accumulation]]
[2023.10.16-01.35.19:918][  0]LogConfig: Setting CVar [[r.DOF.Kernel.MaxForegroundRadius:0.025]]
[2023.10.16-01.35.19:918][  0]LogConfig: Setting CVar [[r.DOF.Kernel.MaxBackgroundRadius:0.025]]
[2023.10.16-01.35.19:918][  0]LogConfig: Applying CVar settings from Section [TextureQuality@3] File [D:/UnrealGame01/UnrealGame001/Saved/Config/Windows/Scalability.ini]
[2023.10.16-01.35.19:918][  0]LogConfig: Setting CVar [[r.Streaming.MipBias:0]]
[2023.10.16-01.35.19:918][  0]LogConfig: Setting CVar [[r.Streaming.AmortizeCPUToGPUCopy:0]]
[2023.10.16-01.35.19:918][  0]LogConfig: Setting CVar [[r.Streaming.MaxNumTexturesToStreamPerFrame:0]]
[2023.10.16-01.35.19:918][  0]LogConfig: Setting CVar [[r.Streaming.Boost:1]]
[2023.10.16-01.35.19:918][  0]LogConfig: Setting CVar [[r.MaxAnisotropy:8]]
[2023.10.16-01.35.19:918][  0]LogConfig: Setting CVar [[r.VT.MaxAnisotropy:8]]
[2023.10.16-01.35.19:918][  0]LogConfig: Setting CVar [[r.Streaming.LimitPoolSizeToVRAM:0]]
[2023.10.16-01.35.19:918][  0]LogConfig: Setting CVar [[r.Streaming.PoolSize:1000]]
[2023.10.16-01.35.19:918][  0]LogConfig: Setting CVar [[r.Streaming.MaxEffectiveScreenSize:0]]
[2023.10.16-01.35.19:918][  0]LogConfig: Applying CVar settings from Section [EffectsQuality@3] File [D:/UnrealGame01/UnrealGame001/Saved/Config/Windows/Scalability.ini]
[2023.10.16-01.35.19:918][  0]LogConfig: Setting CVar [[r.TranslucencyLightingVolumeDim:64]]
[2023.10.16-01.35.19:918][  0]LogConfig: Setting CVar [[r.RefractionQuality:2]]
[2023.10.16-01.35.19:918][  0]LogConfig: Setting CVar [[r.SSR.Quality:3]]
[2023.10.16-01.35.19:918][  0]LogConfig: Setting CVar [[r.SSR.HalfResSceneColor:0]]
[2023.10.16-01.35.19:918][  0]LogConfig: Setting CVar [[r.SceneColorFormat:4]]
[2023.10.16-01.35.19:918][  0]LogConfig: Setting CVar [[r.DetailMode:2]]
[2023.10.16-01.35.19:918][  0]LogConfig: Setting CVar [[r.TranslucencyVolumeBlur:1]]
[2023.10.16-01.35.19:918][  0]LogConfig: Setting CVar [[r.MaterialQualityLevel:1 ; High quality]]
[2023.10.16-01.35.19:918][  0]LogConfig: Setting CVar [[r.AnisotropicMaterials:1]]
[2023.10.16-01.35.19:918][  0]LogConfig: Setting CVar [[r.SSS.Scale:1]]
[2023.10.16-01.35.19:918][  0]LogConfig: Setting CVar [[r.SSS.SampleSet:2]]
[2023.10.16-01.35.19:918][  0]LogConfig: Setting CVar [[r.SSS.Quality:1]]
[2023.10.16-01.35.19:918][  0]LogConfig: Setting CVar [[r.SSS.HalfRes:0]]
[2023.10.16-01.35.19:918][  0]LogConfig: Setting CVar [[r.SSGI.Quality:3]]
[2023.10.16-01.35.19:918][  0]LogConfig: Setting CVar [[r.EmitterSpawnRateScale:1.0]]
[2023.10.16-01.35.19:918][  0]LogConfig: Setting CVar [[r.ParticleLightQuality:2]]
[2023.10.16-01.35.19:918][  0]LogConfig: Setting CVar [[r.SkyAtmosphere.AerialPerspectiveLUT.FastApplyOnOpaque:1 ; Always have FastSkyLUT 1 in this case to avoid wrong sky]]
[2023.10.16-01.35.19:918][  0]LogConfig: Setting CVar [[r.SkyAtmosphere.AerialPerspectiveLUT.SampleCountMaxPerSlice:4]]
[2023.10.16-01.35.19:918][  0]LogConfig: Setting CVar [[r.SkyAtmosphere.AerialPerspectiveLUT.DepthResolution:16.0]]
[2023.10.16-01.35.19:918][  0]LogConfig: Setting CVar [[r.SkyAtmosphere.FastSkyLUT:1]]
[2023.10.16-01.35.19:918][  0]LogConfig: Setting CVar [[r.SkyAtmosphere.FastSkyLUT.SampleCountMin:4.0]]
[2023.10.16-01.35.19:918][  0]LogConfig: Setting CVar [[r.SkyAtmosphere.FastSkyLUT.SampleCountMax:128.0]]
[2023.10.16-01.35.19:918][  0]LogConfig: Setting CVar [[r.SkyAtmosphere.SampleCountMin:4.0]]
[2023.10.16-01.35.19:918][  0]LogConfig: Setting CVar [[r.SkyAtmosphere.SampleCountMax:128.0]]
[2023.10.16-01.35.19:918][  0]LogConfig: Setting CVar [[r.SkyAtmosphere.TransmittanceLUT.UseSmallFormat:0]]
[2023.10.16-01.35.19:918][  0]LogConfig: Setting CVar [[r.SkyAtmosphere.TransmittanceLUT.SampleCount:10.0]]
[2023.10.16-01.35.19:918][  0]LogConfig: Setting CVar [[r.SkyAtmosphere.MultiScatteringLUT.SampleCount:15.0]]
[2023.10.16-01.35.19:918][  0]LogConfig: Setting CVar [[r.SkyLight.RealTimeReflectionCapture:1]]
[2023.10.16-01.35.19:918][  0]LogConfig: Applying CVar settings from Section [FoliageQuality@3] File [D:/UnrealGame01/UnrealGame001/Saved/Config/Windows/Scalability.ini]
[2023.10.16-01.35.19:918][  0]LogConfig: Setting CVar [[foliage.DensityScale:1.0]]
[2023.10.16-01.35.19:918][  0]LogConfig: Setting CVar [[grass.DensityScale:1.0]]
[2023.10.16-01.35.19:918][  0]LogConfig: Applying CVar settings from Section [ShadingQuality@3] File [D:/UnrealGame01/UnrealGame001/Saved/Config/Windows/Scalability.ini]
[2023.10.16-01.35.19:918][  0]LogConfig: Setting CVar [[r.HairStrands.SkyLighting.IntegrationType:2]]
[2023.10.16-01.35.19:918][  0]LogConfig: Setting CVar [[r.HairStrands.SkyAO.SampleCount:4]]
[2023.10.16-01.35.19:918][  0]LogConfig: Setting CVar [[r.HairStrands.Visibility.MSAA.SamplePerPixel:4]]
[2023.10.16-01.35.19:918][  0]LogInit: Selected Device Profile: [Windows]
[2023.10.16-01.35.19:918][  0]LogInit: Applying CVar settings loaded from the selected device profile: [Windows]
[2023.10.16-01.35.19:918][  0]LogHAL: Display: Platform has ~ 16 GB [16938074112 / 17179869184 / 16], which maps to Larger [LargestMinGB=32, LargerMinGB=12, DefaultMinGB=8, SmallerMinGB=6, SmallestMinGB=0)
[2023.10.16-01.35.19:918][  0]LogInit: Going up to parent DeviceProfile []
[2023.10.16-01.35.19:918][  0]LogConfig: Applying CVar settings from Section [ViewDistanceQuality@3] File [D:/UnrealGame01/UnrealGame001/Saved/Config/Windows/Scalability.ini]
[2023.10.16-01.35.19:918][  0]LogConfig: Setting CVar [[r.SkeletalMeshLODBias:0]]
[2023.10.16-01.35.19:918][  0]LogConfig: Setting CVar [[r.ViewDistanceScale:1.0]]
[2023.10.16-01.35.19:918][  0]LogConfig: Applying CVar settings from Section [AntiAliasingQuality@3] File [D:/UnrealGame01/UnrealGame001/Saved/Config/Windows/Scalability.ini]
[2023.10.16-01.35.19:918][  0]LogConfig: Setting CVar [[r.PostProcessAAQuality:4]]
[2023.10.16-01.35.19:918][  0]LogConfig: Applying CVar settings from Section [ShadowQuality@3] File [D:/UnrealGame01/UnrealGame001/Saved/Config/Windows/Scalability.ini]
[2023.10.16-01.35.19:918][  0]LogConfig: Setting CVar [[r.LightFunctionQuality:1]]
[2023.10.16-01.35.19:918][  0]LogConfig: Setting CVar [[r.ShadowQuality:5]]
[2023.10.16-01.35.19:918][  0]LogConfig: Setting CVar [[r.Shadow.CSM.MaxCascades:10]]
[2023.10.16-01.35.19:918][  0]LogConfig: Setting CVar [[r.Shadow.MaxResolution:2048]]
[2023.10.16-01.35.19:918][  0]LogConfig: Setting CVar [[r.Shadow.MaxCSMResolution:2048]]
[2023.10.16-01.35.19:918][  0]LogConfig: Setting CVar [[r.Shadow.RadiusThreshold:0.01]]
[2023.10.16-01.35.19:918][  0]LogConfig: Setting CVar [[r.Shadow.DistanceScale:1.0]]
[2023.10.16-01.35.19:918][  0]LogConfig: Setting CVar [[r.Shadow.CSM.TransitionScale:1.0]]
[2023.10.16-01.35.19:918][  0]LogConfig: Setting CVar [[r.Shadow.PreShadowResolutionFactor:1.0]]
[2023.10.16-01.35.19:918][  0]LogConfig: Setting CVar [[r.DistanceFieldShadowing:1]]
[2023.10.16-01.35.19:918][  0]LogConfig: Setting CVar [[r.DistanceFieldAO:1]]
[2023.10.16-01.35.19:918][  0]LogConfig: Setting CVar [[r.AOQuality:2]]
[2023.10.16-01.35.19:918][  0]LogConfig: Setting CVar [[r.VolumetricFog:1]]
[2023.10.16-01.35.19:918][  0]LogConfig: Setting CVar [[r.VolumetricFog.GridPixelSize:8]]
[2023.10.16-01.35.19:918][  0]LogConfig: Setting CVar [[r.VolumetricFog.GridSizeZ:128]]
[2023.10.16-01.35.19:918][  0]LogConfig: Setting CVar [[r.VolumetricFog.HistoryMissSupersampleCount:4]]
[2023.10.16-01.35.19:918][  0]LogConfig: Setting CVar [[r.LightMaxDrawDistanceScale:1]]
[2023.10.16-01.35.19:918][  0]LogConfig: Setting CVar [[r.CapsuleShadows:1]]
[2023.10.16-01.35.19:918][  0]LogConfig: Applying CVar settings from Section [PostProcessQuality@3] File [D:/UnrealGame01/UnrealGame001/Saved/Config/Windows/Scalability.ini]
[2023.10.16-01.35.19:918][  0]LogConfig: Setting CVar [[r.MotionBlurQuality:4]]
[2023.10.16-01.35.19:918][  0]LogConfig: Setting CVar [[r.AmbientOcclusionMipLevelFactor:0.4]]
[2023.10.16-01.35.19:918][  0]LogConfig: Setting CVar [[r.AmbientOcclusionMaxQuality:100]]
[2023.10.16-01.35.19:918][  0]LogConfig: Setting CVar [[r.AmbientOcclusionLevels:-1]]
[2023.10.16-01.35.19:918][  0]LogConfig: Setting CVar [[r.AmbientOcclusionRadiusScale:1.0]]
[2023.10.16-01.35.19:918][  0]LogConfig: Setting CVar [[r.DepthOfFieldQuality:2]]
[2023.10.16-01.35.19:918][  0]LogConfig: Setting CVar [[r.RenderTargetPoolMin:400]]
[2023.10.16-01.35.19:918][  0]LogConfig: Setting CVar [[r.LensFlareQuality:2]]
[2023.10.16-01.35.19:918][  0]LogConfig: Setting CVar [[r.SceneColorFringeQuality:1]]
[2023.10.16-01.35.19:918][  0]LogConfig: Setting CVar [[r.EyeAdaptationQuality:2]]
[2023.10.16-01.35.19:918][  0]LogConfig: Setting CVar [[r.BloomQuality:5]]
[2023.10.16-01.35.19:918][  0]LogConfig: Setting CVar [[r.FastBlurThreshold:100]]
[2023.10.16-01.35.19:918][  0]LogConfig: Setting CVar [[r.Upscale.Quality:3]]
[2023.10.16-01.35.19:918][  0]LogConfig: Setting CVar [[r.Tonemapper.GrainQuantization:1]]
[2023.10.16-01.35.19:918][  0]LogConfig: Setting CVar [[r.LightShaftQuality:1]]
[2023.10.16-01.35.19:918][  0]LogConfig: Setting CVar [[r.Filter.SizeScale:1]]
[2023.10.16-01.35.19:918][  0]LogConfig: Setting CVar [[r.Tonemapper.Quality:5]]
[2023.10.16-01.35.19:918][  0]LogConfig: Setting CVar [[r.DOF.Gather.AccumulatorQuality:1        ; higher gathering accumulator quality]]
[2023.10.16-01.35.19:918][  0]LogConfig: Setting CVar [[r.DOF.Gather.PostfilterMethod:1          ; Median3x3 postfilering method]]
[2023.10.16-01.35.19:918][  0]LogConfig: Setting CVar [[r.DOF.Gather.EnableBokehSettings:0       ; no bokeh simulation when gathering]]
[2023.10.16-01.35.19:918][  0]LogConfig: Setting CVar [[r.DOF.Gather.RingCount:4                 ; medium number of samples when gathering]]
[2023.10.16-01.35.19:918][  0]LogConfig: Setting CVar [[r.DOF.Scatter.ForegroundCompositing:1    ; additive foreground scattering]]
[2023.10.16-01.35.19:918][  0]LogConfig: Setting CVar [[r.DOF.Scatter.BackgroundCompositing:2    ; additive background scattering]]
[2023.10.16-01.35.19:918][  0]LogConfig: Setting CVar [[r.DOF.Scatter.EnableBokehSettings:1      ; bokeh simulation when scattering]]
[2023.10.16-01.35.19:918][  0]LogConfig: Setting CVar [[r.DOF.Scatter.MaxSpriteRatio:0.1         ; only a maximum of 10% of scattered bokeh]]
[2023.10.16-01.35.19:918][  0]LogConfig: Setting CVar [[r.DOF.Recombine.Quality:1                ; cheap slight out of focus]]
[2023.10.16-01.35.19:918][  0]LogConfig: Setting CVar [[r.DOF.Recombine.EnableBokehSettings:0    ; no bokeh simulation on slight out of focus]]
[2023.10.16-01.35.19:918][  0]LogConfig: Setting CVar [[r.DOF.TemporalAAQuality:1                ; more stable temporal accumulation]]
[2023.10.16-01.35.19:918][  0]LogConfig: Setting CVar [[r.DOF.Kernel.MaxForegroundRadius:0.025]]
[2023.10.16-01.35.19:918][  0]LogConfig: Setting CVar [[r.DOF.Kernel.MaxBackgroundRadius:0.025]]
[2023.10.16-01.35.19:918][  0]LogConfig: Applying CVar settings from Section [TextureQuality@3] File [D:/UnrealGame01/UnrealGame001/Saved/Config/Windows/Scalability.ini]
[2023.10.16-01.35.19:919][  0]LogConfig: Setting CVar [[r.Streaming.MipBias:0]]
[2023.10.16-01.35.19:919][  0]LogConfig: Setting CVar [[r.Streaming.AmortizeCPUToGPUCopy:0]]
[2023.10.16-01.35.19:919][  0]LogConfig: Setting CVar [[r.Streaming.MaxNumTexturesToStreamPerFrame:0]]
[2023.10.16-01.35.19:919][  0]LogConfig: Setting CVar [[r.Streaming.Boost:1]]
[2023.10.16-01.35.19:919][  0]LogConfig: Setting CVar [[r.MaxAnisotropy:8]]
[2023.10.16-01.35.19:919][  0]LogConfig: Setting CVar [[r.VT.MaxAnisotropy:8]]
[2023.10.16-01.35.19:919][  0]LogConfig: Setting CVar [[r.Streaming.LimitPoolSizeToVRAM:0]]
[2023.10.16-01.35.19:919][  0]LogConfig: Setting CVar [[r.Streaming.PoolSize:1000]]
[2023.10.16-01.35.19:919][  0]LogConfig: Setting CVar [[r.Streaming.MaxEffectiveScreenSize:0]]
[2023.10.16-01.35.19:919][  0]LogConfig: Applying CVar settings from Section [EffectsQuality@3] File [D:/UnrealGame01/UnrealGame001/Saved/Config/Windows/Scalability.ini]
[2023.10.16-01.35.19:919][  0]LogConfig: Setting CVar [[r.TranslucencyLightingVolumeDim:64]]
[2023.10.16-01.35.19:919][  0]LogConfig: Setting CVar [[r.RefractionQuality:2]]
[2023.10.16-01.35.19:919][  0]LogConfig: Setting CVar [[r.SSR.Quality:3]]
[2023.10.16-01.35.19:919][  0]LogConfig: Setting CVar [[r.SSR.HalfResSceneColor:0]]
[2023.10.16-01.35.19:919][  0]LogConfig: Setting CVar [[r.SceneColorFormat:4]]
[2023.10.16-01.35.19:919][  0]LogConfig: Setting CVar [[r.DetailMode:2]]
[2023.10.16-01.35.19:919][  0]LogConfig: Setting CVar [[r.TranslucencyVolumeBlur:1]]
[2023.10.16-01.35.19:919][  0]LogConfig: Setting CVar [[r.MaterialQualityLevel:1 ; High quality]]
[2023.10.16-01.35.19:919][  0]LogConfig: Setting CVar [[r.AnisotropicMaterials:1]]
[2023.10.16-01.35.19:919][  0]LogConfig: Setting CVar [[r.SSS.Scale:1]]
[2023.10.16-01.35.19:919][  0]LogConfig: Setting CVar [[r.SSS.SampleSet:2]]
[2023.10.16-01.35.19:919][  0]LogConfig: Setting CVar [[r.SSS.Quality:1]]
[2023.10.16-01.35.19:919][  0]LogConfig: Setting CVar [[r.SSS.HalfRes:0]]
[2023.10.16-01.35.19:919][  0]LogConfig: Setting CVar [[r.SSGI.Quality:3]]
[2023.10.16-01.35.19:919][  0]LogConfig: Setting CVar [[r.EmitterSpawnRateScale:1.0]]
[2023.10.16-01.35.19:919][  0]LogConfig: Setting CVar [[r.ParticleLightQuality:2]]
[2023.10.16-01.35.19:919][  0]LogConfig: Setting CVar [[r.SkyAtmosphere.AerialPerspectiveLUT.FastApplyOnOpaque:1 ; Always have FastSkyLUT 1 in this case to avoid wrong sky]]
[2023.10.16-01.35.19:919][  0]LogConfig: Setting CVar [[r.SkyAtmosphere.AerialPerspectiveLUT.SampleCountMaxPerSlice:4]]
[2023.10.16-01.35.19:919][  0]LogConfig: Setting CVar [[r.SkyAtmosphere.AerialPerspectiveLUT.DepthResolution:16.0]]
[2023.10.16-01.35.19:919][  0]LogConfig: Setting CVar [[r.SkyAtmosphere.FastSkyLUT:1]]
[2023.10.16-01.35.19:919][  0]LogConfig: Setting CVar [[r.SkyAtmosphere.FastSkyLUT.SampleCountMin:4.0]]
[2023.10.16-01.35.19:919][  0]LogConfig: Setting CVar [[r.SkyAtmosphere.FastSkyLUT.SampleCountMax:128.0]]
[2023.10.16-01.35.19:919][  0]LogConfig: Setting CVar [[r.SkyAtmosphere.SampleCountMin:4.0]]
[2023.10.16-01.35.19:919][  0]LogConfig: Setting CVar [[r.SkyAtmosphere.SampleCountMax:128.0]]
[2023.10.16-01.35.19:919][  0]LogConfig: Setting CVar [[r.SkyAtmosphere.TransmittanceLUT.UseSmallFormat:0]]
[2023.10.16-01.35.19:919][  0]LogConfig: Setting CVar [[r.SkyAtmosphere.TransmittanceLUT.SampleCount:10.0]]
[2023.10.16-01.35.19:919][  0]LogConfig: Setting CVar [[r.SkyAtmosphere.MultiScatteringLUT.SampleCount:15.0]]
[2023.10.16-01.35.19:919][  0]LogConfig: Setting CVar [[r.SkyLight.RealTimeReflectionCapture:1]]
[2023.10.16-01.35.19:919][  0]LogConfig: Applying CVar settings from Section [FoliageQuality@3] File [D:/UnrealGame01/UnrealGame001/Saved/Config/Windows/Scalability.ini]
[2023.10.16-01.35.19:919][  0]LogConfig: Setting CVar [[foliage.DensityScale:1.0]]
[2023.10.16-01.35.19:919][  0]LogConfig: Setting CVar [[grass.DensityScale:1.0]]
[2023.10.16-01.35.19:919][  0]LogConfig: Applying CVar settings from Section [ShadingQuality@3] File [D:/UnrealGame01/UnrealGame001/Saved/Config/Windows/Scalability.ini]
[2023.10.16-01.35.19:919][  0]LogConfig: Setting CVar [[r.HairStrands.SkyLighting.IntegrationType:2]]
[2023.10.16-01.35.19:919][  0]LogConfig: Setting CVar [[r.HairStrands.SkyAO.SampleCount:4]]
[2023.10.16-01.35.19:919][  0]LogConfig: Setting CVar [[r.HairStrands.Visibility.MSAA.SamplePerPixel:4]]
[2023.10.16-01.35.19:919][  0]LogConfig: Applying CVar settings from Section [Startup] File [../../../Engine/Config/ConsoleVariables.ini]
[2023.10.16-01.35.19:925][  0]LogConfig: Setting CVar [[net.UseAdaptiveNetUpdateFrequency:0]]
[2023.10.16-01.35.19:925][  0]LogConfig: Setting CVar [[p.chaos.AllowCreatePhysxBodies:1]]
[2023.10.16-01.35.19:925][  0]LogConfig: Setting CVar [[fx.SkipVectorVMBackendOptimizations:1]]
[2023.10.16-01.35.19:925][  0]LogConfig: Applying CVar settings from Section [ConsoleVariables] File [D:/UnrealGame01/UnrealGame001/Saved/Config/Windows/Engine.ini]
[2023.10.16-01.35.19:925][  0]LogConfig: Applying CVar settings from Section [ConsoleVariables] File [D:/UnrealGame01/UnrealGame001/Saved/Config/Windows/Editor.ini]
[2023.10.16-01.35.19:925][  0]LogInit: Computer: MSI
[2023.10.16-01.35.19:925][  0]LogInit: User: MOON
[2023.10.16-01.35.19:925][  0]LogInit: CPU Page size=4096, Cores=8
[2023.10.16-01.35.19:925][  0]LogInit: High frequency timer resolution =10.000000 MHz
[2023.10.16-01.35.19:925][  0]LogMemory: Memory total: Physical=15.8GB (16GB approx)
[2023.10.16-01.35.19:925][  0]LogMemory: Platform Memory Stats for Windows
[2023.10.16-01.35.19:925][  0]LogMemory: Process Physical Memory: 155.40 MB used, 155.40 MB peak
[2023.10.16-01.35.19:925][  0]LogMemory: Process Virtual Memory: 132.77 MB used, 132.77 MB peak
[2023.10.16-01.35.19:925][  0]LogMemory: Physical Memory: 9391.18 MB used,  6762.22 MB free, 16153.41 MB total
[2023.10.16-01.35.19:925][  0]LogMemory: Virtual Memory: 134201888.00 MB used,  15842.03 MB free, 134217728.00 MB total
[2023.10.16-01.35.19:936][  0]LogWindows: WindowsPlatformFeatures enabled
[2023.10.16-01.35.20:054][  0]LogInit: Physics initialised using underlying interface: PhysX
[2023.10.16-01.35.20:055][  0]LogInit: Using OS detected language (en-US).
[2023.10.16-01.35.20:055][  0]LogInit: Using OS detected locale (en-US).
[2023.10.16-01.35.20:071][  0]LogTextLocalizationManager: No specific localization for 'en-US' exists, so the 'en' localization will be used.
[2023.10.16-01.35.20:410][  0]LogInit: Setting process to per monitor DPI aware
[2023.10.16-01.35.20:440][  0]LogWindowsTextInputMethodSystem: Display: IME system deactivated.
[2023.10.16-01.35.20:482][  0]LogSlate: New Slate User Created.  User Index 0, Is Virtual User: 0
[2023.10.16-01.35.20:482][  0]LogSlate: Slate User Registered.  User Index 0, Is Virtual User: 0
[2023.10.16-01.35.23:114][  0]LogD3D11RHI: Loaded GFSDK_Aftermath_Lib.x64.dll
[2023.10.16-01.35.23:120][  0]LogHMD: Failed to initialize OpenVR with code 110
[2023.10.16-01.35.23:120][  0]LogD3D11RHI: D3D11 min allowed feature level: 11_0
[2023.10.16-01.35.23:120][  0]LogD3D11RHI: D3D11 max allowed feature level: 11_0
[2023.10.16-01.35.23:120][  0]LogD3D11RHI: D3D11 adapters:
[2023.10.16-01.35.23:306][  0]LogD3D11RHI:    0. 'NVIDIA GeForce RTX 3080 Laptop GPU' (Feature Level 11_0)
[2023.10.16-01.35.23:306][  0]LogD3D11RHI:       16191/0/8076 MB DedicatedVideo/DedicatedSystem/SharedSystem, Outputs:2, VendorId:0x10de
[2023.10.16-01.35.23:309][  0]LogD3D11RHI:    1. 'Microsoft Basic Render Driver' (Feature Level 11_0)
[2023.10.16-01.35.23:309][  0]LogD3D11RHI:       0/0/8076 MB DedicatedVideo/DedicatedSystem/SharedSystem, Outputs:0, VendorId:0x1414
[2023.10.16-01.35.23:309][  0]LogD3D11RHI: Chosen D3D11 Adapter:
[2023.10.16-01.35.23:309][  0]LogD3D11RHI:     Description : NVIDIA GeForce RTX 3080 Laptop GPU
[2023.10.16-01.35.23:309][  0]LogD3D11RHI:     VendorId    : 10de
[2023.10.16-01.35.23:309][  0]LogD3D11RHI:     DeviceId    : 249c
[2023.10.16-01.35.23:309][  0]LogD3D11RHI:     SubSysId    : 13051462
[2023.10.16-01.35.23:309][  0]LogD3D11RHI:     Revision    : 00a1
[2023.10.16-01.35.23:309][  0]LogD3D11RHI:     DedicatedVideoMemory : 16977494016 bytes
[2023.10.16-01.35.23:309][  0]LogD3D11RHI:     DedicatedSystemMemory : 0 bytes
[2023.10.16-01.35.23:309][  0]LogD3D11RHI:     SharedSystemMemory : 8469037056 bytes
[2023.10.16-01.35.23:309][  0]LogD3D11RHI:     AdapterLuid : 0 70377
[2023.10.16-01.35.23:316][  0]LogD3D11RHI: Creating new Direct3DDevice
[2023.10.16-01.35.23:316][  0]LogD3D11RHI:     GPU DeviceId: 0x249c (for the marketing name, search the web for "GPU Device Id")
[2023.10.16-01.35.23:316][  0]LogWindows: EnumDisplayDevices:
[2023.10.16-01.35.23:317][  0]LogWindows:    0. 'NVIDIA GeForce RTX 3080 Laptop GPU' (P:0 D:1)
[2023.10.16-01.35.23:317][  0]LogWindows:    1. 'NVIDIA GeForce RTX 3080 Laptop GPU' (P:1 D:1)
[2023.10.16-01.35.23:318][  0]LogWindows:    2. 'NVIDIA GeForce RTX 3080 Laptop GPU' (P:0 D:0)
[2023.10.16-01.35.23:319][  0]LogWindows:    3. 'NVIDIA GeForce RTX 3080 Laptop GPU' (P:0 D:0)
[2023.10.16-01.35.23:319][  0]LogWindows: DebugString: FoundDriverCount:4 
[2023.10.16-01.35.23:319][  0]LogD3D11RHI:     Adapter Name: NVIDIA GeForce RTX 3080 Laptop GPU
[2023.10.16-01.35.23:319][  0]LogD3D11RHI:   Driver Version: 536.99 (internal:31.0.15.3699, unified:536.99)
[2023.10.16-01.35.23:319][  0]LogD3D11RHI:      Driver Date: 8-4-2023
[2023.10.16-01.35.23:319][  0]LogRHI: Texture pool is 11333 MB (70% of 16191 MB)
[2023.10.16-01.35.23:319][  0]LogD3D11RHI: Creating D3DDevice using adapter:
[2023.10.16-01.35.23:319][  0]LogD3D11RHI:     Description : NVIDIA GeForce RTX 3080 Laptop GPU
[2023.10.16-01.35.23:319][  0]LogD3D11RHI:     VendorId    : 10de
[2023.10.16-01.35.23:319][  0]LogD3D11RHI:     DeviceId    : 249c
[2023.10.16-01.35.23:319][  0]LogD3D11RHI:     SubSysId    : 13051462
[2023.10.16-01.35.23:319][  0]LogD3D11RHI:     Revision    : 00a1
[2023.10.16-01.35.23:319][  0]LogD3D11RHI:     DedicatedVideoMemory : 16977494016 bytes
[2023.10.16-01.35.23:319][  0]LogD3D11RHI:     DedicatedSystemMemory : 0 bytes
[2023.10.16-01.35.23:319][  0]LogD3D11RHI:     SharedSystemMemory : 8469037056 bytes
[2023.10.16-01.35.23:319][  0]LogD3D11RHI:     AdapterLuid : 0 70377
[2023.10.16-01.35.23:393][  0]LogD3D11RHI: RHI has support for 64 bit atomics
[2023.10.16-01.35.23:393][  0]LogD3D11RHI: Async texture creation enabled
[2023.10.16-01.35.23:393][  0]LogD3D11RHI: Array index from any shader is supported
[2023.10.16-01.35.23:416][  0]LogD3D11RHI: GPU Timing Frequency: 1000.000000 (Debug: 2 2)
[2023.10.16-01.35.23:497][  0]LogRHI: GeForceNow SDK initialized: 1
[2023.10.16-01.35.23:824][  0]LogTargetPlatformManager: Display: Loaded TargetPlatform 'AllDesktop'
[2023.10.16-01.35.23:843][  0]LogTargetPlatformManager: Display: Loaded TargetPlatform 'Android'
[2023.10.16-01.35.23:843][  0]LogTargetPlatformManager: Display: Loaded TargetPlatform 'Android_ASTC'
[2023.10.16-01.35.23:843][  0]LogTargetPlatformManager: Display: Loaded TargetPlatform 'Android_DXT'
[2023.10.16-01.35.23:843][  0]LogTargetPlatformManager: Display: Loaded TargetPlatform 'Android_ETC2'
[2023.10.16-01.35.23:843][  0]LogTargetPlatformManager: Display: Loaded TargetPlatform 'AndroidClient'
[2023.10.16-01.35.23:843][  0]LogTargetPlatformManager: Display: Loaded TargetPlatform 'Android_ASTCClient'
[2023.10.16-01.35.23:843][  0]LogTargetPlatformManager: Display: Loaded TargetPlatform 'Android_DXTClient'
[2023.10.16-01.35.23:843][  0]LogTargetPlatformManager: Display: Loaded TargetPlatform 'Android_ETC2Client'
[2023.10.16-01.35.23:843][  0]LogTargetPlatformManager: Display: Loaded TargetPlatform 'Android_Multi'
[2023.10.16-01.35.23:843][  0]LogTargetPlatformManager: Display: Loaded TargetPlatform 'Android_MultiClient'
[2023.10.16-01.35.23:867][  0]LogTargetPlatformManager: Display: Loaded TargetPlatform 'IOSClient'
[2023.10.16-01.35.23:867][  0]LogTargetPlatformManager: Display: Loaded TargetPlatform 'IOS'
[2023.10.16-01.35.23:887][  0]LogTargetPlatformManager: Display: Loaded TargetPlatform 'Linux'
[2023.10.16-01.35.23:894][  0]LogTargetPlatformManager: Display: Loaded TargetPlatform 'LinuxNoEditor'
[2023.10.16-01.35.23:900][  0]LogTargetPlatformManager: Display: Loaded TargetPlatform 'LinuxClient'
[2023.10.16-01.35.23:907][  0]LogTargetPlatformManager: Display: Loaded TargetPlatform 'LinuxServer'
[2023.10.16-01.35.23:922][  0]LogTargetPlatformManager: Display: Loaded TargetPlatform 'LinuxAArch64NoEditor'
[2023.10.16-01.35.23:929][  0]LogTargetPlatformManager: Display: Loaded TargetPlatform 'LinuxAArch64Client'
[2023.10.16-01.35.23:935][  0]LogTargetPlatformManager: Display: Loaded TargetPlatform 'LinuxAArch64Server'
[2023.10.16-01.35.23:961][  0]LogTargetPlatformManager: Display: Loaded TargetPlatform 'Lumin'
[2023.10.16-01.35.23:961][  0]LogTargetPlatformManager: Display: Loaded TargetPlatform 'LuminClient'
[2023.10.16-01.35.23:980][  0]LogTargetPlatformManager: Display: Loaded TargetPlatform 'MacNoEditor'
[2023.10.16-01.35.23:987][  0]LogTargetPlatformManager: Display: Loaded TargetPlatform 'Mac'
[2023.10.16-01.35.23:993][  0]LogTargetPlatformManager: Display: Loaded TargetPlatform 'MacClient'
[2023.10.16-01.35.23:999][  0]LogTargetPlatformManager: Display: Loaded TargetPlatform 'MacServer'
[2023.10.16-01.35.24:009][  0]LogTargetPlatformManager: Display: Loaded TargetPlatform 'TVOSClient'
[2023.10.16-01.35.24:009][  0]LogTargetPlatformManager: Display: Loaded TargetPlatform 'TVOS'
[2023.10.16-01.35.24:019][  0]LogTargetPlatformManager: Display: Loaded TargetPlatform 'WindowsNoEditor'
[2023.10.16-01.35.24:026][  0]LogTargetPlatformManager: Display: Loaded TargetPlatform 'Windows'
[2023.10.16-01.35.24:033][  0]LogTargetPlatformManager: Display: Loaded TargetPlatform 'WindowsClient'
[2023.10.16-01.35.24:041][  0]LogTargetPlatformManager: Display: Loaded TargetPlatform 'WindowsServer'
[2023.10.16-01.35.24:041][  0]LogTargetPlatformManager: Display: Building Assets For Windows
[2023.10.16-01.35.24:097][  0]LogAudioDebug: Display: Lib vorbis DLL was dynamically loaded.
[2023.10.16-01.35.24:150][  0]LogTextureFormatOodle: Display: Oodle Texture 2.9.0 init RDO Off
[2023.10.16-01.35.24:209][  0]LogRendererCore: Ray tracing is disabled. Reason: r.RayTracing=0.
[2023.10.16-01.35.24:209][  0]LogShaderCompilers: Guid format shader working directory is 16 characters bigger than the processId version (D:/UnrealGame01/UnrealGame001/Intermediate/Shaders/WorkingDirectory/18176/).
[2023.10.16-01.35.24:209][  0]LogShaderCompilers: Cleaned the shader compiler working directory 'C:/Users/ansdn/AppData/Local/Temp/UnrealShaderWorkingDir/B3057330447DDE24B7DCF98D38DC4659/'.
[2023.10.16-01.35.24:209][  0]LogXGEController: Cannot use XGE Controller as Incredibuild is not installed on this machine.
[2023.10.16-01.35.24:209][  0]LogShaderCompilers: Cannot use XGE Shader Compiler as Incredibuild is not installed on this machine.
[2023.10.16-01.35.24:209][  0]LogShaderCompilers: Display: Using Local Shader Compiler.
[2023.10.16-01.35.27:273][  0]LogDerivedDataCache: Display: Max Cache Size: 512 MB
[2023.10.16-01.35.27:358][  0]LogDerivedDataCache: Loaded boot cache 0.09s 94MB C:/Users/ansdn/AppData/Local/UnrealEngine/4.27/DerivedDataCache/Boot.ddc.
[2023.10.16-01.35.27:358][  0]LogDerivedDataCache: Display: Loaded Boot cache: C:/Users/ansdn/AppData/Local/UnrealEngine/4.27/DerivedDataCache/Boot.ddc
[2023.10.16-01.35.27:358][  0]LogDerivedDataCache: FDerivedDataBackendGraph:  Pak pak cache file D:/UnrealGame01/UnrealGame001/DerivedDataCache/DDC.ddp not found, will not use a pak cache.
[2023.10.16-01.35.27:358][  0]LogDerivedDataCache: Unable to find inner node Pak for hierarchical cache Hierarchy.
[2023.10.16-01.35.27:358][  0]LogDerivedDataCache: FDerivedDataBackendGraph:  CompressedPak pak cache file D:/UnrealGame01/UnrealGame001/DerivedDataCache/Compressed.ddp not found, will not use a pak cache.
[2023.10.16-01.35.27:358][  0]LogDerivedDataCache: Unable to find inner node CompressedPak for hierarchical cache Hierarchy.
[2023.10.16-01.35.27:383][  0]LogDerivedDataCache: Display: Pak cache opened for reading ../../../Engine/DerivedDataCache/Compressed.ddp.
[2023.10.16-01.35.27:383][  0]LogDerivedDataCache: FDerivedDataBackendGraph:  EnterprisePak pak cache file ../../../Enterprise/DerivedDataCache/Compressed.ddp not found, will not use a pak cache.
[2023.10.16-01.35.27:383][  0]LogDerivedDataCache: Unable to find inner node EnterprisePak for hierarchical cache Hierarchy.
[2023.10.16-01.35.27:441][  0]LogDerivedDataCache: Speed tests for C:/Users/ansdn/AppData/Local/UnrealEngine/Common/DerivedDataCache took 0.06 seconds
[2023.10.16-01.35.27:441][  0]LogDerivedDataCache: Display: Performance to C:/Users/ansdn/AppData/Local/UnrealEngine/Common/DerivedDataCache: Latency=0.24ms. RandomReadSpeed=20.93MBs, RandomWriteSpeed=92.41MBs. Assigned SpeedClass 'Local'
[2023.10.16-01.35.27:442][  0]LogDerivedDataCache: Using Local data cache path C:/Users/ansdn/AppData/Local/UnrealEngine/Common/DerivedDataCache: Writable
[2023.10.16-01.35.27:442][  0]LogDerivedDataCache: Shared data cache path not found in *engine.ini, will not use an Shared cache.
[2023.10.16-01.35.27:442][  0]LogDerivedDataCache: Unable to find inner node Shared for hierarchical cache Hierarchy.
[2023.10.16-01.35.27:480][  0]LogSlate: Using FreeType 2.10.0
[2023.10.16-01.35.27:499][  0]LogSlate: SlateFontServices - WITH_FREETYPE: 1, WITH_HARFBUZZ: 1
[2023.10.16-01.35.27:531][  0]LogAssetRegistry: FAssetRegistry took 0.0033 seconds to start up
[2023.10.16-01.35.27:732][  0]LogInit: Selected Device Profile: [Windows]
[2023.10.16-01.35.27:732][  0]LogInit: Active device profile: [00000211CA74F500][00000211C7DC3200 49] Windows
[2023.10.16-01.35.27:732][  0]LogInit: Profiles: [00000211CA74F500][00000211C7DC3200 49] Windows, [00000211CA754D00][00000211C7DCB380 49] WindowsNoEditor, [00000211CA74CC00][00000211C7DCF500 49] WindowsServer, [00000211CA757400][00000211C0211680 49] WindowsClient, [00000211CA74F300][00000211C0215800 49] IOS, [00000211CA755200][00000211C0219980 49] iPadAir, [00000211CA74D100][00000211C021DB00 49] iPadAir2, [00000211CA718500][00000211C0224240 49] IPadPro, [00000211CA718600][00000211C0220280 49] iPadAir3, [00000211CA74EE00][00000211C0228400 49] iPadAir4, [00000211CA71B300][00000211C7DC6540 49] iPadMini2, [00000211CA74D300][00000211C022C680 49] iPadMini3, [00000211CA719700][00000211C02307C0 49] iPadMini4, [00000211CA74EA00][00000211C0234900 49] iPadMini5, [00000211CA6FFD00][00000211C0240BC0 49] iPhone6, [00000211CA6FFE00][00000211C023CC00 49] iPodTouch6, [00000211CA71AD00][00000211C0248EC0 49] iPhone7, [00000211CA71AC00][00000211C0244F00 49] iPodTouch7, [00000211CA6FD000][00000211C024D080 49] iPhone5S, [00000211CA71A400][00000211C0251200 49] iPhone6Plus, [00000211CA6FEE00][00000211C0255380 49] iPhone6S, [00000211CA71A900][00000211C0259500 49] iPhone6SPlus, [00000211CA6FD500][00000211CA2C3680 49] iPhone7Plus, [00000211CA719F00][00000211CA2C7800 49] iPhoneSE, [00000211CA6FE900][00000211CA2CB980 49] iPhone8, [00000211CA719000][00000211CA2CFB00 49] iPhone8Plus, [00000211CA6FDA00][00000211CA2D2100 49] iPhoneX, [00000211CA718800][00000211CA2D6280 49] iPhoneXS, [00000211CA6FF000][00000211CA2DA400 49] iPhoneXSMax, [00000211CA71B200][00000211CA2DE580 49] iPhoneXR, [00000211CA6FFA00][00000211CA2E2700 49] iPhone11, [00000211CA71BB00][00000211C0238840 49] iPhone11Pro, [00000211CA6FEA00][00000211CA2E6980 49] iPhone11ProMax, [00000211CA71B600][00000211CA2EAAC0 49] iPhoneSE2, [00000211CA6FCF00][00000211CA2F2C40 49] iPhone12Mini, [00000211CA719500][00000211CA2F6DC0 49] iPhone12, [00000211CA6FD200][00000211CA2FAF40 49] iPhone12Pro, [00000211CA718D00][00000211CA2FF0C0 49] iPhone12ProMax, [00000211CA6FD900][00000211CA303240 49] iPadPro105, [00000211CA718E00][00000211CA3073C0 49] iPadPro129, [00000211CA6FE100][00000211CA30B540 49] iPadPro97, [00000211CA719800][00000211CA30F6C0 49] iPadPro2_129, [00000211CA6FE000][00000211CA313840 49] iPad5, [00000211CA718C00][00000211CA3179C0 49] iPad6, [00000211CA6FDE00][00000211CA31BB40 49] iPad7, [00000211CA71AF00][00000211CA31E140 49] iPad8, [00000211CA6FEC00][00000211CA3222C0 49] iPadPro11, [00000211CA71A700][00000211CA326440 49] iPadPro2_11, [00000211CA6FCB00][00000211CA32A5C0 49] iPadPro3_129, [00000211CA71A800][00000211CA32E740 49] iPadPro4_129, [00000211CA6FFB00][00000211CA3328C0 49] AppleTV, [00000211CA718300][00000211CA2EEA00 49] AppleTV4K, [00000211CA6FD400][00000211CA336B40 49] TVOS, [00000211CA71B800][00000211CA33AC80 49] Mac, [00000211CA6FF700][00000211CA33EDC0 49] MacClient, [00000211CA71B000][00000211CA346F40 49] MacNoEditor, [00000211CA6FC100][00000211CA34B0C0 49] MacServer, [00000211CA718700][00000211CA34F240 49] Linux, [00000211CA6FC300][00000211CA3533C0 49] LinuxAArch64, [00000211CA71B400][00000211CA357540 49] LinuxNoEditor, [00000211CA6FE700][00000211CA35B6C0 49] LinuxAArch64NoEditor, [00000211CA719900][00000211CB371840 49] LinuxClient, [00000211CA6FE200][00000211CB3759C0 49] LinuxAArch64Client, [00000211CA719C00][00000211CB379B40 49] LinuxServer, [00000211CA756700][00000211CB37C140 49] LinuxAArch64Server, [00000211C93D4900][00000211CB3802C0 49] Android, [00000211CA757500][00000211CB384440 49] Android_Low, [00000211C93D6400][00000211CB3885C0 49] Android_Mid, [00000211CA756400][00000211CB38C740 49] Android_High, [00000211C93D4C00][00000211CB3908C0 49] Android_Default, [00000211CA754900][00000211CB394A40 49] Android_Adreno4xx, [00000211C93D5B00][00000211CA342B80 49] Android_Adreno5xx_Low, [00000211CA756100][00000211CB398CC0 49] Android_Adreno5xx, [00000211C93D4300][00000211CB39CE00 49] Android_Adreno6xx, [00000211CA755600][00000211CB3A0F40 49] Android_Adreno6xx_Vulkan, [00000211C93D5400][00000211CB3A90C0 49] Android_Mali_T6xx, [00000211CA756800][00000211CB3AD240 49] Android_Mali_T7xx, [00000211C93D5F00][00000211CB3B13C0 49] Android_Mali_T8xx, [00000211CA754300][00000211CB3B5540 49] Android_Mali_G71, [00000211C93D4E00][00000211CB3B96C0 49] Android_Mali_G72, [00000211CA754200][00000211CB3BD840 49] Android_Mali_G72_Vulkan, [00000211C93D5000][00000211CB3C19C0 49] Android_Mali_G76, [00000211CA754600][00000211CB3C5B40 49] Android_Mali_G76_Vulkan, [00000211C93D4B00][00000211CB3C8140 49] Android_Mali_G77, [00000211CA755700][00000211CB3CC2C0 49] Android_Mali_G77_Vulkan, [00000211C93D5500][00000211CB3D0440 49] Android_Mali_G78, [00000211CA756900][00000211CB3D45C0 49] Android_Mali_G78_Vulkan, [00000211C93D4D00][00000211CB3D8740 49] Android_Mali_G710, [00000211CA754A00][00000211CB3DC8C0 49] Android_Mali_G710_Vulkan, [00000211C93D4100][00000211CB3E0A40 49] Android_Vulkan_SM5, [00000211CA71A500][00000211CB3E4BC0 49] Android_PowerVR_G6xxx, [00000211CA6FF500][00000211CB3E8D40 49] Android_PowerVR_GT7xxx, [00000211CA71A000][00000211CB3A4E80 49] Android_PowerVR_GE8xxx, [00000211CA6FC700][00000211CB3ECFC0 49] Android_PowerVR_GM9xxx, [00000211CA71A300][00000211CB3F1100 49] Android_PowerVR_GM9xxx_Vulkan, [00000211CA6FE600][00000211CB3F9280 49] Android_TegraK1, [00000211CA71BA00][00000211CB3FD400 49] Android_Unknown_Vulkan, [00000211CA6FE800][00000211CB401580 49] Lumin, [00000211CA71BE00][00000211CB405700 49] Lumin_Desktop, [00000211CA6FD100][00000211CB409880 49] HoloLens, 
[2023.10.16-01.35.27:944][  0]LogMeshReduction: Using QuadricMeshReduction for automatic static mesh reduction
[2023.10.16-01.35.27:944][  0]LogMeshReduction: Using SimplygonMeshReduction for automatic skeletal mesh reduction
[2023.10.16-01.35.27:944][  0]LogMeshReduction: Using ProxyLODMeshReduction for automatic mesh merging
[2023.10.16-01.35.27:944][  0]LogMeshReduction: No distributed automatic mesh merging module available
[2023.10.16-01.35.27:944][  0]LogMeshMerging: No distributed automatic mesh merging module available
[2023.10.16-01.35.27:990][  0]LogNetVersion: UnrealGame001 1.0.0, NetCL: 17155196, EngineNetVer: 17, GameNetVer: 0 (Checksum: 1156378723)
[2023.10.16-01.35.28:946][  0]LogTexture: Default maximum texture size for cubemaps generated from long-lat sources has been changed from 512 to unlimited. In order to preserve old behaiour for '/Engine/MapTemplates/Sky/DaylightAmbientCubemap.DaylightAmbientCubemap', its maximum texture size has been explicitly set to 512.
[2023.10.16-01.35.29:051][  0]LogHMD: PokeAHoleMaterial loaded successfully
[2023.10.16-01.35.29:057][  0]LogUObjectArray: 17178 objects as part of root set at end of initial load.
[2023.10.16-01.35.29:057][  0]LogUObjectAllocator: 4302048 out of 0 bytes used by permanent object pool.
[2023.10.16-01.35.29:057][  0]LogUObjectArray: CloseDisregardForGC: 0/0 objects in disregard for GC pool
[2023.10.16-01.35.29:480][  0]LogNiagaraDebuggerClient: Niagara Debugger Client Initialized | Session: 0A6D93DA4C96A4D45ED3AB8BE5CEB2E5 | Instance: 437746014EFDE7FD10ADF99DAD630286 (MSI-18176).
[2023.10.16-01.35.29:865][  0]LogPython: Using Python 3.7.7
[2023.10.16-01.35.30:659][  0]LogUdpMessaging: Initializing bridge on interface 0.0.0.0:0 to multicast group 230.0.0.1:6666.
[2023.10.16-01.35.30:670][  0]LogTcpMessaging: Initializing TcpMessaging bridge
[2023.10.16-01.35.30:985][  0]SourceControl: Source control is disabled
[2023.10.16-01.35.30:985][  0]SourceControl: Source control is disabled
[2023.10.16-01.35.30:995][  0]SourceControl: Source control is disabled
[2023.10.16-01.35.31:008][  0]SourceControl: Source control is disabled
[2023.10.16-01.35.31:034][  0]SourceControl: Source control is disabled
[2023.10.16-01.35.31:046][  0]LogUProjectInfo: Found projects:
[2023.10.16-01.35.31:546][  0]LogOpenImageDenoise: OIDN starting up
[2023.10.16-01.35.31:657][  0]LogAndroidPermission: UAndroidPermissionCallbackProxy::GetInstance
[2023.10.16-01.35.31:701][  0]LogAudioCaptureCore: Display: No Audio Capture implementations found. Audio input will be silent.
[2023.10.16-01.35.31:701][  0]LogAudioCaptureCore: Display: No Audio Capture implementations found. Audio input will be silent.
[2023.10.16-01.35.32:053][  0]LogCollectionManager: Loaded 0 collections in 0.001702 seconds
[2023.10.16-01.35.32:108][  0]LogFileCache: Scanning file cache for directory 'D:/UnrealGame01/UnrealGame001/Saved/Collections/' took 0.00s
[2023.10.16-01.35.32:109][  0]LogFileCache: Scanning file cache for directory 'D:/UnrealGame01/UnrealGame001/Content/Developers/MOON/Collections/' took 0.00s
[2023.10.16-01.35.32:109][  0]LogFileCache: Scanning file cache for directory 'D:/UnrealGame01/UnrealGame001/Content/Collections/' took 0.00s
[2023.10.16-01.35.32:109][  0]LogOcInput: OculusInput pre-init called
[2023.10.16-01.35.32:443][  0]LogEngine: Initializing Engine...
[2023.10.16-01.35.32:451][  0]LogHMD: Failed to enumerate extensions. Please check that you have a valid OpenXR runtime installed.
[2023.10.16-01.35.32:451][  0]LogHMD: Failed to initialize OpenVR with code 110
[2023.10.16-01.35.32:451][  0]LogMagicLeap: Warning: VR disabled because ZI is not enabled.  To enable, in the editor, Edit -> Project Settings -> Plugins -> Magic Leap Plugin -> Enable Zero Iteration
[2023.10.16-01.35.32:452][  0]LogStats: UGameplayTagsManager::InitializeManager -  0.000 s
[2023.10.16-01.35.32:763][  0]LogInit: Initializing FReadOnlyCVARCache
[2023.10.16-01.35.32:782][  0]LogAIModule: Creating AISystem for world Untitled
[2023.10.16-01.35.32:787][  0]LogAudio: Display: Initializing Audio Device Manager...
[2023.10.16-01.35.32:794][  0]LogAudio: Display: Loading Default Audio Settings Objects...
[2023.10.16-01.35.32:798][  0]LogAudio: Display: No default SoundConcurrencyObject specified (or failed to load).
[2023.10.16-01.35.32:799][  0]LogAudio: Display: Audio Device Manager Initialized
[2023.10.16-01.35.32:799][  0]LogAudio: Display: Creating Audio Device:                 Id: 1, Scope: Shared, Realtime: True
[2023.10.16-01.35.32:800][  0]LogAudioMixer: Display: Audio Mixer Platform Settings:
[2023.10.16-01.35.32:800][  0]LogAudioMixer: Display: 	Sample Rate:						  48000
[2023.10.16-01.35.32:800][  0]LogAudioMixer: Display: 	Callback Buffer Frame Size Requested: 1024
[2023.10.16-01.35.32:800][  0]LogAudioMixer: Display: 	Callback Buffer Frame Size To Use:	  1024
[2023.10.16-01.35.32:800][  0]LogAudioMixer: Display: 	Number of buffers to queue:			  2
[2023.10.16-01.35.32:800][  0]LogAudioMixer: Display: 	Max Channels (voices):				  32
[2023.10.16-01.35.32:800][  0]LogAudioMixer: Display: 	Number of Async Source Workers:		  0
[2023.10.16-01.35.32:800][  0]LogAudio: Display: AudioDevice MaxSources: 32
[2023.10.16-01.35.32:801][  0]LogAudio: Display: Audio Spatialization Plugin: None (built-in).
[2023.10.16-01.35.32:801][  0]LogAudio: Display: Audio Reverb Plugin: None (built-in).
[2023.10.16-01.35.32:801][  0]LogAudio: Display: Audio Occlusion Plugin: None (built-in).
[2023.10.16-01.35.32:801][  0]LogAudioMixer: Display: Initializing audio mixer.
[2023.10.16-01.35.32:909][  0]LogAudioMixer: Display: 0: FrontLeft
[2023.10.16-01.35.32:909][  0]LogAudioMixer: Display: 1: FrontRight
[2023.10.16-01.35.32:938][  0]LogAudioMixer: Display: Using Audio Device 스피커 (2- Moonunga Marshall1)
[2023.10.16-01.35.32:939][  0]LogAudioMixer: Display: Initializing Sound Submixes...
[2023.10.16-01.35.32:964][  0]LogAudioMixer: Display: Creating Master Submix 'MasterSubmixDefault'
[2023.10.16-01.35.32:964][  0]LogAudioMixer: Display: Creating Master Submix 'MasterReverbSubmixDefault'
[2023.10.16-01.35.32:966][  0]LogAudioMixer: Display: Creating Master Submix 'MasterEQSubmixDefault'
[2023.10.16-01.35.32:966][  0]LogAudioMixer: FMixerPlatformXAudio2::StartAudioStream() called
[2023.10.16-01.35.32:966][  0]LogAudioMixer: Display: Output buffers initialized: Frames=1024, Channels=2, Samples=2048
[2023.10.16-01.35.32:966][  0]LogAudioMixer: Display: Starting AudioMixerPlatformInterface::RunInternal()
[2023.10.16-01.35.32:966][  0]LogAudioMixer: Display: FMixerPlatformXAudio2::SubmitBuffer() called for the first time
[2023.10.16-01.35.32:966][  0]LogInit: FAudioDevice initialized.
[2023.10.16-01.35.32:968][  0]LogAudio: Display: Audio Device (ID: 1) registered with world 'Untitled'.
[2023.10.16-01.35.32:968][  0]LogNetVersion: Set ProjectVersion to 1.0.0.0. Version Checksum will be recalculated on next use.
[2023.10.16-01.35.33:048][  0]LogDerivedDataCache: Saved boot cache 0.08s 94MB C:/Users/ansdn/AppData/Local/UnrealEngine/4.27/DerivedDataCache/Boot.ddc.
[2023.10.16-01.35.33:049][  0]LogInit: Texture streaming: Enabled
[2023.10.16-01.35.33:073][  0]LogAnalytics: Display: [UEEditor.Rocket.Release] APIServer = https://datarouter.ol.epicgames.com/. AppVersion = 4.27.2-18319896+++UE4+Release-4.27
[2023.10.16-01.35.33:080][  0]LogEngineSessionManager: EngineSessionManager initialized
[2023.10.16-01.35.33:080][  0]LogEditorSessionSummary: Verbose: Initializing EditorSessionSummaryWriter for editor session tracking
[2023.10.16-01.35.33:087][  0]LogEditorSessionSummary: EditorSessionSummaryWriter initialized
[2023.10.16-01.35.33:143][  0]LogInit: Transaction tracking system initialized
[2023.10.16-01.35.33:191][  0]BlueprintLog: New page: Editor Load
[2023.10.16-01.35.33:328][  0]LocalizationService: Localization service is disabled
[2023.10.16-01.35.33:390][  0]TimingProfiler: Initialize
[2023.10.16-01.35.33:391][  0]TimingProfiler: OnSessionChanged
[2023.10.16-01.35.33:391][  0]LoadingProfiler: Initialize
[2023.10.16-01.35.33:391][  0]LoadingProfiler: OnSessionChanged
[2023.10.16-01.35.33:392][  0]NetworkingProfiler: Initialize
[2023.10.16-01.35.33:392][  0]NetworkingProfiler: OnSessionChanged
[2023.10.16-01.35.33:392][  0]MemoryProfiler: Initialize
[2023.10.16-01.35.33:392][  0]MemoryProfiler: OnSessionChanged
[2023.10.16-01.35.33:813][  0]LogCook: Display: CookSettings for Memory: MemoryMaxUsedVirtual 0MiB, MemoryMaxUsedPhysical 16384MiB, MemoryMinFreeVirtual 0MiB, MemoryMinFreePhysical 1024MiB
[2023.10.16-01.35.33:813][  0]LogCook: Display: Mobile HDR setting 1
[2023.10.16-01.35.34:184][  0]LogFileCache: Scanning file cache for directory 'D:/UnrealGame01/UnrealGame001/Content/' took 0.01s
[2023.10.16-01.35.34:345][  0]LogInit: Display: Engine is initialized. Leaving FEngineLoop::Init()
[2023.10.16-01.35.34:351][  0]SourceControl: Source control is disabled
[2023.10.16-01.35.34:351][  0]LogUnrealEdMisc: Loading editor; pre map load, took 19.121
[2023.10.16-01.35.34:352][  0]Cmd: MAP LOAD FILE="../../../Engine/Content/Maps/Templates/Template_Default.umap" TEMPLATE=1 SHOWPROGRESS=1 FEATURELEVEL=3
[2023.10.16-01.35.34:358][  0]LightingResults: New page: Lighting Build
[2023.10.16-01.35.34:361][  0]LogWorld: UWorld::CleanupWorld for Untitled, bSessionEnded=true, bCleanupResources=true
[2023.10.16-01.35.34:362][  0]LogSlate: InvalidateAllWidgets triggered.  All widgets were invalidated
[2023.10.16-01.35.34:364][  0]MapCheck: New page: Map Check
[2023.10.16-01.35.34:364][  0]LightingResults: New page: Lighting Build
[2023.10.16-01.35.34:373][  0]LogAudio: Display: Audio Device unregistered from world 'None'.
[2023.10.16-01.35.34:378][  0]LogUObjectHash: Compacting FUObjectHashTables data took   0.60ms
[2023.10.16-01.35.34:488][  0]LogAudio: Display: Audio Device (ID: 1) registered with world 'Untitled_1'.
[2023.10.16-01.35.34:489][  0]LogAIModule: Creating AISystem for world Untitled_1
[2023.10.16-01.35.34:512][  0]LogEditorServer: Finished looking for orphan Actors (0.000 secs)
[2023.10.16-01.35.34:517][  0]LogUObjectHash: Compacting FUObjectHashTables data took   0.58ms
[2023.10.16-01.35.34:517][  0]Cmd: MAP CHECKDEP NOCLEARLOG
[2023.10.16-01.35.34:517][  0]MapCheck: Map check complete: 0 Error(s), 0 Warning(s), took 0.211ms to complete.
[2023.10.16-01.35.34:517][  0]LogFileHelpers: Loading map 'Template_Default' took 0.165
[2023.10.16-01.35.34:533][  0]LogUnrealEdMisc: Total Editor Startup Time, took 19.302
[2023.10.16-01.35.34:668][  0]LogSlate: Updating window title bar state: overlay mode, drag disabled, window buttons hidden, title bar hidden
[2023.10.16-01.35.34:681][  0]LogSlate: Updating window title bar state: overlay mode, drag disabled, window buttons hidden, title bar hidden
[2023.10.16-01.35.34:685][  0]LogSlate: Updating window title bar state: overlay mode, drag disabled, window buttons hidden, title bar hidden
[2023.10.16-01.35.34:689][  0]LogSlate: Updating window title bar state: overlay mode, drag disabled, window buttons hidden, title bar hidden
[2023.10.16-01.35.34:710][  0]LogNativeClassHierarchy: Verbose: Native class hierarchy populated in 0.0081 seconds. Added 3835 classes and 936 folders.
[2023.10.16-01.35.34:715][  0]LogNativeClassHierarchy: Verbose: Native class hierarchy updated for 'WidgetCarousel' in 0.0002 seconds. Added 0 classes and 0 folders.
[2023.10.16-01.35.34:726][  0]LogPakFile: PakFile PrimaryIndexSize=187
[2023.10.16-01.35.34:726][  0]LogPakFile: PakFile PathHashIndexSize=101
[2023.10.16-01.35.34:726][  0]LogPakFile: PakFile FullDirectoryIndexSize=148
[2023.10.16-01.35.34:726][  0]LogShaderLibrary: Display: ShaderCodeLibraryPakFileMountedCallback: PakFile 'C:/Program Files/Epic Games/UE_4.27/FeaturePacks/FP_FirstPerson.upack' (chunk index -1, root 'root:/') mounted
[2023.10.16-01.35.34:726][  0]LogShaderLibrary: Display: ShaderCodeLibraryPakFileMountedCallback: pending pak file info (ChunkID:-1 Root:root:/ File:C:/Program Files/Epic Games/UE_4.27/FeaturePacks/FP_FirstPerson.upack)
[2023.10.16-01.35.34:726][  0]LogPakFile: OnPakFileMounted2Time == 0.000050
[2023.10.16-01.35.34:734][  0]LogPakFile: PakFile PrimaryIndexSize=189
[2023.10.16-01.35.34:734][  0]LogPakFile: PakFile PathHashIndexSize=101
[2023.10.16-01.35.34:734][  0]LogPakFile: PakFile FullDirectoryIndexSize=152
[2023.10.16-01.35.34:734][  0]LogShaderLibrary: Display: ShaderCodeLibraryPakFileMountedCallback: PakFile 'C:/Program Files/Epic Games/UE_4.27/FeaturePacks/FP_FirstPersonBP.upack' (chunk index -1, root 'root:/') mounted
[2023.10.16-01.35.34:734][  0]LogShaderLibrary: Display: ShaderCodeLibraryPakFileMountedCallback: pending pak file info (ChunkID:-1 Root:root:/ File:C:/Program Files/Epic Games/UE_4.27/FeaturePacks/FP_FirstPersonBP.upack)
[2023.10.16-01.35.34:734][  0]LogPakFile: OnPakFileMounted2Time == 0.000058
[2023.10.16-01.35.34:740][  0]LogPakFile: PakFile PrimaryIndexSize=191
[2023.10.16-01.35.34:740][  0]LogPakFile: PakFile PathHashIndexSize=101
[2023.10.16-01.35.34:740][  0]LogPakFile: PakFile FullDirectoryIndexSize=160
[2023.10.16-01.35.34:740][  0]LogShaderLibrary: Display: ShaderCodeLibraryPakFileMountedCallback: PakFile 'C:/Program Files/Epic Games/UE_4.27/FeaturePacks/MobileStarterContent.upack' (chunk index -1, root 'root:/') mounted
[2023.10.16-01.35.34:740][  0]LogShaderLibrary: Display: ShaderCodeLibraryPakFileMountedCallback: pending pak file info (ChunkID:-1 Root:root:/ File:C:/Program Files/Epic Games/UE_4.27/FeaturePacks/MobileStarterContent.upack)
[2023.10.16-01.35.34:740][  0]LogPakFile: OnPakFileMounted2Time == 0.000034
[2023.10.16-01.35.34:745][  0]LogPakFile: PakFile PrimaryIndexSize=185
[2023.10.16-01.35.34:745][  0]LogPakFile: PakFile PathHashIndexSize=101
[2023.10.16-01.35.34:745][  0]LogPakFile: PakFile FullDirectoryIndexSize=148
[2023.10.16-01.35.34:745][  0]LogShaderLibrary: Display: ShaderCodeLibraryPakFileMountedCallback: PakFile 'C:/Program Files/Epic Games/UE_4.27/FeaturePacks/StarterContent.upack' (chunk index -1, root 'root:/') mounted
[2023.10.16-01.35.34:745][  0]LogShaderLibrary: Display: ShaderCodeLibraryPakFileMountedCallback: pending pak file info (ChunkID:-1 Root:root:/ File:C:/Program Files/Epic Games/UE_4.27/FeaturePacks/StarterContent.upack)
[2023.10.16-01.35.34:745][  0]LogPakFile: OnPakFileMounted2Time == 0.000033
[2023.10.16-01.35.34:750][  0]LogPakFile: PakFile PrimaryIndexSize=190
[2023.10.16-01.35.34:750][  0]LogPakFile: PakFile PathHashIndexSize=101
[2023.10.16-01.35.34:750][  0]LogPakFile: PakFile FullDirectoryIndexSize=154
[2023.10.16-01.35.34:750][  0]LogShaderLibrary: Display: ShaderCodeLibraryPakFileMountedCallback: PakFile 'C:/Program Files/Epic Games/UE_4.27/FeaturePacks/TP_2DSideScroller.upack' (chunk index -1, root 'root:/') mounted
[2023.10.16-01.35.34:750][  0]LogShaderLibrary: Display: ShaderCodeLibraryPakFileMountedCallback: pending pak file info (ChunkID:-1 Root:root:/ File:C:/Program Files/Epic Games/UE_4.27/FeaturePacks/TP_2DSideScroller.upack)
[2023.10.16-01.35.34:750][  0]LogPakFile: OnPakFileMounted2Time == 0.000031
[2023.10.16-01.35.34:756][  0]LogPakFile: PakFile PrimaryIndexSize=192
[2023.10.16-01.35.34:756][  0]LogPakFile: PakFile PathHashIndexSize=101
[2023.10.16-01.35.34:756][  0]LogPakFile: PakFile FullDirectoryIndexSize=158
[2023.10.16-01.35.34:756][  0]LogShaderLibrary: Display: ShaderCodeLibraryPakFileMountedCallback: PakFile 'C:/Program Files/Epic Games/UE_4.27/FeaturePacks/TP_2DSideScrollerBP.upack' (chunk index -1, root 'root:/') mounted
[2023.10.16-01.35.34:756][  0]LogShaderLibrary: Display: ShaderCodeLibraryPakFileMountedCallback: pending pak file info (ChunkID:-1 Root:root:/ File:C:/Program Files/Epic Games/UE_4.27/FeaturePacks/TP_2DSideScrollerBP.upack)
[2023.10.16-01.35.34:756][  0]LogPakFile: OnPakFileMounted2Time == 0.000027
[2023.10.16-01.35.34:760][  0]LogPakFile: PakFile PrimaryIndexSize=182
[2023.10.16-01.35.34:760][  0]LogPakFile: PakFile PathHashIndexSize=101
[2023.10.16-01.35.34:760][  0]LogPakFile: PakFile FullDirectoryIndexSize=138
[2023.10.16-01.35.34:760][  0]LogShaderLibrary: Display: ShaderCodeLibraryPakFileMountedCallback: PakFile 'C:/Program Files/Epic Games/UE_4.27/FeaturePacks/TP_Flying.upack' (chunk index -1, root 'root:/') mounted
[2023.10.16-01.35.34:760][  0]LogShaderLibrary: Display: ShaderCodeLibraryPakFileMountedCallback: pending pak file info (ChunkID:-1 Root:root:/ File:C:/Program Files/Epic Games/UE_4.27/FeaturePacks/TP_Flying.upack)
[2023.10.16-01.35.34:760][  0]LogPakFile: OnPakFileMounted2Time == 0.000028
[2023.10.16-01.35.34:765][  0]LogPakFile: PakFile PrimaryIndexSize=184
[2023.10.16-01.35.34:765][  0]LogPakFile: PakFile PathHashIndexSize=101
[2023.10.16-01.35.34:765][  0]LogPakFile: PakFile FullDirectoryIndexSize=142
[2023.10.16-01.35.34:765][  0]LogShaderLibrary: Display: ShaderCodeLibraryPakFileMountedCallback: PakFile 'C:/Program Files/Epic Games/UE_4.27/FeaturePacks/TP_FlyingBP.upack' (chunk index -1, root 'root:/') mounted
[2023.10.16-01.35.34:765][  0]LogShaderLibrary: Display: ShaderCodeLibraryPakFileMountedCallback: pending pak file info (ChunkID:-1 Root:root:/ File:C:/Program Files/Epic Games/UE_4.27/FeaturePacks/TP_FlyingBP.upack)
[2023.10.16-01.35.34:765][  0]LogPakFile: OnPakFileMounted2Time == 0.000027
[2023.10.16-01.35.34:771][  0]LogPakFile: PakFile PrimaryIndexSize=188
[2023.10.16-01.35.34:771][  0]LogPakFile: PakFile PathHashIndexSize=101
[2023.10.16-01.35.34:771][  0]LogPakFile: PakFile FullDirectoryIndexSize=150
[2023.10.16-01.35.34:771][  0]LogShaderLibrary: Display: ShaderCodeLibraryPakFileMountedCallback: PakFile 'C:/Program Files/Epic Games/UE_4.27/FeaturePacks/TP_HandheldARBP.upack' (chunk index -1, root 'root:/') mounted
[2023.10.16-01.35.34:771][  0]LogShaderLibrary: Display: ShaderCodeLibraryPakFileMountedCallback: pending pak file info (ChunkID:-1 Root:root:/ File:C:/Program Files/Epic Games/UE_4.27/FeaturePacks/TP_HandheldARBP.upack)
[2023.10.16-01.35.34:771][  0]LogPakFile: OnPakFileMounted2Time == 0.000029
[2023.10.16-01.35.34:777][  0]LogPakFile: PakFile PrimaryIndexSize=182
[2023.10.16-01.35.34:777][  0]LogPakFile: PakFile PathHashIndexSize=101
[2023.10.16-01.35.34:777][  0]LogPakFile: PakFile FullDirectoryIndexSize=138
[2023.10.16-01.35.34:777][  0]LogShaderLibrary: Display: ShaderCodeLibraryPakFileMountedCallback: PakFile 'C:/Program Files/Epic Games/UE_4.27/FeaturePacks/TP_Puzzle.upack' (chunk index -1, root 'root:/') mounted
[2023.10.16-01.35.34:777][  0]LogShaderLibrary: Display: ShaderCodeLibraryPakFileMountedCallback: pending pak file info (ChunkID:-1 Root:root:/ File:C:/Program Files/Epic Games/UE_4.27/FeaturePacks/TP_Puzzle.upack)
[2023.10.16-01.35.34:777][  0]LogPakFile: OnPakFileMounted2Time == 0.000031
[2023.10.16-01.35.34:782][  0]LogPakFile: PakFile PrimaryIndexSize=184
[2023.10.16-01.35.34:782][  0]LogPakFile: PakFile PathHashIndexSize=101
[2023.10.16-01.35.34:782][  0]LogPakFile: PakFile FullDirectoryIndexSize=142
[2023.10.16-01.35.34:782][  0]LogShaderLibrary: Display: ShaderCodeLibraryPakFileMountedCallback: PakFile 'C:/Program Files/Epic Games/UE_4.27/FeaturePacks/TP_PuzzleBP.upack' (chunk index -1, root 'root:/') mounted
[2023.10.16-01.35.34:782][  0]LogShaderLibrary: Display: ShaderCodeLibraryPakFileMountedCallback: pending pak file info (ChunkID:-1 Root:root:/ File:C:/Program Files/Epic Games/UE_4.27/FeaturePacks/TP_PuzzleBP.upack)
[2023.10.16-01.35.34:782][  0]LogPakFile: OnPakFileMounted2Time == 0.000027
[2023.10.16-01.35.34:787][  0]LogPakFile: PakFile PrimaryIndexSize=183
[2023.10.16-01.35.34:787][  0]LogPakFile: PakFile PathHashIndexSize=101
[2023.10.16-01.35.34:787][  0]LogPakFile: PakFile FullDirectoryIndexSize=140
[2023.10.16-01.35.34:787][  0]LogShaderLibrary: Display: ShaderCodeLibraryPakFileMountedCallback: PakFile 'C:/Program Files/Epic Games/UE_4.27/FeaturePacks/TP_Rolling.upack' (chunk index -1, root 'root:/') mounted
[2023.10.16-01.35.34:787][  0]LogShaderLibrary: Display: ShaderCodeLibraryPakFileMountedCallback: pending pak file info (ChunkID:-1 Root:root:/ File:C:/Program Files/Epic Games/UE_4.27/FeaturePacks/TP_Rolling.upack)
[2023.10.16-01.35.34:787][  0]LogPakFile: OnPakFileMounted2Time == 0.000026
[2023.10.16-01.35.34:791][  0]LogPakFile: PakFile PrimaryIndexSize=185
[2023.10.16-01.35.34:791][  0]LogPakFile: PakFile PathHashIndexSize=101
[2023.10.16-01.35.34:791][  0]LogPakFile: PakFile FullDirectoryIndexSize=144
[2023.10.16-01.35.34:791][  0]LogShaderLibrary: Display: ShaderCodeLibraryPakFileMountedCallback: PakFile 'C:/Program Files/Epic Games/UE_4.27/FeaturePacks/TP_RollingBP.upack' (chunk index -1, root 'root:/') mounted
[2023.10.16-01.35.34:791][  0]LogShaderLibrary: Display: ShaderCodeLibraryPakFileMountedCallback: pending pak file info (ChunkID:-1 Root:root:/ File:C:/Program Files/Epic Games/UE_4.27/FeaturePacks/TP_RollingBP.upack)
[2023.10.16-01.35.34:791][  0]LogPakFile: OnPakFileMounted2Time == 0.000028
[2023.10.16-01.35.34:796][  0]LogPakFile: PakFile PrimaryIndexSize=188
[2023.10.16-01.35.34:796][  0]LogPakFile: PakFile PathHashIndexSize=101
[2023.10.16-01.35.34:796][  0]LogPakFile: PakFile FullDirectoryIndexSize=150
[2023.10.16-01.35.34:796][  0]LogShaderLibrary: Display: ShaderCodeLibraryPakFileMountedCallback: PakFile 'C:/Program Files/Epic Games/UE_4.27/FeaturePacks/TP_SideScroller.upack' (chunk index -1, root 'root:/') mounted
[2023.10.16-01.35.34:796][  0]LogShaderLibrary: Display: ShaderCodeLibraryPakFileMountedCallback: pending pak file info (ChunkID:-1 Root:root:/ File:C:/Program Files/Epic Games/UE_4.27/FeaturePacks/TP_SideScroller.upack)
[2023.10.16-01.35.34:796][  0]LogPakFile: OnPakFileMounted2Time == 0.000027
[2023.10.16-01.35.34:801][  0]LogPakFile: PakFile PrimaryIndexSize=190
[2023.10.16-01.35.34:801][  0]LogPakFile: PakFile PathHashIndexSize=101
[2023.10.16-01.35.34:801][  0]LogPakFile: PakFile FullDirectoryIndexSize=154
[2023.10.16-01.35.34:801][  0]LogShaderLibrary: Display: ShaderCodeLibraryPakFileMountedCallback: PakFile 'C:/Program Files/Epic Games/UE_4.27/FeaturePacks/TP_SideScrollerBP.upack' (chunk index -1, root 'root:/') mounted
[2023.10.16-01.35.34:801][  0]LogShaderLibrary: Display: ShaderCodeLibraryPakFileMountedCallback: pending pak file info (ChunkID:-1 Root:root:/ File:C:/Program Files/Epic Games/UE_4.27/FeaturePacks/TP_SideScrollerBP.upack)
[2023.10.16-01.35.34:801][  0]LogPakFile: OnPakFileMounted2Time == 0.000035
[2023.10.16-01.35.34:807][  0]LogPakFile: PakFile PrimaryIndexSize=187
[2023.10.16-01.35.34:807][  0]LogPakFile: PakFile PathHashIndexSize=101
[2023.10.16-01.35.34:807][  0]LogPakFile: PakFile FullDirectoryIndexSize=148
[2023.10.16-01.35.34:807][  0]LogShaderLibrary: Display: ShaderCodeLibraryPakFileMountedCallback: PakFile 'C:/Program Files/Epic Games/UE_4.27/FeaturePacks/TP_ThirdPerson.upack' (chunk index -1, root 'root:/') mounted
[2023.10.16-01.35.34:807][  0]LogShaderLibrary: Display: ShaderCodeLibraryPakFileMountedCallback: pending pak file info (ChunkID:-1 Root:root:/ File:C:/Program Files/Epic Games/UE_4.27/FeaturePacks/TP_ThirdPerson.upack)
[2023.10.16-01.35.34:807][  0]LogPakFile: OnPakFileMounted2Time == 0.000034
[2023.10.16-01.35.34:811][  0]LogPakFile: PakFile PrimaryIndexSize=189
[2023.10.16-01.35.34:811][  0]LogPakFile: PakFile PathHashIndexSize=101
[2023.10.16-01.35.34:811][  0]LogPakFile: PakFile FullDirectoryIndexSize=152
[2023.10.16-01.35.34:811][  0]LogShaderLibrary: Display: ShaderCodeLibraryPakFileMountedCallback: PakFile 'C:/Program Files/Epic Games/UE_4.27/FeaturePacks/TP_ThirdPersonBP.upack' (chunk index -1, root 'root:/') mounted
[2023.10.16-01.35.34:811][  0]LogShaderLibrary: Display: ShaderCodeLibraryPakFileMountedCallback: pending pak file info (ChunkID:-1 Root:root:/ File:C:/Program Files/Epic Games/UE_4.27/FeaturePacks/TP_ThirdPersonBP.upack)
[2023.10.16-01.35.34:811][  0]LogPakFile: OnPakFileMounted2Time == 0.000029
[2023.10.16-01.35.34:817][  0]LogPakFile: PakFile PrimaryIndexSize=183
[2023.10.16-01.35.34:817][  0]LogPakFile: PakFile PathHashIndexSize=101
[2023.10.16-01.35.34:817][  0]LogPakFile: PakFile FullDirectoryIndexSize=140
[2023.10.16-01.35.34:817][  0]LogShaderLibrary: Display: ShaderCodeLibraryPakFileMountedCallback: PakFile 'C:/Program Files/Epic Games/UE_4.27/FeaturePacks/TP_TopDown.upack' (chunk index -1, root 'root:/') mounted
[2023.10.16-01.35.34:817][  0]LogShaderLibrary: Display: ShaderCodeLibraryPakFileMountedCallback: pending pak file info (ChunkID:-1 Root:root:/ File:C:/Program Files/Epic Games/UE_4.27/FeaturePacks/TP_TopDown.upack)
[2023.10.16-01.35.34:817][  0]LogPakFile: OnPakFileMounted2Time == 0.000052
[2023.10.16-01.35.34:823][  0]LogPakFile: PakFile PrimaryIndexSize=185
[2023.10.16-01.35.34:823][  0]LogPakFile: PakFile PathHashIndexSize=101
[2023.10.16-01.35.34:823][  0]LogPakFile: PakFile FullDirectoryIndexSize=144
[2023.10.16-01.35.34:823][  0]LogShaderLibrary: Display: ShaderCodeLibraryPakFileMountedCallback: PakFile 'C:/Program Files/Epic Games/UE_4.27/FeaturePacks/TP_TopDownBP.upack' (chunk index -1, root 'root:/') mounted
[2023.10.16-01.35.34:823][  0]LogShaderLibrary: Display: ShaderCodeLibraryPakFileMountedCallback: pending pak file info (ChunkID:-1 Root:root:/ File:C:/Program Files/Epic Games/UE_4.27/FeaturePacks/TP_TopDownBP.upack)
[2023.10.16-01.35.34:823][  0]LogPakFile: OnPakFileMounted2Time == 0.000034
[2023.10.16-01.35.34:831][  0]LogPakFile: PakFile PrimaryIndexSize=185
[2023.10.16-01.35.34:831][  0]LogPakFile: PakFile PathHashIndexSize=101
[2023.10.16-01.35.34:831][  0]LogPakFile: PakFile FullDirectoryIndexSize=144
[2023.10.16-01.35.34:831][  0]LogShaderLibrary: Display: ShaderCodeLibraryPakFileMountedCallback: PakFile 'C:/Program Files/Epic Games/UE_4.27/FeaturePacks/TP_TwinStick.upack' (chunk index -1, root 'root:/') mounted
[2023.10.16-01.35.34:831][  0]LogShaderLibrary: Display: ShaderCodeLibraryPakFileMountedCallback: pending pak file info (ChunkID:-1 Root:root:/ File:C:/Program Files/Epic Games/UE_4.27/FeaturePacks/TP_TwinStick.upack)
[2023.10.16-01.35.34:832][  0]LogPakFile: OnPakFileMounted2Time == 0.000031
[2023.10.16-01.35.34:837][  0]LogPakFile: PakFile PrimaryIndexSize=187
[2023.10.16-01.35.34:837][  0]LogPakFile: PakFile PathHashIndexSize=101
[2023.10.16-01.35.34:837][  0]LogPakFile: PakFile FullDirectoryIndexSize=148
[2023.10.16-01.35.34:837][  0]LogShaderLibrary: Display: ShaderCodeLibraryPakFileMountedCallback: PakFile 'C:/Program Files/Epic Games/UE_4.27/FeaturePacks/TP_TwinStickBP.upack' (chunk index -1, root 'root:/') mounted
[2023.10.16-01.35.34:837][  0]LogShaderLibrary: Display: ShaderCodeLibraryPakFileMountedCallback: pending pak file info (ChunkID:-1 Root:root:/ File:C:/Program Files/Epic Games/UE_4.27/FeaturePacks/TP_TwinStickBP.upack)
[2023.10.16-01.35.34:837][  0]LogPakFile: OnPakFileMounted2Time == 0.000033
[2023.10.16-01.35.34:842][  0]LogPakFile: PakFile PrimaryIndexSize=183
[2023.10.16-01.35.34:842][  0]LogPakFile: PakFile PathHashIndexSize=101
[2023.10.16-01.35.34:842][  0]LogPakFile: PakFile FullDirectoryIndexSize=140
[2023.10.16-01.35.34:842][  0]LogShaderLibrary: Display: ShaderCodeLibraryPakFileMountedCallback: PakFile 'C:/Program Files/Epic Games/UE_4.27/FeaturePacks/TP_Vehicle.upack' (chunk index -1, root 'root:/') mounted
[2023.10.16-01.35.34:842][  0]LogShaderLibrary: Display: ShaderCodeLibraryPakFileMountedCallback: pending pak file info (ChunkID:-1 Root:root:/ File:C:/Program Files/Epic Games/UE_4.27/FeaturePacks/TP_Vehicle.upack)
[2023.10.16-01.35.34:842][  0]LogPakFile: OnPakFileMounted2Time == 0.000032
[2023.10.16-01.35.34:848][  0]LogPakFile: PakFile PrimaryIndexSize=186
[2023.10.16-01.35.34:848][  0]LogPakFile: PakFile PathHashIndexSize=101
[2023.10.16-01.35.34:848][  0]LogPakFile: PakFile FullDirectoryIndexSize=146
[2023.10.16-01.35.34:848][  0]LogShaderLibrary: Display: ShaderCodeLibraryPakFileMountedCallback: PakFile 'C:/Program Files/Epic Games/UE_4.27/FeaturePacks/TP_VehicleAdv.upack' (chunk index -1, root 'root:/') mounted
[2023.10.16-01.35.34:848][  0]LogShaderLibrary: Display: ShaderCodeLibraryPakFileMountedCallback: pending pak file info (ChunkID:-1 Root:root:/ File:C:/Program Files/Epic Games/UE_4.27/FeaturePacks/TP_VehicleAdv.upack)
[2023.10.16-01.35.34:848][  0]LogPakFile: OnPakFileMounted2Time == 0.000032
[2023.10.16-01.35.34:854][  0]LogPakFile: PakFile PrimaryIndexSize=188
[2023.10.16-01.35.34:854][  0]LogPakFile: PakFile PathHashIndexSize=101
[2023.10.16-01.35.34:854][  0]LogPakFile: PakFile FullDirectoryIndexSize=150
[2023.10.16-01.35.34:854][  0]LogShaderLibrary: Display: ShaderCodeLibraryPakFileMountedCallback: PakFile 'C:/Program Files/Epic Games/UE_4.27/FeaturePacks/TP_VehicleAdvBP.upack' (chunk index -1, root 'root:/') mounted
[2023.10.16-01.35.34:854][  0]LogShaderLibrary: Display: ShaderCodeLibraryPakFileMountedCallback: pending pak file info (ChunkID:-1 Root:root:/ File:C:/Program Files/Epic Games/UE_4.27/FeaturePacks/TP_VehicleAdvBP.upack)
[2023.10.16-01.35.34:854][  0]LogPakFile: OnPakFileMounted2Time == 0.000035
[2023.10.16-01.35.34:859][  0]LogPakFile: PakFile PrimaryIndexSize=185
[2023.10.16-01.35.34:859][  0]LogPakFile: PakFile PathHashIndexSize=101
[2023.10.16-01.35.34:859][  0]LogPakFile: PakFile FullDirectoryIndexSize=144
[2023.10.16-01.35.34:859][  0]LogShaderLibrary: Display: ShaderCodeLibraryPakFileMountedCallback: PakFile 'C:/Program Files/Epic Games/UE_4.27/FeaturePacks/TP_VehicleBP.upack' (chunk index -1, root 'root:/') mounted
[2023.10.16-01.35.34:859][  0]LogShaderLibrary: Display: ShaderCodeLibraryPakFileMountedCallback: pending pak file info (ChunkID:-1 Root:root:/ File:C:/Program Files/Epic Games/UE_4.27/FeaturePacks/TP_VehicleBP.upack)
[2023.10.16-01.35.34:859][  0]LogPakFile: OnPakFileMounted2Time == 0.000034
[2023.10.16-01.35.34:865][  0]LogPakFile: PakFile PrimaryIndexSize=192
[2023.10.16-01.35.34:865][  0]LogPakFile: PakFile PathHashIndexSize=101
[2023.10.16-01.35.34:865][  0]LogPakFile: PakFile FullDirectoryIndexSize=158
[2023.10.16-01.35.34:865][  0]LogShaderLibrary: Display: ShaderCodeLibraryPakFileMountedCallback: PakFile 'C:/Program Files/Epic Games/UE_4.27/FeaturePacks/TP_VirtualRealityBP.upack' (chunk index -1, root 'root:/') mounted
[2023.10.16-01.35.34:865][  0]LogShaderLibrary: Display: ShaderCodeLibraryPakFileMountedCallback: pending pak file info (ChunkID:-1 Root:root:/ File:C:/Program Files/Epic Games/UE_4.27/FeaturePacks/TP_VirtualRealityBP.upack)
[2023.10.16-01.35.34:865][  0]LogPakFile: OnPakFileMounted2Time == 0.000031
[2023.10.16-01.35.35:095][  0]LogNativeClassHierarchy: Verbose: Native class hierarchy updated for 'AddContentDialog' in 0.0002 seconds. Added 0 classes and 0 folders.
[2023.10.16-01.35.35:104][  0]LogNativeClassHierarchy: Verbose: Native class hierarchy updated for 'SceneOutliner' in 0.0003 seconds. Added 2 classes and 0 folders.
[2023.10.16-01.35.35:223][  0]LogSlate: Took 0.006522 seconds to synchronously load lazily loaded font '../../../Engine/Content/Slate/Fonts/Roboto-Regular.ttf' (155K)
[2023.10.16-01.35.35:229][  0]LogSlate: Took 0.005502 seconds to synchronously load lazily loaded font '../../../Engine/Content/Editor/Slate/Fonts/FontAwesome.ttf' (139K)
[2023.10.16-01.35.35:237][  0]LogSlate: Took 0.006862 seconds to synchronously load lazily loaded font '../../../Engine/Content/Slate/Fonts/Roboto-Bold.ttf' (160K)
[2023.10.16-01.35.35:377][  0]LogRenderer: Reallocating scene render targets to support 1208x572 Format 10 NumSamples 1 (Frame:1).
[2023.10.16-01.35.35:417][  0]LogSlate: Took 0.005551 seconds to synchronously load lazily loaded font '../../../Engine/Content/Slate/Fonts/Roboto-Light.ttf' (167K)
[2023.10.16-01.35.35:524][  0]LogNativeClassHierarchy: Verbose: Native class hierarchy updated for 'HierarchicalLODOutliner' in 0.0003 seconds. Added 0 classes and 0 folders.
[2023.10.16-01.35.35:524][  0]LogLoad: (Engine Initialization) Total time: 20.29 seconds
[2023.10.16-01.35.35:524][  0]LogLoad: (Engine Initialization) Total Blueprint compile time: 0.00 seconds
[2023.10.16-01.35.35:627][  0]LogAssetRegistry: Asset discovery search completed in 8.0984 seconds
[2023.10.16-01.35.35:656][  0]LogCollectionManager: Fixed up redirectors for 0 collections in 0.000136 seconds (updated 0 objects)
[2023.10.16-01.35.35:661][  0]LogContentStreaming: Texture pool size now 1000 MB
[2023.10.16-01.35.36:889][  4]LogSlate: Took 0.000285 seconds to synchronously load lazily loaded font '../../../Engine/Content/Slate/Fonts/Roboto-Light.ttf' (167K)
[2023.10.16-01.35.39:530][104]LogAssetEditorSubsystem: Opening Asset editor for Blueprint /Game/Core/Actors/BP_BaseCharacter.BP_BaseCharacter
[2023.10.16-01.35.40:044][104]LogNativeClassHierarchy: Verbose: Native class hierarchy updated for 'BlueprintGraph' in 0.0004 seconds. Added 126 classes and 0 folders.
[2023.10.16-01.35.40:807][104]LogAssetEditorSubsystem: Opening Asset editor for Blueprint /Game/Actors/BP_Character.BP_Character
[2023.10.16-01.35.41:273][104]LogAssetEditorSubsystem: Opening Asset editor for Blueprint /Game/Actors/BP_Player.BP_Player
[2023.10.16-01.35.41:609][104]LogSlate: Took 0.005506 seconds to synchronously load lazily loaded font '../../../Engine/Content/Slate/Fonts/Roboto-BoldCondensed.ttf' (158K)
[2023.10.16-01.35.43:729][221]LogWorld: UWorld::CleanupWorld for World_3, bSessionEnded=true, bCleanupResources=true
[2023.10.16-01.35.43:729][221]LogSlate: InvalidateAllWidgets triggered.  All widgets were invalidated
[2023.10.16-01.35.43:840][222]LogSlate: Took 0.004649 seconds to synchronously load lazily loaded font '../../../Engine/Content/Slate/Fonts/Roboto-Italic.ttf' (157K)
[2023.10.16-01.35.45:437][317]LogActorComponent: UnregisterComponent: (/Engine/Transient.EditorFloorComp) Not registered. Aborting.
[2023.10.16-01.35.45:437][317]LogWorld: UWorld::CleanupWorld for World_2, bSessionEnded=true, bCleanupResources=true
[2023.10.16-01.35.45:437][317]LogSlate: InvalidateAllWidgets triggered.  All widgets were invalidated
[2023.10.16-01.35.46:576][379]LogActorComponent: UnregisterComponent: (/Engine/Transient.EditorFloorComp) Not registered. Aborting.
[2023.10.16-01.35.46:576][379]LogWorld: UWorld::CleanupWorld for World_1, bSessionEnded=true, bCleanupResources=true
[2023.10.16-01.35.46:576][379]LogSlate: InvalidateAllWidgets triggered.  All widgets were invalidated
[2023.10.16-01.35.50:981][631]LogUObjectHash: Compacting FUObjectHashTables data took   1.72ms
[2023.10.16-01.35.51:419][631]LogAssetEditorSubsystem: Opening Asset editor for World /Game/Maps/CodeLevel.CodeLevel
[2023.10.16-01.35.51:419][631]Cmd: MAP LOAD FILE="D:/UnrealGame01/UnrealGame001/Content/Maps/CodeLevel.umap" TEMPLATE=0 SHOWPROGRESS=1 FEATURELEVEL=3
[2023.10.16-01.35.51:419][631]LightingResults: New page: Lighting Build
[2023.10.16-01.35.51:420][631]LoadErrors: New page: Loading map: CodeLevel.umap
[2023.10.16-01.35.51:420][631]LogWorld: UWorld::CleanupWorld for Untitled_1, bSessionEnded=true, bCleanupResources=true
[2023.10.16-01.35.51:420][631]LogSlate: InvalidateAllWidgets triggered.  All widgets were invalidated
[2023.10.16-01.35.51:420][631]MapCheck: New page: Map Check
[2023.10.16-01.35.51:420][631]LightingResults: New page: Lighting Build
[2023.10.16-01.35.51:434][631]LogAudio: Display: Audio Device unregistered from world 'None'.
[2023.10.16-01.35.51:438][631]LogUObjectHash: Compacting FUObjectHashTables data took   1.62ms
[2023.10.16-01.35.51:438][631]LogAudio: Display: Audio Device (ID: 1) registered with world 'CodeLevel'.
[2023.10.16-01.35.51:517][631]LogEditorServer: Finished looking for orphan Actors (0.000 secs)
[2023.10.16-01.35.51:517][631]LogAIModule: Creating AISystem for world CodeLevel
[2023.10.16-01.35.51:532][631]LogUObjectHash: Compacting FUObjectHashTables data took   1.48ms
[2023.10.16-01.35.51:546][631]Cmd: MAP CHECKDEP NOCLEARLOG
[2023.10.16-01.35.51:546][631]MapCheck: Map check complete: 0 Error(s), 0 Warning(s), took 0.077ms to complete.
[2023.10.16-01.35.51:546][631]LogFileHelpers: Loading map 'CodeLevel' took 0.126
[2023.10.16-01.36.01:760][238]LogAssetEditorSubsystem: Opening Asset editor for Blueprint /Game/Actors/BP_Bullet.BP_Bullet
[2023.10.16-01.36.04:104][357]LogAssetEditorSubsystem: Opening Asset editor for Blueprint /Game/Actors/BP_Character.BP_Character
[2023.10.16-01.36.05:998][445]LogAssetEditorSubsystem: Opening Asset editor for Blueprint /Game/Actors/BP_CharacterAI.BP_CharacterAI
[2023.10.16-01.36.09:529][633]LogAssetEditorSubsystem: Opening Asset editor for AnimBlueprint /Game/Art/ABP_Character.ABP_Character
[2023.10.16-01.36.09:544][633]LogNativeClassHierarchy: Verbose: Native class hierarchy updated for 'SkeletonEditor' in 0.0003 seconds. Added 1 classes and 2 folders.
[2023.10.16-01.36.09:552][633]LogTexture: Default maximum texture size for cubemaps generated from long-lat sources has been changed from 512 to unlimited. In order to preserve old behaiour for '/Engine/EditorMaterials/AssetViewer/EpicQuadPanorama_CC+EV1.EpicQuadPanorama_CC+EV1', its maximum texture size has been explicitly set to 512.
[2023.10.16-01.36.09:636][633]LogTexture: Default maximum texture size for cubemaps generated from long-lat sources has been changed from 512 to unlimited. In order to preserve old behaiour for '/Engine/MapTemplates/Sky/SunsetAmbientCubemap.SunsetAmbientCubemap', its maximum texture size has been explicitly set to 512.
[2023.10.16-01.36.09:703][633]LogActorComponent: RegisterComponentWithWorld: (/Engine/Transient.World_17:PersistentLevel.AnimationEditorPreviewActor_0.DebugSkelMeshComponent_0) Already registered. Aborting.
[2023.10.16-01.36.09:707][633]LogNativeClassHierarchy: Verbose: Native class hierarchy updated for 'PinnedCommandList' in 0.0002 seconds. Added 1 classes and 0 folders.
[2023.10.16-01.36.12:198][730]LogAssetEditorSubsystem: Opening Asset editor for BlendSpace /Game/Art/BS_Movement.BS_Movement
[2023.10.16-01.36.12:208][730]LogActorComponent: RegisterComponentWithWorld: (/Engine/Transient.World_20:PersistentLevel.AnimationEditorPreviewActor_0.DebugSkelMeshComponent_0) Already registered. Aborting.
[2023.10.16-01.36.12:693][730]LogContentBrowser: Verbose: The majority of assets in the view are of type: AnimSequence
[2023.10.16-01.41.07:348][405]LogAssetEditorSubsystem: Opening Asset editor for Blueprint /Game/Actors/BP_DamagePickup.BP_DamagePickup
[2023.10.16-01.41.09:972][538]LogAssetEditorSubsystem: Opening Asset editor for Blueprint /Game/Actors/BP_HealthPickup.BP_HealthPickup
[2023.10.16-01.41.11:504][611]LogAssetEditorSubsystem: Opening Asset editor for Blueprint /Game/Actors/BP_Pickup.BP_Pickup
[2023.10.16-01.41.13:267][697]LogAssetEditorSubsystem: Opening Asset editor for Blueprint /Game/Actors/BP_Player.BP_Player
[2023.10.16-01.41.15:225][794]LogAssetEditorSubsystem: Opening Asset editor for Blueprint /Game/Actors/BP_Rifle.BP_Rifle
[2023.10.16-01.42.05:392][779]BlueprintLog: New page: Compile BP_Bullet
[2023.10.16-01.42.05:512][779]LogUObjectHash: Compacting FUObjectHashTables data took   4.01ms
[2023.10.16-01.42.05:561][779]Cmd: OBJ SAVEPACKAGE PACKAGE="/Game/Actors/BP_Bullet" FILE="D:/UnrealGame01/UnrealGame001/Content/Actors/BP_Bullet.uasset" SILENT=true
[2023.10.16-01.42.05:584][779]LogSavePackage: Moving 'D:/UnrealGame01/UnrealGame001/Saved/BP_Bullet82F3E32A4EB92ACE888FD6BC35A08D99.tmp' to 'D:/UnrealGame01/UnrealGame001/Content/Actors/BP_Bullet.uasset'
[2023.10.16-01.42.05:598][779]AssetCheck: New page: Asset Save: BP_Bullet
[2023.10.16-01.42.05:599][779]LogContentValidation: Display: Validating Blueprint /Game/Actors/BP_Bullet.BP_Bullet
[2023.10.16-01.42.05:625][779]LogSlate: Took 0.006292 seconds to synchronously load lazily loaded font '../../../Engine/Content/Slate/Fonts/DroidSansMono.ttf' (77K)
[2023.10.16-01.42.22:041][756]LogRenderer: Reallocating scene render targets to support 1208x704 Format 10 NumSamples 1 (Frame:1).
[2023.10.16-01.43.40:518][632]LogActor: Warning: BP_BaseRifle_C /Engine/Transient.World_28:PersistentLevel.BP_BaseRifle_C_0 has natively added scene component(s), but none of them were set as the actor's RootComponent - picking one arbitrarily
[2023.10.16-01.43.42:825][768]LogAssetEditorSubsystem: Opening Asset editor for Blueprint /Game/Core/Actors/BP_BaseCharacter.BP_BaseCharacter
[2023.10.16-01.43.44:728][818]LogWorld: UWorld::CleanupWorld for World_33, bSessionEnded=true, bCleanupResources=true
[2023.10.16-01.43.44:728][818]LogSlate: InvalidateAllWidgets triggered.  All widgets were invalidated
