Log file open, 10/03/23 23:50:55
LogWindows: Failed to load 'aqProf.dll' (GetLastError=126)
LogWindows: File 'aqProf.dll' does not exist
LogWindows: Failed to load 'VtuneApi.dll' (GetLastError=126)
LogWindows: File 'VtuneApi.dll' does not exist
LogWindows: Failed to load 'VtuneApi32e.dll' (GetLastError=126)
LogWindows: File 'VtuneApi32e.dll' does not exist
LogConsoleResponse: Display: Failed to find resolution value strings in scalability ini. Falling back to default.
LogConsoleResponse: Display: Failed to find resolution value strings in scalability ini. Falling back to default.
LogInit: Display: Running engine for game: UnrealGame001
LogPlatformFile: Not using cached read wrapper
LogTaskGraph: Started task graph with 5 named threads and 47 total threads with 3 sets of task threads.
LogStats: Stats thread started at 0.250847
LogICUInternationalization: ICU TimeZone Detection - Raw Offset: -5:00, Platform Override: ''
LogInit: Display: Loading text-based GConfig....
LogPluginManager: Mounting plugin MeshPainting
LogPluginManager: Mounting plugin XGEController
LogPluginManager: Mounting plugin Paper2D
LogPluginManager: Mounting plugin LiveLink
LogPluginManager: Mounting plugin AISupport
LogPluginManager: Mounting plugin EnvironmentQueryEditor
LogPluginManager: Mounting plugin LightPropagationVolume
LogPluginManager: Mounting plugin GameplayCameras
LogPluginManager: Mounting plugin CameraShakePreviewer
LogPluginManager: Mounting plugin OodleData
LogPluginManager: Mounting plugin OodleNetwork
LogPluginManager: Mounting plugin CLionSourceCodeAccess
LogPluginManager: Mounting plugin AnimationSharing
LogPluginManager: Mounting plugin CodeLiteSourceCodeAccess
LogPluginManager: Mounting plugin GitSourceControl
LogPluginManager: Mounting plugin KDevelopSourceCodeAccess
LogPluginManager: Mounting plugin PerforceSourceControl
LogPluginManager: Mounting plugin PlasticSourceControl
LogPluginManager: Mounting plugin PixWinPlugin
LogPluginManager: Mounting plugin RiderSourceCodeAccess
LogPluginManager: Mounting plugin PluginUtils
LogPluginManager: Mounting plugin PropertyAccessNode
LogPluginManager: Mounting plugin VisualStudioCodeSourceCodeAccess
LogPluginManager: Mounting plugin SubversionSourceControl
LogPluginManager: Mounting plugin VisualStudioSourceCodeAccess
LogPluginManager: Mounting plugin TextureFormatOodle
LogPluginManager: Mounting plugin UObjectPlugin
LogPluginManager: Mounting plugin XCodeSourceCodeAccess
LogPluginManager: Mounting plugin NullSourceCodeAccess
LogPluginManager: Mounting plugin DatasmithContent
LogPluginManager: Mounting plugin VariantManagerContent
LogPluginManager: Mounting plugin AssetManagerEditor
LogPluginManager: Mounting plugin CryptoKeys
LogPluginManager: Mounting plugin CurveEditorTools
LogPluginManager: Mounting plugin DataValidation
LogPluginManager: Mounting plugin FacialAnimation
LogPluginManager: Mounting plugin GeometryMode
LogPluginManager: Mounting plugin MacGraphicsSwitching
LogPluginManager: Mounting plugin GameplayTagsEditor
LogPluginManager: Mounting plugin MaterialAnalyzer
LogPluginManager: Mounting plugin PluginBrowser
LogPluginManager: Mounting plugin SpeedTreeImporter
LogPluginManager: Mounting plugin MobileLauncherProfileWizard
LogPluginManager: Mounting plugin AlembicImporter
LogPluginManager: Mounting plugin AutomationUtils
LogPluginManager: Mounting plugin BackChannel
LogPluginManager: Mounting plugin ChaosCloth
LogPluginManager: Mounting plugin ChaosClothEditor
LogPluginManager: Mounting plugin ChaosEditor
LogPluginManager: Mounting plugin ChaosNiagara
LogPluginManager: Mounting plugin ChaosSolverPlugin
LogPluginManager: Mounting plugin CharacterAI
LogPluginManager: Mounting plugin Niagara
LogPluginManager: Mounting plugin GeometryCache
LogPluginManager: Mounting plugin GeometryCollectionPlugin
LogPluginManager: Mounting plugin GeometryProcessing
LogPluginManager: Mounting plugin MotoSynth
LogPluginManager: Mounting plugin OpenImageDenoise
LogPluginManager: Mounting plugin PlanarCut
LogPluginManager: Mounting plugin PlatformCrypto
LogPluginManager: Mounting plugin ProxyLODPlugin
LogPluginManager: Mounting plugin PythonScriptPlugin
LogPluginManager: Mounting plugin SkeletalReduction
LogPluginManager: Mounting plugin LuminPlatformFeatures
LogPluginManager: Mounting plugin MagicLeap
LogPluginManager: Mounting plugin MagicLeapLightEstimation
LogPluginManager: Mounting plugin MagicLeapMedia
LogPluginManager: Mounting plugin MagicLeapPassableWorld
LogPluginManager: Mounting plugin MLSDK
LogPluginManager: Mounting plugin AndroidMedia
LogPluginManager: Mounting plugin AvfMedia
LogPluginManager: Mounting plugin ImgMedia
LogPluginManager: Mounting plugin MediaCompositing
LogPluginManager: Mounting plugin MediaPlayerEditor
LogPluginManager: Mounting plugin WebMMedia
LogPluginManager: Mounting plugin WmfMedia
LogPluginManager: Mounting plugin ActorSequence
LogPluginManager: Mounting plugin LevelSequenceEditor
LogPluginManager: Mounting plugin MatineeToLevelSequence
LogPluginManager: Mounting plugin TemplateSequence
LogPluginManager: Mounting plugin OnlineSubsystem
LogPluginManager: Mounting plugin OnlineSubsystemNull
LogPluginManager: Mounting plugin OnlineSubsystemUtils
LogPluginManager: Mounting plugin TcpMessaging
LogPluginManager: Mounting plugin UdpMessaging
LogPluginManager: Mounting plugin Takes
LogPluginManager: Mounting plugin LauncherChunkInstaller
LogPluginManager: Mounting plugin ScreenshotTools
LogPluginManager: Mounting plugin ActorLayerUtilities
LogPluginManager: Mounting plugin AndroidDeviceProfileSelector
LogPluginManager: Mounting plugin AndroidMoviePlayer
LogPluginManager: Mounting plugin AndroidPermission
LogPluginManager: Mounting plugin AppleImageUtils
LogPluginManager: Mounting plugin AppleMoviePlayer
LogPluginManager: Mounting plugin ArchVisCharacter
LogPluginManager: Mounting plugin AssetTags
LogPluginManager: Mounting plugin AudioCapture
LogPluginManager: Mounting plugin AudioSynesthesia
LogPluginManager: Mounting plugin CableComponent
LogPluginManager: Mounting plugin CustomMeshComponent
LogPluginManager: Mounting plugin ChunkDownloader
LogPluginManager: Mounting plugin EditableMesh
LogPluginManager: Mounting plugin ExampleDeviceProfileSelector
LogPluginManager: Mounting plugin GoogleCloudMessaging
LogPluginManager: Mounting plugin GooglePAD
LogPluginManager: Mounting plugin IOSDeviceProfileSelector
LogPluginManager: Mounting plugin LinuxDeviceProfileSelector
LogPluginManager: Mounting plugin LocationServicesBPLibrary
LogPluginManager: Mounting plugin MobilePatchingUtils
LogPluginManager: Mounting plugin OpenXR
LogPluginManager: Mounting plugin OpenXREyeTracker
LogPluginManager: Mounting plugin OpenXRHandTracking
LogPluginManager: Mounting plugin PhysXVehicles
LogPluginManager: Mounting plugin PostSplashScreen
LogPluginManager: Mounting plugin ProceduralMeshComponent
LogPluginManager: Mounting plugin PropertyAccessEditor
LogPluginManager: Mounting plugin RuntimePhysXCooking
LogPluginManager: Mounting plugin SignificanceManager
LogPluginManager: Mounting plugin SoundFields
LogPluginManager: Mounting plugin Synthesis
LogPluginManager: Mounting plugin WebMMoviePlayer
LogPluginManager: Mounting plugin WindowsMoviePlayer
LogPluginManager: Mounting plugin ContentBrowserAssetDataSource
LogPluginManager: Mounting plugin ContentBrowserClassDataSource
LogPluginManager: Mounting plugin ContentBrowserFileDataSource
LogPluginManager: Mounting plugin OnlineSubsystemGooglePlay
LogPluginManager: Mounting plugin OnlineSubsystemIOS
LogPluginManager: Mounting plugin OculusVR
LogPluginManager: Mounting plugin SteamVR
PixWinPlugin: PIX capture plugin failed to initialize! Check that the process is launched from PIX.
LogInit: Using libcurl 7.55.1-DEV
LogInit:  - built for x86_64-pc-win32
LogInit:  - supports SSL with OpenSSL/1.1.1
LogInit:  - supports HTTP deflate (compression) using libz 1.2.8
LogInit:  - other features:
LogInit:      CURL_VERSION_SSL
LogInit:      CURL_VERSION_LIBZ
LogInit:      CURL_VERSION_IPV6
LogInit:      CURL_VERSION_ASYNCHDNS
LogInit:      CURL_VERSION_LARGEFILE
LogInit:      CURL_VERSION_IDN
LogInit:  CurlRequestOptions (configurable via config and command line):
LogInit:  - bVerifyPeer = true  - Libcurl will verify peer certificate
LogInit:  - bUseHttpProxy = false  - Libcurl will NOT use HTTP proxy
LogInit:  - bDontReuseConnections = false  - Libcurl will reuse connections
LogInit:  - MaxHostConnections = 16  - Libcurl will limit the number of connections to a host
LogInit:  - LocalHostAddr = Default
LogInit:  - BufferSize = 65536
LogOnline: OSS: Creating online subsystem instance for: NULL
LogInit: WinSock: version 1.1 (2.2), MaxSocks=32767, MaxUdp=65467
LogOnline: OSS: TryLoadSubsystemAndSetDefault: Loaded subsystem for module [NULL]
LogOculusPluginWrapper: OculusPlugin initialized successfully
LogHMD: Failed initializing OVRPlugin 1.59.0
LogInit: Build: ++UE4+Release-4.27-CL-18319896
LogInit: Engine Version: 4.27.2-18319896+++UE4+Release-4.27
LogInit: Compatible Engine Version: 4.27.0-17155196+++UE4+Release-4.27
LogInit: Net CL: 17155196
LogInit: OS: Windows 10 (Release 2009) (), CPU: 11th Gen Intel(R) Core(TM) i7-11800H @ 2.30GHz, GPU: NVIDIA GeForce RTX 3080 Laptop GPU
LogInit: Compiled (64-bit): Nov 30 2021 07:12:08
LogInit: Compiled with Visual C++: 19.24.28315.00
LogInit: Build Configuration: Development
LogInit: Branch Name: ++UE4+Release-4.27
LogInit: Command Line: 
LogInit: Base Directory: C:/Program Files/Epic Games/UE_4.27/Engine/Binaries/Win64/
LogInit: Allocator: TBB
LogInit: Installed Engine Build: 1
LogDevObjectVersion: Number of dev versions registered: 29
LogDevObjectVersion:   Dev-Blueprints (B0D832E4-1F89-4F0D-ACCF-7EB736FD4AA2): 10
LogDevObjectVersion:   Dev-Build (E1C64328-A22C-4D53-A36C-8E866417BD8C): 0
LogDevObjectVersion:   Dev-Core (375EC13C-06E4-48FB-B500-84F0262A717E): 4
LogDevObjectVersion:   Dev-Editor (E4B068ED-F494-42E9-A231-DA0B2E46BB41): 40
LogDevObjectVersion:   Dev-Framework (CFFC743F-43B0-4480-9391-14DF171D2073): 37
LogDevObjectVersion:   Dev-Mobile (B02B49B5-BB20-44E9-A304-32B752E40360): 3
LogDevObjectVersion:   Dev-Networking (A4E4105C-59A1-49B5-A7C5-40C4547EDFEE): 0
LogDevObjectVersion:   Dev-Online (39C831C9-5AE6-47DC-9A44-9C173E1C8E7C): 0
LogDevObjectVersion:   Dev-Physics (78F01B33-EBEA-4F98-B9B4-84EACCB95AA2): 14
LogDevObjectVersion:   Dev-Platform (6631380F-2D4D-43E0-8009-CF276956A95A): 0
LogDevObjectVersion:   Dev-Rendering (12F88B9F-8875-4AFC-A67C-D90C383ABD29): 45
LogDevObjectVersion:   Dev-Sequencer (7B5AE74C-D270-4C10-A958-57980B212A5A): 13
LogDevObjectVersion:   Dev-VR (D7296918-1DD6-4BDD-9DE2-64A83CC13884): 3
LogDevObjectVersion:   Dev-LoadTimes (C2A15278-BFE7-4AFE-6C17-90FF531DF755): 1
LogDevObjectVersion:   Private-Geometry (6EACA3D4-40EC-4CC1-B786-8BED09428FC5): 3
LogDevObjectVersion:   Dev-AnimPhys (29E575DD-E0A3-4627-9D10-D276232CDCEA): 17
LogDevObjectVersion:   Dev-Anim (AF43A65D-7FD3-4947-9873-3E8ED9C1BB05): 15
LogDevObjectVersion:   Dev-ReflectionCapture (6B266CEC-1EC7-4B8F-A30B-E4D90942FC07): 1
LogDevObjectVersion:   Dev-Automation (0DF73D61-A23F-47EA-B727-89E90C41499A): 1
LogDevObjectVersion:   FortniteMain (601D1886-AC64-4F84-AA16-D3DE0DEAC7D6): 47
LogDevObjectVersion:   FortniteRelease (E7086368-6B23-4C58-8439-1B7016265E91): 1
LogDevObjectVersion:   Dev-Enterprise (9DFFBCD6-494F-0158-E221-12823C92A888): 10
LogDevObjectVersion:   Dev-Niagara (F2AED0AC-9AFE-416F-8664-AA7FFA26D6FC): 1
LogDevObjectVersion:   Dev-Destruction (174F1F0B-B4C6-45A5-B13F-2EE8D0FB917D): 10
LogDevObjectVersion:   Dev-Physics-Ext (35F94A83-E258-406C-A318-09F59610247C): 41
LogDevObjectVersion:   Dev-PhysicsMaterial-Chaos (B68FC16E-8B1B-42E2-B453-215C058844FE): 1
LogDevObjectVersion:   Dev-CineCamera (B2E18506-4273-CFC2-A54E-F4BB758BBA07): 1
LogDevObjectVersion:   Dev-VirtualProduction (64F58936-FD1B-42BA-BA96-7289D5D0FA4E): 1
LogDevObjectVersion:   Dev-MediaFramework (6F0ED827-A609-4895-9C91-998D90180EA4): 2
LogInit: Presizing for max 25165824 objects, including 0 objects not considered by GC, pre-allocating 0 bytes for permanent pool.
LogConfig: Applying CVar settings from Section [/Script/Engine.StreamingSettings] File [D:/UnrealGame01/UnrealGame001/Saved/Config/Windows/Engine.ini]
LogConfig: Setting CVar [[s.MinBulkDataSizeForAsyncLoading:131072]]
LogConfig: Setting CVar [[s.AsyncLoadingThreadEnabled:0]]
LogConfig: Setting CVar [[s.EventDrivenLoaderEnabled:1]]
LogConfig: Setting CVar [[s.WarnIfTimeLimitExceeded:0]]
LogConfig: Setting CVar [[s.TimeLimitExceededMultiplier:1.5]]
LogConfig: Setting CVar [[s.TimeLimitExceededMinTime:0.005]]
LogConfig: Setting CVar [[s.UseBackgroundLevelStreaming:1]]
LogConfig: Setting CVar [[s.PriorityAsyncLoadingExtraTime:15.0]]
LogConfig: Setting CVar [[s.LevelStreamingActorsUpdateTimeLimit:5.0]]
LogConfig: Setting CVar [[s.PriorityLevelStreamingActorsUpdateExtraTime:5.0]]
LogConfig: Setting CVar [[s.LevelStreamingComponentsRegistrationGranularity:10]]
LogConfig: Setting CVar [[s.UnregisterComponentsTimeLimit:1.0]]
LogConfig: Setting CVar [[s.LevelStreamingComponentsUnregistrationGranularity:5]]
LogConfig: Setting CVar [[s.FlushStreamingOnExit:1]]
LogInit: Object subsystem initialized
LogConfig: Setting CVar [[con.DebugEarlyDefault:1]]
LogConfig: Setting CVar [[r.setres:1280x720]]
[2023.10.04-03.50.56:512][  0]LogConfig: Setting CVar [[r.VSync:0]]
[2023.10.04-03.50.56:512][  0]LogConfig: Setting CVar [[r.RHICmdBypass:0]]
[2023.10.04-03.50.56:512][  0]LogConfig: Applying CVar settings from Section [/Script/Engine.RendererSettings] File [D:/UnrealGame01/UnrealGame001/Saved/Config/Windows/Engine.ini]
[2023.10.04-03.50.56:512][  0]LogConfig: Setting CVar [[r.GPUCrashDebugging:0]]
[2023.10.04-03.50.56:512][  0]LogConfig: Applying CVar settings from Section [/Script/Engine.RendererOverrideSettings] File [D:/UnrealGame01/UnrealGame001/Saved/Config/Windows/Engine.ini]
[2023.10.04-03.50.56:512][  0]LogConfig: Applying CVar settings from Section [/Script/Engine.StreamingSettings] File [D:/UnrealGame01/UnrealGame001/Saved/Config/Windows/Engine.ini]
[2023.10.04-03.50.56:512][  0]LogConfig: Setting CVar [[s.MinBulkDataSizeForAsyncLoading:131072]]
[2023.10.04-03.50.56:512][  0]LogConfig: Setting CVar [[s.AsyncLoadingThreadEnabled:0]]
[2023.10.04-03.50.56:512][  0]LogConfig: Setting CVar [[s.EventDrivenLoaderEnabled:1]]
[2023.10.04-03.50.56:512][  0]LogConfig: Setting CVar [[s.WarnIfTimeLimitExceeded:0]]
[2023.10.04-03.50.56:512][  0]LogConfig: Setting CVar [[s.TimeLimitExceededMultiplier:1.5]]
[2023.10.04-03.50.56:512][  0]LogConfig: Setting CVar [[s.TimeLimitExceededMinTime:0.005]]
[2023.10.04-03.50.56:512][  0]LogConfig: Setting CVar [[s.UseBackgroundLevelStreaming:1]]
[2023.10.04-03.50.56:512][  0]LogConfig: Setting CVar [[s.PriorityAsyncLoadingExtraTime:15.0]]
[2023.10.04-03.50.56:512][  0]LogConfig: Setting CVar [[s.LevelStreamingActorsUpdateTimeLimit:5.0]]
[2023.10.04-03.50.56:512][  0]LogConfig: Setting CVar [[s.PriorityLevelStreamingActorsUpdateExtraTime:5.0]]
[2023.10.04-03.50.56:512][  0]LogConfig: Setting CVar [[s.LevelStreamingComponentsRegistrationGranularity:10]]
[2023.10.04-03.50.56:512][  0]LogConfig: Setting CVar [[s.UnregisterComponentsTimeLimit:1.0]]
[2023.10.04-03.50.56:512][  0]LogConfig: Setting CVar [[s.LevelStreamingComponentsUnregistrationGranularity:5]]
[2023.10.04-03.50.56:512][  0]LogConfig: Setting CVar [[s.FlushStreamingOnExit:1]]
[2023.10.04-03.50.56:512][  0]LogConfig: Applying CVar settings from Section [/Script/Engine.GarbageCollectionSettings] File [D:/UnrealGame01/UnrealGame001/Saved/Config/Windows/Engine.ini]
[2023.10.04-03.50.56:512][  0]LogConfig: Setting CVar [[gc.MaxObjectsNotConsideredByGC:1]]
[2023.10.04-03.50.56:512][  0]LogConfig: Setting CVar [[gc.SizeOfPermanentObjectPool:0]]
[2023.10.04-03.50.56:512][  0]LogConfig: Setting CVar [[gc.FlushStreamingOnGC:0]]
[2023.10.04-03.50.56:512][  0]LogConfig: Setting CVar [[gc.NumRetriesBeforeForcingGC:10]]
[2023.10.04-03.50.56:512][  0]LogConfig: Setting CVar [[gc.AllowParallelGC:1]]
[2023.10.04-03.50.56:512][  0]LogConfig: Setting CVar [[gc.TimeBetweenPurgingPendingKillObjects:61.1]]
[2023.10.04-03.50.56:512][  0]LogConfig: Setting CVar [[gc.MaxObjectsInEditor:25165824]]
[2023.10.04-03.50.56:512][  0]LogConfig: Setting CVar [[gc.IncrementalBeginDestroyEnabled:1]]
[2023.10.04-03.50.56:512][  0]LogConfig: Setting CVar [[gc.CreateGCClusters:1]]
[2023.10.04-03.50.56:512][  0]LogConfig: Setting CVar [[gc.MinGCClusterSize:5]]
[2023.10.04-03.50.56:512][  0]LogConfig: Setting CVar [[gc.ActorClusteringEnabled:0]]
[2023.10.04-03.50.56:512][  0]LogConfig: Setting CVar [[gc.BlueprintClusteringEnabled:0]]
[2023.10.04-03.50.56:512][  0]LogConfig: Setting CVar [[gc.UseDisregardForGCOnDedicatedServers:0]]
[2023.10.04-03.50.56:512][  0]LogConfig: Setting CVar [[gc.MultithreadedDestructionEnabled:1]]
[2023.10.04-03.50.56:512][  0]LogConfig: Applying CVar settings from Section [/Script/Engine.NetworkSettings] File [D:/UnrealGame01/UnrealGame001/Saved/Config/Windows/Engine.ini]
[2023.10.04-03.50.56:512][  0]LogConfig: Applying CVar settings from Section [/Script/UnrealEd.CookerSettings] File [D:/UnrealGame01/UnrealGame001/Saved/Config/Windows/Engine.ini]
[2023.10.04-03.50.56:581][  0]LogConfig: Applying CVar settings from Section [ViewDistanceQuality@3] File [D:/UnrealGame01/UnrealGame001/Saved/Config/Windows/Scalability.ini]
[2023.10.04-03.50.56:581][  0]LogConfig: Setting CVar [[r.SkeletalMeshLODBias:0]]
[2023.10.04-03.50.56:581][  0]LogConfig: Setting CVar [[r.ViewDistanceScale:1.0]]
[2023.10.04-03.50.56:581][  0]LogConfig: Applying CVar settings from Section [AntiAliasingQuality@3] File [D:/UnrealGame01/UnrealGame001/Saved/Config/Windows/Scalability.ini]
[2023.10.04-03.50.56:581][  0]LogConfig: Setting CVar [[r.PostProcessAAQuality:4]]
[2023.10.04-03.50.56:581][  0]LogConfig: Applying CVar settings from Section [ShadowQuality@3] File [D:/UnrealGame01/UnrealGame001/Saved/Config/Windows/Scalability.ini]
[2023.10.04-03.50.56:581][  0]LogConfig: Setting CVar [[r.LightFunctionQuality:1]]
[2023.10.04-03.50.56:581][  0]LogConfig: Setting CVar [[r.ShadowQuality:5]]
[2023.10.04-03.50.56:581][  0]LogConfig: Setting CVar [[r.Shadow.CSM.MaxCascades:10]]
[2023.10.04-03.50.56:581][  0]LogConfig: Setting CVar [[r.Shadow.MaxResolution:2048]]
[2023.10.04-03.50.56:581][  0]LogConfig: Setting CVar [[r.Shadow.MaxCSMResolution:2048]]
[2023.10.04-03.50.56:581][  0]LogConfig: Setting CVar [[r.Shadow.RadiusThreshold:0.01]]
[2023.10.04-03.50.56:581][  0]LogConfig: Setting CVar [[r.Shadow.DistanceScale:1.0]]
[2023.10.04-03.50.56:581][  0]LogConfig: Setting CVar [[r.Shadow.CSM.TransitionScale:1.0]]
[2023.10.04-03.50.56:581][  0]LogConfig: Setting CVar [[r.Shadow.PreShadowResolutionFactor:1.0]]
[2023.10.04-03.50.56:581][  0]LogConfig: Setting CVar [[r.DistanceFieldShadowing:1]]
[2023.10.04-03.50.56:581][  0]LogConfig: Setting CVar [[r.DistanceFieldAO:1]]
[2023.10.04-03.50.56:581][  0]LogConfig: Setting CVar [[r.AOQuality:2]]
[2023.10.04-03.50.56:581][  0]LogConfig: Setting CVar [[r.VolumetricFog:1]]
[2023.10.04-03.50.56:581][  0]LogConfig: Setting CVar [[r.VolumetricFog.GridPixelSize:8]]
[2023.10.04-03.50.56:581][  0]LogConfig: Setting CVar [[r.VolumetricFog.GridSizeZ:128]]
[2023.10.04-03.50.56:581][  0]LogConfig: Setting CVar [[r.VolumetricFog.HistoryMissSupersampleCount:4]]
[2023.10.04-03.50.56:581][  0]LogConfig: Setting CVar [[r.LightMaxDrawDistanceScale:1]]
[2023.10.04-03.50.56:581][  0]LogConfig: Setting CVar [[r.CapsuleShadows:1]]
[2023.10.04-03.50.56:581][  0]LogConfig: Applying CVar settings from Section [PostProcessQuality@3] File [D:/UnrealGame01/UnrealGame001/Saved/Config/Windows/Scalability.ini]
[2023.10.04-03.50.56:581][  0]LogConfig: Setting CVar [[r.MotionBlurQuality:4]]
[2023.10.04-03.50.56:581][  0]LogConfig: Setting CVar [[r.AmbientOcclusionMipLevelFactor:0.4]]
[2023.10.04-03.50.56:581][  0]LogConfig: Setting CVar [[r.AmbientOcclusionMaxQuality:100]]
[2023.10.04-03.50.56:581][  0]LogConfig: Setting CVar [[r.AmbientOcclusionLevels:-1]]
[2023.10.04-03.50.56:581][  0]LogConfig: Setting CVar [[r.AmbientOcclusionRadiusScale:1.0]]
[2023.10.04-03.50.56:581][  0]LogConfig: Setting CVar [[r.DepthOfFieldQuality:2]]
[2023.10.04-03.50.56:581][  0]LogConfig: Setting CVar [[r.RenderTargetPoolMin:400]]
[2023.10.04-03.50.56:581][  0]LogConfig: Setting CVar [[r.LensFlareQuality:2]]
[2023.10.04-03.50.56:581][  0]LogConfig: Setting CVar [[r.SceneColorFringeQuality:1]]
[2023.10.04-03.50.56:581][  0]LogConfig: Setting CVar [[r.EyeAdaptationQuality:2]]
[2023.10.04-03.50.56:581][  0]LogConfig: Setting CVar [[r.BloomQuality:5]]
[2023.10.04-03.50.56:581][  0]LogConfig: Setting CVar [[r.FastBlurThreshold:100]]
[2023.10.04-03.50.56:581][  0]LogConfig: Setting CVar [[r.Upscale.Quality:3]]
[2023.10.04-03.50.56:581][  0]LogConfig: Setting CVar [[r.Tonemapper.GrainQuantization:1]]
[2023.10.04-03.50.56:581][  0]LogConfig: Setting CVar [[r.LightShaftQuality:1]]
[2023.10.04-03.50.56:581][  0]LogConfig: Setting CVar [[r.Filter.SizeScale:1]]
[2023.10.04-03.50.56:581][  0]LogConfig: Setting CVar [[r.Tonemapper.Quality:5]]
[2023.10.04-03.50.56:581][  0]LogConfig: Setting CVar [[r.DOF.Gather.AccumulatorQuality:1        ; higher gathering accumulator quality]]
[2023.10.04-03.50.56:581][  0]LogConfig: Setting CVar [[r.DOF.Gather.PostfilterMethod:1          ; Median3x3 postfilering method]]
[2023.10.04-03.50.56:581][  0]LogConfig: Setting CVar [[r.DOF.Gather.EnableBokehSettings:0       ; no bokeh simulation when gathering]]
[2023.10.04-03.50.56:581][  0]LogConfig: Setting CVar [[r.DOF.Gather.RingCount:4                 ; medium number of samples when gathering]]
[2023.10.04-03.50.56:581][  0]LogConfig: Setting CVar [[r.DOF.Scatter.ForegroundCompositing:1    ; additive foreground scattering]]
[2023.10.04-03.50.56:581][  0]LogConfig: Setting CVar [[r.DOF.Scatter.BackgroundCompositing:2    ; additive background scattering]]
[2023.10.04-03.50.56:581][  0]LogConfig: Setting CVar [[r.DOF.Scatter.EnableBokehSettings:1      ; bokeh simulation when scattering]]
[2023.10.04-03.50.56:581][  0]LogConfig: Setting CVar [[r.DOF.Scatter.MaxSpriteRatio:0.1         ; only a maximum of 10% of scattered bokeh]]
[2023.10.04-03.50.56:581][  0]LogConfig: Setting CVar [[r.DOF.Recombine.Quality:1                ; cheap slight out of focus]]
[2023.10.04-03.50.56:581][  0]LogConfig: Setting CVar [[r.DOF.Recombine.EnableBokehSettings:0    ; no bokeh simulation on slight out of focus]]
[2023.10.04-03.50.56:581][  0]LogConfig: Setting CVar [[r.DOF.TemporalAAQuality:1                ; more stable temporal accumulation]]
[2023.10.04-03.50.56:581][  0]LogConfig: Setting CVar [[r.DOF.Kernel.MaxForegroundRadius:0.025]]
[2023.10.04-03.50.56:581][  0]LogConfig: Setting CVar [[r.DOF.Kernel.MaxBackgroundRadius:0.025]]
[2023.10.04-03.50.56:581][  0]LogConfig: Applying CVar settings from Section [TextureQuality@3] File [D:/UnrealGame01/UnrealGame001/Saved/Config/Windows/Scalability.ini]
[2023.10.04-03.50.56:581][  0]LogConfig: Setting CVar [[r.Streaming.MipBias:0]]
[2023.10.04-03.50.56:582][  0]LogConfig: Setting CVar [[r.Streaming.AmortizeCPUToGPUCopy:0]]
[2023.10.04-03.50.56:582][  0]LogConfig: Setting CVar [[r.Streaming.MaxNumTexturesToStreamPerFrame:0]]
[2023.10.04-03.50.56:582][  0]LogConfig: Setting CVar [[r.Streaming.Boost:1]]
[2023.10.04-03.50.56:582][  0]LogConfig: Setting CVar [[r.MaxAnisotropy:8]]
[2023.10.04-03.50.56:582][  0]LogConfig: Setting CVar [[r.VT.MaxAnisotropy:8]]
[2023.10.04-03.50.56:582][  0]LogConfig: Setting CVar [[r.Streaming.LimitPoolSizeToVRAM:0]]
[2023.10.04-03.50.56:582][  0]LogConfig: Setting CVar [[r.Streaming.PoolSize:1000]]
[2023.10.04-03.50.56:582][  0]LogConfig: Setting CVar [[r.Streaming.MaxEffectiveScreenSize:0]]
[2023.10.04-03.50.56:582][  0]LogConfig: Applying CVar settings from Section [EffectsQuality@3] File [D:/UnrealGame01/UnrealGame001/Saved/Config/Windows/Scalability.ini]
[2023.10.04-03.50.56:582][  0]LogConfig: Setting CVar [[r.TranslucencyLightingVolumeDim:64]]
[2023.10.04-03.50.56:582][  0]LogConfig: Setting CVar [[r.RefractionQuality:2]]
[2023.10.04-03.50.56:582][  0]LogConfig: Setting CVar [[r.SSR.Quality:3]]
[2023.10.04-03.50.56:582][  0]LogConfig: Setting CVar [[r.SSR.HalfResSceneColor:0]]
[2023.10.04-03.50.56:582][  0]LogConfig: Setting CVar [[r.SceneColorFormat:4]]
[2023.10.04-03.50.56:582][  0]LogConfig: Setting CVar [[r.DetailMode:2]]
[2023.10.04-03.50.56:582][  0]LogConfig: Setting CVar [[r.TranslucencyVolumeBlur:1]]
[2023.10.04-03.50.56:582][  0]LogConfig: Setting CVar [[r.MaterialQualityLevel:1 ; High quality]]
[2023.10.04-03.50.56:582][  0]LogConfig: Setting CVar [[r.AnisotropicMaterials:1]]
[2023.10.04-03.50.56:582][  0]LogConfig: Setting CVar [[r.SSS.Scale:1]]
[2023.10.04-03.50.56:582][  0]LogConfig: Setting CVar [[r.SSS.SampleSet:2]]
[2023.10.04-03.50.56:582][  0]LogConfig: Setting CVar [[r.SSS.Quality:1]]
[2023.10.04-03.50.56:582][  0]LogConfig: Setting CVar [[r.SSS.HalfRes:0]]
[2023.10.04-03.50.56:582][  0]LogConfig: Setting CVar [[r.SSGI.Quality:3]]
[2023.10.04-03.50.56:582][  0]LogConfig: Setting CVar [[r.EmitterSpawnRateScale:1.0]]
[2023.10.04-03.50.56:582][  0]LogConfig: Setting CVar [[r.ParticleLightQuality:2]]
[2023.10.04-03.50.56:582][  0]LogConfig: Setting CVar [[r.SkyAtmosphere.AerialPerspectiveLUT.FastApplyOnOpaque:1 ; Always have FastSkyLUT 1 in this case to avoid wrong sky]]
[2023.10.04-03.50.56:582][  0]LogConfig: Setting CVar [[r.SkyAtmosphere.AerialPerspectiveLUT.SampleCountMaxPerSlice:4]]
[2023.10.04-03.50.56:582][  0]LogConfig: Setting CVar [[r.SkyAtmosphere.AerialPerspectiveLUT.DepthResolution:16.0]]
[2023.10.04-03.50.56:582][  0]LogConfig: Setting CVar [[r.SkyAtmosphere.FastSkyLUT:1]]
[2023.10.04-03.50.56:582][  0]LogConfig: Setting CVar [[r.SkyAtmosphere.FastSkyLUT.SampleCountMin:4.0]]
[2023.10.04-03.50.56:582][  0]LogConfig: Setting CVar [[r.SkyAtmosphere.FastSkyLUT.SampleCountMax:128.0]]
[2023.10.04-03.50.56:582][  0]LogConfig: Setting CVar [[r.SkyAtmosphere.SampleCountMin:4.0]]
[2023.10.04-03.50.56:582][  0]LogConfig: Setting CVar [[r.SkyAtmosphere.SampleCountMax:128.0]]
[2023.10.04-03.50.56:582][  0]LogConfig: Setting CVar [[r.SkyAtmosphere.TransmittanceLUT.UseSmallFormat:0]]
[2023.10.04-03.50.56:582][  0]LogConfig: Setting CVar [[r.SkyAtmosphere.TransmittanceLUT.SampleCount:10.0]]
[2023.10.04-03.50.56:582][  0]LogConfig: Setting CVar [[r.SkyAtmosphere.MultiScatteringLUT.SampleCount:15.0]]
[2023.10.04-03.50.56:582][  0]LogConfig: Setting CVar [[r.SkyLight.RealTimeReflectionCapture:1]]
[2023.10.04-03.50.56:582][  0]LogConfig: Applying CVar settings from Section [FoliageQuality@3] File [D:/UnrealGame01/UnrealGame001/Saved/Config/Windows/Scalability.ini]
[2023.10.04-03.50.56:582][  0]LogConfig: Setting CVar [[foliage.DensityScale:1.0]]
[2023.10.04-03.50.56:582][  0]LogConfig: Setting CVar [[grass.DensityScale:1.0]]
[2023.10.04-03.50.56:582][  0]LogConfig: Applying CVar settings from Section [ShadingQuality@3] File [D:/UnrealGame01/UnrealGame001/Saved/Config/Windows/Scalability.ini]
[2023.10.04-03.50.56:582][  0]LogConfig: Setting CVar [[r.HairStrands.SkyLighting.IntegrationType:2]]
[2023.10.04-03.50.56:582][  0]LogConfig: Setting CVar [[r.HairStrands.SkyAO.SampleCount:4]]
[2023.10.04-03.50.56:582][  0]LogConfig: Setting CVar [[r.HairStrands.Visibility.MSAA.SamplePerPixel:4]]
[2023.10.04-03.50.56:582][  0]LogInit: Selected Device Profile: [Windows]
[2023.10.04-03.50.56:582][  0]LogInit: Applying CVar settings loaded from the selected device profile: [Windows]
[2023.10.04-03.50.56:582][  0]LogHAL: Display: Platform has ~ 16 GB [16938074112 / 17179869184 / 16], which maps to Larger [LargestMinGB=32, LargerMinGB=12, DefaultMinGB=8, SmallerMinGB=6, SmallestMinGB=0)
[2023.10.04-03.50.56:582][  0]LogInit: Going up to parent DeviceProfile []
[2023.10.04-03.50.56:582][  0]LogConfig: Applying CVar settings from Section [ViewDistanceQuality@3] File [D:/UnrealGame01/UnrealGame001/Saved/Config/Windows/Scalability.ini]
[2023.10.04-03.50.56:582][  0]LogConfig: Setting CVar [[r.SkeletalMeshLODBias:0]]
[2023.10.04-03.50.56:582][  0]LogConfig: Setting CVar [[r.ViewDistanceScale:1.0]]
[2023.10.04-03.50.56:582][  0]LogConfig: Applying CVar settings from Section [AntiAliasingQuality@3] File [D:/UnrealGame01/UnrealGame001/Saved/Config/Windows/Scalability.ini]
[2023.10.04-03.50.56:582][  0]LogConfig: Setting CVar [[r.PostProcessAAQuality:4]]
[2023.10.04-03.50.56:582][  0]LogConfig: Applying CVar settings from Section [ShadowQuality@3] File [D:/UnrealGame01/UnrealGame001/Saved/Config/Windows/Scalability.ini]
[2023.10.04-03.50.56:582][  0]LogConfig: Setting CVar [[r.LightFunctionQuality:1]]
[2023.10.04-03.50.56:582][  0]LogConfig: Setting CVar [[r.ShadowQuality:5]]
[2023.10.04-03.50.56:582][  0]LogConfig: Setting CVar [[r.Shadow.CSM.MaxCascades:10]]
[2023.10.04-03.50.56:582][  0]LogConfig: Setting CVar [[r.Shadow.MaxResolution:2048]]
[2023.10.04-03.50.56:582][  0]LogConfig: Setting CVar [[r.Shadow.MaxCSMResolution:2048]]
[2023.10.04-03.50.56:582][  0]LogConfig: Setting CVar [[r.Shadow.RadiusThreshold:0.01]]
[2023.10.04-03.50.56:582][  0]LogConfig: Setting CVar [[r.Shadow.DistanceScale:1.0]]
[2023.10.04-03.50.56:582][  0]LogConfig: Setting CVar [[r.Shadow.CSM.TransitionScale:1.0]]
[2023.10.04-03.50.56:582][  0]LogConfig: Setting CVar [[r.Shadow.PreShadowResolutionFactor:1.0]]
[2023.10.04-03.50.56:582][  0]LogConfig: Setting CVar [[r.DistanceFieldShadowing:1]]
[2023.10.04-03.50.56:582][  0]LogConfig: Setting CVar [[r.DistanceFieldAO:1]]
[2023.10.04-03.50.56:583][  0]LogConfig: Setting CVar [[r.AOQuality:2]]
[2023.10.04-03.50.56:583][  0]LogConfig: Setting CVar [[r.VolumetricFog:1]]
[2023.10.04-03.50.56:583][  0]LogConfig: Setting CVar [[r.VolumetricFog.GridPixelSize:8]]
[2023.10.04-03.50.56:583][  0]LogConfig: Setting CVar [[r.VolumetricFog.GridSizeZ:128]]
[2023.10.04-03.50.56:583][  0]LogConfig: Setting CVar [[r.VolumetricFog.HistoryMissSupersampleCount:4]]
[2023.10.04-03.50.56:583][  0]LogConfig: Setting CVar [[r.LightMaxDrawDistanceScale:1]]
[2023.10.04-03.50.56:583][  0]LogConfig: Setting CVar [[r.CapsuleShadows:1]]
[2023.10.04-03.50.56:583][  0]LogConfig: Applying CVar settings from Section [PostProcessQuality@3] File [D:/UnrealGame01/UnrealGame001/Saved/Config/Windows/Scalability.ini]
[2023.10.04-03.50.56:583][  0]LogConfig: Setting CVar [[r.MotionBlurQuality:4]]
[2023.10.04-03.50.56:583][  0]LogConfig: Setting CVar [[r.AmbientOcclusionMipLevelFactor:0.4]]
[2023.10.04-03.50.56:583][  0]LogConfig: Setting CVar [[r.AmbientOcclusionMaxQuality:100]]
[2023.10.04-03.50.56:583][  0]LogConfig: Setting CVar [[r.AmbientOcclusionLevels:-1]]
[2023.10.04-03.50.56:583][  0]LogConfig: Setting CVar [[r.AmbientOcclusionRadiusScale:1.0]]
[2023.10.04-03.50.56:583][  0]LogConfig: Setting CVar [[r.DepthOfFieldQuality:2]]
[2023.10.04-03.50.56:583][  0]LogConfig: Setting CVar [[r.RenderTargetPoolMin:400]]
[2023.10.04-03.50.56:583][  0]LogConfig: Setting CVar [[r.LensFlareQuality:2]]
[2023.10.04-03.50.56:583][  0]LogConfig: Setting CVar [[r.SceneColorFringeQuality:1]]
[2023.10.04-03.50.56:583][  0]LogConfig: Setting CVar [[r.EyeAdaptationQuality:2]]
[2023.10.04-03.50.56:583][  0]LogConfig: Setting CVar [[r.BloomQuality:5]]
[2023.10.04-03.50.56:583][  0]LogConfig: Setting CVar [[r.FastBlurThreshold:100]]
[2023.10.04-03.50.56:583][  0]LogConfig: Setting CVar [[r.Upscale.Quality:3]]
[2023.10.04-03.50.56:583][  0]LogConfig: Setting CVar [[r.Tonemapper.GrainQuantization:1]]
[2023.10.04-03.50.56:583][  0]LogConfig: Setting CVar [[r.LightShaftQuality:1]]
[2023.10.04-03.50.56:583][  0]LogConfig: Setting CVar [[r.Filter.SizeScale:1]]
[2023.10.04-03.50.56:583][  0]LogConfig: Setting CVar [[r.Tonemapper.Quality:5]]
[2023.10.04-03.50.56:583][  0]LogConfig: Setting CVar [[r.DOF.Gather.AccumulatorQuality:1        ; higher gathering accumulator quality]]
[2023.10.04-03.50.56:583][  0]LogConfig: Setting CVar [[r.DOF.Gather.PostfilterMethod:1          ; Median3x3 postfilering method]]
[2023.10.04-03.50.56:583][  0]LogConfig: Setting CVar [[r.DOF.Gather.EnableBokehSettings:0       ; no bokeh simulation when gathering]]
[2023.10.04-03.50.56:583][  0]LogConfig: Setting CVar [[r.DOF.Gather.RingCount:4                 ; medium number of samples when gathering]]
[2023.10.04-03.50.56:583][  0]LogConfig: Setting CVar [[r.DOF.Scatter.ForegroundCompositing:1    ; additive foreground scattering]]
[2023.10.04-03.50.56:583][  0]LogConfig: Setting CVar [[r.DOF.Scatter.BackgroundCompositing:2    ; additive background scattering]]
[2023.10.04-03.50.56:583][  0]LogConfig: Setting CVar [[r.DOF.Scatter.EnableBokehSettings:1      ; bokeh simulation when scattering]]
[2023.10.04-03.50.56:583][  0]LogConfig: Setting CVar [[r.DOF.Scatter.MaxSpriteRatio:0.1         ; only a maximum of 10% of scattered bokeh]]
[2023.10.04-03.50.56:583][  0]LogConfig: Setting CVar [[r.DOF.Recombine.Quality:1                ; cheap slight out of focus]]
[2023.10.04-03.50.56:583][  0]LogConfig: Setting CVar [[r.DOF.Recombine.EnableBokehSettings:0    ; no bokeh simulation on slight out of focus]]
[2023.10.04-03.50.56:583][  0]LogConfig: Setting CVar [[r.DOF.TemporalAAQuality:1                ; more stable temporal accumulation]]
[2023.10.04-03.50.56:583][  0]LogConfig: Setting CVar [[r.DOF.Kernel.MaxForegroundRadius:0.025]]
[2023.10.04-03.50.56:583][  0]LogConfig: Setting CVar [[r.DOF.Kernel.MaxBackgroundRadius:0.025]]
[2023.10.04-03.50.56:583][  0]LogConfig: Applying CVar settings from Section [TextureQuality@3] File [D:/UnrealGame01/UnrealGame001/Saved/Config/Windows/Scalability.ini]
[2023.10.04-03.50.56:583][  0]LogConfig: Setting CVar [[r.Streaming.MipBias:0]]
[2023.10.04-03.50.56:583][  0]LogConfig: Setting CVar [[r.Streaming.AmortizeCPUToGPUCopy:0]]
[2023.10.04-03.50.56:583][  0]LogConfig: Setting CVar [[r.Streaming.MaxNumTexturesToStreamPerFrame:0]]
[2023.10.04-03.50.56:583][  0]LogConfig: Setting CVar [[r.Streaming.Boost:1]]
[2023.10.04-03.50.56:583][  0]LogConfig: Setting CVar [[r.MaxAnisotropy:8]]
[2023.10.04-03.50.56:583][  0]LogConfig: Setting CVar [[r.VT.MaxAnisotropy:8]]
[2023.10.04-03.50.56:583][  0]LogConfig: Setting CVar [[r.Streaming.LimitPoolSizeToVRAM:0]]
[2023.10.04-03.50.56:583][  0]LogConfig: Setting CVar [[r.Streaming.PoolSize:1000]]
[2023.10.04-03.50.56:583][  0]LogConfig: Setting CVar [[r.Streaming.MaxEffectiveScreenSize:0]]
[2023.10.04-03.50.56:583][  0]LogConfig: Applying CVar settings from Section [EffectsQuality@3] File [D:/UnrealGame01/UnrealGame001/Saved/Config/Windows/Scalability.ini]
[2023.10.04-03.50.56:583][  0]LogConfig: Setting CVar [[r.TranslucencyLightingVolumeDim:64]]
[2023.10.04-03.50.56:583][  0]LogConfig: Setting CVar [[r.RefractionQuality:2]]
[2023.10.04-03.50.56:583][  0]LogConfig: Setting CVar [[r.SSR.Quality:3]]
[2023.10.04-03.50.56:583][  0]LogConfig: Setting CVar [[r.SSR.HalfResSceneColor:0]]
[2023.10.04-03.50.56:583][  0]LogConfig: Setting CVar [[r.SceneColorFormat:4]]
[2023.10.04-03.50.56:583][  0]LogConfig: Setting CVar [[r.DetailMode:2]]
[2023.10.04-03.50.56:583][  0]LogConfig: Setting CVar [[r.TranslucencyVolumeBlur:1]]
[2023.10.04-03.50.56:583][  0]LogConfig: Setting CVar [[r.MaterialQualityLevel:1 ; High quality]]
[2023.10.04-03.50.56:583][  0]LogConfig: Setting CVar [[r.AnisotropicMaterials:1]]
[2023.10.04-03.50.56:583][  0]LogConfig: Setting CVar [[r.SSS.Scale:1]]
[2023.10.04-03.50.56:583][  0]LogConfig: Setting CVar [[r.SSS.SampleSet:2]]
[2023.10.04-03.50.56:583][  0]LogConfig: Setting CVar [[r.SSS.Quality:1]]
[2023.10.04-03.50.56:583][  0]LogConfig: Setting CVar [[r.SSS.HalfRes:0]]
[2023.10.04-03.50.56:583][  0]LogConfig: Setting CVar [[r.SSGI.Quality:3]]
[2023.10.04-03.50.56:583][  0]LogConfig: Setting CVar [[r.EmitterSpawnRateScale:1.0]]
[2023.10.04-03.50.56:583][  0]LogConfig: Setting CVar [[r.ParticleLightQuality:2]]
[2023.10.04-03.50.56:583][  0]LogConfig: Setting CVar [[r.SkyAtmosphere.AerialPerspectiveLUT.FastApplyOnOpaque:1 ; Always have FastSkyLUT 1 in this case to avoid wrong sky]]
[2023.10.04-03.50.56:583][  0]LogConfig: Setting CVar [[r.SkyAtmosphere.AerialPerspectiveLUT.SampleCountMaxPerSlice:4]]
[2023.10.04-03.50.56:583][  0]LogConfig: Setting CVar [[r.SkyAtmosphere.AerialPerspectiveLUT.DepthResolution:16.0]]
[2023.10.04-03.50.56:583][  0]LogConfig: Setting CVar [[r.SkyAtmosphere.FastSkyLUT:1]]
[2023.10.04-03.50.56:583][  0]LogConfig: Setting CVar [[r.SkyAtmosphere.FastSkyLUT.SampleCountMin:4.0]]
[2023.10.04-03.50.56:583][  0]LogConfig: Setting CVar [[r.SkyAtmosphere.FastSkyLUT.SampleCountMax:128.0]]
[2023.10.04-03.50.56:583][  0]LogConfig: Setting CVar [[r.SkyAtmosphere.SampleCountMin:4.0]]
[2023.10.04-03.50.56:583][  0]LogConfig: Setting CVar [[r.SkyAtmosphere.SampleCountMax:128.0]]
[2023.10.04-03.50.56:583][  0]LogConfig: Setting CVar [[r.SkyAtmosphere.TransmittanceLUT.UseSmallFormat:0]]
[2023.10.04-03.50.56:583][  0]LogConfig: Setting CVar [[r.SkyAtmosphere.TransmittanceLUT.SampleCount:10.0]]
[2023.10.04-03.50.56:583][  0]LogConfig: Setting CVar [[r.SkyAtmosphere.MultiScatteringLUT.SampleCount:15.0]]
[2023.10.04-03.50.56:583][  0]LogConfig: Setting CVar [[r.SkyLight.RealTimeReflectionCapture:1]]
[2023.10.04-03.50.56:583][  0]LogConfig: Applying CVar settings from Section [FoliageQuality@3] File [D:/UnrealGame01/UnrealGame001/Saved/Config/Windows/Scalability.ini]
[2023.10.04-03.50.56:583][  0]LogConfig: Setting CVar [[foliage.DensityScale:1.0]]
[2023.10.04-03.50.56:583][  0]LogConfig: Setting CVar [[grass.DensityScale:1.0]]
[2023.10.04-03.50.56:583][  0]LogConfig: Applying CVar settings from Section [ShadingQuality@3] File [D:/UnrealGame01/UnrealGame001/Saved/Config/Windows/Scalability.ini]
[2023.10.04-03.50.56:583][  0]LogConfig: Setting CVar [[r.HairStrands.SkyLighting.IntegrationType:2]]
[2023.10.04-03.50.56:583][  0]LogConfig: Setting CVar [[r.HairStrands.SkyAO.SampleCount:4]]
[2023.10.04-03.50.56:583][  0]LogConfig: Setting CVar [[r.HairStrands.Visibility.MSAA.SamplePerPixel:4]]
[2023.10.04-03.50.56:583][  0]LogConfig: Applying CVar settings from Section [Startup] File [../../../Engine/Config/ConsoleVariables.ini]
[2023.10.04-03.50.56:584][  0]LogConfig: Setting CVar [[net.UseAdaptiveNetUpdateFrequency:0]]
[2023.10.04-03.50.56:584][  0]LogConfig: Setting CVar [[p.chaos.AllowCreatePhysxBodies:1]]
[2023.10.04-03.50.56:584][  0]LogConfig: Setting CVar [[fx.SkipVectorVMBackendOptimizations:1]]
[2023.10.04-03.50.56:584][  0]LogConfig: Applying CVar settings from Section [ConsoleVariables] File [D:/UnrealGame01/UnrealGame001/Saved/Config/Windows/Engine.ini]
[2023.10.04-03.50.56:584][  0]LogConfig: Applying CVar settings from Section [ConsoleVariables] File [D:/UnrealGame01/UnrealGame001/Saved/Config/Windows/Editor.ini]
[2023.10.04-03.50.56:584][  0]LogInit: Computer: MSI
[2023.10.04-03.50.56:584][  0]LogInit: User: MOON
[2023.10.04-03.50.56:584][  0]LogInit: CPU Page size=4096, Cores=8
[2023.10.04-03.50.56:584][  0]LogInit: High frequency timer resolution =10.000000 MHz
[2023.10.04-03.50.56:584][  0]LogMemory: Memory total: Physical=15.8GB (16GB approx)
[2023.10.04-03.50.56:584][  0]LogMemory: Platform Memory Stats for Windows
[2023.10.04-03.50.56:584][  0]LogMemory: Process Physical Memory: 147.89 MB used, 147.89 MB peak
[2023.10.04-03.50.56:584][  0]LogMemory: Process Virtual Memory: 130.52 MB used, 130.52 MB peak
[2023.10.04-03.50.56:584][  0]LogMemory: Physical Memory: 12126.08 MB used,  4027.33 MB free, 16153.41 MB total
[2023.10.04-03.50.56:584][  0]LogMemory: Virtual Memory: 134205984.00 MB used,  11747.71 MB free, 134217728.00 MB total
[2023.10.04-03.50.56:835][  0]LogWindows: WindowsPlatformFeatures enabled
[2023.10.04-03.50.56:974][  0]LogInit: Physics initialised using underlying interface: PhysX
[2023.10.04-03.50.56:976][  0]LogInit: Using OS detected language (en-US).
[2023.10.04-03.50.56:976][  0]LogInit: Using OS detected locale (en-US).
[2023.10.04-03.50.56:982][  0]LogTextLocalizationManager: No specific localization for 'en-US' exists, so the 'en' localization will be used.
[2023.10.04-03.50.57:143][  0]LogInit: Setting process to per monitor DPI aware
[2023.10.04-03.50.57:159][  0]LogWindowsTextInputMethodSystem: Display: IME system deactivated.
[2023.10.04-03.50.57:175][  0]LogSlate: New Slate User Created.  User Index 0, Is Virtual User: 0
[2023.10.04-03.50.57:175][  0]LogSlate: Slate User Registered.  User Index 0, Is Virtual User: 0
[2023.10.04-03.50.57:314][  0]LogD3D11RHI: Loaded GFSDK_Aftermath_Lib.x64.dll
[2023.10.04-03.50.57:322][  0]LogHMD: Failed to initialize OpenVR with code 110
[2023.10.04-03.50.57:322][  0]LogD3D11RHI: D3D11 min allowed feature level: 11_0
[2023.10.04-03.50.57:322][  0]LogD3D11RHI: D3D11 max allowed feature level: 11_0
[2023.10.04-03.50.57:322][  0]LogD3D11RHI: D3D11 adapters:
[2023.10.04-03.50.57:531][  0]LogD3D11RHI:    0. 'NVIDIA GeForce RTX 3080 Laptop GPU' (Feature Level 11_0)
[2023.10.04-03.50.57:531][  0]LogD3D11RHI:       16191/0/8076 MB DedicatedVideo/DedicatedSystem/SharedSystem, Outputs:2, VendorId:0x10de
[2023.10.04-03.50.57:534][  0]LogD3D11RHI:    1. 'Microsoft Basic Render Driver' (Feature Level 11_0)
[2023.10.04-03.50.57:534][  0]LogD3D11RHI:       0/0/8076 MB DedicatedVideo/DedicatedSystem/SharedSystem, Outputs:0, VendorId:0x1414
[2023.10.04-03.50.57:534][  0]LogD3D11RHI: Chosen D3D11 Adapter:
[2023.10.04-03.50.57:534][  0]LogD3D11RHI:     Description : NVIDIA GeForce RTX 3080 Laptop GPU
[2023.10.04-03.50.57:534][  0]LogD3D11RHI:     VendorId    : 10de
[2023.10.04-03.50.57:534][  0]LogD3D11RHI:     DeviceId    : 249c
[2023.10.04-03.50.57:534][  0]LogD3D11RHI:     SubSysId    : 13051462
[2023.10.04-03.50.57:534][  0]LogD3D11RHI:     Revision    : 00a1
[2023.10.04-03.50.57:534][  0]LogD3D11RHI:     DedicatedVideoMemory : 16977494016 bytes
[2023.10.04-03.50.57:534][  0]LogD3D11RHI:     DedicatedSystemMemory : 0 bytes
[2023.10.04-03.50.57:534][  0]LogD3D11RHI:     SharedSystemMemory : 8469037056 bytes
[2023.10.04-03.50.57:534][  0]LogD3D11RHI:     AdapterLuid : 0 78280
[2023.10.04-03.50.57:542][  0]LogD3D11RHI: Creating new Direct3DDevice
[2023.10.04-03.50.57:542][  0]LogD3D11RHI:     GPU DeviceId: 0x249c (for the marketing name, search the web for "GPU Device Id")
[2023.10.04-03.50.57:542][  0]LogWindows: EnumDisplayDevices:
[2023.10.04-03.50.57:542][  0]LogWindows:    0. 'NVIDIA GeForce RTX 3080 Laptop GPU' (P:0 D:1)
[2023.10.04-03.50.57:543][  0]LogWindows:    1. 'NVIDIA GeForce RTX 3080 Laptop GPU' (P:1 D:1)
[2023.10.04-03.50.57:544][  0]LogWindows:    2. 'NVIDIA GeForce RTX 3080 Laptop GPU' (P:0 D:0)
[2023.10.04-03.50.57:545][  0]LogWindows:    3. 'NVIDIA GeForce RTX 3080 Laptop GPU' (P:0 D:0)
[2023.10.04-03.50.57:545][  0]LogWindows: DebugString: FoundDriverCount:4 
[2023.10.04-03.50.57:545][  0]LogD3D11RHI:     Adapter Name: NVIDIA GeForce RTX 3080 Laptop GPU
[2023.10.04-03.50.57:545][  0]LogD3D11RHI:   Driver Version: 536.99 (internal:31.0.15.3699, unified:536.99)
[2023.10.04-03.50.57:545][  0]LogD3D11RHI:      Driver Date: 8-4-2023
[2023.10.04-03.50.57:545][  0]LogRHI: Texture pool is 11333 MB (70% of 16191 MB)
[2023.10.04-03.50.57:545][  0]LogD3D11RHI: Creating D3DDevice using adapter:
[2023.10.04-03.50.57:545][  0]LogD3D11RHI:     Description : NVIDIA GeForce RTX 3080 Laptop GPU
[2023.10.04-03.50.57:545][  0]LogD3D11RHI:     VendorId    : 10de
[2023.10.04-03.50.57:545][  0]LogD3D11RHI:     DeviceId    : 249c
[2023.10.04-03.50.57:545][  0]LogD3D11RHI:     SubSysId    : 13051462
[2023.10.04-03.50.57:546][  0]LogD3D11RHI:     Revision    : 00a1
[2023.10.04-03.50.57:546][  0]LogD3D11RHI:     DedicatedVideoMemory : 16977494016 bytes
[2023.10.04-03.50.57:546][  0]LogD3D11RHI:     DedicatedSystemMemory : 0 bytes
[2023.10.04-03.50.57:546][  0]LogD3D11RHI:     SharedSystemMemory : 8469037056 bytes
[2023.10.04-03.50.57:546][  0]LogD3D11RHI:     AdapterLuid : 0 78280
[2023.10.04-03.50.57:613][  0]LogD3D11RHI: RHI has support for 64 bit atomics
[2023.10.04-03.50.57:613][  0]LogD3D11RHI: Async texture creation enabled
[2023.10.04-03.50.57:613][  0]LogD3D11RHI: Array index from any shader is supported
[2023.10.04-03.50.57:636][  0]LogD3D11RHI: GPU Timing Frequency: 1000.000000 (Debug: 2 2)
[2023.10.04-03.50.57:735][  0]LogRHI: GeForceNow SDK initialized: 1
[2023.10.04-03.50.58:113][  0]LogTargetPlatformManager: Display: Loaded TargetPlatform 'AllDesktop'
[2023.10.04-03.50.58:131][  0]LogTargetPlatformManager: Display: Loaded TargetPlatform 'Android'
[2023.10.04-03.50.58:131][  0]LogTargetPlatformManager: Display: Loaded TargetPlatform 'Android_ASTC'
[2023.10.04-03.50.58:131][  0]LogTargetPlatformManager: Display: Loaded TargetPlatform 'Android_DXT'
[2023.10.04-03.50.58:131][  0]LogTargetPlatformManager: Display: Loaded TargetPlatform 'Android_ETC2'
[2023.10.04-03.50.58:131][  0]LogTargetPlatformManager: Display: Loaded TargetPlatform 'AndroidClient'
[2023.10.04-03.50.58:131][  0]LogTargetPlatformManager: Display: Loaded TargetPlatform 'Android_ASTCClient'
[2023.10.04-03.50.58:131][  0]LogTargetPlatformManager: Display: Loaded TargetPlatform 'Android_DXTClient'
[2023.10.04-03.50.58:131][  0]LogTargetPlatformManager: Display: Loaded TargetPlatform 'Android_ETC2Client'
[2023.10.04-03.50.58:131][  0]LogTargetPlatformManager: Display: Loaded TargetPlatform 'Android_Multi'
[2023.10.04-03.50.58:131][  0]LogTargetPlatformManager: Display: Loaded TargetPlatform 'Android_MultiClient'
[2023.10.04-03.50.58:154][  0]LogTargetPlatformManager: Display: Loaded TargetPlatform 'IOSClient'
[2023.10.04-03.50.58:154][  0]LogTargetPlatformManager: Display: Loaded TargetPlatform 'IOS'
[2023.10.04-03.50.58:166][  0]LogTargetPlatformManager: Display: Loaded TargetPlatform 'Linux'
[2023.10.04-03.50.58:175][  0]LogTargetPlatformManager: Display: Loaded TargetPlatform 'LinuxNoEditor'
[2023.10.04-03.50.58:181][  0]LogTargetPlatformManager: Display: Loaded TargetPlatform 'LinuxClient'
[2023.10.04-03.50.58:187][  0]LogTargetPlatformManager: Display: Loaded TargetPlatform 'LinuxServer'
[2023.10.04-03.50.58:196][  0]LogTargetPlatformManager: Display: Loaded TargetPlatform 'LinuxAArch64NoEditor'
[2023.10.04-03.50.58:202][  0]LogTargetPlatformManager: Display: Loaded TargetPlatform 'LinuxAArch64Client'
[2023.10.04-03.50.58:208][  0]LogTargetPlatformManager: Display: Loaded TargetPlatform 'LinuxAArch64Server'
[2023.10.04-03.50.58:228][  0]LogTargetPlatformManager: Display: Loaded TargetPlatform 'Lumin'
[2023.10.04-03.50.58:228][  0]LogTargetPlatformManager: Display: Loaded TargetPlatform 'LuminClient'
[2023.10.04-03.50.58:237][  0]LogTargetPlatformManager: Display: Loaded TargetPlatform 'MacNoEditor'
[2023.10.04-03.50.58:243][  0]LogTargetPlatformManager: Display: Loaded TargetPlatform 'Mac'
[2023.10.04-03.50.58:248][  0]LogTargetPlatformManager: Display: Loaded TargetPlatform 'MacClient'
[2023.10.04-03.50.58:254][  0]LogTargetPlatformManager: Display: Loaded TargetPlatform 'MacServer'
[2023.10.04-03.50.58:264][  0]LogTargetPlatformManager: Display: Loaded TargetPlatform 'TVOSClient'
[2023.10.04-03.50.58:264][  0]LogTargetPlatformManager: Display: Loaded TargetPlatform 'TVOS'
[2023.10.04-03.50.58:274][  0]LogTargetPlatformManager: Display: Loaded TargetPlatform 'WindowsNoEditor'
[2023.10.04-03.50.58:279][  0]LogTargetPlatformManager: Display: Loaded TargetPlatform 'Windows'
[2023.10.04-03.50.58:285][  0]LogTargetPlatformManager: Display: Loaded TargetPlatform 'WindowsClient'
[2023.10.04-03.50.58:291][  0]LogTargetPlatformManager: Display: Loaded TargetPlatform 'WindowsServer'
[2023.10.04-03.50.58:291][  0]LogTargetPlatformManager: Display: Building Assets For Windows
[2023.10.04-03.50.58:302][  0]LogAudioDebug: Display: Lib vorbis DLL was dynamically loaded.
[2023.10.04-03.50.58:348][  0]LogTextureFormatOodle: Display: Oodle Texture 2.9.0 init RDO Off
[2023.10.04-03.50.58:396][  0]LogRendererCore: Ray tracing is disabled. Reason: r.RayTracing=0.
[2023.10.04-03.50.58:397][  0]LogShaderCompilers: Guid format shader working directory is 16 characters bigger than the processId version (D:/UnrealGame01/UnrealGame001/Intermediate/Shaders/WorkingDirectory/34548/).
[2023.10.04-03.50.58:397][  0]LogShaderCompilers: Cleaned the shader compiler working directory 'C:/Users/ansdn/AppData/Local/Temp/UnrealShaderWorkingDir/F19CEC164710BBC73D5C83A88AF54E1C/'.
[2023.10.04-03.50.58:397][  0]LogXGEController: Cannot use XGE Controller as Incredibuild is not installed on this machine.
[2023.10.04-03.50.58:397][  0]LogShaderCompilers: Cannot use XGE Shader Compiler as Incredibuild is not installed on this machine.
[2023.10.04-03.50.58:397][  0]LogShaderCompilers: Display: Using Local Shader Compiler.
[2023.10.04-03.50.59:004][  0]LogDerivedDataCache: Display: Max Cache Size: 512 MB
[2023.10.04-03.50.59:051][  0]LogDerivedDataCache: Loaded boot cache 0.05s 94MB C:/Users/ansdn/AppData/Local/UnrealEngine/4.27/DerivedDataCache/Boot.ddc.
[2023.10.04-03.50.59:051][  0]LogDerivedDataCache: Display: Loaded Boot cache: C:/Users/ansdn/AppData/Local/UnrealEngine/4.27/DerivedDataCache/Boot.ddc
[2023.10.04-03.50.59:051][  0]LogDerivedDataCache: FDerivedDataBackendGraph:  Pak pak cache file D:/UnrealGame01/UnrealGame001/DerivedDataCache/DDC.ddp not found, will not use a pak cache.
[2023.10.04-03.50.59:051][  0]LogDerivedDataCache: Unable to find inner node Pak for hierarchical cache Hierarchy.
[2023.10.04-03.50.59:051][  0]LogDerivedDataCache: FDerivedDataBackendGraph:  CompressedPak pak cache file D:/UnrealGame01/UnrealGame001/DerivedDataCache/Compressed.ddp not found, will not use a pak cache.
[2023.10.04-03.50.59:051][  0]LogDerivedDataCache: Unable to find inner node CompressedPak for hierarchical cache Hierarchy.
[2023.10.04-03.50.59:065][  0]LogDerivedDataCache: Display: Pak cache opened for reading ../../../Engine/DerivedDataCache/Compressed.ddp.
[2023.10.04-03.50.59:066][  0]LogDerivedDataCache: FDerivedDataBackendGraph:  EnterprisePak pak cache file ../../../Enterprise/DerivedDataCache/Compressed.ddp not found, will not use a pak cache.
[2023.10.04-03.50.59:066][  0]LogDerivedDataCache: Unable to find inner node EnterprisePak for hierarchical cache Hierarchy.
[2023.10.04-03.50.59:079][  0]LogDerivedDataCache: Speed tests for C:/Users/ansdn/AppData/Local/UnrealEngine/Common/DerivedDataCache took 0.01 seconds
[2023.10.04-03.50.59:079][  0]LogDerivedDataCache: Display: Performance to C:/Users/ansdn/AppData/Local/UnrealEngine/Common/DerivedDataCache: Latency=0.05ms. RandomReadSpeed=592.99MBs, RandomWriteSpeed=87.64MBs. Assigned SpeedClass 'Local'
[2023.10.04-03.50.59:079][  0]LogDerivedDataCache: Using Local data cache path C:/Users/ansdn/AppData/Local/UnrealEngine/Common/DerivedDataCache: Writable
[2023.10.04-03.50.59:080][  0]LogDerivedDataCache: Shared data cache path not found in *engine.ini, will not use an Shared cache.
[2023.10.04-03.50.59:080][  0]LogDerivedDataCache: Unable to find inner node Shared for hierarchical cache Hierarchy.
[2023.10.04-03.50.59:115][  0]LogSlate: Using FreeType 2.10.0
[2023.10.04-03.50.59:116][  0]LogSlate: SlateFontServices - WITH_FREETYPE: 1, WITH_HARFBUZZ: 1
[2023.10.04-03.50.59:140][  0]LogAssetRegistry: FAssetRegistry took 0.0026 seconds to start up
[2023.10.04-03.50.59:327][  0]LogInit: Selected Device Profile: [Windows]
[2023.10.04-03.50.59:327][  0]LogInit: Active device profile: [0000023654C13800][0000023655F2C580 49] Windows
[2023.10.04-03.50.59:327][  0]LogInit: Profiles: [0000023654C13800][0000023655F2C580 49] Windows, [0000023654BC4A00][0000023655F346C0 49] WindowsNoEditor, [0000023654C10900][0000023654AF6840 49] WindowsServer, [0000023654BC7700][0000023654B2E9C0 49] WindowsClient, [0000023654C13600][0000023654B32B40 49] IOS, [0000023654BC4D00][0000023654B36CC0 49] iPadAir, [0000023654C10C00][0000023654B3AE40 49] iPadAir2, [0000023654B74800][0000023652577100 49] IPadPro, [0000023654B74900][0000023652573140 49] iPadAir3, [0000023654C13300][000002365257B2C0 49] iPadAir4, [0000023654B77900][000002365257F440 49] iPadMini2, [0000023654C11000][0000023655F395C0 49] iPadMini3, [0000023654B75700][0000023652583740 49] iPadMini4, [0000023654C12D00][00000236525878C0 49] iPadMini5, [0000023654BC5D00][0000023652593B80 49] iPhone6, [0000023654BC6E00][000002365258BBC0 49] iPodTouch6, [0000023655B0FE00][0000023649E66300 49] iPhone7, [0000023655B0FF00][0000023649E62340 49] iPodTouch7, [0000023654BC7F00][0000023649E6A4C0 49] iPhone5S, [0000023655B0CE00][0000023655F4C600 49] iPhone6Plus, [0000023654BC5000][0000023655C7A740 49] iPhone6S, [0000023655B0F000][0000023655C7E880 49] iPhone6SPlus, [0000023654BC4500][0000023655C829C0 49] iPhone7Plus, [0000023655B0D300][0000023655C94B40 49] iPhoneSE, [0000023654BC6300][0000023655C98CC0 49] iPhone8, [0000023655B0EB00][0000023655C9CE40 49] iPhone8Plus, [0000023654BC4700][0000023655CA0FC0 49] iPhoneX, [0000023655B0D800][0000023655CA5140 49] iPhoneXS, [0000023654BC5E00][0000023655CA92C0 49] iPhoneXSMax, [0000023655B0FC00][0000023655CAD440 49] iPhoneXR, [0000023654BC5500][0000023655CB15C0 49] iPhone11, [0000023655B0CC00][0000023655D05740 49] iPhone11Pro, [0000023654BC7A00][00000236525198C0 49] iPhone11ProMax, [0000023655B0ED00][0000023652549A40 49] iPhoneSE2, [0000023654BC7E00][000002365254DBC0 49] iPhone12Mini, [0000023655B0F800][0000023655D461C0 49] iPhone12, [0000023654BC4E00][0000023655D4A340 49] iPhone12Pro, [0000023655B0E700][0000023655D524C0 49] iPhone12ProMax, [0000023654BC5100][0000023655D56640 49] iPadPro105, [0000023655B0D200][0000023655C90780 49] iPadPro129, [0000023654BC6000][0000023655FCA8C0 49] iPadPro97, [0000023655B0D100][0000023655FCEA00 49] iPadPro2_129, [0000023654BC6100][0000023652550B40 49] iPad5, [0000023655B0F200][0000023652558CC0 49] iPad6, [0000023654BC5B00][000002365255CE40 49] iPad7, [0000023655B0EC00][000002365256CFC0 49] iPad8, [0000023654BC7600][0000023649E27140 49] iPadPro11, [0000023655B0CF00][0000023649E2B2C0 49] iPadPro2_11, [0000023654BC4400][0000023649E2F440 49] iPadPro3_129, [0000023655B0D500][0000023649E335C0 49] iPadPro4_129, [0000023654BC7300][0000023649E37740 49] AppleTV, [0000023655B0F700][0000023649E5F8C0 49] AppleTV4K, [0000023654BC5900][0000023649E51A40 49] TVOS, [0000023655B0C900][0000023649E4DBC0 49] Mac, [0000023654BC7800][00000236525961C0 49] MacClient, [0000023655B0E000][0000023655F30340 49] MacNoEditor, [0000023654BC7500][000002365258E4C0 49] MacServer, [0000023655B0C500][0000023655D4E640 49] Linux, [0000023654BC6C00][0000023655D5A7C0 49] LinuxAArch64, [0000023655B0D400][0000023649E3A940 49] LinuxNoEditor, [0000023654BC7100][0000023652554A80 49] LinuxAArch64NoEditor, [0000023655B0E400][0000023649E3EBC0 49] LinuxClient, [0000023654BC7400][0000023649E42D00 49] LinuxAArch64Client, [0000023655B0CB00][0000023655F60E80 49] LinuxServer, [0000023654BC5C00][0000023655F65000 49] LinuxAArch64Server, [0000023655B0D000][0000023655F69180 49] Android, [0000023654BC6200][0000023655F6D300 49] Android_Low, [0000023654B75400][0000023655F71480 49] Android_Mid, [0000023654DD1900][0000023655F75600 49] Android_High, [0000023654B74B00][0000023655F79780 49] Android_Default, [0000023654DD0D00][0000023655F7D900 49] Android_Adreno4xx, [0000023654B76B00][0000023655F81A80 49] Android_Adreno5xx_Low, [0000023654DD0100][0000023655F85C00 49] Android_Adreno5xx, [0000023654B76800][0000023655F88200 49] Android_Adreno6xx, [0000023654DD0B00][0000023655F8C380 49] Android_Adreno6xx_Vulkan, [0000023654B74D00][0000023655F90500 49] Android_Mali_T6xx, [0000023654DD1400][0000023655F94680 49] Android_Mali_T7xx, [0000023654B76400][0000023655F98800 49] Android_Mali_T8xx, [0000023654DD0500][0000023655FD2980 49] Android_Mali_G71, [0000023654B74500][0000023655FD6B00 49] Android_Mali_G72, [0000023654DD0F00][0000023649E46C40 49] Android_Mali_G72_Vulkan, [0000023654B76E00][0000023655FDADC0 49] Android_Mali_G76, [0000023654DD1B00][0000023655FDEF00 49] Android_Mali_G76_Vulkan, [0000023654B75100][0000023655FE7080 49] Android_Mali_G77, [0000023654DD2000][0000023655FEB200 49] Android_Mali_G77_Vulkan, [0000023654B75900][0000023655FEF380 49] Android_Mali_G78, [0000023654DD0200][0000023655FF3500 49] Android_Mali_G78_Vulkan, [0000023654B75500][0000023655FF7680 49] Android_Mali_G710, [0000023654DD1500][0000023655FFB800 49] Android_Mali_G710_Vulkan, [0000023654B77700][0000023655FFF980 49] Android_Vulkan_SM5, [0000023654DD2700][0000023656003B00 49] Android_PowerVR_G6xxx, [0000023654B77F00][0000023656006100 49] Android_PowerVR_GT7xxx, [0000023654DD0E00][000002365600A280 49] Android_PowerVR_GE8xxx, [0000023654B76900][000002365600E400 49] Android_PowerVR_GM9xxx, [0000023654DD0800][0000023656012580 49] Android_PowerVR_GM9xxx_Vulkan, [0000023654BC5700][0000023656016700 49] Android_TegraK1, [0000023655B0CA00][000002365601A880 49] Android_Unknown_Vulkan, [0000023654BC5F00][00000236562FAA00 49] Lumin, [0000023655B0D900][00000236562FEB80 49] Lumin_Desktop, [0000023654BC6A00][0000023656302D00 49] HoloLens, 
[2023.10.04-03.50.59:453][  0]LogMeshReduction: Using QuadricMeshReduction for automatic static mesh reduction
[2023.10.04-03.50.59:453][  0]LogMeshReduction: Using SimplygonMeshReduction for automatic skeletal mesh reduction
[2023.10.04-03.50.59:453][  0]LogMeshReduction: Using ProxyLODMeshReduction for automatic mesh merging
[2023.10.04-03.50.59:453][  0]LogMeshReduction: No distributed automatic mesh merging module available
[2023.10.04-03.50.59:453][  0]LogMeshMerging: No distributed automatic mesh merging module available
[2023.10.04-03.50.59:470][  0]LogNetVersion: UnrealGame001 1.0.0, NetCL: 17155196, EngineNetVer: 17, GameNetVer: 0 (Checksum: 1156378723)
[2023.10.04-03.50.59:781][  0]LogTexture: Default maximum texture size for cubemaps generated from long-lat sources has been changed from 512 to unlimited. In order to preserve old behaiour for '/Engine/MapTemplates/Sky/DaylightAmbientCubemap.DaylightAmbientCubemap', its maximum texture size has been explicitly set to 512.
[2023.10.04-03.50.59:825][  0]LogHMD: PokeAHoleMaterial loaded successfully
[2023.10.04-03.50.59:829][  0]LogUObjectArray: 17178 objects as part of root set at end of initial load.
[2023.10.04-03.50.59:829][  0]LogUObjectAllocator: 4302048 out of 0 bytes used by permanent object pool.
[2023.10.04-03.50.59:829][  0]LogUObjectArray: CloseDisregardForGC: 0/0 objects in disregard for GC pool
[2023.10.04-03.51.00:188][  0]LogNiagaraDebuggerClient: Niagara Debugger Client Initialized | Session: 4746A3EE4290CE9F4C1594A604EED2F0 | Instance: 17F37D88487FDC07A8AE0B96032D2F1E (MSI-34548).
[2023.10.04-03.51.00:231][  0]LogPython: Using Python 3.7.7
[2023.10.04-03.51.00:722][  0]LogTcpMessaging: Initializing TcpMessaging bridge
[2023.10.04-03.51.00:730][  0]LogUdpMessaging: Initializing bridge on interface 0.0.0.0:0 to multicast group 230.0.0.1:6666.
[2023.10.04-03.51.01:960][  0]LogWindows: Error: === Critical error: ===
[2023.10.04-03.51.01:960][  0]LogWindows: Error: 
[2023.10.04-03.51.01:960][  0]LogWindows: Error: Fatal error!
[2023.10.04-03.51.01:960][  0]LogWindows: Error: 
[2023.10.04-03.51.01:960][  0]LogWindows: Error: Unhandled Exception: EXCEPTION_ACCESS_VIOLATION reading address 0x0000000000000148
[2023.10.04-03.51.01:960][  0]LogWindows: Error: 
[2023.10.04-03.51.01:960][  0]LogWindows: Error: [Callstack] 0x00007ffc4fd52025 UE4Editor-UnrealGame001-7173.dll!ABasePlayer::ABasePlayer() [D:\UnrealGame01\UnrealGame001\Source\UnrealGame001\Private\Actors\BasePlayer.cpp:9]
[2023.10.04-03.51.01:960][  0]LogWindows: Error: [Callstack] 0x00007ffcf19861d3 UE4Editor-CoreUObject.dll!UClass::CreateDefaultObject() [D:\Build\++UE4\Sync\Engine\Source\Runtime\CoreUObject\Private\UObject\Class.cpp:3791]
[2023.10.04-03.51.01:960][  0]LogWindows: Error: [Callstack] 0x00007ffcf1ca8faf UE4Editor-CoreUObject.dll!UObjectLoadAllCompiledInDefaultProperties() [D:\Build\++UE4\Sync\Engine\Source\Runtime\CoreUObject\Private\UObject\UObjectBase.cpp:911]
[2023.10.04-03.51.01:960][  0]LogWindows: Error: [Callstack] 0x00007ffcf1c85411 UE4Editor-CoreUObject.dll!ProcessNewlyLoadedUObjects() [D:\Build\++UE4\Sync\Engine\Source\Runtime\CoreUObject\Private\UObject\UObjectBase.cpp:1003]
[2023.10.04-03.51.01:960][  0]LogWindows: Error: [Callstack] 0x00007ffcf1b4ddc5 UE4Editor-CoreUObject.dll!TBaseStaticDelegateInstance<void __cdecl(FName,bool),FDefaultDelegateUserPolicy>::ExecuteIfSafe() [D:\Build\++UE4\Sync\Engine\Source\Runtime\Core\Public\Delegates\DelegateInstancesImpl.h:731]
[2023.10.04-03.51.01:960][  0]LogWindows: Error: [Callstack] 0x00007ffcf25d1bea UE4Editor-Core.dll!TMulticastDelegate<void __cdecl(FName,bool),FDefaultDelegateUserPolicy>::Broadcast() [D:\Build\++UE4\Sync\Engine\Source\Runtime\Core\Public\Delegates\DelegateSignatureImpl.inl:955]
[2023.10.04-03.51.01:960][  0]LogWindows: Error: [Callstack] 0x00007ffcf25f15a3 UE4Editor-Core.dll!FModuleManager::LoadModuleWithFailureReason() [D:\Build\++UE4\Sync\Engine\Source\Runtime\Core\Private\Modules\ModuleManager.cpp:519]
[2023.10.04-03.51.01:960][  0]LogWindows: Error: [Callstack] 0x00007ffd2d206433 UE4Editor-Projects.dll!FModuleDescriptor::LoadModulesForPhase() [D:\Build\++UE4\Sync\Engine\Source\Runtime\Projects\Private\ModuleDescriptor.cpp:643]
[2023.10.04-03.51.01:960][  0]LogWindows: Error: [Callstack] 0x00007ffd2d20674f UE4Editor-Projects.dll!FProjectManager::LoadModulesForProject() [D:\Build\++UE4\Sync\Engine\Source\Runtime\Projects\Private\ProjectManager.cpp:62]
[2023.10.04-03.51.01:960][  0]LogWindows: Error: [Callstack] 0x00007ff7dff15642 UE4Editor.exe!FEngineLoop::LoadStartupModules() [D:\Build\++UE4\Sync\Engine\Source\Runtime\Launch\Private\LaunchEngineLoop.cpp:3880]
[2023.10.04-03.51.01:960][  0]LogWindows: Error: [Callstack] 0x00007ff7dff19000 UE4Editor.exe!FEngineLoop::PreInitPostStartupScreen() [D:\Build\++UE4\Sync\Engine\Source\Runtime\Launch\Private\LaunchEngineLoop.cpp:3263]
[2023.10.04-03.51.01:960][  0]LogWindows: Error: [Callstack] 0x00007ff7dff10d2c UE4Editor.exe!GuardedMain() [D:\Build\++UE4\Sync\Engine\Source\Runtime\Launch\Private\Launch.cpp:132]
[2023.10.04-03.51.01:960][  0]LogWindows: Error: [Callstack] 0x00007ff7dff110ba UE4Editor.exe!GuardedMainWrapper() [D:\Build\++UE4\Sync\Engine\Source\Runtime\Launch\Private\Windows\LaunchWindows.cpp:137]
[2023.10.04-03.51.01:960][  0]LogWindows: Error: [Callstack] 0x00007ff7dff140dd UE4Editor.exe!LaunchWindowsStartup() [D:\Build\++UE4\Sync\Engine\Source\Runtime\Launch\Private\Windows\LaunchWindows.cpp:273]
[2023.10.04-03.51.01:960][  0]LogWindows: Error: [Callstack] 0x00007ff7dff25984 UE4Editor.exe!WinMain() [D:\Build\++UE4\Sync\Engine\Source\Runtime\Launch\Private\Windows\LaunchWindows.cpp:320]
[2023.10.04-03.51.01:960][  0]LogWindows: Error: [Callstack] 0x00007ff7dff2853a UE4Editor.exe!__scrt_common_main_seh() [d:\agent\_work\5\s\src\vctools\crt\vcstartup\src\startup\exe_common.inl:288]
[2023.10.04-03.51.01:960][  0]LogWindows: Error: [Callstack] 0x00007ffd5925257d KERNEL32.DLL!UnknownFunction []
[2023.10.04-03.51.01:960][  0]LogWindows: Error: [Callstack] 0x00007ffd5a64aa68 ntdll.dll!UnknownFunction []
[2023.10.04-03.51.01:960][  0]LogWindows: Error: 
[2023.10.04-03.51.01:971][  0]LogExit: Executing StaticShutdownAfterError
[2023.10.04-03.51.01:972][  0]LogWindows: FPlatformMisc::RequestExit(1)
[2023.10.04-03.51.01:972][  0]LogWindows: FPlatformMisc::RequestExitWithStatus(1, 3)
[2023.10.04-03.51.01:972][  0]LogCore: Engine exit requested (reason: Win RequestExit)
[2023.10.04-03.51.01:980][  0]Log file closed, 10/03/23 23:51:01
