Log file open, 10/13/23 18:22:35
LogWindows: Failed to load 'aqProf.dll' (GetLastError=126)
LogWindows: File 'aqProf.dll' does not exist
LogWindows: Failed to load 'VtuneApi.dll' (GetLastError=126)
LogWindows: File 'VtuneApi.dll' does not exist
LogWindows: Failed to load 'VtuneApi32e.dll' (GetLastError=126)
LogWindows: File 'VtuneApi32e.dll' does not exist
LogConsoleResponse: Display: Failed to find resolution value strings in scalability ini. Falling back to default.
LogConsoleResponse: Display: Failed to find resolution value strings in scalability ini. Falling back to default.
LogInit: Display: Running engine for game: UnrealGame001
LogPlatformFile: Not using cached read wrapper
LogTaskGraph: Started task graph with 5 named threads and 47 total threads with 3 sets of task threads.
LogStats: Stats thread started at 0.468175
LogICUInternationalization: ICU TimeZone Detection - Raw Offset: -5:00, Platform Override: ''
LogInit: Display: Loading text-based GConfig....
LogPluginManager: Mounting plugin MeshPainting
LogPluginManager: Mounting plugin XGEController
LogPluginManager: Mounting plugin AISupport
LogPluginManager: Mounting plugin Paper2D
LogPluginManager: Mounting plugin EnvironmentQueryEditor
LogPluginManager: Mounting plugin LightPropagationVolume
LogPluginManager: Mounting plugin OodleData
LogPluginManager: Mounting plugin LiveLink
LogPluginManager: Mounting plugin OodleNetwork
LogPluginManager: Mounting plugin GameplayCameras
LogPluginManager: Mounting plugin CameraShakePreviewer
LogPluginManager: Mounting plugin AnimationSharing
LogPluginManager: Mounting plugin CLionSourceCodeAccess
LogPluginManager: Mounting plugin GitSourceControl
LogPluginManager: Mounting plugin CodeLiteSourceCodeAccess
LogPluginManager: Mounting plugin KDevelopSourceCodeAccess
LogPluginManager: Mounting plugin PerforceSourceControl
LogPluginManager: Mounting plugin NullSourceCodeAccess
LogPluginManager: Mounting plugin PixWinPlugin
LogPluginManager: Mounting plugin PlasticSourceControl
LogPluginManager: Mounting plugin PluginUtils
LogPluginManager: Mounting plugin PropertyAccessNode
LogPluginManager: Mounting plugin DatasmithContent
LogPluginManager: Mounting plugin RiderSourceCodeAccess
LogPluginManager: Mounting plugin TextureFormatOodle
LogPluginManager: Mounting plugin SubversionSourceControl
LogPluginManager: Mounting plugin UObjectPlugin
LogPluginManager: Mounting plugin VariantManagerContent
LogPluginManager: Mounting plugin XCodeSourceCodeAccess
LogPluginManager: Mounting plugin Niagara
LogPluginManager: Mounting plugin BackChannel
LogPluginManager: Mounting plugin AlembicImporter
LogPluginManager: Mounting plugin AutomationUtils
LogPluginManager: Mounting plugin VisualStudioCodeSourceCodeAccess
LogPluginManager: Mounting plugin ChaosCloth
LogPluginManager: Mounting plugin ChaosClothEditor
LogPluginManager: Mounting plugin ChaosEditor
LogPluginManager: Mounting plugin ChaosNiagara
LogPluginManager: Mounting plugin ChaosSolverPlugin
LogPluginManager: Mounting plugin CharacterAI
LogPluginManager: Mounting plugin GeometryCache
LogPluginManager: Mounting plugin VisualStudioSourceCodeAccess
LogPluginManager: Mounting plugin GeometryCollectionPlugin
LogPluginManager: Mounting plugin GeometryProcessing
LogPluginManager: Mounting plugin MotoSynth
LogPluginManager: Mounting plugin OpenImageDenoise
LogPluginManager: Mounting plugin PlanarCut
LogPluginManager: Mounting plugin PlatformCrypto
LogPluginManager: Mounting plugin ProxyLODPlugin
LogPluginManager: Mounting plugin PythonScriptPlugin
LogPluginManager: Mounting plugin AssetManagerEditor
LogPluginManager: Mounting plugin CryptoKeys
LogPluginManager: Mounting plugin CurveEditorTools
LogPluginManager: Mounting plugin DataValidation
LogPluginManager: Mounting plugin FacialAnimation
LogPluginManager: Mounting plugin GeometryMode
LogPluginManager: Mounting plugin GameplayTagsEditor
LogPluginManager: Mounting plugin MacGraphicsSwitching
LogPluginManager: Mounting plugin MaterialAnalyzer
LogPluginManager: Mounting plugin PluginBrowser
LogPluginManager: Mounting plugin MobileLauncherProfileWizard
LogPluginManager: Mounting plugin SpeedTreeImporter
LogPluginManager: Mounting plugin AndroidMedia
LogPluginManager: Mounting plugin AvfMedia
LogPluginManager: Mounting plugin SkeletalReduction
LogPluginManager: Mounting plugin ImgMedia
LogPluginManager: Mounting plugin MediaCompositing
LogPluginManager: Mounting plugin MediaPlayerEditor
LogPluginManager: Mounting plugin WebMMedia
LogPluginManager: Mounting plugin WmfMedia
LogPluginManager: Mounting plugin MagicLeap
LogPluginManager: Mounting plugin LuminPlatformFeatures
LogPluginManager: Mounting plugin MagicLeapMedia
LogPluginManager: Mounting plugin MagicLeapLightEstimation
LogPluginManager: Mounting plugin MagicLeapPassableWorld
LogPluginManager: Mounting plugin MLSDK
LogPluginManager: Mounting plugin ActorSequence
LogPluginManager: Mounting plugin LevelSequenceEditor
LogPluginManager: Mounting plugin MatineeToLevelSequence
LogPluginManager: Mounting plugin TemplateSequence
LogPluginManager: Mounting plugin TcpMessaging
LogPluginManager: Mounting plugin OnlineSubsystem
LogPluginManager: Mounting plugin UdpMessaging
LogPluginManager: Mounting plugin OnlineSubsystemUtils
LogPluginManager: Mounting plugin OnlineSubsystemNull
LogPluginManager: Mounting plugin LauncherChunkInstaller
LogPluginManager: Mounting plugin ActorLayerUtilities
LogPluginManager: Mounting plugin AndroidMoviePlayer
LogPluginManager: Mounting plugin AndroidDeviceProfileSelector
LogPluginManager: Mounting plugin AndroidPermission
LogPluginManager: Mounting plugin AppleImageUtils
LogPluginManager: Mounting plugin AppleMoviePlayer
LogPluginManager: Mounting plugin ArchVisCharacter
LogPluginManager: Mounting plugin AudioCapture
LogPluginManager: Mounting plugin AssetTags
LogPluginManager: Mounting plugin CableComponent
LogPluginManager: Mounting plugin AudioSynesthesia
LogPluginManager: Mounting plugin ChunkDownloader
LogPluginManager: Mounting plugin CustomMeshComponent
LogPluginManager: Mounting plugin EditableMesh
LogPluginManager: Mounting plugin ExampleDeviceProfileSelector
LogPluginManager: Mounting plugin ScreenshotTools
LogPluginManager: Mounting plugin Takes
LogPluginManager: Mounting plugin GoogleCloudMessaging
LogPluginManager: Mounting plugin GooglePAD
LogPluginManager: Mounting plugin IOSDeviceProfileSelector
LogPluginManager: Mounting plugin LocationServicesBPLibrary
LogPluginManager: Mounting plugin LinuxDeviceProfileSelector
LogPluginManager: Mounting plugin MobilePatchingUtils
LogPluginManager: Mounting plugin OpenXREyeTracker
LogPluginManager: Mounting plugin OpenXRHandTracking
LogPluginManager: Mounting plugin OpenXR
LogPluginManager: Mounting plugin PhysXVehicles
LogPluginManager: Mounting plugin PostSplashScreen
LogPluginManager: Mounting plugin PropertyAccessEditor
LogPluginManager: Mounting plugin ProceduralMeshComponent
LogPluginManager: Mounting plugin RuntimePhysXCooking
LogPluginManager: Mounting plugin SignificanceManager
LogPluginManager: Mounting plugin SoundFields
LogPluginManager: Mounting plugin Synthesis
LogPluginManager: Mounting plugin WindowsMoviePlayer
LogPluginManager: Mounting plugin WebMMoviePlayer
LogPluginManager: Mounting plugin ContentBrowserAssetDataSource
LogPluginManager: Mounting plugin ContentBrowserClassDataSource
LogPluginManager: Mounting plugin ContentBrowserFileDataSource
LogPluginManager: Mounting plugin OnlineSubsystemGooglePlay
LogPluginManager: Mounting plugin OnlineSubsystemIOS
LogPluginManager: Mounting plugin OculusVR
LogPluginManager: Mounting plugin SteamVR
PixWinPlugin: PIX capture plugin failed to initialize! Check that the process is launched from PIX.
LogInit: Using libcurl 7.55.1-DEV
LogInit:  - built for x86_64-pc-win32
LogInit:  - supports SSL with OpenSSL/1.1.1
LogInit:  - supports HTTP deflate (compression) using libz 1.2.8
LogInit:  - other features:
LogInit:      CURL_VERSION_SSL
LogInit:      CURL_VERSION_LIBZ
LogInit:      CURL_VERSION_IPV6
LogInit:      CURL_VERSION_ASYNCHDNS
LogInit:      CURL_VERSION_LARGEFILE
LogInit:      CURL_VERSION_IDN
LogInit:  CurlRequestOptions (configurable via config and command line):
LogInit:  - bVerifyPeer = true  - Libcurl will verify peer certificate
LogInit:  - bUseHttpProxy = false  - Libcurl will NOT use HTTP proxy
LogInit:  - bDontReuseConnections = false  - Libcurl will reuse connections
LogInit:  - MaxHostConnections = 16  - Libcurl will limit the number of connections to a host
LogInit:  - LocalHostAddr = Default
LogInit:  - BufferSize = 65536
LogOnline: OSS: Creating online subsystem instance for: NULL
LogInit: WinSock: version 1.1 (2.2), MaxSocks=32767, MaxUdp=65467
LogOnline: OSS: TryLoadSubsystemAndSetDefault: Loaded subsystem for module [NULL]
LogOculusPluginWrapper: OculusPlugin initialized successfully
LogHMD: Failed initializing OVRPlugin 1.59.0
LogInit: Build: ++UE4+Release-4.27-CL-18319896
LogInit: Engine Version: 4.27.2-18319896+++UE4+Release-4.27
LogInit: Compatible Engine Version: 4.27.0-17155196+++UE4+Release-4.27
LogInit: Net CL: 17155196
LogInit: OS: Windows 10 (Release 2009) (), CPU: 11th Gen Intel(R) Core(TM) i7-11800H @ 2.30GHz, GPU: NVIDIA GeForce RTX 3080 Laptop GPU
LogInit: Compiled (64-bit): Nov 30 2021 07:12:08
LogInit: Compiled with Visual C++: 19.24.28315.00
LogInit: Build Configuration: Development
LogInit: Branch Name: ++UE4+Release-4.27
LogInit: Command Line:  -skipcompile
LogInit: Base Directory: C:/Program Files/Epic Games/UE_4.27/Engine/Binaries/Win64/
LogInit: Allocator: TBB
LogInit: Installed Engine Build: 1
LogDevObjectVersion: Number of dev versions registered: 29
LogDevObjectVersion:   Dev-Blueprints (B0D832E4-1F89-4F0D-ACCF-7EB736FD4AA2): 10
LogDevObjectVersion:   Dev-Build (E1C64328-A22C-4D53-A36C-8E866417BD8C): 0
LogDevObjectVersion:   Dev-Core (375EC13C-06E4-48FB-B500-84F0262A717E): 4
LogDevObjectVersion:   Dev-Editor (E4B068ED-F494-42E9-A231-DA0B2E46BB41): 40
LogDevObjectVersion:   Dev-Framework (CFFC743F-43B0-4480-9391-14DF171D2073): 37
LogDevObjectVersion:   Dev-Mobile (B02B49B5-BB20-44E9-A304-32B752E40360): 3
LogDevObjectVersion:   Dev-Networking (A4E4105C-59A1-49B5-A7C5-40C4547EDFEE): 0
LogDevObjectVersion:   Dev-Online (39C831C9-5AE6-47DC-9A44-9C173E1C8E7C): 0
LogDevObjectVersion:   Dev-Physics (78F01B33-EBEA-4F98-B9B4-84EACCB95AA2): 14
LogDevObjectVersion:   Dev-Platform (6631380F-2D4D-43E0-8009-CF276956A95A): 0
LogDevObjectVersion:   Dev-Rendering (12F88B9F-8875-4AFC-A67C-D90C383ABD29): 45
LogDevObjectVersion:   Dev-Sequencer (7B5AE74C-D270-4C10-A958-57980B212A5A): 13
LogDevObjectVersion:   Dev-VR (D7296918-1DD6-4BDD-9DE2-64A83CC13884): 3
LogDevObjectVersion:   Dev-LoadTimes (C2A15278-BFE7-4AFE-6C17-90FF531DF755): 1
LogDevObjectVersion:   Private-Geometry (6EACA3D4-40EC-4CC1-B786-8BED09428FC5): 3
LogDevObjectVersion:   Dev-AnimPhys (29E575DD-E0A3-4627-9D10-D276232CDCEA): 17
LogDevObjectVersion:   Dev-Anim (AF43A65D-7FD3-4947-9873-3E8ED9C1BB05): 15
LogDevObjectVersion:   Dev-ReflectionCapture (6B266CEC-1EC7-4B8F-A30B-E4D90942FC07): 1
LogDevObjectVersion:   Dev-Automation (0DF73D61-A23F-47EA-B727-89E90C41499A): 1
LogDevObjectVersion:   FortniteMain (601D1886-AC64-4F84-AA16-D3DE0DEAC7D6): 47
LogDevObjectVersion:   FortniteRelease (E7086368-6B23-4C58-8439-1B7016265E91): 1
LogDevObjectVersion:   Dev-Enterprise (9DFFBCD6-494F-0158-E221-12823C92A888): 10
LogDevObjectVersion:   Dev-Niagara (F2AED0AC-9AFE-416F-8664-AA7FFA26D6FC): 1
LogDevObjectVersion:   Dev-Destruction (174F1F0B-B4C6-45A5-B13F-2EE8D0FB917D): 10
LogDevObjectVersion:   Dev-Physics-Ext (35F94A83-E258-406C-A318-09F59610247C): 41
LogDevObjectVersion:   Dev-PhysicsMaterial-Chaos (B68FC16E-8B1B-42E2-B453-215C058844FE): 1
LogDevObjectVersion:   Dev-CineCamera (B2E18506-4273-CFC2-A54E-F4BB758BBA07): 1
LogDevObjectVersion:   Dev-VirtualProduction (64F58936-FD1B-42BA-BA96-7289D5D0FA4E): 1
LogDevObjectVersion:   Dev-MediaFramework (6F0ED827-A609-4895-9C91-998D90180EA4): 2
LogInit: Presizing for max 25165824 objects, including 0 objects not considered by GC, pre-allocating 0 bytes for permanent pool.
LogConfig: Applying CVar settings from Section [/Script/Engine.StreamingSettings] File [D:/UnrealGame01/UnrealGame001/Saved/Config/Windows/Engine.ini]
LogConfig: Setting CVar [[s.MinBulkDataSizeForAsyncLoading:131072]]
LogConfig: Setting CVar [[s.AsyncLoadingThreadEnabled:0]]
LogConfig: Setting CVar [[s.EventDrivenLoaderEnabled:1]]
LogConfig: Setting CVar [[s.WarnIfTimeLimitExceeded:0]]
LogConfig: Setting CVar [[s.TimeLimitExceededMultiplier:1.5]]
LogConfig: Setting CVar [[s.TimeLimitExceededMinTime:0.005]]
LogConfig: Setting CVar [[s.UseBackgroundLevelStreaming:1]]
LogConfig: Setting CVar [[s.PriorityAsyncLoadingExtraTime:15.0]]
LogConfig: Setting CVar [[s.LevelStreamingActorsUpdateTimeLimit:5.0]]
LogConfig: Setting CVar [[s.PriorityLevelStreamingActorsUpdateExtraTime:5.0]]
LogConfig: Setting CVar [[s.LevelStreamingComponentsRegistrationGranularity:10]]
LogConfig: Setting CVar [[s.UnregisterComponentsTimeLimit:1.0]]
LogConfig: Setting CVar [[s.LevelStreamingComponentsUnregistrationGranularity:5]]
LogConfig: Setting CVar [[s.FlushStreamingOnExit:1]]
LogInit: Object subsystem initialized
LogConfig: Setting CVar [[con.DebugEarlyDefault:1]]
LogConfig: Setting CVar [[r.setres:1280x720]]
[2023.10.13-22.22.37:019][  0]LogConfig: Setting CVar [[r.VSync:0]]
[2023.10.13-22.22.37:019][  0]LogConfig: Setting CVar [[r.RHICmdBypass:0]]
[2023.10.13-22.22.37:019][  0]LogConfig: Applying CVar settings from Section [/Script/Engine.RendererSettings] File [D:/UnrealGame01/UnrealGame001/Saved/Config/Windows/Engine.ini]
[2023.10.13-22.22.37:019][  0]LogConfig: Setting CVar [[r.GPUCrashDebugging:0]]
[2023.10.13-22.22.37:019][  0]LogConfig: Applying CVar settings from Section [/Script/Engine.RendererOverrideSettings] File [D:/UnrealGame01/UnrealGame001/Saved/Config/Windows/Engine.ini]
[2023.10.13-22.22.37:019][  0]LogConfig: Applying CVar settings from Section [/Script/Engine.StreamingSettings] File [D:/UnrealGame01/UnrealGame001/Saved/Config/Windows/Engine.ini]
[2023.10.13-22.22.37:019][  0]LogConfig: Setting CVar [[s.MinBulkDataSizeForAsyncLoading:131072]]
[2023.10.13-22.22.37:020][  0]LogConfig: Setting CVar [[s.AsyncLoadingThreadEnabled:0]]
[2023.10.13-22.22.37:020][  0]LogConfig: Setting CVar [[s.EventDrivenLoaderEnabled:1]]
[2023.10.13-22.22.37:020][  0]LogConfig: Setting CVar [[s.WarnIfTimeLimitExceeded:0]]
[2023.10.13-22.22.37:020][  0]LogConfig: Setting CVar [[s.TimeLimitExceededMultiplier:1.5]]
[2023.10.13-22.22.37:020][  0]LogConfig: Setting CVar [[s.TimeLimitExceededMinTime:0.005]]
[2023.10.13-22.22.37:020][  0]LogConfig: Setting CVar [[s.UseBackgroundLevelStreaming:1]]
[2023.10.13-22.22.37:020][  0]LogConfig: Setting CVar [[s.PriorityAsyncLoadingExtraTime:15.0]]
[2023.10.13-22.22.37:020][  0]LogConfig: Setting CVar [[s.LevelStreamingActorsUpdateTimeLimit:5.0]]
[2023.10.13-22.22.37:020][  0]LogConfig: Setting CVar [[s.PriorityLevelStreamingActorsUpdateExtraTime:5.0]]
[2023.10.13-22.22.37:020][  0]LogConfig: Setting CVar [[s.LevelStreamingComponentsRegistrationGranularity:10]]
[2023.10.13-22.22.37:020][  0]LogConfig: Setting CVar [[s.UnregisterComponentsTimeLimit:1.0]]
[2023.10.13-22.22.37:020][  0]LogConfig: Setting CVar [[s.LevelStreamingComponentsUnregistrationGranularity:5]]
[2023.10.13-22.22.37:020][  0]LogConfig: Setting CVar [[s.FlushStreamingOnExit:1]]
[2023.10.13-22.22.37:021][  0]LogConfig: Applying CVar settings from Section [/Script/Engine.GarbageCollectionSettings] File [D:/UnrealGame01/UnrealGame001/Saved/Config/Windows/Engine.ini]
[2023.10.13-22.22.37:021][  0]LogConfig: Setting CVar [[gc.MaxObjectsNotConsideredByGC:1]]
[2023.10.13-22.22.37:021][  0]LogConfig: Setting CVar [[gc.SizeOfPermanentObjectPool:0]]
[2023.10.13-22.22.37:021][  0]LogConfig: Setting CVar [[gc.FlushStreamingOnGC:0]]
[2023.10.13-22.22.37:021][  0]LogConfig: Setting CVar [[gc.NumRetriesBeforeForcingGC:10]]
[2023.10.13-22.22.37:021][  0]LogConfig: Setting CVar [[gc.AllowParallelGC:1]]
[2023.10.13-22.22.37:021][  0]LogConfig: Setting CVar [[gc.TimeBetweenPurgingPendingKillObjects:61.1]]
[2023.10.13-22.22.37:021][  0]LogConfig: Setting CVar [[gc.MaxObjectsInEditor:25165824]]
[2023.10.13-22.22.37:021][  0]LogConfig: Setting CVar [[gc.IncrementalBeginDestroyEnabled:1]]
[2023.10.13-22.22.37:021][  0]LogConfig: Setting CVar [[gc.CreateGCClusters:1]]
[2023.10.13-22.22.37:021][  0]LogConfig: Setting CVar [[gc.MinGCClusterSize:5]]
[2023.10.13-22.22.37:021][  0]LogConfig: Setting CVar [[gc.ActorClusteringEnabled:0]]
[2023.10.13-22.22.37:021][  0]LogConfig: Setting CVar [[gc.BlueprintClusteringEnabled:0]]
[2023.10.13-22.22.37:022][  0]LogConfig: Setting CVar [[gc.UseDisregardForGCOnDedicatedServers:0]]
[2023.10.13-22.22.37:022][  0]LogConfig: Setting CVar [[gc.MultithreadedDestructionEnabled:1]]
[2023.10.13-22.22.37:022][  0]LogConfig: Applying CVar settings from Section [/Script/Engine.NetworkSettings] File [D:/UnrealGame01/UnrealGame001/Saved/Config/Windows/Engine.ini]
[2023.10.13-22.22.37:022][  0]LogConfig: Applying CVar settings from Section [/Script/UnrealEd.CookerSettings] File [D:/UnrealGame01/UnrealGame001/Saved/Config/Windows/Engine.ini]
[2023.10.13-22.22.37:056][  0]LogConfig: Applying CVar settings from Section [ViewDistanceQuality@3] File [D:/UnrealGame01/UnrealGame001/Saved/Config/Windows/Scalability.ini]
[2023.10.13-22.22.37:057][  0]LogConfig: Setting CVar [[r.SkeletalMeshLODBias:0]]
[2023.10.13-22.22.37:057][  0]LogConfig: Setting CVar [[r.ViewDistanceScale:1.0]]
[2023.10.13-22.22.37:057][  0]LogConfig: Applying CVar settings from Section [AntiAliasingQuality@3] File [D:/UnrealGame01/UnrealGame001/Saved/Config/Windows/Scalability.ini]
[2023.10.13-22.22.37:057][  0]LogConfig: Setting CVar [[r.PostProcessAAQuality:4]]
[2023.10.13-22.22.37:057][  0]LogConfig: Applying CVar settings from Section [ShadowQuality@3] File [D:/UnrealGame01/UnrealGame001/Saved/Config/Windows/Scalability.ini]
[2023.10.13-22.22.37:057][  0]LogConfig: Setting CVar [[r.LightFunctionQuality:1]]
[2023.10.13-22.22.37:057][  0]LogConfig: Setting CVar [[r.ShadowQuality:5]]
[2023.10.13-22.22.37:057][  0]LogConfig: Setting CVar [[r.Shadow.CSM.MaxCascades:10]]
[2023.10.13-22.22.37:057][  0]LogConfig: Setting CVar [[r.Shadow.MaxResolution:2048]]
[2023.10.13-22.22.37:057][  0]LogConfig: Setting CVar [[r.Shadow.MaxCSMResolution:2048]]
[2023.10.13-22.22.37:057][  0]LogConfig: Setting CVar [[r.Shadow.RadiusThreshold:0.01]]
[2023.10.13-22.22.37:057][  0]LogConfig: Setting CVar [[r.Shadow.DistanceScale:1.0]]
[2023.10.13-22.22.37:057][  0]LogConfig: Setting CVar [[r.Shadow.CSM.TransitionScale:1.0]]
[2023.10.13-22.22.37:057][  0]LogConfig: Setting CVar [[r.Shadow.PreShadowResolutionFactor:1.0]]
[2023.10.13-22.22.37:057][  0]LogConfig: Setting CVar [[r.DistanceFieldShadowing:1]]
[2023.10.13-22.22.37:058][  0]LogConfig: Setting CVar [[r.DistanceFieldAO:1]]
[2023.10.13-22.22.37:058][  0]LogConfig: Setting CVar [[r.AOQuality:2]]
[2023.10.13-22.22.37:058][  0]LogConfig: Setting CVar [[r.VolumetricFog:1]]
[2023.10.13-22.22.37:058][  0]LogConfig: Setting CVar [[r.VolumetricFog.GridPixelSize:8]]
[2023.10.13-22.22.37:058][  0]LogConfig: Setting CVar [[r.VolumetricFog.GridSizeZ:128]]
[2023.10.13-22.22.37:058][  0]LogConfig: Setting CVar [[r.VolumetricFog.HistoryMissSupersampleCount:4]]
[2023.10.13-22.22.37:058][  0]LogConfig: Setting CVar [[r.LightMaxDrawDistanceScale:1]]
[2023.10.13-22.22.37:058][  0]LogConfig: Setting CVar [[r.CapsuleShadows:1]]
[2023.10.13-22.22.37:058][  0]LogConfig: Applying CVar settings from Section [PostProcessQuality@3] File [D:/UnrealGame01/UnrealGame001/Saved/Config/Windows/Scalability.ini]
[2023.10.13-22.22.37:058][  0]LogConfig: Setting CVar [[r.MotionBlurQuality:4]]
[2023.10.13-22.22.37:058][  0]LogConfig: Setting CVar [[r.AmbientOcclusionMipLevelFactor:0.4]]
[2023.10.13-22.22.37:058][  0]LogConfig: Setting CVar [[r.AmbientOcclusionMaxQuality:100]]
[2023.10.13-22.22.37:058][  0]LogConfig: Setting CVar [[r.AmbientOcclusionLevels:-1]]
[2023.10.13-22.22.37:058][  0]LogConfig: Setting CVar [[r.AmbientOcclusionRadiusScale:1.0]]
[2023.10.13-22.22.37:058][  0]LogConfig: Setting CVar [[r.DepthOfFieldQuality:2]]
[2023.10.13-22.22.37:058][  0]LogConfig: Setting CVar [[r.RenderTargetPoolMin:400]]
[2023.10.13-22.22.37:058][  0]LogConfig: Setting CVar [[r.LensFlareQuality:2]]
[2023.10.13-22.22.37:059][  0]LogConfig: Setting CVar [[r.SceneColorFringeQuality:1]]
[2023.10.13-22.22.37:059][  0]LogConfig: Setting CVar [[r.EyeAdaptationQuality:2]]
[2023.10.13-22.22.37:059][  0]LogConfig: Setting CVar [[r.BloomQuality:5]]
[2023.10.13-22.22.37:059][  0]LogConfig: Setting CVar [[r.FastBlurThreshold:100]]
[2023.10.13-22.22.37:059][  0]LogConfig: Setting CVar [[r.Upscale.Quality:3]]
[2023.10.13-22.22.37:059][  0]LogConfig: Setting CVar [[r.Tonemapper.GrainQuantization:1]]
[2023.10.13-22.22.37:059][  0]LogConfig: Setting CVar [[r.LightShaftQuality:1]]
[2023.10.13-22.22.37:059][  0]LogConfig: Setting CVar [[r.Filter.SizeScale:1]]
[2023.10.13-22.22.37:059][  0]LogConfig: Setting CVar [[r.Tonemapper.Quality:5]]
[2023.10.13-22.22.37:059][  0]LogConfig: Setting CVar [[r.DOF.Gather.AccumulatorQuality:1        ; higher gathering accumulator quality]]
[2023.10.13-22.22.37:059][  0]LogConfig: Setting CVar [[r.DOF.Gather.PostfilterMethod:1          ; Median3x3 postfilering method]]
[2023.10.13-22.22.37:059][  0]LogConfig: Setting CVar [[r.DOF.Gather.EnableBokehSettings:0       ; no bokeh simulation when gathering]]
[2023.10.13-22.22.37:059][  0]LogConfig: Setting CVar [[r.DOF.Gather.RingCount:4                 ; medium number of samples when gathering]]
[2023.10.13-22.22.37:059][  0]LogConfig: Setting CVar [[r.DOF.Scatter.ForegroundCompositing:1    ; additive foreground scattering]]
[2023.10.13-22.22.37:059][  0]LogConfig: Setting CVar [[r.DOF.Scatter.BackgroundCompositing:2    ; additive background scattering]]
[2023.10.13-22.22.37:059][  0]LogConfig: Setting CVar [[r.DOF.Scatter.EnableBokehSettings:1      ; bokeh simulation when scattering]]
[2023.10.13-22.22.37:060][  0]LogConfig: Setting CVar [[r.DOF.Scatter.MaxSpriteRatio:0.1         ; only a maximum of 10% of scattered bokeh]]
[2023.10.13-22.22.37:060][  0]LogConfig: Setting CVar [[r.DOF.Recombine.Quality:1                ; cheap slight out of focus]]
[2023.10.13-22.22.37:060][  0]LogConfig: Setting CVar [[r.DOF.Recombine.EnableBokehSettings:0    ; no bokeh simulation on slight out of focus]]
[2023.10.13-22.22.37:060][  0]LogConfig: Setting CVar [[r.DOF.TemporalAAQuality:1                ; more stable temporal accumulation]]
[2023.10.13-22.22.37:060][  0]LogConfig: Setting CVar [[r.DOF.Kernel.MaxForegroundRadius:0.025]]
[2023.10.13-22.22.37:060][  0]LogConfig: Setting CVar [[r.DOF.Kernel.MaxBackgroundRadius:0.025]]
[2023.10.13-22.22.37:060][  0]LogConfig: Applying CVar settings from Section [TextureQuality@3] File [D:/UnrealGame01/UnrealGame001/Saved/Config/Windows/Scalability.ini]
[2023.10.13-22.22.37:060][  0]LogConfig: Setting CVar [[r.Streaming.MipBias:0]]
[2023.10.13-22.22.37:060][  0]LogConfig: Setting CVar [[r.Streaming.AmortizeCPUToGPUCopy:0]]
[2023.10.13-22.22.37:060][  0]LogConfig: Setting CVar [[r.Streaming.MaxNumTexturesToStreamPerFrame:0]]
[2023.10.13-22.22.37:061][  0]LogConfig: Setting CVar [[r.Streaming.Boost:1]]
[2023.10.13-22.22.37:061][  0]LogConfig: Setting CVar [[r.MaxAnisotropy:8]]
[2023.10.13-22.22.37:061][  0]LogConfig: Setting CVar [[r.VT.MaxAnisotropy:8]]
[2023.10.13-22.22.37:061][  0]LogConfig: Setting CVar [[r.Streaming.LimitPoolSizeToVRAM:0]]
[2023.10.13-22.22.37:061][  0]LogConfig: Setting CVar [[r.Streaming.PoolSize:1000]]
[2023.10.13-22.22.37:061][  0]LogConfig: Setting CVar [[r.Streaming.MaxEffectiveScreenSize:0]]
[2023.10.13-22.22.37:061][  0]LogConfig: Applying CVar settings from Section [EffectsQuality@3] File [D:/UnrealGame01/UnrealGame001/Saved/Config/Windows/Scalability.ini]
[2023.10.13-22.22.37:061][  0]LogConfig: Setting CVar [[r.TranslucencyLightingVolumeDim:64]]
[2023.10.13-22.22.37:061][  0]LogConfig: Setting CVar [[r.RefractionQuality:2]]
[2023.10.13-22.22.37:061][  0]LogConfig: Setting CVar [[r.SSR.Quality:3]]
[2023.10.13-22.22.37:061][  0]LogConfig: Setting CVar [[r.SSR.HalfResSceneColor:0]]
[2023.10.13-22.22.37:061][  0]LogConfig: Setting CVar [[r.SceneColorFormat:4]]
[2023.10.13-22.22.37:061][  0]LogConfig: Setting CVar [[r.DetailMode:2]]
[2023.10.13-22.22.37:061][  0]LogConfig: Setting CVar [[r.TranslucencyVolumeBlur:1]]
[2023.10.13-22.22.37:061][  0]LogConfig: Setting CVar [[r.MaterialQualityLevel:1 ; High quality]]
[2023.10.13-22.22.37:062][  0]LogConfig: Setting CVar [[r.AnisotropicMaterials:1]]
[2023.10.13-22.22.37:062][  0]LogConfig: Setting CVar [[r.SSS.Scale:1]]
[2023.10.13-22.22.37:062][  0]LogConfig: Setting CVar [[r.SSS.SampleSet:2]]
[2023.10.13-22.22.37:062][  0]LogConfig: Setting CVar [[r.SSS.Quality:1]]
[2023.10.13-22.22.37:062][  0]LogConfig: Setting CVar [[r.SSS.HalfRes:0]]
[2023.10.13-22.22.37:062][  0]LogConfig: Setting CVar [[r.SSGI.Quality:3]]
[2023.10.13-22.22.37:062][  0]LogConfig: Setting CVar [[r.EmitterSpawnRateScale:1.0]]
[2023.10.13-22.22.37:062][  0]LogConfig: Setting CVar [[r.ParticleLightQuality:2]]
[2023.10.13-22.22.37:062][  0]LogConfig: Setting CVar [[r.SkyAtmosphere.AerialPerspectiveLUT.FastApplyOnOpaque:1 ; Always have FastSkyLUT 1 in this case to avoid wrong sky]]
[2023.10.13-22.22.37:062][  0]LogConfig: Setting CVar [[r.SkyAtmosphere.AerialPerspectiveLUT.SampleCountMaxPerSlice:4]]
[2023.10.13-22.22.37:062][  0]LogConfig: Setting CVar [[r.SkyAtmosphere.AerialPerspectiveLUT.DepthResolution:16.0]]
[2023.10.13-22.22.37:062][  0]LogConfig: Setting CVar [[r.SkyAtmosphere.FastSkyLUT:1]]
[2023.10.13-22.22.37:062][  0]LogConfig: Setting CVar [[r.SkyAtmosphere.FastSkyLUT.SampleCountMin:4.0]]
[2023.10.13-22.22.37:062][  0]LogConfig: Setting CVar [[r.SkyAtmosphere.FastSkyLUT.SampleCountMax:128.0]]
[2023.10.13-22.22.37:062][  0]LogConfig: Setting CVar [[r.SkyAtmosphere.SampleCountMin:4.0]]
[2023.10.13-22.22.37:062][  0]LogConfig: Setting CVar [[r.SkyAtmosphere.SampleCountMax:128.0]]
[2023.10.13-22.22.37:062][  0]LogConfig: Setting CVar [[r.SkyAtmosphere.TransmittanceLUT.UseSmallFormat:0]]
[2023.10.13-22.22.37:062][  0]LogConfig: Setting CVar [[r.SkyAtmosphere.TransmittanceLUT.SampleCount:10.0]]
[2023.10.13-22.22.37:062][  0]LogConfig: Setting CVar [[r.SkyAtmosphere.MultiScatteringLUT.SampleCount:15.0]]
[2023.10.13-22.22.37:063][  0]LogConfig: Setting CVar [[r.SkyLight.RealTimeReflectionCapture:1]]
[2023.10.13-22.22.37:063][  0]LogConfig: Applying CVar settings from Section [FoliageQuality@3] File [D:/UnrealGame01/UnrealGame001/Saved/Config/Windows/Scalability.ini]
[2023.10.13-22.22.37:063][  0]LogConfig: Setting CVar [[foliage.DensityScale:1.0]]
[2023.10.13-22.22.37:063][  0]LogConfig: Setting CVar [[grass.DensityScale:1.0]]
[2023.10.13-22.22.37:063][  0]LogConfig: Applying CVar settings from Section [ShadingQuality@3] File [D:/UnrealGame01/UnrealGame001/Saved/Config/Windows/Scalability.ini]
[2023.10.13-22.22.37:063][  0]LogConfig: Setting CVar [[r.HairStrands.SkyLighting.IntegrationType:2]]
[2023.10.13-22.22.37:063][  0]LogConfig: Setting CVar [[r.HairStrands.SkyAO.SampleCount:4]]
[2023.10.13-22.22.37:063][  0]LogConfig: Setting CVar [[r.HairStrands.Visibility.MSAA.SamplePerPixel:4]]
[2023.10.13-22.22.37:063][  0]LogInit: Selected Device Profile: [Windows]
[2023.10.13-22.22.37:063][  0]LogInit: Applying CVar settings loaded from the selected device profile: [Windows]
[2023.10.13-22.22.37:063][  0]LogHAL: Display: Platform has ~ 16 GB [16938074112 / 17179869184 / 16], which maps to Larger [LargestMinGB=32, LargerMinGB=12, DefaultMinGB=8, SmallerMinGB=6, SmallestMinGB=0)
[2023.10.13-22.22.37:063][  0]LogInit: Going up to parent DeviceProfile []
[2023.10.13-22.22.37:064][  0]LogConfig: Applying CVar settings from Section [ViewDistanceQuality@3] File [D:/UnrealGame01/UnrealGame001/Saved/Config/Windows/Scalability.ini]
[2023.10.13-22.22.37:064][  0]LogConfig: Setting CVar [[r.SkeletalMeshLODBias:0]]
[2023.10.13-22.22.37:064][  0]LogConfig: Setting CVar [[r.ViewDistanceScale:1.0]]
[2023.10.13-22.22.37:064][  0]LogConfig: Applying CVar settings from Section [AntiAliasingQuality@3] File [D:/UnrealGame01/UnrealGame001/Saved/Config/Windows/Scalability.ini]
[2023.10.13-22.22.37:064][  0]LogConfig: Setting CVar [[r.PostProcessAAQuality:4]]
[2023.10.13-22.22.37:064][  0]LogConfig: Applying CVar settings from Section [ShadowQuality@3] File [D:/UnrealGame01/UnrealGame001/Saved/Config/Windows/Scalability.ini]
[2023.10.13-22.22.37:064][  0]LogConfig: Setting CVar [[r.LightFunctionQuality:1]]
[2023.10.13-22.22.37:064][  0]LogConfig: Setting CVar [[r.ShadowQuality:5]]
[2023.10.13-22.22.37:065][  0]LogConfig: Setting CVar [[r.Shadow.CSM.MaxCascades:10]]
[2023.10.13-22.22.37:065][  0]LogConfig: Setting CVar [[r.Shadow.MaxResolution:2048]]
[2023.10.13-22.22.37:065][  0]LogConfig: Setting CVar [[r.Shadow.MaxCSMResolution:2048]]
[2023.10.13-22.22.37:065][  0]LogConfig: Setting CVar [[r.Shadow.RadiusThreshold:0.01]]
[2023.10.13-22.22.37:065][  0]LogConfig: Setting CVar [[r.Shadow.DistanceScale:1.0]]
[2023.10.13-22.22.37:065][  0]LogConfig: Setting CVar [[r.Shadow.CSM.TransitionScale:1.0]]
[2023.10.13-22.22.37:065][  0]LogConfig: Setting CVar [[r.Shadow.PreShadowResolutionFactor:1.0]]
[2023.10.13-22.22.37:065][  0]LogConfig: Setting CVar [[r.DistanceFieldShadowing:1]]
[2023.10.13-22.22.37:065][  0]LogConfig: Setting CVar [[r.DistanceFieldAO:1]]
[2023.10.13-22.22.37:065][  0]LogConfig: Setting CVar [[r.AOQuality:2]]
[2023.10.13-22.22.37:066][  0]LogConfig: Setting CVar [[r.VolumetricFog:1]]
[2023.10.13-22.22.37:066][  0]LogConfig: Setting CVar [[r.VolumetricFog.GridPixelSize:8]]
[2023.10.13-22.22.37:066][  0]LogConfig: Setting CVar [[r.VolumetricFog.GridSizeZ:128]]
[2023.10.13-22.22.37:066][  0]LogConfig: Setting CVar [[r.VolumetricFog.HistoryMissSupersampleCount:4]]
[2023.10.13-22.22.37:066][  0]LogConfig: Setting CVar [[r.LightMaxDrawDistanceScale:1]]
[2023.10.13-22.22.37:066][  0]LogConfig: Setting CVar [[r.CapsuleShadows:1]]
[2023.10.13-22.22.37:066][  0]LogConfig: Applying CVar settings from Section [PostProcessQuality@3] File [D:/UnrealGame01/UnrealGame001/Saved/Config/Windows/Scalability.ini]
[2023.10.13-22.22.37:066][  0]LogConfig: Setting CVar [[r.MotionBlurQuality:4]]
[2023.10.13-22.22.37:066][  0]LogConfig: Setting CVar [[r.AmbientOcclusionMipLevelFactor:0.4]]
[2023.10.13-22.22.37:066][  0]LogConfig: Setting CVar [[r.AmbientOcclusionMaxQuality:100]]
[2023.10.13-22.22.37:066][  0]LogConfig: Setting CVar [[r.AmbientOcclusionLevels:-1]]
[2023.10.13-22.22.37:066][  0]LogConfig: Setting CVar [[r.AmbientOcclusionRadiusScale:1.0]]
[2023.10.13-22.22.37:066][  0]LogConfig: Setting CVar [[r.DepthOfFieldQuality:2]]
[2023.10.13-22.22.37:066][  0]LogConfig: Setting CVar [[r.RenderTargetPoolMin:400]]
[2023.10.13-22.22.37:066][  0]LogConfig: Setting CVar [[r.LensFlareQuality:2]]
[2023.10.13-22.22.37:066][  0]LogConfig: Setting CVar [[r.SceneColorFringeQuality:1]]
[2023.10.13-22.22.37:066][  0]LogConfig: Setting CVar [[r.EyeAdaptationQuality:2]]
[2023.10.13-22.22.37:066][  0]LogConfig: Setting CVar [[r.BloomQuality:5]]
[2023.10.13-22.22.37:066][  0]LogConfig: Setting CVar [[r.FastBlurThreshold:100]]
[2023.10.13-22.22.37:066][  0]LogConfig: Setting CVar [[r.Upscale.Quality:3]]
[2023.10.13-22.22.37:066][  0]LogConfig: Setting CVar [[r.Tonemapper.GrainQuantization:1]]
[2023.10.13-22.22.37:067][  0]LogConfig: Setting CVar [[r.LightShaftQuality:1]]
[2023.10.13-22.22.37:067][  0]LogConfig: Setting CVar [[r.Filter.SizeScale:1]]
[2023.10.13-22.22.37:067][  0]LogConfig: Setting CVar [[r.Tonemapper.Quality:5]]
[2023.10.13-22.22.37:067][  0]LogConfig: Setting CVar [[r.DOF.Gather.AccumulatorQuality:1        ; higher gathering accumulator quality]]
[2023.10.13-22.22.37:067][  0]LogConfig: Setting CVar [[r.DOF.Gather.PostfilterMethod:1          ; Median3x3 postfilering method]]
[2023.10.13-22.22.37:067][  0]LogConfig: Setting CVar [[r.DOF.Gather.EnableBokehSettings:0       ; no bokeh simulation when gathering]]
[2023.10.13-22.22.37:067][  0]LogConfig: Setting CVar [[r.DOF.Gather.RingCount:4                 ; medium number of samples when gathering]]
[2023.10.13-22.22.37:067][  0]LogConfig: Setting CVar [[r.DOF.Scatter.ForegroundCompositing:1    ; additive foreground scattering]]
[2023.10.13-22.22.37:067][  0]LogConfig: Setting CVar [[r.DOF.Scatter.BackgroundCompositing:2    ; additive background scattering]]
[2023.10.13-22.22.37:067][  0]LogConfig: Setting CVar [[r.DOF.Scatter.EnableBokehSettings:1      ; bokeh simulation when scattering]]
[2023.10.13-22.22.37:067][  0]LogConfig: Setting CVar [[r.DOF.Scatter.MaxSpriteRatio:0.1         ; only a maximum of 10% of scattered bokeh]]
[2023.10.13-22.22.37:067][  0]LogConfig: Setting CVar [[r.DOF.Recombine.Quality:1                ; cheap slight out of focus]]
[2023.10.13-22.22.37:068][  0]LogConfig: Setting CVar [[r.DOF.Recombine.EnableBokehSettings:0    ; no bokeh simulation on slight out of focus]]
[2023.10.13-22.22.37:068][  0]LogConfig: Setting CVar [[r.DOF.TemporalAAQuality:1                ; more stable temporal accumulation]]
[2023.10.13-22.22.37:068][  0]LogConfig: Setting CVar [[r.DOF.Kernel.MaxForegroundRadius:0.025]]
[2023.10.13-22.22.37:068][  0]LogConfig: Setting CVar [[r.DOF.Kernel.MaxBackgroundRadius:0.025]]
[2023.10.13-22.22.37:069][  0]LogConfig: Applying CVar settings from Section [TextureQuality@3] File [D:/UnrealGame01/UnrealGame001/Saved/Config/Windows/Scalability.ini]
[2023.10.13-22.22.37:069][  0]LogConfig: Setting CVar [[r.Streaming.MipBias:0]]
[2023.10.13-22.22.37:069][  0]LogConfig: Setting CVar [[r.Streaming.AmortizeCPUToGPUCopy:0]]
[2023.10.13-22.22.37:069][  0]LogConfig: Setting CVar [[r.Streaming.MaxNumTexturesToStreamPerFrame:0]]
[2023.10.13-22.22.37:069][  0]LogConfig: Setting CVar [[r.Streaming.Boost:1]]
[2023.10.13-22.22.37:069][  0]LogConfig: Setting CVar [[r.MaxAnisotropy:8]]
[2023.10.13-22.22.37:069][  0]LogConfig: Setting CVar [[r.VT.MaxAnisotropy:8]]
[2023.10.13-22.22.37:069][  0]LogConfig: Setting CVar [[r.Streaming.LimitPoolSizeToVRAM:0]]
[2023.10.13-22.22.37:069][  0]LogConfig: Setting CVar [[r.Streaming.PoolSize:1000]]
[2023.10.13-22.22.37:069][  0]LogConfig: Setting CVar [[r.Streaming.MaxEffectiveScreenSize:0]]
[2023.10.13-22.22.37:069][  0]LogConfig: Applying CVar settings from Section [EffectsQuality@3] File [D:/UnrealGame01/UnrealGame001/Saved/Config/Windows/Scalability.ini]
[2023.10.13-22.22.37:069][  0]LogConfig: Setting CVar [[r.TranslucencyLightingVolumeDim:64]]
[2023.10.13-22.22.37:069][  0]LogConfig: Setting CVar [[r.RefractionQuality:2]]
[2023.10.13-22.22.37:069][  0]LogConfig: Setting CVar [[r.SSR.Quality:3]]
[2023.10.13-22.22.37:069][  0]LogConfig: Setting CVar [[r.SSR.HalfResSceneColor:0]]
[2023.10.13-22.22.37:070][  0]LogConfig: Setting CVar [[r.SceneColorFormat:4]]
[2023.10.13-22.22.37:070][  0]LogConfig: Setting CVar [[r.DetailMode:2]]
[2023.10.13-22.22.37:070][  0]LogConfig: Setting CVar [[r.TranslucencyVolumeBlur:1]]
[2023.10.13-22.22.37:070][  0]LogConfig: Setting CVar [[r.MaterialQualityLevel:1 ; High quality]]
[2023.10.13-22.22.37:070][  0]LogConfig: Setting CVar [[r.AnisotropicMaterials:1]]
[2023.10.13-22.22.37:070][  0]LogConfig: Setting CVar [[r.SSS.Scale:1]]
[2023.10.13-22.22.37:070][  0]LogConfig: Setting CVar [[r.SSS.SampleSet:2]]
[2023.10.13-22.22.37:070][  0]LogConfig: Setting CVar [[r.SSS.Quality:1]]
[2023.10.13-22.22.37:070][  0]LogConfig: Setting CVar [[r.SSS.HalfRes:0]]
[2023.10.13-22.22.37:070][  0]LogConfig: Setting CVar [[r.SSGI.Quality:3]]
[2023.10.13-22.22.37:070][  0]LogConfig: Setting CVar [[r.EmitterSpawnRateScale:1.0]]
[2023.10.13-22.22.37:070][  0]LogConfig: Setting CVar [[r.ParticleLightQuality:2]]
[2023.10.13-22.22.37:070][  0]LogConfig: Setting CVar [[r.SkyAtmosphere.AerialPerspectiveLUT.FastApplyOnOpaque:1 ; Always have FastSkyLUT 1 in this case to avoid wrong sky]]
[2023.10.13-22.22.37:071][  0]LogConfig: Setting CVar [[r.SkyAtmosphere.AerialPerspectiveLUT.SampleCountMaxPerSlice:4]]
[2023.10.13-22.22.37:071][  0]LogConfig: Setting CVar [[r.SkyAtmosphere.AerialPerspectiveLUT.DepthResolution:16.0]]
[2023.10.13-22.22.37:071][  0]LogConfig: Setting CVar [[r.SkyAtmosphere.FastSkyLUT:1]]
[2023.10.13-22.22.37:071][  0]LogConfig: Setting CVar [[r.SkyAtmosphere.FastSkyLUT.SampleCountMin:4.0]]
[2023.10.13-22.22.37:071][  0]LogConfig: Setting CVar [[r.SkyAtmosphere.FastSkyLUT.SampleCountMax:128.0]]
[2023.10.13-22.22.37:071][  0]LogConfig: Setting CVar [[r.SkyAtmosphere.SampleCountMin:4.0]]
[2023.10.13-22.22.37:071][  0]LogConfig: Setting CVar [[r.SkyAtmosphere.SampleCountMax:128.0]]
[2023.10.13-22.22.37:071][  0]LogConfig: Setting CVar [[r.SkyAtmosphere.TransmittanceLUT.UseSmallFormat:0]]
[2023.10.13-22.22.37:071][  0]LogConfig: Setting CVar [[r.SkyAtmosphere.TransmittanceLUT.SampleCount:10.0]]
[2023.10.13-22.22.37:071][  0]LogConfig: Setting CVar [[r.SkyAtmosphere.MultiScatteringLUT.SampleCount:15.0]]
[2023.10.13-22.22.37:072][  0]LogConfig: Setting CVar [[r.SkyLight.RealTimeReflectionCapture:1]]
[2023.10.13-22.22.37:072][  0]LogConfig: Applying CVar settings from Section [FoliageQuality@3] File [D:/UnrealGame01/UnrealGame001/Saved/Config/Windows/Scalability.ini]
[2023.10.13-22.22.37:072][  0]LogConfig: Setting CVar [[foliage.DensityScale:1.0]]
[2023.10.13-22.22.37:072][  0]LogConfig: Setting CVar [[grass.DensityScale:1.0]]
[2023.10.13-22.22.37:073][  0]LogConfig: Applying CVar settings from Section [ShadingQuality@3] File [D:/UnrealGame01/UnrealGame001/Saved/Config/Windows/Scalability.ini]
[2023.10.13-22.22.37:073][  0]LogConfig: Setting CVar [[r.HairStrands.SkyLighting.IntegrationType:2]]
[2023.10.13-22.22.37:073][  0]LogConfig: Setting CVar [[r.HairStrands.SkyAO.SampleCount:4]]
[2023.10.13-22.22.37:073][  0]LogConfig: Setting CVar [[r.HairStrands.Visibility.MSAA.SamplePerPixel:4]]
[2023.10.13-22.22.37:073][  0]LogConfig: Applying CVar settings from Section [Startup] File [../../../Engine/Config/ConsoleVariables.ini]
[2023.10.13-22.22.37:073][  0]LogConfig: Setting CVar [[net.UseAdaptiveNetUpdateFrequency:0]]
[2023.10.13-22.22.37:073][  0]LogConfig: Setting CVar [[p.chaos.AllowCreatePhysxBodies:1]]
[2023.10.13-22.22.37:074][  0]LogConfig: Setting CVar [[fx.SkipVectorVMBackendOptimizations:1]]
[2023.10.13-22.22.37:074][  0]LogConfig: Applying CVar settings from Section [ConsoleVariables] File [D:/UnrealGame01/UnrealGame001/Saved/Config/Windows/Engine.ini]
[2023.10.13-22.22.37:074][  0]LogConfig: Applying CVar settings from Section [ConsoleVariables] File [D:/UnrealGame01/UnrealGame001/Saved/Config/Windows/Editor.ini]
[2023.10.13-22.22.37:074][  0]LogInit: Computer: MSI
[2023.10.13-22.22.37:074][  0]LogInit: User: MOON
[2023.10.13-22.22.37:074][  0]LogInit: CPU Page size=4096, Cores=8
[2023.10.13-22.22.37:074][  0]LogInit: High frequency timer resolution =10.000000 MHz
[2023.10.13-22.22.37:074][  0]LogMemory: Memory total: Physical=15.8GB (16GB approx)
[2023.10.13-22.22.37:074][  0]LogMemory: Platform Memory Stats for Windows
[2023.10.13-22.22.37:074][  0]LogMemory: Process Physical Memory: 148.31 MB used, 148.31 MB peak
[2023.10.13-22.22.37:074][  0]LogMemory: Process Virtual Memory: 126.16 MB used, 126.16 MB peak
[2023.10.13-22.22.37:076][  0]LogMemory: Physical Memory: 12410.23 MB used,  3743.18 MB free, 16153.41 MB total
[2023.10.13-22.22.37:076][  0]LogMemory: Virtual Memory: 134212344.00 MB used,  5387.75 MB free, 134217728.00 MB total
[2023.10.13-22.22.37:350][  0]LogWindows: WindowsPlatformFeatures enabled
[2023.10.13-22.22.37:649][  0]LogInit: Physics initialised using underlying interface: PhysX
[2023.10.13-22.22.37:651][  0]LogInit: Using OS detected language (en-US).
[2023.10.13-22.22.37:651][  0]LogInit: Using OS detected locale (en-US).
[2023.10.13-22.22.37:670][  0]LogTextLocalizationManager: No specific localization for 'en-US' exists, so the 'en' localization will be used.
[2023.10.13-22.22.37:971][  0]LogInit: Setting process to per monitor DPI aware
[2023.10.13-22.22.38:000][  0]LogWindowsTextInputMethodSystem: Display: IME system deactivated.
[2023.10.13-22.22.38:035][  0]LogSlate: New Slate User Created.  User Index 0, Is Virtual User: 0
[2023.10.13-22.22.38:035][  0]LogSlate: Slate User Registered.  User Index 0, Is Virtual User: 0
[2023.10.13-22.22.38:386][  0]LogD3D11RHI: Loaded GFSDK_Aftermath_Lib.x64.dll
[2023.10.13-22.22.38:398][  0]LogHMD: Failed to initialize OpenVR with code 110
[2023.10.13-22.22.38:398][  0]LogD3D11RHI: D3D11 min allowed feature level: 11_0
[2023.10.13-22.22.38:399][  0]LogD3D11RHI: D3D11 max allowed feature level: 11_0
[2023.10.13-22.22.38:399][  0]LogD3D11RHI: D3D11 adapters:
[2023.10.13-22.22.38:625][  0]LogD3D11RHI:    0. 'NVIDIA GeForce RTX 3080 Laptop GPU' (Feature Level 11_0)
[2023.10.13-22.22.38:625][  0]LogD3D11RHI:       16191/0/8076 MB DedicatedVideo/DedicatedSystem/SharedSystem, Outputs:1, VendorId:0x10de
[2023.10.13-22.22.38:636][  0]LogD3D11RHI:    1. 'Microsoft Basic Render Driver' (Feature Level 11_0)
[2023.10.13-22.22.38:636][  0]LogD3D11RHI:       0/0/8076 MB DedicatedVideo/DedicatedSystem/SharedSystem, Outputs:0, VendorId:0x1414
[2023.10.13-22.22.38:636][  0]LogD3D11RHI: Chosen D3D11 Adapter:
[2023.10.13-22.22.38:636][  0]LogD3D11RHI:     Description : NVIDIA GeForce RTX 3080 Laptop GPU
[2023.10.13-22.22.38:636][  0]LogD3D11RHI:     VendorId    : 10de
[2023.10.13-22.22.38:637][  0]LogD3D11RHI:     DeviceId    : 249c
[2023.10.13-22.22.38:637][  0]LogD3D11RHI:     SubSysId    : 13051462
[2023.10.13-22.22.38:637][  0]LogD3D11RHI:     Revision    : 00a1
[2023.10.13-22.22.38:637][  0]LogD3D11RHI:     DedicatedVideoMemory : 16977494016 bytes
[2023.10.13-22.22.38:637][  0]LogD3D11RHI:     DedicatedSystemMemory : 0 bytes
[2023.10.13-22.22.38:637][  0]LogD3D11RHI:     SharedSystemMemory : 8469037056 bytes
[2023.10.13-22.22.38:637][  0]LogD3D11RHI:     AdapterLuid : 0 70377
[2023.10.13-22.22.38:646][  0]LogD3D11RHI: Creating new Direct3DDevice
[2023.10.13-22.22.38:646][  0]LogD3D11RHI:     GPU DeviceId: 0x249c (for the marketing name, search the web for "GPU Device Id")
[2023.10.13-22.22.38:646][  0]LogWindows: EnumDisplayDevices:
[2023.10.13-22.22.38:647][  0]LogWindows:    0. 'NVIDIA GeForce RTX 3080 Laptop GPU' (P:1 D:1)
[2023.10.13-22.22.38:648][  0]LogWindows:    1. 'NVIDIA GeForce RTX 3080 Laptop GPU' (P:0 D:0)
[2023.10.13-22.22.38:649][  0]LogWindows:    2. 'NVIDIA GeForce RTX 3080 Laptop GPU' (P:0 D:0)
[2023.10.13-22.22.38:650][  0]LogWindows:    3. 'NVIDIA GeForce RTX 3080 Laptop GPU' (P:0 D:0)
[2023.10.13-22.22.38:650][  0]LogWindows: DebugString: FoundDriverCount:4 
[2023.10.13-22.22.38:650][  0]LogD3D11RHI:     Adapter Name: NVIDIA GeForce RTX 3080 Laptop GPU
[2023.10.13-22.22.38:651][  0]LogD3D11RHI:   Driver Version: 536.99 (internal:31.0.15.3699, unified:536.99)
[2023.10.13-22.22.38:651][  0]LogD3D11RHI:      Driver Date: 8-4-2023
[2023.10.13-22.22.38:651][  0]LogRHI: Texture pool is 11333 MB (70% of 16191 MB)
[2023.10.13-22.22.38:651][  0]LogD3D11RHI: Creating D3DDevice using adapter:
[2023.10.13-22.22.38:651][  0]LogD3D11RHI:     Description : NVIDIA GeForce RTX 3080 Laptop GPU
[2023.10.13-22.22.38:651][  0]LogD3D11RHI:     VendorId    : 10de
[2023.10.13-22.22.38:651][  0]LogD3D11RHI:     DeviceId    : 249c
[2023.10.13-22.22.38:651][  0]LogD3D11RHI:     SubSysId    : 13051462
[2023.10.13-22.22.38:651][  0]LogD3D11RHI:     Revision    : 00a1
[2023.10.13-22.22.38:651][  0]LogD3D11RHI:     DedicatedVideoMemory : 16977494016 bytes
[2023.10.13-22.22.38:651][  0]LogD3D11RHI:     DedicatedSystemMemory : 0 bytes
[2023.10.13-22.22.38:652][  0]LogD3D11RHI:     SharedSystemMemory : 8469037056 bytes
[2023.10.13-22.22.38:652][  0]LogD3D11RHI:     AdapterLuid : 0 70377
[2023.10.13-22.22.38:756][  0]LogD3D11RHI: RHI has support for 64 bit atomics
[2023.10.13-22.22.38:757][  0]LogD3D11RHI: Async texture creation enabled
[2023.10.13-22.22.38:757][  0]LogD3D11RHI: Array index from any shader is supported
[2023.10.13-22.22.38:785][  0]LogD3D11RHI: GPU Timing Frequency: 1000.000000 (Debug: 2 1)
[2023.10.13-22.22.38:870][  0]LogRHI: GeForceNow SDK initialized: 1
[2023.10.13-22.22.39:320][  0]LogTargetPlatformManager: Display: Loaded TargetPlatform 'AllDesktop'
[2023.10.13-22.22.39:348][  0]LogTargetPlatformManager: Display: Loaded TargetPlatform 'Android'
[2023.10.13-22.22.39:348][  0]LogTargetPlatformManager: Display: Loaded TargetPlatform 'Android_ASTC'
[2023.10.13-22.22.39:348][  0]LogTargetPlatformManager: Display: Loaded TargetPlatform 'Android_DXT'
[2023.10.13-22.22.39:349][  0]LogTargetPlatformManager: Display: Loaded TargetPlatform 'Android_ETC2'
[2023.10.13-22.22.39:349][  0]LogTargetPlatformManager: Display: Loaded TargetPlatform 'AndroidClient'
[2023.10.13-22.22.39:349][  0]LogTargetPlatformManager: Display: Loaded TargetPlatform 'Android_ASTCClient'
[2023.10.13-22.22.39:349][  0]LogTargetPlatformManager: Display: Loaded TargetPlatform 'Android_DXTClient'
[2023.10.13-22.22.39:349][  0]LogTargetPlatformManager: Display: Loaded TargetPlatform 'Android_ETC2Client'
[2023.10.13-22.22.39:349][  0]LogTargetPlatformManager: Display: Loaded TargetPlatform 'Android_Multi'
[2023.10.13-22.22.39:349][  0]LogTargetPlatformManager: Display: Loaded TargetPlatform 'Android_MultiClient'
[2023.10.13-22.22.39:395][  0]LogTargetPlatformManager: Display: Loaded TargetPlatform 'IOSClient'
[2023.10.13-22.22.39:395][  0]LogTargetPlatformManager: Display: Loaded TargetPlatform 'IOS'
[2023.10.13-22.22.39:410][  0]LogTargetPlatformManager: Display: Loaded TargetPlatform 'Linux'
[2023.10.13-22.22.39:423][  0]LogTargetPlatformManager: Display: Loaded TargetPlatform 'LinuxNoEditor'
[2023.10.13-22.22.39:435][  0]LogTargetPlatformManager: Display: Loaded TargetPlatform 'LinuxClient'
[2023.10.13-22.22.39:447][  0]LogTargetPlatformManager: Display: Loaded TargetPlatform 'LinuxServer'
[2023.10.13-22.22.39:462][  0]LogTargetPlatformManager: Display: Loaded TargetPlatform 'LinuxAArch64NoEditor'
[2023.10.13-22.22.39:475][  0]LogTargetPlatformManager: Display: Loaded TargetPlatform 'LinuxAArch64Client'
[2023.10.13-22.22.39:487][  0]LogTargetPlatformManager: Display: Loaded TargetPlatform 'LinuxAArch64Server'
[2023.10.13-22.22.39:514][  0]LogTargetPlatformManager: Display: Loaded TargetPlatform 'Lumin'
[2023.10.13-22.22.39:514][  0]LogTargetPlatformManager: Display: Loaded TargetPlatform 'LuminClient'
[2023.10.13-22.22.39:534][  0]LogTargetPlatformManager: Display: Loaded TargetPlatform 'MacNoEditor'
[2023.10.13-22.22.39:549][  0]LogTargetPlatformManager: Display: Loaded TargetPlatform 'Mac'
[2023.10.13-22.22.39:564][  0]LogTargetPlatformManager: Display: Loaded TargetPlatform 'MacClient'
[2023.10.13-22.22.39:577][  0]LogTargetPlatformManager: Display: Loaded TargetPlatform 'MacServer'
[2023.10.13-22.22.39:592][  0]LogTargetPlatformManager: Display: Loaded TargetPlatform 'TVOSClient'
[2023.10.13-22.22.39:592][  0]LogTargetPlatformManager: Display: Loaded TargetPlatform 'TVOS'
[2023.10.13-22.22.39:611][  0]LogTargetPlatformManager: Display: Loaded TargetPlatform 'WindowsNoEditor'
[2023.10.13-22.22.39:626][  0]LogTargetPlatformManager: Display: Loaded TargetPlatform 'Windows'
[2023.10.13-22.22.39:640][  0]LogTargetPlatformManager: Display: Loaded TargetPlatform 'WindowsClient'
[2023.10.13-22.22.39:656][  0]LogTargetPlatformManager: Display: Loaded TargetPlatform 'WindowsServer'
[2023.10.13-22.22.39:656][  0]LogTargetPlatformManager: Display: Building Assets For Windows
[2023.10.13-22.22.39:687][  0]LogAudioDebug: Display: Lib vorbis DLL was dynamically loaded.
[2023.10.13-22.22.39:813][  0]LogTextureFormatOodle: Display: Oodle Texture 2.9.0 init RDO Off
[2023.10.13-22.22.40:031][  0]LogRendererCore: Ray tracing is disabled. Reason: r.RayTracing=0.
[2023.10.13-22.22.40:032][  0]LogShaderCompilers: Guid format shader working directory is 16 characters bigger than the processId version (D:/UnrealGame01/UnrealGame001/Intermediate/Shaders/WorkingDirectory/24740/).
[2023.10.13-22.22.40:032][  0]LogShaderCompilers: Cleaned the shader compiler working directory 'C:/Users/ansdn/AppData/Local/Temp/UnrealShaderWorkingDir/62CF4BDD4BDC0C274F9A58B34D6A39DC/'.
[2023.10.13-22.22.40:032][  0]LogXGEController: Cannot use XGE Controller as Incredibuild is not installed on this machine.
[2023.10.13-22.22.40:033][  0]LogShaderCompilers: Cannot use XGE Shader Compiler as Incredibuild is not installed on this machine.
[2023.10.13-22.22.40:033][  0]LogShaderCompilers: Display: Using Local Shader Compiler.
[2023.10.13-22.22.40:798][  0]LogDerivedDataCache: Display: Max Cache Size: 512 MB
[2023.10.13-22.22.40:882][  0]LogDerivedDataCache: Loaded boot cache 0.08s 94MB C:/Users/ansdn/AppData/Local/UnrealEngine/4.27/DerivedDataCache/Boot.ddc.
[2023.10.13-22.22.40:882][  0]LogDerivedDataCache: Display: Loaded Boot cache: C:/Users/ansdn/AppData/Local/UnrealEngine/4.27/DerivedDataCache/Boot.ddc
[2023.10.13-22.22.40:883][  0]LogDerivedDataCache: FDerivedDataBackendGraph:  Pak pak cache file D:/UnrealGame01/UnrealGame001/DerivedDataCache/DDC.ddp not found, will not use a pak cache.
[2023.10.13-22.22.40:883][  0]LogDerivedDataCache: Unable to find inner node Pak for hierarchical cache Hierarchy.
[2023.10.13-22.22.40:883][  0]LogDerivedDataCache: FDerivedDataBackendGraph:  CompressedPak pak cache file D:/UnrealGame01/UnrealGame001/DerivedDataCache/Compressed.ddp not found, will not use a pak cache.
[2023.10.13-22.22.40:883][  0]LogDerivedDataCache: Unable to find inner node CompressedPak for hierarchical cache Hierarchy.
[2023.10.13-22.22.40:898][  0]LogDerivedDataCache: Display: Pak cache opened for reading ../../../Engine/DerivedDataCache/Compressed.ddp.
[2023.10.13-22.22.40:898][  0]LogDerivedDataCache: FDerivedDataBackendGraph:  EnterprisePak pak cache file ../../../Enterprise/DerivedDataCache/Compressed.ddp not found, will not use a pak cache.
[2023.10.13-22.22.40:898][  0]LogDerivedDataCache: Unable to find inner node EnterprisePak for hierarchical cache Hierarchy.
[2023.10.13-22.22.40:915][  0]LogDerivedDataCache: Speed tests for C:/Users/ansdn/AppData/Local/UnrealEngine/Common/DerivedDataCache took 0.02 seconds
[2023.10.13-22.22.40:915][  0]LogDerivedDataCache: Display: Performance to C:/Users/ansdn/AppData/Local/UnrealEngine/Common/DerivedDataCache: Latency=0.26ms. RandomReadSpeed=300.14MBs, RandomWriteSpeed=98.09MBs. Assigned SpeedClass 'Local'
[2023.10.13-22.22.40:916][  0]LogDerivedDataCache: Using Local data cache path C:/Users/ansdn/AppData/Local/UnrealEngine/Common/DerivedDataCache: Writable
[2023.10.13-22.22.40:917][  0]LogDerivedDataCache: Shared data cache path not found in *engine.ini, will not use an Shared cache.
[2023.10.13-22.22.40:917][  0]LogDerivedDataCache: Unable to find inner node Shared for hierarchical cache Hierarchy.
[2023.10.13-22.22.40:961][  0]LogSlate: Using FreeType 2.10.0
[2023.10.13-22.22.40:964][  0]LogSlate: SlateFontServices - WITH_FREETYPE: 1, WITH_HARFBUZZ: 1
[2023.10.13-22.22.41:006][  0]LogAssetRegistry: FAssetRegistry took 0.0040 seconds to start up
[2023.10.13-22.22.41:290][  0]LogInit: Selected Device Profile: [Windows]
[2023.10.13-22.22.41:290][  0]LogInit: Active device profile: [000001FA616A7500][000001FA601E8B40 49] Windows
[2023.10.13-22.22.41:291][  0]LogInit: Profiles: [000001FA616A7500][000001FA601E8B40 49] Windows, [000001FA61670D00][000001FA601F0CC0 49] WindowsNoEditor, [000001FA616A4C00][000001FA601F4E40 49] WindowsServer, [000001FA61673400][000001FA601F8FC0 49] WindowsClient, [000001FA616A7300][000001FA601FD140 49] IOS, [000001FA61671200][000001FA602012C0 49] iPadAir, [000001FA616A5100][000001FA60205440 49] iPadAir2, [000001FA62614500][000001FA6020D700 49] IPadPro, [000001FA62614600][000001FA60209740 49] iPadAir3, [000001FA616A6E00][000001FA602118C0 49] iPadAir4, [000001FA62617300][000001FA60215A40 49] iPadMini2, [000001FA616A5300][000001FA60219BC0 49] iPadMini3, [000001FA62615700][000001FA6021C1C0 49] iPadMini4, [000001FA616A6A00][000001FA60220340 49] iPadMini5, [000001FA625FFD00][000001FA601EC5C0 49] iPhone6, [000001FA625FFE00][000001FA60224600 49] iPodTouch6, [000001FA62616D00][000001FA6022C840 49] iPhone7, [000001FA62616C00][000001FA60228880 49] iPodTouch7, [000001FA625FD000][000001FA602309C0 49] iPhone5S, [000001FA62616400][000001FA60238B40 49] iPhone6Plus, [000001FA625FEE00][000001FA6023CCC0 49] iPhone6S, [000001FA62616900][000001FA614FCE40 49] iPhone6SPlus, [000001FA625FD500][000001FA61500FC0 49] iPhone7Plus, [000001FA62615F00][000001FA61505140 49] iPhoneSE, [000001FA625FE900][000001FA615092C0 49] iPhone8, [000001FA62615000][000001FA6150D440 49] iPhone8Plus, [000001FA625FDA00][000001FA615115C0 49] iPhoneX, [000001FA62614800][000001FA61515740 49] iPhoneXS, [000001FA625FF000][000001FA615198C0 49] iPhoneXSMax, [000001FA62617200][000001FA6151DA40 49] iPhoneXR, [000001FA625FFA00][000001FA61521BC0 49] iPhone11, [000001FA62617B00][000001FA615241C0 49] iPhone11Pro, [000001FA625FEA00][000001FA61528340 49] iPhone11ProMax, [000001FA62617600][000001FA6152C4C0 49] iPhoneSE2, [000001FA625FCF00][000001FA61530640 49] iPhone12Mini, [000001FA62615500][000001FA60234780 49] iPhone12, [000001FA625FD200][000001FA615348C0 49] iPhone12Pro, [000001FA62614D00][000001FA61538A00 49] iPhone12ProMax, [000001FA625FD900][000001FA6153CB40 49] iPadPro105, [000001FA62614E00][000001FA61544CC0 49] iPadPro129, [000001FA625FE100][000001FA61548E40 49] iPadPro97, [000001FA62615800][000001FA6154CFC0 49] iPadPro2_129, [000001FA625FE000][000001FA61551140 49] iPad5, [000001FA62614C00][000001FA615552C0 49] iPad6, [000001FA625FDE00][000001FA61559440 49] iPad7, [000001FA62616F00][000001FA6155D5C0 49] iPad8, [000001FA625FEC00][000001FA61561740 49] iPadPro11, [000001FA62616700][000001FA615658C0 49] iPadPro2_11, [000001FA625FCB00][000001FA61569A40 49] iPadPro3_129, [000001FA62616800][000001FA6156DBC0 49] iPadPro4_129, [000001FA625FFB00][000001FA615701C0 49] AppleTV, [000001FA62614300][000001FA61574340 49] AppleTV4K, [000001FA625FD400][000001FA615784C0 49] TVOS, [000001FA62617800][000001FA6157C640 49] Mac, [000001FA625FF700][000001FA615807C0 49] MacClient, [000001FA62617000][000001FA61584940 49] MacNoEditor, [000001FA625FC100][000001FA61540A80 49] MacServer, [000001FA62614700][000001FA61588BC0 49] Linux, [000001FA625FC300][000001FA6158CD00 49] LinuxAArch64, [000001FA62617400][000001FA61594E80 49] LinuxNoEditor, [000001FA625FE700][000001FA61599000 49] LinuxAArch64NoEditor, [000001FA62615900][000001FA6159D180 49] LinuxClient, [000001FA625FE200][000001FA615A1300 49] LinuxAArch64Client, [000001FA62615C00][000001FA615A5480 49] LinuxServer, [000001FA61672700][000001FA615A9600 49] LinuxAArch64Server, [000001FA616F8900][000001FA615AD780 49] Android, [000001FA61673500][000001FA615B1900 49] Android_Low, [000001FA616FA400][000001FA615B5A80 49] Android_Mid, [000001FA61672400][000001FA615B9C00 49] Android_High, [000001FA616F8C00][000001FA615BC200 49] Android_Default, [000001FA61670900][000001FA615C0380 49] Android_Adreno4xx, [000001FA616F9B00][000001FA615C4500 49] Android_Adreno5xx_Low, [000001FA61672100][000001FA615C8680 49] Android_Adreno5xx, [000001FA616F8300][000001FA615CC800 49] Android_Adreno6xx, [000001FA61671600][000001FA615D0980 49] Android_Adreno6xx_Vulkan, [000001FA616F9400][000001FA615D4B00 49] Android_Mali_T6xx, [000001FA61672800][000001FA61590C40 49] Android_Mali_T7xx, [000001FA616F9F00][000001FA615D8D80 49] Android_Mali_T8xx, [000001FA61670300][000001FA615DCEC0 49] Android_Mali_G71, [000001FA616F8E00][000001FA615E5040 49] Android_Mali_G72, [000001FA61670200][000001FA615E91C0 49] Android_Mali_G72_Vulkan, [000001FA616F9000][000001FA615ED340 49] Android_Mali_G76, [000001FA61670600][000001FA615F14C0 49] Android_Mali_G76_Vulkan, [000001FA616F8B00][000001FA615F5640 49] Android_Mali_G77, [000001FA61671700][000001FA615F97C0 49] Android_Mali_G77_Vulkan, [000001FA616F9500][000001FA615FD940 49] Android_Mali_G78, [000001FA61672900][000001FA61601AC0 49] Android_Mali_G78_Vulkan, [000001FA616F8D00][000001FA616040C0 49] Android_Mali_G710, [000001FA61670A00][000001FA61608240 49] Android_Mali_G710_Vulkan, [000001FA616F8100][000001FA6160C3C0 49] Android_Vulkan_SM5, [000001FA62616500][000001FA61610540 49] Android_PowerVR_G6xxx, [000001FA625FF500][000001FA616146C0 49] Android_PowerVR_GT7xxx, [000001FA62616000][000001FA61618840 49] Android_PowerVR_GE8xxx, [000001FA625FC700][000001FA6161C9C0 49] Android_PowerVR_GM9xxx, [000001FA62616300][000001FA61620B40 49] Android_PowerVR_GM9xxx_Vulkan, [000001FA625FE600][000001FA61624CC0 49] Android_TegraK1, [000001FA62617A00][000001FA615E0E00 49] Android_Unknown_Vulkan, [000001FA625FE800][000001FA61628F40 49] Lumin, [000001FA62617E00][000001FA6162D080 49] Lumin_Desktop, [000001FA625FD100][000001FA616311C0 49] HoloLens, 
[2023.10.13-22.22.41:512][  0]LogMeshReduction: Using QuadricMeshReduction for automatic static mesh reduction
[2023.10.13-22.22.41:513][  0]LogMeshReduction: Using SimplygonMeshReduction for automatic skeletal mesh reduction
[2023.10.13-22.22.41:513][  0]LogMeshReduction: Using ProxyLODMeshReduction for automatic mesh merging
[2023.10.13-22.22.41:513][  0]LogMeshReduction: No distributed automatic mesh merging module available
[2023.10.13-22.22.41:513][  0]LogMeshMerging: No distributed automatic mesh merging module available
[2023.10.13-22.22.41:551][  0]LogNetVersion: UnrealGame001 1.0.0, NetCL: 17155196, EngineNetVer: 17, GameNetVer: 0 (Checksum: 1156378723)
[2023.10.13-22.22.42:043][  0]LogTexture: Default maximum texture size for cubemaps generated from long-lat sources has been changed from 512 to unlimited. In order to preserve old behaiour for '/Engine/MapTemplates/Sky/DaylightAmbientCubemap.DaylightAmbientCubemap', its maximum texture size has been explicitly set to 512.
[2023.10.13-22.22.42:113][  0]LogHMD: PokeAHoleMaterial loaded successfully
[2023.10.13-22.22.42:118][  0]LogUObjectArray: 17178 objects as part of root set at end of initial load.
[2023.10.13-22.22.42:119][  0]LogUObjectAllocator: 4302048 out of 0 bytes used by permanent object pool.
[2023.10.13-22.22.42:119][  0]LogUObjectArray: CloseDisregardForGC: 0/0 objects in disregard for GC pool
[2023.10.13-22.22.42:814][  0]LogNiagaraDebuggerClient: Niagara Debugger Client Initialized | Session: C2D0437B4D56351282DEA9ACAB0DE091 | Instance: 6887B9A741E32479103F3997AFDB8568 (MSI-24740).
[2023.10.13-22.22.42:960][  0]LogPython: Using Python 3.7.7
[2023.10.13-22.22.44:070][  0]LogTcpMessaging: Initializing TcpMessaging bridge
[2023.10.13-22.22.44:085][  0]LogUdpMessaging: Initializing bridge on interface 0.0.0.0:0 to multicast group 230.0.0.1:6666.
[2023.10.13-22.22.44:662][  0]SourceControl: Source control is disabled
[2023.10.13-22.22.44:663][  0]SourceControl: Source control is disabled
[2023.10.13-22.22.44:686][  0]SourceControl: Source control is disabled
[2023.10.13-22.22.44:704][  0]SourceControl: Source control is disabled
[2023.10.13-22.22.44:773][  0]SourceControl: Source control is disabled
[2023.10.13-22.22.44:969][  0]LogUProjectInfo: Found projects:
[2023.10.13-22.22.45:367][  0]LogOpenImageDenoise: OIDN starting up
[2023.10.13-22.22.45:685][  0]LogAndroidPermission: UAndroidPermissionCallbackProxy::GetInstance
[2023.10.13-22.22.45:759][  0]LogAudioCaptureCore: Display: No Audio Capture implementations found. Audio input will be silent.
[2023.10.13-22.22.45:759][  0]LogAudioCaptureCore: Display: No Audio Capture implementations found. Audio input will be silent.
[2023.10.13-22.22.46:069][  0]LogCollectionManager: Loaded 0 collections in 0.001528 seconds
[2023.10.13-22.22.46:134][  0]LogFileCache: Scanning file cache for directory 'D:/UnrealGame01/UnrealGame001/Saved/Collections/' took 0.00s
[2023.10.13-22.22.46:134][  0]LogFileCache: Scanning file cache for directory 'D:/UnrealGame01/UnrealGame001/Content/Developers/MOON/Collections/' took 0.00s
[2023.10.13-22.22.46:134][  0]LogFileCache: Scanning file cache for directory 'D:/UnrealGame01/UnrealGame001/Content/Collections/' took 0.00s
[2023.10.13-22.22.46:134][  0]LogOcInput: OculusInput pre-init called
[2023.10.13-22.22.46:478][  0]LogEngine: Initializing Engine...
[2023.10.13-22.22.46:488][  0]LogHMD: Failed to enumerate extensions. Please check that you have a valid OpenXR runtime installed.
[2023.10.13-22.22.46:488][  0]LogHMD: Failed to initialize OpenVR with code 110
[2023.10.13-22.22.46:489][  0]LogMagicLeap: Warning: VR disabled because ZI is not enabled.  To enable, in the editor, Edit -> Project Settings -> Plugins -> Magic Leap Plugin -> Enable Zero Iteration
[2023.10.13-22.22.46:492][  0]LogStats: UGameplayTagsManager::InitializeManager -  0.001 s
[2023.10.13-22.22.46:607][  0]LogInit: Initializing FReadOnlyCVARCache
[2023.10.13-22.22.46:632][  0]LogAIModule: Creating AISystem for world Untitled
[2023.10.13-22.22.46:632][  0]LogAudio: Display: Initializing Audio Device Manager...
[2023.10.13-22.22.46:646][  0]LogAudio: Display: Loading Default Audio Settings Objects...
[2023.10.13-22.22.46:646][  0]LogAudio: Display: No default SoundConcurrencyObject specified (or failed to load).
[2023.10.13-22.22.46:648][  0]LogAudio: Display: Audio Device Manager Initialized
[2023.10.13-22.22.46:648][  0]LogAudio: Display: Creating Audio Device:                 Id: 1, Scope: Shared, Realtime: True
[2023.10.13-22.22.46:648][  0]LogAudioMixer: Display: Audio Mixer Platform Settings:
[2023.10.13-22.22.46:649][  0]LogAudioMixer: Display: 	Sample Rate:						  48000
[2023.10.13-22.22.46:649][  0]LogAudioMixer: Display: 	Callback Buffer Frame Size Requested: 1024
[2023.10.13-22.22.46:649][  0]LogAudioMixer: Display: 	Callback Buffer Frame Size To Use:	  1024
[2023.10.13-22.22.46:649][  0]LogAudioMixer: Display: 	Number of buffers to queue:			  2
[2023.10.13-22.22.46:649][  0]LogAudioMixer: Display: 	Max Channels (voices):				  32
[2023.10.13-22.22.46:649][  0]LogAudioMixer: Display: 	Number of Async Source Workers:		  0
[2023.10.13-22.22.46:649][  0]LogAudio: Display: AudioDevice MaxSources: 32
[2023.10.13-22.22.46:649][  0]LogAudio: Display: Audio Spatialization Plugin: None (built-in).
[2023.10.13-22.22.46:649][  0]LogAudio: Display: Audio Reverb Plugin: None (built-in).
[2023.10.13-22.22.46:650][  0]LogAudio: Display: Audio Occlusion Plugin: None (built-in).
[2023.10.13-22.22.46:650][  0]LogAudioMixer: Display: Initializing audio mixer.
[2023.10.13-22.22.46:747][  0]LogAudioMixer: Display: 0: FrontLeft
[2023.10.13-22.22.46:748][  0]LogAudioMixer: Display: 1: FrontRight
[2023.10.13-22.22.46:933][  0]LogAudioMixer: Display: Using Audio Device 스피커(컴퓨터 안에 있는) (Realtek(R) Audio)
[2023.10.13-22.22.46:936][  0]LogAudioMixer: Display: Initializing Sound Submixes...
[2023.10.13-22.22.46:940][  0]LogAudioMixer: Display: Creating Master Submix 'MasterSubmixDefault'
[2023.10.13-22.22.46:941][  0]LogAudioMixer: Display: Creating Master Submix 'MasterReverbSubmixDefault'
[2023.10.13-22.22.46:942][  0]LogAudioMixer: Display: Creating Master Submix 'MasterEQSubmixDefault'
[2023.10.13-22.22.46:942][  0]LogAudioMixer: FMixerPlatformXAudio2::StartAudioStream() called
[2023.10.13-22.22.46:942][  0]LogAudioMixer: Display: Output buffers initialized: Frames=1024, Channels=2, Samples=2048
[2023.10.13-22.22.46:943][  0]LogAudioMixer: Display: Starting AudioMixerPlatformInterface::RunInternal()
[2023.10.13-22.22.46:943][  0]LogAudioMixer: Display: FMixerPlatformXAudio2::SubmitBuffer() called for the first time
[2023.10.13-22.22.46:944][  0]LogInit: FAudioDevice initialized.
[2023.10.13-22.22.46:944][  0]LogAudio: Display: Audio Device (ID: 1) registered with world 'Untitled'.
[2023.10.13-22.22.46:944][  0]LogNetVersion: Set ProjectVersion to 1.0.0.0. Version Checksum will be recalculated on next use.
[2023.10.13-22.22.46:994][  0]LogDerivedDataCache: Saved boot cache 0.05s 94MB C:/Users/ansdn/AppData/Local/UnrealEngine/4.27/DerivedDataCache/Boot.ddc.
[2023.10.13-22.22.46:995][  0]LogInit: Texture streaming: Enabled
[2023.10.13-22.22.47:037][  0]LogAnalytics: Display: [UEEditor.Rocket.Release] APIServer = https://datarouter.ol.epicgames.com/. AppVersion = 4.27.2-18319896+++UE4+Release-4.27
[2023.10.13-22.22.47:057][  0]LogEngineSessionManager: EngineSessionManager initialized
[2023.10.13-22.22.47:057][  0]LogEngineSessionManager: EngineSessionManager sent abnormal shutdown report. Type=Debugger, SessionId={61296241-4365-5EE6-7888-FD993243B429}
[2023.10.13-22.22.47:057][  0]LogEngineSessionManager: EngineSessionManager sent abnormal shutdown report. Type=Debugger, SessionId={EE66083D-452E-1FAB-40DA-209B66279B61}
[2023.10.13-22.22.47:057][  0]LogEngineSessionManager: EngineSessionManager sent abnormal shutdown report. Type=Debugger, SessionId={3C6F0FD9-4BC5-CA78-924D-CA82BCFD6CB5}
[2023.10.13-22.22.47:058][  0]LogEditorSessionSummary: Verbose: Initializing EditorSessionSummaryWriter for editor session tracking
[2023.10.13-22.22.47:063][  0]LogEditorSessionSummary: EditorSessionSummaryWriter initialized
[2023.10.13-22.22.47:130][  0]LogInit: Transaction tracking system initialized
[2023.10.13-22.22.47:219][  0]BlueprintLog: New page: Editor Load
[2023.10.13-22.22.47:471][  0]LocalizationService: Localization service is disabled
[2023.10.13-22.22.47:578][  0]TimingProfiler: Initialize
[2023.10.13-22.22.47:579][  0]TimingProfiler: OnSessionChanged
[2023.10.13-22.22.47:580][  0]LoadingProfiler: Initialize
[2023.10.13-22.22.47:580][  0]LoadingProfiler: OnSessionChanged
[2023.10.13-22.22.47:580][  0]NetworkingProfiler: Initialize
[2023.10.13-22.22.47:580][  0]NetworkingProfiler: OnSessionChanged
[2023.10.13-22.22.47:581][  0]MemoryProfiler: Initialize
[2023.10.13-22.22.47:581][  0]MemoryProfiler: OnSessionChanged
[2023.10.13-22.22.47:922][  0]LogCook: Display: CookSettings for Memory: MemoryMaxUsedVirtual 0MiB, MemoryMaxUsedPhysical 16384MiB, MemoryMinFreeVirtual 0MiB, MemoryMinFreePhysical 1024MiB
[2023.10.13-22.22.47:923][  0]LogCook: Display: Mobile HDR setting 1
[2023.10.13-22.22.48:557][  0]LogFileCache: Scanning file cache for directory 'D:/UnrealGame01/UnrealGame001/Content/' took 0.01s
[2023.10.13-22.22.48:773][  0]LogInit: Display: Engine is initialized. Leaving FEngineLoop::Init()
[2023.10.13-22.22.48:782][  0]SourceControl: Source control is disabled
[2023.10.13-22.22.48:782][  0]LogUnrealEdMisc: Loading editor; pre map load, took 14.504
[2023.10.13-22.22.48:782][  0]Cmd: MAP LOAD FILE="../../../Engine/Content/Maps/Templates/Template_Default.umap" TEMPLATE=1 SHOWPROGRESS=1 FEATURELEVEL=3
[2023.10.13-22.22.48:783][  0]LightingResults: New page: Lighting Build
[2023.10.13-22.22.48:786][  0]LogWorld: UWorld::CleanupWorld for Untitled, bSessionEnded=true, bCleanupResources=true
[2023.10.13-22.22.48:786][  0]LogSlate: InvalidateAllWidgets triggered.  All widgets were invalidated
[2023.10.13-22.22.48:786][  0]MapCheck: New page: Map Check
[2023.10.13-22.22.48:786][  0]LightingResults: New page: Lighting Build
[2023.10.13-22.22.48:793][  0]LogAudio: Display: Audio Device unregistered from world 'None'.
[2023.10.13-22.22.48:797][  0]LogUObjectHash: Compacting FUObjectHashTables data took   0.57ms
[2023.10.13-22.22.48:847][  0]LogAudio: Display: Audio Device (ID: 1) registered with world 'Untitled_1'.
[2023.10.13-22.22.48:848][  0]LogAIModule: Creating AISystem for world Untitled_1
[2023.10.13-22.22.48:853][  0]LogEditorServer: Finished looking for orphan Actors (0.000 secs)
[2023.10.13-22.22.48:862][  0]LogUObjectHash: Compacting FUObjectHashTables data took   0.62ms
[2023.10.13-22.22.48:862][  0]Cmd: MAP CHECKDEP NOCLEARLOG
[2023.10.13-22.22.48:862][  0]MapCheck: Map check complete: 0 Error(s), 0 Warning(s), took 0.078ms to complete.
[2023.10.13-22.22.48:863][  0]LogFileHelpers: Loading map 'Template_Default' took 0.080
[2023.10.13-22.22.48:866][  0]LogUnrealEdMisc: Total Editor Startup Time, took 14.588
[2023.10.13-22.22.48:944][  0]LogWindowsTextInputMethodSystem: Display: IME system activated using TSF (Microsoft IME).
[2023.10.13-22.22.48:997][  0]LogSlate: Updating window title bar state: overlay mode, drag disabled, window buttons hidden, title bar hidden
[2023.10.13-22.22.49:002][  0]LogSlate: Updating window title bar state: overlay mode, drag disabled, window buttons hidden, title bar hidden
[2023.10.13-22.22.49:008][  0]LogSlate: Updating window title bar state: overlay mode, drag disabled, window buttons hidden, title bar hidden
[2023.10.13-22.22.49:013][  0]LogSlate: Updating window title bar state: overlay mode, drag disabled, window buttons hidden, title bar hidden
[2023.10.13-22.22.49:031][  0]LogNativeClassHierarchy: Verbose: Native class hierarchy populated in 0.0085 seconds. Added 3831 classes and 935 folders.
[2023.10.13-22.22.49:034][  0]LogNativeClassHierarchy: Verbose: Native class hierarchy updated for 'WidgetCarousel' in 0.0002 seconds. Added 0 classes and 0 folders.
[2023.10.13-22.22.49:039][  0]LogPakFile: PakFile PrimaryIndexSize=187
[2023.10.13-22.22.49:039][  0]LogPakFile: PakFile PathHashIndexSize=101
[2023.10.13-22.22.49:039][  0]LogPakFile: PakFile FullDirectoryIndexSize=148
[2023.10.13-22.22.49:040][  0]LogShaderLibrary: Display: ShaderCodeLibraryPakFileMountedCallback: PakFile 'C:/Program Files/Epic Games/UE_4.27/FeaturePacks/FP_FirstPerson.upack' (chunk index -1, root 'root:/') mounted
[2023.10.13-22.22.49:040][  0]LogShaderLibrary: Display: ShaderCodeLibraryPakFileMountedCallback: pending pak file info (ChunkID:-1 Root:root:/ File:C:/Program Files/Epic Games/UE_4.27/FeaturePacks/FP_FirstPerson.upack)
[2023.10.13-22.22.49:040][  0]LogPakFile: OnPakFileMounted2Time == 0.000673
[2023.10.13-22.22.49:042][  0]LogPakFile: PakFile PrimaryIndexSize=189
[2023.10.13-22.22.49:043][  0]LogPakFile: PakFile PathHashIndexSize=101
[2023.10.13-22.22.49:043][  0]LogPakFile: PakFile FullDirectoryIndexSize=152
[2023.10.13-22.22.49:043][  0]LogShaderLibrary: Display: ShaderCodeLibraryPakFileMountedCallback: PakFile 'C:/Program Files/Epic Games/UE_4.27/FeaturePacks/FP_FirstPersonBP.upack' (chunk index -1, root 'root:/') mounted
[2023.10.13-22.22.49:043][  0]LogShaderLibrary: Display: ShaderCodeLibraryPakFileMountedCallback: pending pak file info (ChunkID:-1 Root:root:/ File:C:/Program Files/Epic Games/UE_4.27/FeaturePacks/FP_FirstPersonBP.upack)
[2023.10.13-22.22.49:043][  0]LogPakFile: OnPakFileMounted2Time == 0.000309
[2023.10.13-22.22.49:044][  0]LogPakFile: PakFile PrimaryIndexSize=191
[2023.10.13-22.22.49:044][  0]LogPakFile: PakFile PathHashIndexSize=101
[2023.10.13-22.22.49:044][  0]LogPakFile: PakFile FullDirectoryIndexSize=160
[2023.10.13-22.22.49:044][  0]LogShaderLibrary: Display: ShaderCodeLibraryPakFileMountedCallback: PakFile 'C:/Program Files/Epic Games/UE_4.27/FeaturePacks/MobileStarterContent.upack' (chunk index -1, root 'root:/') mounted
[2023.10.13-22.22.49:044][  0]LogShaderLibrary: Display: ShaderCodeLibraryPakFileMountedCallback: pending pak file info (ChunkID:-1 Root:root:/ File:C:/Program Files/Epic Games/UE_4.27/FeaturePacks/MobileStarterContent.upack)
[2023.10.13-22.22.49:044][  0]LogPakFile: OnPakFileMounted2Time == 0.000142
[2023.10.13-22.22.49:045][  0]LogPakFile: PakFile PrimaryIndexSize=185
[2023.10.13-22.22.49:046][  0]LogPakFile: PakFile PathHashIndexSize=101
[2023.10.13-22.22.49:046][  0]LogPakFile: PakFile FullDirectoryIndexSize=148
[2023.10.13-22.22.49:046][  0]LogShaderLibrary: Display: ShaderCodeLibraryPakFileMountedCallback: PakFile 'C:/Program Files/Epic Games/UE_4.27/FeaturePacks/StarterContent.upack' (chunk index -1, root 'root:/') mounted
[2023.10.13-22.22.49:046][  0]LogShaderLibrary: Display: ShaderCodeLibraryPakFileMountedCallback: pending pak file info (ChunkID:-1 Root:root:/ File:C:/Program Files/Epic Games/UE_4.27/FeaturePacks/StarterContent.upack)
[2023.10.13-22.22.49:046][  0]LogPakFile: OnPakFileMounted2Time == 0.000171
[2023.10.13-22.22.49:047][  0]LogPakFile: PakFile PrimaryIndexSize=190
[2023.10.13-22.22.49:047][  0]LogPakFile: PakFile PathHashIndexSize=101
[2023.10.13-22.22.49:047][  0]LogPakFile: PakFile FullDirectoryIndexSize=154
[2023.10.13-22.22.49:047][  0]LogShaderLibrary: Display: ShaderCodeLibraryPakFileMountedCallback: PakFile 'C:/Program Files/Epic Games/UE_4.27/FeaturePacks/TP_2DSideScroller.upack' (chunk index -1, root 'root:/') mounted
[2023.10.13-22.22.49:047][  0]LogShaderLibrary: Display: ShaderCodeLibraryPakFileMountedCallback: pending pak file info (ChunkID:-1 Root:root:/ File:C:/Program Files/Epic Games/UE_4.27/FeaturePacks/TP_2DSideScroller.upack)
[2023.10.13-22.22.49:047][  0]LogPakFile: OnPakFileMounted2Time == 0.000174
[2023.10.13-22.22.49:049][  0]LogPakFile: PakFile PrimaryIndexSize=192
[2023.10.13-22.22.49:049][  0]LogPakFile: PakFile PathHashIndexSize=101
[2023.10.13-22.22.49:049][  0]LogPakFile: PakFile FullDirectoryIndexSize=158
[2023.10.13-22.22.49:049][  0]LogShaderLibrary: Display: ShaderCodeLibraryPakFileMountedCallback: PakFile 'C:/Program Files/Epic Games/UE_4.27/FeaturePacks/TP_2DSideScrollerBP.upack' (chunk index -1, root 'root:/') mounted
[2023.10.13-22.22.49:049][  0]LogShaderLibrary: Display: ShaderCodeLibraryPakFileMountedCallback: pending pak file info (ChunkID:-1 Root:root:/ File:C:/Program Files/Epic Games/UE_4.27/FeaturePacks/TP_2DSideScrollerBP.upack)
[2023.10.13-22.22.49:049][  0]LogPakFile: OnPakFileMounted2Time == 0.000169
[2023.10.13-22.22.49:050][  0]LogPakFile: PakFile PrimaryIndexSize=182
[2023.10.13-22.22.49:050][  0]LogPakFile: PakFile PathHashIndexSize=101
[2023.10.13-22.22.49:050][  0]LogPakFile: PakFile FullDirectoryIndexSize=138
[2023.10.13-22.22.49:051][  0]LogShaderLibrary: Display: ShaderCodeLibraryPakFileMountedCallback: PakFile 'C:/Program Files/Epic Games/UE_4.27/FeaturePacks/TP_Flying.upack' (chunk index -1, root 'root:/') mounted
[2023.10.13-22.22.49:051][  0]LogShaderLibrary: Display: ShaderCodeLibraryPakFileMountedCallback: pending pak file info (ChunkID:-1 Root:root:/ File:C:/Program Files/Epic Games/UE_4.27/FeaturePacks/TP_Flying.upack)
[2023.10.13-22.22.49:051][  0]LogPakFile: OnPakFileMounted2Time == 0.000162
[2023.10.13-22.22.49:052][  0]LogPakFile: PakFile PrimaryIndexSize=184
[2023.10.13-22.22.49:052][  0]LogPakFile: PakFile PathHashIndexSize=101
[2023.10.13-22.22.49:052][  0]LogPakFile: PakFile FullDirectoryIndexSize=142
[2023.10.13-22.22.49:052][  0]LogShaderLibrary: Display: ShaderCodeLibraryPakFileMountedCallback: PakFile 'C:/Program Files/Epic Games/UE_4.27/FeaturePacks/TP_FlyingBP.upack' (chunk index -1, root 'root:/') mounted
[2023.10.13-22.22.49:052][  0]LogShaderLibrary: Display: ShaderCodeLibraryPakFileMountedCallback: pending pak file info (ChunkID:-1 Root:root:/ File:C:/Program Files/Epic Games/UE_4.27/FeaturePacks/TP_FlyingBP.upack)
[2023.10.13-22.22.49:052][  0]LogPakFile: OnPakFileMounted2Time == 0.000148
[2023.10.13-22.22.49:053][  0]LogPakFile: PakFile PrimaryIndexSize=188
[2023.10.13-22.22.49:054][  0]LogPakFile: PakFile PathHashIndexSize=101
[2023.10.13-22.22.49:054][  0]LogPakFile: PakFile FullDirectoryIndexSize=150
[2023.10.13-22.22.49:054][  0]LogShaderLibrary: Display: ShaderCodeLibraryPakFileMountedCallback: PakFile 'C:/Program Files/Epic Games/UE_4.27/FeaturePacks/TP_HandheldARBP.upack' (chunk index -1, root 'root:/') mounted
[2023.10.13-22.22.49:054][  0]LogShaderLibrary: Display: ShaderCodeLibraryPakFileMountedCallback: pending pak file info (ChunkID:-1 Root:root:/ File:C:/Program Files/Epic Games/UE_4.27/FeaturePacks/TP_HandheldARBP.upack)
[2023.10.13-22.22.49:054][  0]LogPakFile: OnPakFileMounted2Time == 0.000119
[2023.10.13-22.22.49:056][  0]LogPakFile: PakFile PrimaryIndexSize=182
[2023.10.13-22.22.49:056][  0]LogPakFile: PakFile PathHashIndexSize=101
[2023.10.13-22.22.49:056][  0]LogPakFile: PakFile FullDirectoryIndexSize=138
[2023.10.13-22.22.49:056][  0]LogShaderLibrary: Display: ShaderCodeLibraryPakFileMountedCallback: PakFile 'C:/Program Files/Epic Games/UE_4.27/FeaturePacks/TP_Puzzle.upack' (chunk index -1, root 'root:/') mounted
[2023.10.13-22.22.49:056][  0]LogShaderLibrary: Display: ShaderCodeLibraryPakFileMountedCallback: pending pak file info (ChunkID:-1 Root:root:/ File:C:/Program Files/Epic Games/UE_4.27/FeaturePacks/TP_Puzzle.upack)
[2023.10.13-22.22.49:056][  0]LogPakFile: OnPakFileMounted2Time == 0.000147
[2023.10.13-22.22.49:058][  0]LogPakFile: PakFile PrimaryIndexSize=184
[2023.10.13-22.22.49:058][  0]LogPakFile: PakFile PathHashIndexSize=101
[2023.10.13-22.22.49:058][  0]LogPakFile: PakFile FullDirectoryIndexSize=142
[2023.10.13-22.22.49:058][  0]LogShaderLibrary: Display: ShaderCodeLibraryPakFileMountedCallback: PakFile 'C:/Program Files/Epic Games/UE_4.27/FeaturePacks/TP_PuzzleBP.upack' (chunk index -1, root 'root:/') mounted
[2023.10.13-22.22.49:058][  0]LogShaderLibrary: Display: ShaderCodeLibraryPakFileMountedCallback: pending pak file info (ChunkID:-1 Root:root:/ File:C:/Program Files/Epic Games/UE_4.27/FeaturePacks/TP_PuzzleBP.upack)
[2023.10.13-22.22.49:058][  0]LogPakFile: OnPakFileMounted2Time == 0.000260
[2023.10.13-22.22.49:060][  0]LogPakFile: PakFile PrimaryIndexSize=183
[2023.10.13-22.22.49:060][  0]LogPakFile: PakFile PathHashIndexSize=101
[2023.10.13-22.22.49:060][  0]LogPakFile: PakFile FullDirectoryIndexSize=140
[2023.10.13-22.22.49:060][  0]LogShaderLibrary: Display: ShaderCodeLibraryPakFileMountedCallback: PakFile 'C:/Program Files/Epic Games/UE_4.27/FeaturePacks/TP_Rolling.upack' (chunk index -1, root 'root:/') mounted
[2023.10.13-22.22.49:060][  0]LogShaderLibrary: Display: ShaderCodeLibraryPakFileMountedCallback: pending pak file info (ChunkID:-1 Root:root:/ File:C:/Program Files/Epic Games/UE_4.27/FeaturePacks/TP_Rolling.upack)
[2023.10.13-22.22.49:060][  0]LogPakFile: OnPakFileMounted2Time == 0.000155
[2023.10.13-22.22.49:061][  0]LogPakFile: PakFile PrimaryIndexSize=185
[2023.10.13-22.22.49:061][  0]LogPakFile: PakFile PathHashIndexSize=101
[2023.10.13-22.22.49:061][  0]LogPakFile: PakFile FullDirectoryIndexSize=144
[2023.10.13-22.22.49:061][  0]LogShaderLibrary: Display: ShaderCodeLibraryPakFileMountedCallback: PakFile 'C:/Program Files/Epic Games/UE_4.27/FeaturePacks/TP_RollingBP.upack' (chunk index -1, root 'root:/') mounted
[2023.10.13-22.22.49:061][  0]LogShaderLibrary: Display: ShaderCodeLibraryPakFileMountedCallback: pending pak file info (ChunkID:-1 Root:root:/ File:C:/Program Files/Epic Games/UE_4.27/FeaturePacks/TP_RollingBP.upack)
[2023.10.13-22.22.49:062][  0]LogPakFile: OnPakFileMounted2Time == 0.000161
[2023.10.13-22.22.49:063][  0]LogPakFile: PakFile PrimaryIndexSize=188
[2023.10.13-22.22.49:063][  0]LogPakFile: PakFile PathHashIndexSize=101
[2023.10.13-22.22.49:063][  0]LogPakFile: PakFile FullDirectoryIndexSize=150
[2023.10.13-22.22.49:063][  0]LogShaderLibrary: Display: ShaderCodeLibraryPakFileMountedCallback: PakFile 'C:/Program Files/Epic Games/UE_4.27/FeaturePacks/TP_SideScroller.upack' (chunk index -1, root 'root:/') mounted
[2023.10.13-22.22.49:063][  0]LogShaderLibrary: Display: ShaderCodeLibraryPakFileMountedCallback: pending pak file info (ChunkID:-1 Root:root:/ File:C:/Program Files/Epic Games/UE_4.27/FeaturePacks/TP_SideScroller.upack)
[2023.10.13-22.22.49:063][  0]LogPakFile: OnPakFileMounted2Time == 0.000147
[2023.10.13-22.22.49:064][  0]LogPakFile: PakFile PrimaryIndexSize=190
[2023.10.13-22.22.49:064][  0]LogPakFile: PakFile PathHashIndexSize=101
[2023.10.13-22.22.49:064][  0]LogPakFile: PakFile FullDirectoryIndexSize=154
[2023.10.13-22.22.49:064][  0]LogShaderLibrary: Display: ShaderCodeLibraryPakFileMountedCallback: PakFile 'C:/Program Files/Epic Games/UE_4.27/FeaturePacks/TP_SideScrollerBP.upack' (chunk index -1, root 'root:/') mounted
[2023.10.13-22.22.49:065][  0]LogShaderLibrary: Display: ShaderCodeLibraryPakFileMountedCallback: pending pak file info (ChunkID:-1 Root:root:/ File:C:/Program Files/Epic Games/UE_4.27/FeaturePacks/TP_SideScrollerBP.upack)
[2023.10.13-22.22.49:065][  0]LogPakFile: OnPakFileMounted2Time == 0.000178
[2023.10.13-22.22.49:066][  0]LogPakFile: PakFile PrimaryIndexSize=187
[2023.10.13-22.22.49:066][  0]LogPakFile: PakFile PathHashIndexSize=101
[2023.10.13-22.22.49:066][  0]LogPakFile: PakFile FullDirectoryIndexSize=148
[2023.10.13-22.22.49:066][  0]LogShaderLibrary: Display: ShaderCodeLibraryPakFileMountedCallback: PakFile 'C:/Program Files/Epic Games/UE_4.27/FeaturePacks/TP_ThirdPerson.upack' (chunk index -1, root 'root:/') mounted
[2023.10.13-22.22.49:066][  0]LogShaderLibrary: Display: ShaderCodeLibraryPakFileMountedCallback: pending pak file info (ChunkID:-1 Root:root:/ File:C:/Program Files/Epic Games/UE_4.27/FeaturePacks/TP_ThirdPerson.upack)
[2023.10.13-22.22.49:066][  0]LogPakFile: OnPakFileMounted2Time == 0.000156
[2023.10.13-22.22.49:067][  0]LogPakFile: PakFile PrimaryIndexSize=189
[2023.10.13-22.22.49:067][  0]LogPakFile: PakFile PathHashIndexSize=101
[2023.10.13-22.22.49:067][  0]LogPakFile: PakFile FullDirectoryIndexSize=152
[2023.10.13-22.22.49:067][  0]LogShaderLibrary: Display: ShaderCodeLibraryPakFileMountedCallback: PakFile 'C:/Program Files/Epic Games/UE_4.27/FeaturePacks/TP_ThirdPersonBP.upack' (chunk index -1, root 'root:/') mounted
[2023.10.13-22.22.49:068][  0]LogShaderLibrary: Display: ShaderCodeLibraryPakFileMountedCallback: pending pak file info (ChunkID:-1 Root:root:/ File:C:/Program Files/Epic Games/UE_4.27/FeaturePacks/TP_ThirdPersonBP.upack)
[2023.10.13-22.22.49:068][  0]LogPakFile: OnPakFileMounted2Time == 0.000182
[2023.10.13-22.22.49:069][  0]LogPakFile: PakFile PrimaryIndexSize=183
[2023.10.13-22.22.49:069][  0]LogPakFile: PakFile PathHashIndexSize=101
[2023.10.13-22.22.49:069][  0]LogPakFile: PakFile FullDirectoryIndexSize=140
[2023.10.13-22.22.49:069][  0]LogShaderLibrary: Display: ShaderCodeLibraryPakFileMountedCallback: PakFile 'C:/Program Files/Epic Games/UE_4.27/FeaturePacks/TP_TopDown.upack' (chunk index -1, root 'root:/') mounted
[2023.10.13-22.22.49:069][  0]LogShaderLibrary: Display: ShaderCodeLibraryPakFileMountedCallback: pending pak file info (ChunkID:-1 Root:root:/ File:C:/Program Files/Epic Games/UE_4.27/FeaturePacks/TP_TopDown.upack)
[2023.10.13-22.22.49:070][  0]LogPakFile: OnPakFileMounted2Time == 0.000218
[2023.10.13-22.22.49:071][  0]LogPakFile: PakFile PrimaryIndexSize=185
[2023.10.13-22.22.49:071][  0]LogPakFile: PakFile PathHashIndexSize=101
[2023.10.13-22.22.49:071][  0]LogPakFile: PakFile FullDirectoryIndexSize=144
[2023.10.13-22.22.49:071][  0]LogShaderLibrary: Display: ShaderCodeLibraryPakFileMountedCallback: PakFile 'C:/Program Files/Epic Games/UE_4.27/FeaturePacks/TP_TopDownBP.upack' (chunk index -1, root 'root:/') mounted
[2023.10.13-22.22.49:071][  0]LogShaderLibrary: Display: ShaderCodeLibraryPakFileMountedCallback: pending pak file info (ChunkID:-1 Root:root:/ File:C:/Program Files/Epic Games/UE_4.27/FeaturePacks/TP_TopDownBP.upack)
[2023.10.13-22.22.49:071][  0]LogPakFile: OnPakFileMounted2Time == 0.000162
[2023.10.13-22.22.49:074][  0]LogPakFile: PakFile PrimaryIndexSize=185
[2023.10.13-22.22.49:074][  0]LogPakFile: PakFile PathHashIndexSize=101
[2023.10.13-22.22.49:074][  0]LogPakFile: PakFile FullDirectoryIndexSize=144
[2023.10.13-22.22.49:074][  0]LogShaderLibrary: Display: ShaderCodeLibraryPakFileMountedCallback: PakFile 'C:/Program Files/Epic Games/UE_4.27/FeaturePacks/TP_TwinStick.upack' (chunk index -1, root 'root:/') mounted
[2023.10.13-22.22.49:074][  0]LogShaderLibrary: Display: ShaderCodeLibraryPakFileMountedCallback: pending pak file info (ChunkID:-1 Root:root:/ File:C:/Program Files/Epic Games/UE_4.27/FeaturePacks/TP_TwinStick.upack)
[2023.10.13-22.22.49:074][  0]LogPakFile: OnPakFileMounted2Time == 0.000226
[2023.10.13-22.22.49:075][  0]LogPakFile: PakFile PrimaryIndexSize=187
[2023.10.13-22.22.49:075][  0]LogPakFile: PakFile PathHashIndexSize=101
[2023.10.13-22.22.49:075][  0]LogPakFile: PakFile FullDirectoryIndexSize=148
[2023.10.13-22.22.49:075][  0]LogShaderLibrary: Display: ShaderCodeLibraryPakFileMountedCallback: PakFile 'C:/Program Files/Epic Games/UE_4.27/FeaturePacks/TP_TwinStickBP.upack' (chunk index -1, root 'root:/') mounted
[2023.10.13-22.22.49:075][  0]LogShaderLibrary: Display: ShaderCodeLibraryPakFileMountedCallback: pending pak file info (ChunkID:-1 Root:root:/ File:C:/Program Files/Epic Games/UE_4.27/FeaturePacks/TP_TwinStickBP.upack)
[2023.10.13-22.22.49:075][  0]LogPakFile: OnPakFileMounted2Time == 0.000278
[2023.10.13-22.22.49:077][  0]LogPakFile: PakFile PrimaryIndexSize=183
[2023.10.13-22.22.49:077][  0]LogPakFile: PakFile PathHashIndexSize=101
[2023.10.13-22.22.49:077][  0]LogPakFile: PakFile FullDirectoryIndexSize=140
[2023.10.13-22.22.49:077][  0]LogShaderLibrary: Display: ShaderCodeLibraryPakFileMountedCallback: PakFile 'C:/Program Files/Epic Games/UE_4.27/FeaturePacks/TP_Vehicle.upack' (chunk index -1, root 'root:/') mounted
[2023.10.13-22.22.49:077][  0]LogShaderLibrary: Display: ShaderCodeLibraryPakFileMountedCallback: pending pak file info (ChunkID:-1 Root:root:/ File:C:/Program Files/Epic Games/UE_4.27/FeaturePacks/TP_Vehicle.upack)
[2023.10.13-22.22.49:077][  0]LogPakFile: OnPakFileMounted2Time == 0.000180
[2023.10.13-22.22.49:079][  0]LogPakFile: PakFile PrimaryIndexSize=186
[2023.10.13-22.22.49:079][  0]LogPakFile: PakFile PathHashIndexSize=101
[2023.10.13-22.22.49:079][  0]LogPakFile: PakFile FullDirectoryIndexSize=146
[2023.10.13-22.22.49:079][  0]LogShaderLibrary: Display: ShaderCodeLibraryPakFileMountedCallback: PakFile 'C:/Program Files/Epic Games/UE_4.27/FeaturePacks/TP_VehicleAdv.upack' (chunk index -1, root 'root:/') mounted
[2023.10.13-22.22.49:079][  0]LogShaderLibrary: Display: ShaderCodeLibraryPakFileMountedCallback: pending pak file info (ChunkID:-1 Root:root:/ File:C:/Program Files/Epic Games/UE_4.27/FeaturePacks/TP_VehicleAdv.upack)
[2023.10.13-22.22.49:079][  0]LogPakFile: OnPakFileMounted2Time == 0.000186
[2023.10.13-22.22.49:081][  0]LogPakFile: PakFile PrimaryIndexSize=188
[2023.10.13-22.22.49:081][  0]LogPakFile: PakFile PathHashIndexSize=101
[2023.10.13-22.22.49:081][  0]LogPakFile: PakFile FullDirectoryIndexSize=150
[2023.10.13-22.22.49:081][  0]LogShaderLibrary: Display: ShaderCodeLibraryPakFileMountedCallback: PakFile 'C:/Program Files/Epic Games/UE_4.27/FeaturePacks/TP_VehicleAdvBP.upack' (chunk index -1, root 'root:/') mounted
[2023.10.13-22.22.49:081][  0]LogShaderLibrary: Display: ShaderCodeLibraryPakFileMountedCallback: pending pak file info (ChunkID:-1 Root:root:/ File:C:/Program Files/Epic Games/UE_4.27/FeaturePacks/TP_VehicleAdvBP.upack)
[2023.10.13-22.22.49:081][  0]LogPakFile: OnPakFileMounted2Time == 0.000164
[2023.10.13-22.22.49:083][  0]LogPakFile: PakFile PrimaryIndexSize=185
[2023.10.13-22.22.49:083][  0]LogPakFile: PakFile PathHashIndexSize=101
[2023.10.13-22.22.49:083][  0]LogPakFile: PakFile FullDirectoryIndexSize=144
[2023.10.13-22.22.49:083][  0]LogShaderLibrary: Display: ShaderCodeLibraryPakFileMountedCallback: PakFile 'C:/Program Files/Epic Games/UE_4.27/FeaturePacks/TP_VehicleBP.upack' (chunk index -1, root 'root:/') mounted
[2023.10.13-22.22.49:083][  0]LogShaderLibrary: Display: ShaderCodeLibraryPakFileMountedCallback: pending pak file info (ChunkID:-1 Root:root:/ File:C:/Program Files/Epic Games/UE_4.27/FeaturePacks/TP_VehicleBP.upack)
[2023.10.13-22.22.49:083][  0]LogPakFile: OnPakFileMounted2Time == 0.000153
[2023.10.13-22.22.49:084][  0]LogPakFile: PakFile PrimaryIndexSize=192
[2023.10.13-22.22.49:084][  0]LogPakFile: PakFile PathHashIndexSize=101
[2023.10.13-22.22.49:084][  0]LogPakFile: PakFile FullDirectoryIndexSize=158
[2023.10.13-22.22.49:084][  0]LogShaderLibrary: Display: ShaderCodeLibraryPakFileMountedCallback: PakFile 'C:/Program Files/Epic Games/UE_4.27/FeaturePacks/TP_VirtualRealityBP.upack' (chunk index -1, root 'root:/') mounted
[2023.10.13-22.22.49:084][  0]LogShaderLibrary: Display: ShaderCodeLibraryPakFileMountedCallback: pending pak file info (ChunkID:-1 Root:root:/ File:C:/Program Files/Epic Games/UE_4.27/FeaturePacks/TP_VirtualRealityBP.upack)
[2023.10.13-22.22.49:084][  0]LogPakFile: OnPakFileMounted2Time == 0.000125
[2023.10.13-22.22.49:221][  0]LogNativeClassHierarchy: Verbose: Native class hierarchy updated for 'AddContentDialog' in 0.0002 seconds. Added 0 classes and 0 folders.
[2023.10.13-22.22.49:227][  0]LogNativeClassHierarchy: Verbose: Native class hierarchy updated for 'SceneOutliner' in 0.0002 seconds. Added 2 classes and 0 folders.
[2023.10.13-22.22.49:301][  0]LogSlate: Took 0.000674 seconds to synchronously load lazily loaded font '../../../Engine/Content/Slate/Fonts/Roboto-Regular.ttf' (155K)
[2023.10.13-22.22.49:302][  0]LogSlate: Took 0.000438 seconds to synchronously load lazily loaded font '../../../Engine/Content/Editor/Slate/Fonts/FontAwesome.ttf' (139K)
[2023.10.13-22.22.49:304][  0]LogSlate: Took 0.000467 seconds to synchronously load lazily loaded font '../../../Engine/Content/Slate/Fonts/Roboto-Bold.ttf' (160K)
[2023.10.13-22.22.49:382][  0]LogRenderer: Reallocating scene render targets to support 1208x572 Format 10 NumSamples 1 (Frame:1).
[2023.10.13-22.22.49:419][  0]LogSlate: Took 0.000498 seconds to synchronously load lazily loaded font '../../../Engine/Content/Slate/Fonts/Roboto-Light.ttf' (167K)
[2023.10.13-22.22.49:508][  0]LogNativeClassHierarchy: Verbose: Native class hierarchy updated for 'HierarchicalLODOutliner' in 0.0003 seconds. Added 0 classes and 0 folders.
[2023.10.13-22.22.49:508][  0]LogLoad: (Engine Initialization) Total time: 15.23 seconds
[2023.10.13-22.22.49:509][  0]LogLoad: (Engine Initialization) Total Blueprint compile time: 0.00 seconds
[2023.10.13-22.22.49:587][  0]LogAssetRegistry: Asset discovery search completed in 8.5840 seconds
[2023.10.13-22.22.49:595][  0]LogCollectionManager: Fixed up redirectors for 0 collections in 0.000003 seconds (updated 0 objects)
[2023.10.13-22.22.49:596][  0]LogContentStreaming: Texture pool size now 1000 MB
[2023.10.13-22.22.50:554][ 55]LogSlate: Took 0.000277 seconds to synchronously load lazily loaded font '../../../Engine/Content/Slate/Fonts/Roboto-Light.ttf' (167K)
[2023.10.13-22.22.52:199][150]LogUObjectHash: Compacting FUObjectHashTables data took   0.39ms
[2023.10.13-22.22.52:484][150]LogAssetEditorSubsystem: Opening Asset editor for World /Game/Maps/CodeLevel.CodeLevel
[2023.10.13-22.22.52:484][150]Cmd: MAP LOAD FILE="D:/UnrealGame01/UnrealGame001/Content/Maps/CodeLevel.umap" TEMPLATE=0 SHOWPROGRESS=1 FEATURELEVEL=3
[2023.10.13-22.22.52:484][150]LightingResults: New page: Lighting Build
[2023.10.13-22.22.52:484][150]LoadErrors: New page: Loading map: CodeLevel.umap
[2023.10.13-22.22.52:485][150]LogWorld: UWorld::CleanupWorld for Untitled_1, bSessionEnded=true, bCleanupResources=true
[2023.10.13-22.22.52:485][150]LogSlate: InvalidateAllWidgets triggered.  All widgets were invalidated
[2023.10.13-22.22.52:485][150]MapCheck: New page: Map Check
[2023.10.13-22.22.52:485][150]LightingResults: New page: Lighting Build
[2023.10.13-22.22.52:489][150]LogAudio: Display: Audio Device unregistered from world 'None'.
[2023.10.13-22.22.52:492][150]LogUObjectHash: Compacting FUObjectHashTables data took   0.63ms
[2023.10.13-22.22.52:493][150]LogAudio: Display: Audio Device (ID: 1) registered with world 'CodeLevel'.
[2023.10.13-22.22.52:544][150]LogEditorServer: Finished looking for orphan Actors (0.000 secs)
[2023.10.13-22.22.52:545][150]LogAIModule: Creating AISystem for world CodeLevel
[2023.10.13-22.22.52:551][150]LogUObjectHash: Compacting FUObjectHashTables data took   0.50ms
[2023.10.13-22.22.52:565][150]Cmd: MAP CHECKDEP NOCLEARLOG
[2023.10.13-22.22.52:565][150]MapCheck: Map check complete: 0 Error(s), 0 Warning(s), took 0.095ms to complete.
[2023.10.13-22.22.52:565][150]LogFileHelpers: Loading map 'CodeLevel' took 0.081
[2023.10.13-22.22.53:417][199]LogTemp: Repeating last play command: Selected Viewport
[2023.10.13-22.22.53:425][199]LogPlayLevel: PlayLevel: No blueprints needed recompiling
[2023.10.13-22.22.53:426][199]PIE: New page: PIE session: CodeLevel (Oct 13, 2023, 2:22:53 PM)
[2023.10.13-22.22.53:428][199]LogOnline: OSS: Creating online subsystem instance for: NULL
[2023.10.13-22.22.53:430][199]LogOnline: OSS: TryLoadSubsystemAndSetDefault: Loaded subsystem for module [NULL]
[2023.10.13-22.22.53:431][199]LogPlayLevel: Creating play world package: /Game/Maps/UEDPIE_0_CodeLevel
[2023.10.13-22.22.53:433][199]LogPlayLevel: PIE: StaticDuplicateObject took: (0.002254s)
[2023.10.13-22.22.53:434][199]LogAIModule: Creating AISystem for world CodeLevel
[2023.10.13-22.22.53:434][199]LogPlayLevel: PIE: World Init took: (0.001055s)
[2023.10.13-22.22.53:434][199]LogPlayLevel: PIE: Created PIE world by copying editor world from /Game/Maps/CodeLevel.CodeLevel to /Game/Maps/UEDPIE_0_CodeLevel.CodeLevel (0.003778s)
[2023.10.13-22.22.53:439][199]LogUObjectHash: Compacting FUObjectHashTables data took   0.44ms
[2023.10.13-22.22.53:439][199]LogAudio: Display: Creating Audio Device:                 Id: 2, Scope: Unique, Realtime: True
[2023.10.13-22.22.53:439][199]LogAudioMixer: Display: Audio Mixer Platform Settings:
[2023.10.13-22.22.53:439][199]LogAudioMixer: Display: 	Sample Rate:						  48000
[2023.10.13-22.22.53:440][199]LogAudioMixer: Display: 	Callback Buffer Frame Size Requested: 1024
[2023.10.13-22.22.53:440][199]LogAudioMixer: Display: 	Callback Buffer Frame Size To Use:	  1024
[2023.10.13-22.22.53:440][199]LogAudioMixer: Display: 	Number of buffers to queue:			  2
[2023.10.13-22.22.53:440][199]LogAudioMixer: Display: 	Max Channels (voices):				  32
[2023.10.13-22.22.53:440][199]LogAudioMixer: Display: 	Number of Async Source Workers:		  0
[2023.10.13-22.22.53:440][199]LogAudio: Display: AudioDevice MaxSources: 32
[2023.10.13-22.22.53:440][199]LogAudio: Display: Audio Spatialization Plugin: None (built-in).
[2023.10.13-22.22.53:440][199]LogAudio: Display: Audio Reverb Plugin: None (built-in).
[2023.10.13-22.22.53:440][199]LogAudio: Display: Audio Occlusion Plugin: None (built-in).
[2023.10.13-22.22.53:440][199]LogAudioMixer: Display: Initializing audio mixer.
[2023.10.13-22.22.53:460][199]LogAudioMixer: Display: 0: FrontLeft
[2023.10.13-22.22.53:461][199]LogAudioMixer: Display: 1: FrontRight
[2023.10.13-22.22.53:531][199]LogAudioMixer: Display: Using Audio Device 스피커(컴퓨터 안에 있는) (Realtek(R) Audio)
[2023.10.13-22.22.53:532][199]LogAudioMixer: Display: Initializing Sound Submixes...
[2023.10.13-22.22.53:532][199]LogAudioMixer: Display: Creating Master Submix 'MasterSubmixDefault'
[2023.10.13-22.22.53:532][199]LogAudioMixer: Display: Creating Master Submix 'MasterReverbSubmixDefault'
[2023.10.13-22.22.53:532][199]LogAudioMixer: Display: Creating Master Submix 'MasterEQSubmixDefault'
[2023.10.13-22.22.53:532][199]LogAudioMixer: FMixerPlatformXAudio2::StartAudioStream() called
[2023.10.13-22.22.53:532][199]LogAudioMixer: Display: Output buffers initialized: Frames=1024, Channels=2, Samples=2048
[2023.10.13-22.22.53:534][199]LogAudioMixer: Display: Starting AudioMixerPlatformInterface::RunInternal()
[2023.10.13-22.22.53:534][199]LogAudioMixer: Display: FMixerPlatformXAudio2::SubmitBuffer() called for the first time
[2023.10.13-22.22.53:534][199]LogInit: FAudioDevice initialized.
[2023.10.13-22.22.53:534][199]LogAudio: Display: Audio Device (ID: 2) registered with world 'CodeLevel'.
[2023.10.13-22.22.53:546][199]LogLoad: Game class is 'BP_CodeGame_C'
[2023.10.13-22.22.53:547][199]LogWorld: Bringing World /Game/Maps/UEDPIE_0_CodeLevel.CodeLevel up for play (max tick rate 60) at 2023.10.13-18.22.53
[2023.10.13-22.22.53:550][199]LogWorld: Bringing up level for play took: 0.003016
[2023.10.13-22.22.53:550][199]LogOnline: OSS: Creating online subsystem instance for: :Context_2
[2023.10.13-22.22.53:554][199]LogNativeClassHierarchy: Verbose: Native class hierarchy updated for 'MovieSceneCapture' in 0.0003 seconds. Added 20 classes and 0 folders.
[2023.10.13-22.22.53:556][199]LogActor: Warning: BP_BaseRifle_C /Game/Maps/UEDPIE_0_CodeLevel.CodeLevel:PersistentLevel.BP_BaseRifle_C_0 has natively added scene component(s), but none of them were set as the actor's RootComponent - picking one arbitrarily
[2023.10.13-22.22.53:556][199]LogActor: Warning: BP_BaseRifle_C /Game/Maps/UEDPIE_0_CodeLevel.CodeLevel:PersistentLevel.BP_BaseRifle_C_1 has natively added scene component(s), but none of them were set as the actor's RootComponent - picking one arbitrarily
[2023.10.13-22.22.53:556][199]Game: Warning: valid in the NativeOnInitialized
[2023.10.13-22.22.53:556][199]PIE: Server logged in
[2023.10.13-22.22.53:559][199]PIE: Play in editor total start time 0.136 seconds.
[2023.10.13-22.22.54:608][262]Game: Error: notify hit
[2023.10.13-22.23.13:426][278]Game: Error: notify hit
