Log file open, 10/13/23 16:51:43
LogWindows: Failed to load 'aqProf.dll' (GetLastError=126)
LogWindows: File 'aqProf.dll' does not exist
LogWindows: Failed to load 'VtuneApi.dll' (GetLastError=126)
LogWindows: File 'VtuneApi.dll' does not exist
LogWindows: Failed to load 'VtuneApi32e.dll' (GetLastError=126)
LogWindows: File 'VtuneApi32e.dll' does not exist
LogConsoleResponse: Display: Failed to find resolution value strings in scalability ini. Falling back to default.
LogConsoleResponse: Display: Failed to find resolution value strings in scalability ini. Falling back to default.
LogInit: Display: Running engine for game: UnrealGame001
LogPlatformFile: Not using cached read wrapper
LogTaskGraph: Started task graph with 5 named threads and 47 total threads with 3 sets of task threads.
LogStats: Stats thread started at 0.522918
LogICUInternationalization: ICU TimeZone Detection - Raw Offset: -5:00, Platform Override: ''
LogInit: Display: Loading text-based GConfig....
LogPluginManager: Mounting plugin MeshPainting
LogPluginManager: Mounting plugin XGEController
LogPluginManager: Mounting plugin Paper2D
LogPluginManager: Mounting plugin AISupport
LogPluginManager: Mounting plugin EnvironmentQueryEditor
LogPluginManager: Mounting plugin LiveLink
LogPluginManager: Mounting plugin CameraShakePreviewer
LogPluginManager: Mounting plugin GameplayCameras
LogPluginManager: Mounting plugin LightPropagationVolume
LogPluginManager: Mounting plugin OodleNetwork
LogPluginManager: Mounting plugin OodleData
LogPluginManager: Mounting plugin AnimationSharing
LogPluginManager: Mounting plugin NullSourceCodeAccess
LogPluginManager: Mounting plugin KDevelopSourceCodeAccess
LogPluginManager: Mounting plugin PerforceSourceControl
LogPluginManager: Mounting plugin PixWinPlugin
LogPluginManager: Mounting plugin PluginUtils
LogPluginManager: Mounting plugin PlasticSourceControl
LogPluginManager: Mounting plugin PropertyAccessNode
LogPluginManager: Mounting plugin AlembicImporter
LogPluginManager: Mounting plugin RiderSourceCodeAccess
LogPluginManager: Mounting plugin AutomationUtils
LogPluginManager: Mounting plugin BackChannel
LogPluginManager: Mounting plugin GitSourceControl
LogPluginManager: Mounting plugin CLionSourceCodeAccess
LogPluginManager: Mounting plugin UObjectPlugin
LogPluginManager: Mounting plugin SubversionSourceControl
LogPluginManager: Mounting plugin VisualStudioCodeSourceCodeAccess
LogPluginManager: Mounting plugin VisualStudioSourceCodeAccess
LogPluginManager: Mounting plugin XCodeSourceCodeAccess
LogPluginManager: Mounting plugin Niagara
LogPluginManager: Mounting plugin TextureFormatOodle
LogPluginManager: Mounting plugin CodeLiteSourceCodeAccess
LogPluginManager: Mounting plugin DatasmithContent
LogPluginManager: Mounting plugin ChaosCloth
LogPluginManager: Mounting plugin ChaosClothEditor
LogPluginManager: Mounting plugin VariantManagerContent
LogPluginManager: Mounting plugin AssetManagerEditor
LogPluginManager: Mounting plugin ChaosEditor
LogPluginManager: Mounting plugin ChaosSolverPlugin
LogPluginManager: Mounting plugin CharacterAI
LogPluginManager: Mounting plugin ChaosNiagara
LogPluginManager: Mounting plugin CurveEditorTools
LogPluginManager: Mounting plugin CryptoKeys
LogPluginManager: Mounting plugin DataValidation
LogPluginManager: Mounting plugin FacialAnimation
LogPluginManager: Mounting plugin GameplayTagsEditor
LogPluginManager: Mounting plugin GeometryMode
LogPluginManager: Mounting plugin MacGraphicsSwitching
LogPluginManager: Mounting plugin MobileLauncherProfileWizard
LogPluginManager: Mounting plugin PluginBrowser
LogPluginManager: Mounting plugin LuminPlatformFeatures
LogPluginManager: Mounting plugin MagicLeapMedia
LogPluginManager: Mounting plugin MaterialAnalyzer
LogPluginManager: Mounting plugin SpeedTreeImporter
LogPluginManager: Mounting plugin MagicLeapPassableWorld
LogPluginManager: Mounting plugin MagicLeapLightEstimation
LogPluginManager: Mounting plugin MagicLeap
LogPluginManager: Mounting plugin MLSDK
LogPluginManager: Mounting plugin AndroidMedia
LogPluginManager: Mounting plugin AvfMedia
LogPluginManager: Mounting plugin ImgMedia
LogPluginManager: Mounting plugin MediaCompositing
LogPluginManager: Mounting plugin WmfMedia
LogPluginManager: Mounting plugin MediaPlayerEditor
LogPluginManager: Mounting plugin TcpMessaging
LogPluginManager: Mounting plugin UdpMessaging
LogPluginManager: Mounting plugin MatineeToLevelSequence
LogPluginManager: Mounting plugin LevelSequenceEditor
LogPluginManager: Mounting plugin WebMMedia
LogPluginManager: Mounting plugin TemplateSequence
LogPluginManager: Mounting plugin GeometryCache
LogPluginManager: Mounting plugin GeometryCollectionPlugin
LogPluginManager: Mounting plugin GeometryProcessing
LogPluginManager: Mounting plugin MotoSynth
LogPluginManager: Mounting plugin OpenImageDenoise
LogPluginManager: Mounting plugin PlatformCrypto
LogPluginManager: Mounting plugin ProxyLODPlugin
LogPluginManager: Mounting plugin SkeletalReduction
LogPluginManager: Mounting plugin PythonScriptPlugin
LogPluginManager: Mounting plugin ActorSequence
LogPluginManager: Mounting plugin PlanarCut
LogPluginManager: Mounting plugin OnlineSubsystem
LogPluginManager: Mounting plugin OnlineSubsystemNull
LogPluginManager: Mounting plugin LauncherChunkInstaller
LogPluginManager: Mounting plugin OnlineSubsystemUtils
LogPluginManager: Mounting plugin Takes
LogPluginManager: Mounting plugin ScreenshotTools
LogPluginManager: Mounting plugin ActorLayerUtilities
LogPluginManager: Mounting plugin AndroidMoviePlayer
LogPluginManager: Mounting plugin AndroidPermission
LogPluginManager: Mounting plugin AndroidDeviceProfileSelector
LogPluginManager: Mounting plugin AppleImageUtils
LogPluginManager: Mounting plugin AssetTags
LogPluginManager: Mounting plugin AppleMoviePlayer
LogPluginManager: Mounting plugin AudioSynesthesia
LogPluginManager: Mounting plugin AudioCapture
LogPluginManager: Mounting plugin CableComponent
LogPluginManager: Mounting plugin ChunkDownloader
LogPluginManager: Mounting plugin CustomMeshComponent
LogPluginManager: Mounting plugin EditableMesh
LogPluginManager: Mounting plugin GoogleCloudMessaging
LogPluginManager: Mounting plugin ArchVisCharacter
LogPluginManager: Mounting plugin ExampleDeviceProfileSelector
LogPluginManager: Mounting plugin GooglePAD
LogPluginManager: Mounting plugin IOSDeviceProfileSelector
LogPluginManager: Mounting plugin LinuxDeviceProfileSelector
LogPluginManager: Mounting plugin LocationServicesBPLibrary
LogPluginManager: Mounting plugin MobilePatchingUtils
LogPluginManager: Mounting plugin OpenXR
LogPluginManager: Mounting plugin OpenXREyeTracker
LogPluginManager: Mounting plugin OpenXRHandTracking
LogPluginManager: Mounting plugin PhysXVehicles
LogPluginManager: Mounting plugin PostSplashScreen
LogPluginManager: Mounting plugin ProceduralMeshComponent
LogPluginManager: Mounting plugin PropertyAccessEditor
LogPluginManager: Mounting plugin RuntimePhysXCooking
LogPluginManager: Mounting plugin SoundFields
LogPluginManager: Mounting plugin SignificanceManager
LogPluginManager: Mounting plugin Synthesis
LogPluginManager: Mounting plugin WebMMoviePlayer
LogPluginManager: Mounting plugin WindowsMoviePlayer
LogPluginManager: Mounting plugin ContentBrowserAssetDataSource
LogPluginManager: Mounting plugin ContentBrowserClassDataSource
LogPluginManager: Mounting plugin ContentBrowserFileDataSource
LogPluginManager: Mounting plugin OnlineSubsystemGooglePlay
LogPluginManager: Mounting plugin OnlineSubsystemIOS
LogPluginManager: Mounting plugin OculusVR
LogPluginManager: Mounting plugin SteamVR
PixWinPlugin: PIX capture plugin failed to initialize! Check that the process is launched from PIX.
LogInit: Using libcurl 7.55.1-DEV
LogInit:  - built for x86_64-pc-win32
LogInit:  - supports SSL with OpenSSL/1.1.1
LogInit:  - supports HTTP deflate (compression) using libz 1.2.8
LogInit:  - other features:
LogInit:      CURL_VERSION_SSL
LogInit:      CURL_VERSION_LIBZ
LogInit:      CURL_VERSION_IPV6
LogInit:      CURL_VERSION_ASYNCHDNS
LogInit:      CURL_VERSION_LARGEFILE
LogInit:      CURL_VERSION_IDN
LogInit:  CurlRequestOptions (configurable via config and command line):
LogInit:  - bVerifyPeer = true  - Libcurl will verify peer certificate
LogInit:  - bUseHttpProxy = false  - Libcurl will NOT use HTTP proxy
LogInit:  - bDontReuseConnections = false  - Libcurl will reuse connections
LogInit:  - MaxHostConnections = 16  - Libcurl will limit the number of connections to a host
LogInit:  - LocalHostAddr = Default
LogInit:  - BufferSize = 65536
LogOnline: OSS: Creating online subsystem instance for: NULL
LogInit: WinSock: version 1.1 (2.2), MaxSocks=32767, MaxUdp=65467
LogOnline: OSS: TryLoadSubsystemAndSetDefault: Loaded subsystem for module [NULL]
LogOculusPluginWrapper: OculusPlugin initialized successfully
LogHMD: Failed initializing OVRPlugin 1.59.0
LogInit: Build: ++UE4+Release-4.27-CL-18319896
LogInit: Engine Version: 4.27.2-18319896+++UE4+Release-4.27
LogInit: Compatible Engine Version: 4.27.0-17155196+++UE4+Release-4.27
LogInit: Net CL: 17155196
LogInit: OS: Windows 10 (Release 2009) (), CPU: 11th Gen Intel(R) Core(TM) i7-11800H @ 2.30GHz, GPU: NVIDIA GeForce RTX 3080 Laptop GPU
LogInit: Compiled (64-bit): Nov 30 2021 07:12:08
LogInit: Compiled with Visual C++: 19.24.28315.00
LogInit: Build Configuration: Development
LogInit: Branch Name: ++UE4+Release-4.27
LogInit: Command Line:  -skipcompile
LogInit: Base Directory: C:/Program Files/Epic Games/UE_4.27/Engine/Binaries/Win64/
LogInit: Allocator: TBB
LogInit: Installed Engine Build: 1
LogDevObjectVersion: Number of dev versions registered: 29
LogDevObjectVersion:   Dev-Blueprints (B0D832E4-1F89-4F0D-ACCF-7EB736FD4AA2): 10
LogDevObjectVersion:   Dev-Build (E1C64328-A22C-4D53-A36C-8E866417BD8C): 0
LogDevObjectVersion:   Dev-Core (375EC13C-06E4-48FB-B500-84F0262A717E): 4
LogDevObjectVersion:   Dev-Editor (E4B068ED-F494-42E9-A231-DA0B2E46BB41): 40
LogDevObjectVersion:   Dev-Framework (CFFC743F-43B0-4480-9391-14DF171D2073): 37
LogDevObjectVersion:   Dev-Mobile (B02B49B5-BB20-44E9-A304-32B752E40360): 3
LogDevObjectVersion:   Dev-Networking (A4E4105C-59A1-49B5-A7C5-40C4547EDFEE): 0
LogDevObjectVersion:   Dev-Online (39C831C9-5AE6-47DC-9A44-9C173E1C8E7C): 0
LogDevObjectVersion:   Dev-Physics (78F01B33-EBEA-4F98-B9B4-84EACCB95AA2): 14
LogDevObjectVersion:   Dev-Platform (6631380F-2D4D-43E0-8009-CF276956A95A): 0
LogDevObjectVersion:   Dev-Rendering (12F88B9F-8875-4AFC-A67C-D90C383ABD29): 45
LogDevObjectVersion:   Dev-Sequencer (7B5AE74C-D270-4C10-A958-57980B212A5A): 13
LogDevObjectVersion:   Dev-VR (D7296918-1DD6-4BDD-9DE2-64A83CC13884): 3
LogDevObjectVersion:   Dev-LoadTimes (C2A15278-BFE7-4AFE-6C17-90FF531DF755): 1
LogDevObjectVersion:   Private-Geometry (6EACA3D4-40EC-4CC1-B786-8BED09428FC5): 3
LogDevObjectVersion:   Dev-AnimPhys (29E575DD-E0A3-4627-9D10-D276232CDCEA): 17
LogDevObjectVersion:   Dev-Anim (AF43A65D-7FD3-4947-9873-3E8ED9C1BB05): 15
LogDevObjectVersion:   Dev-ReflectionCapture (6B266CEC-1EC7-4B8F-A30B-E4D90942FC07): 1
LogDevObjectVersion:   Dev-Automation (0DF73D61-A23F-47EA-B727-89E90C41499A): 1
LogDevObjectVersion:   FortniteMain (601D1886-AC64-4F84-AA16-D3DE0DEAC7D6): 47
LogDevObjectVersion:   FortniteRelease (E7086368-6B23-4C58-8439-1B7016265E91): 1
LogDevObjectVersion:   Dev-Enterprise (9DFFBCD6-494F-0158-E221-12823C92A888): 10
LogDevObjectVersion:   Dev-Niagara (F2AED0AC-9AFE-416F-8664-AA7FFA26D6FC): 1
LogDevObjectVersion:   Dev-Destruction (174F1F0B-B4C6-45A5-B13F-2EE8D0FB917D): 10
LogDevObjectVersion:   Dev-Physics-Ext (35F94A83-E258-406C-A318-09F59610247C): 41
LogDevObjectVersion:   Dev-PhysicsMaterial-Chaos (B68FC16E-8B1B-42E2-B453-215C058844FE): 1
LogDevObjectVersion:   Dev-CineCamera (B2E18506-4273-CFC2-A54E-F4BB758BBA07): 1
LogDevObjectVersion:   Dev-VirtualProduction (64F58936-FD1B-42BA-BA96-7289D5D0FA4E): 1
LogDevObjectVersion:   Dev-MediaFramework (6F0ED827-A609-4895-9C91-998D90180EA4): 2
LogInit: Presizing for max 25165824 objects, including 0 objects not considered by GC, pre-allocating 0 bytes for permanent pool.
LogConfig: Applying CVar settings from Section [/Script/Engine.StreamingSettings] File [D:/UnrealGame01/UnrealGame001/Saved/Config/Windows/Engine.ini]
LogConfig: Setting CVar [[s.MinBulkDataSizeForAsyncLoading:131072]]
LogConfig: Setting CVar [[s.AsyncLoadingThreadEnabled:0]]
LogConfig: Setting CVar [[s.EventDrivenLoaderEnabled:1]]
LogConfig: Setting CVar [[s.WarnIfTimeLimitExceeded:0]]
LogConfig: Setting CVar [[s.TimeLimitExceededMultiplier:1.5]]
LogConfig: Setting CVar [[s.TimeLimitExceededMinTime:0.005]]
LogConfig: Setting CVar [[s.UseBackgroundLevelStreaming:1]]
LogConfig: Setting CVar [[s.PriorityAsyncLoadingExtraTime:15.0]]
LogConfig: Setting CVar [[s.LevelStreamingActorsUpdateTimeLimit:5.0]]
LogConfig: Setting CVar [[s.PriorityLevelStreamingActorsUpdateExtraTime:5.0]]
LogConfig: Setting CVar [[s.LevelStreamingComponentsRegistrationGranularity:10]]
LogConfig: Setting CVar [[s.UnregisterComponentsTimeLimit:1.0]]
LogConfig: Setting CVar [[s.LevelStreamingComponentsUnregistrationGranularity:5]]
LogConfig: Setting CVar [[s.FlushStreamingOnExit:1]]
LogInit: Object subsystem initialized
LogConfig: Setting CVar [[con.DebugEarlyDefault:1]]
LogConfig: Setting CVar [[r.setres:1280x720]]
[2023.10.13-20.51.44:516][  0]LogConfig: Setting CVar [[r.VSync:0]]
[2023.10.13-20.51.44:516][  0]LogConfig: Setting CVar [[r.RHICmdBypass:0]]
[2023.10.13-20.51.44:516][  0]LogConfig: Applying CVar settings from Section [/Script/Engine.RendererSettings] File [D:/UnrealGame01/UnrealGame001/Saved/Config/Windows/Engine.ini]
[2023.10.13-20.51.44:516][  0]LogConfig: Setting CVar [[r.GPUCrashDebugging:0]]
[2023.10.13-20.51.44:516][  0]LogConfig: Applying CVar settings from Section [/Script/Engine.RendererOverrideSettings] File [D:/UnrealGame01/UnrealGame001/Saved/Config/Windows/Engine.ini]
[2023.10.13-20.51.44:516][  0]LogConfig: Applying CVar settings from Section [/Script/Engine.StreamingSettings] File [D:/UnrealGame01/UnrealGame001/Saved/Config/Windows/Engine.ini]
[2023.10.13-20.51.44:516][  0]LogConfig: Setting CVar [[s.MinBulkDataSizeForAsyncLoading:131072]]
[2023.10.13-20.51.44:517][  0]LogConfig: Setting CVar [[s.AsyncLoadingThreadEnabled:0]]
[2023.10.13-20.51.44:517][  0]LogConfig: Setting CVar [[s.EventDrivenLoaderEnabled:1]]
[2023.10.13-20.51.44:517][  0]LogConfig: Setting CVar [[s.WarnIfTimeLimitExceeded:0]]
[2023.10.13-20.51.44:517][  0]LogConfig: Setting CVar [[s.TimeLimitExceededMultiplier:1.5]]
[2023.10.13-20.51.44:517][  0]LogConfig: Setting CVar [[s.TimeLimitExceededMinTime:0.005]]
[2023.10.13-20.51.44:517][  0]LogConfig: Setting CVar [[s.UseBackgroundLevelStreaming:1]]
[2023.10.13-20.51.44:517][  0]LogConfig: Setting CVar [[s.PriorityAsyncLoadingExtraTime:15.0]]
[2023.10.13-20.51.44:517][  0]LogConfig: Setting CVar [[s.LevelStreamingActorsUpdateTimeLimit:5.0]]
[2023.10.13-20.51.44:517][  0]LogConfig: Setting CVar [[s.PriorityLevelStreamingActorsUpdateExtraTime:5.0]]
[2023.10.13-20.51.44:517][  0]LogConfig: Setting CVar [[s.LevelStreamingComponentsRegistrationGranularity:10]]
[2023.10.13-20.51.44:517][  0]LogConfig: Setting CVar [[s.UnregisterComponentsTimeLimit:1.0]]
[2023.10.13-20.51.44:517][  0]LogConfig: Setting CVar [[s.LevelStreamingComponentsUnregistrationGranularity:5]]
[2023.10.13-20.51.44:517][  0]LogConfig: Setting CVar [[s.FlushStreamingOnExit:1]]
[2023.10.13-20.51.44:517][  0]LogConfig: Applying CVar settings from Section [/Script/Engine.GarbageCollectionSettings] File [D:/UnrealGame01/UnrealGame001/Saved/Config/Windows/Engine.ini]
[2023.10.13-20.51.44:517][  0]LogConfig: Setting CVar [[gc.MaxObjectsNotConsideredByGC:1]]
[2023.10.13-20.51.44:517][  0]LogConfig: Setting CVar [[gc.SizeOfPermanentObjectPool:0]]
[2023.10.13-20.51.44:517][  0]LogConfig: Setting CVar [[gc.FlushStreamingOnGC:0]]
[2023.10.13-20.51.44:517][  0]LogConfig: Setting CVar [[gc.NumRetriesBeforeForcingGC:10]]
[2023.10.13-20.51.44:518][  0]LogConfig: Setting CVar [[gc.AllowParallelGC:1]]
[2023.10.13-20.51.44:518][  0]LogConfig: Setting CVar [[gc.TimeBetweenPurgingPendingKillObjects:61.1]]
[2023.10.13-20.51.44:518][  0]LogConfig: Setting CVar [[gc.MaxObjectsInEditor:25165824]]
[2023.10.13-20.51.44:518][  0]LogConfig: Setting CVar [[gc.IncrementalBeginDestroyEnabled:1]]
[2023.10.13-20.51.44:518][  0]LogConfig: Setting CVar [[gc.CreateGCClusters:1]]
[2023.10.13-20.51.44:518][  0]LogConfig: Setting CVar [[gc.MinGCClusterSize:5]]
[2023.10.13-20.51.44:518][  0]LogConfig: Setting CVar [[gc.ActorClusteringEnabled:0]]
[2023.10.13-20.51.44:518][  0]LogConfig: Setting CVar [[gc.BlueprintClusteringEnabled:0]]
[2023.10.13-20.51.44:518][  0]LogConfig: Setting CVar [[gc.UseDisregardForGCOnDedicatedServers:0]]
[2023.10.13-20.51.44:518][  0]LogConfig: Setting CVar [[gc.MultithreadedDestructionEnabled:1]]
[2023.10.13-20.51.44:518][  0]LogConfig: Applying CVar settings from Section [/Script/Engine.NetworkSettings] File [D:/UnrealGame01/UnrealGame001/Saved/Config/Windows/Engine.ini]
[2023.10.13-20.51.44:518][  0]LogConfig: Applying CVar settings from Section [/Script/UnrealEd.CookerSettings] File [D:/UnrealGame01/UnrealGame001/Saved/Config/Windows/Engine.ini]
[2023.10.13-20.51.44:540][  0]LogConfig: Applying CVar settings from Section [ViewDistanceQuality@3] File [D:/UnrealGame01/UnrealGame001/Saved/Config/Windows/Scalability.ini]
[2023.10.13-20.51.44:540][  0]LogConfig: Setting CVar [[r.SkeletalMeshLODBias:0]]
[2023.10.13-20.51.44:540][  0]LogConfig: Setting CVar [[r.ViewDistanceScale:1.0]]
[2023.10.13-20.51.44:540][  0]LogConfig: Applying CVar settings from Section [AntiAliasingQuality@3] File [D:/UnrealGame01/UnrealGame001/Saved/Config/Windows/Scalability.ini]
[2023.10.13-20.51.44:540][  0]LogConfig: Setting CVar [[r.PostProcessAAQuality:4]]
[2023.10.13-20.51.44:540][  0]LogConfig: Applying CVar settings from Section [ShadowQuality@3] File [D:/UnrealGame01/UnrealGame001/Saved/Config/Windows/Scalability.ini]
[2023.10.13-20.51.44:540][  0]LogConfig: Setting CVar [[r.LightFunctionQuality:1]]
[2023.10.13-20.51.44:540][  0]LogConfig: Setting CVar [[r.ShadowQuality:5]]
[2023.10.13-20.51.44:540][  0]LogConfig: Setting CVar [[r.Shadow.CSM.MaxCascades:10]]
[2023.10.13-20.51.44:540][  0]LogConfig: Setting CVar [[r.Shadow.MaxResolution:2048]]
[2023.10.13-20.51.44:540][  0]LogConfig: Setting CVar [[r.Shadow.MaxCSMResolution:2048]]
[2023.10.13-20.51.44:541][  0]LogConfig: Setting CVar [[r.Shadow.RadiusThreshold:0.01]]
[2023.10.13-20.51.44:541][  0]LogConfig: Setting CVar [[r.Shadow.DistanceScale:1.0]]
[2023.10.13-20.51.44:541][  0]LogConfig: Setting CVar [[r.Shadow.CSM.TransitionScale:1.0]]
[2023.10.13-20.51.44:541][  0]LogConfig: Setting CVar [[r.Shadow.PreShadowResolutionFactor:1.0]]
[2023.10.13-20.51.44:541][  0]LogConfig: Setting CVar [[r.DistanceFieldShadowing:1]]
[2023.10.13-20.51.44:541][  0]LogConfig: Setting CVar [[r.DistanceFieldAO:1]]
[2023.10.13-20.51.44:541][  0]LogConfig: Setting CVar [[r.AOQuality:2]]
[2023.10.13-20.51.44:541][  0]LogConfig: Setting CVar [[r.VolumetricFog:1]]
[2023.10.13-20.51.44:541][  0]LogConfig: Setting CVar [[r.VolumetricFog.GridPixelSize:8]]
[2023.10.13-20.51.44:541][  0]LogConfig: Setting CVar [[r.VolumetricFog.GridSizeZ:128]]
[2023.10.13-20.51.44:541][  0]LogConfig: Setting CVar [[r.VolumetricFog.HistoryMissSupersampleCount:4]]
[2023.10.13-20.51.44:541][  0]LogConfig: Setting CVar [[r.LightMaxDrawDistanceScale:1]]
[2023.10.13-20.51.44:541][  0]LogConfig: Setting CVar [[r.CapsuleShadows:1]]
[2023.10.13-20.51.44:541][  0]LogConfig: Applying CVar settings from Section [PostProcessQuality@3] File [D:/UnrealGame01/UnrealGame001/Saved/Config/Windows/Scalability.ini]
[2023.10.13-20.51.44:541][  0]LogConfig: Setting CVar [[r.MotionBlurQuality:4]]
[2023.10.13-20.51.44:542][  0]LogConfig: Setting CVar [[r.AmbientOcclusionMipLevelFactor:0.4]]
[2023.10.13-20.51.44:542][  0]LogConfig: Setting CVar [[r.AmbientOcclusionMaxQuality:100]]
[2023.10.13-20.51.44:542][  0]LogConfig: Setting CVar [[r.AmbientOcclusionLevels:-1]]
[2023.10.13-20.51.44:542][  0]LogConfig: Setting CVar [[r.AmbientOcclusionRadiusScale:1.0]]
[2023.10.13-20.51.44:542][  0]LogConfig: Setting CVar [[r.DepthOfFieldQuality:2]]
[2023.10.13-20.51.44:542][  0]LogConfig: Setting CVar [[r.RenderTargetPoolMin:400]]
[2023.10.13-20.51.44:542][  0]LogConfig: Setting CVar [[r.LensFlareQuality:2]]
[2023.10.13-20.51.44:542][  0]LogConfig: Setting CVar [[r.SceneColorFringeQuality:1]]
[2023.10.13-20.51.44:542][  0]LogConfig: Setting CVar [[r.EyeAdaptationQuality:2]]
[2023.10.13-20.51.44:542][  0]LogConfig: Setting CVar [[r.BloomQuality:5]]
[2023.10.13-20.51.44:542][  0]LogConfig: Setting CVar [[r.FastBlurThreshold:100]]
[2023.10.13-20.51.44:542][  0]LogConfig: Setting CVar [[r.Upscale.Quality:3]]
[2023.10.13-20.51.44:542][  0]LogConfig: Setting CVar [[r.Tonemapper.GrainQuantization:1]]
[2023.10.13-20.51.44:542][  0]LogConfig: Setting CVar [[r.LightShaftQuality:1]]
[2023.10.13-20.51.44:542][  0]LogConfig: Setting CVar [[r.Filter.SizeScale:1]]
[2023.10.13-20.51.44:542][  0]LogConfig: Setting CVar [[r.Tonemapper.Quality:5]]
[2023.10.13-20.51.44:542][  0]LogConfig: Setting CVar [[r.DOF.Gather.AccumulatorQuality:1        ; higher gathering accumulator quality]]
[2023.10.13-20.51.44:542][  0]LogConfig: Setting CVar [[r.DOF.Gather.PostfilterMethod:1          ; Median3x3 postfilering method]]
[2023.10.13-20.51.44:543][  0]LogConfig: Setting CVar [[r.DOF.Gather.EnableBokehSettings:0       ; no bokeh simulation when gathering]]
[2023.10.13-20.51.44:543][  0]LogConfig: Setting CVar [[r.DOF.Gather.RingCount:4                 ; medium number of samples when gathering]]
[2023.10.13-20.51.44:543][  0]LogConfig: Setting CVar [[r.DOF.Scatter.ForegroundCompositing:1    ; additive foreground scattering]]
[2023.10.13-20.51.44:543][  0]LogConfig: Setting CVar [[r.DOF.Scatter.BackgroundCompositing:2    ; additive background scattering]]
[2023.10.13-20.51.44:543][  0]LogConfig: Setting CVar [[r.DOF.Scatter.EnableBokehSettings:1      ; bokeh simulation when scattering]]
[2023.10.13-20.51.44:543][  0]LogConfig: Setting CVar [[r.DOF.Scatter.MaxSpriteRatio:0.1         ; only a maximum of 10% of scattered bokeh]]
[2023.10.13-20.51.44:543][  0]LogConfig: Setting CVar [[r.DOF.Recombine.Quality:1                ; cheap slight out of focus]]
[2023.10.13-20.51.44:543][  0]LogConfig: Setting CVar [[r.DOF.Recombine.EnableBokehSettings:0    ; no bokeh simulation on slight out of focus]]
[2023.10.13-20.51.44:543][  0]LogConfig: Setting CVar [[r.DOF.TemporalAAQuality:1                ; more stable temporal accumulation]]
[2023.10.13-20.51.44:543][  0]LogConfig: Setting CVar [[r.DOF.Kernel.MaxForegroundRadius:0.025]]
[2023.10.13-20.51.44:543][  0]LogConfig: Setting CVar [[r.DOF.Kernel.MaxBackgroundRadius:0.025]]
[2023.10.13-20.51.44:543][  0]LogConfig: Applying CVar settings from Section [TextureQuality@3] File [D:/UnrealGame01/UnrealGame001/Saved/Config/Windows/Scalability.ini]
[2023.10.13-20.51.44:543][  0]LogConfig: Setting CVar [[r.Streaming.MipBias:0]]
[2023.10.13-20.51.44:543][  0]LogConfig: Setting CVar [[r.Streaming.AmortizeCPUToGPUCopy:0]]
[2023.10.13-20.51.44:543][  0]LogConfig: Setting CVar [[r.Streaming.MaxNumTexturesToStreamPerFrame:0]]
[2023.10.13-20.51.44:543][  0]LogConfig: Setting CVar [[r.Streaming.Boost:1]]
[2023.10.13-20.51.44:543][  0]LogConfig: Setting CVar [[r.MaxAnisotropy:8]]
[2023.10.13-20.51.44:543][  0]LogConfig: Setting CVar [[r.VT.MaxAnisotropy:8]]
[2023.10.13-20.51.44:543][  0]LogConfig: Setting CVar [[r.Streaming.LimitPoolSizeToVRAM:0]]
[2023.10.13-20.51.44:543][  0]LogConfig: Setting CVar [[r.Streaming.PoolSize:1000]]
[2023.10.13-20.51.44:543][  0]LogConfig: Setting CVar [[r.Streaming.MaxEffectiveScreenSize:0]]
[2023.10.13-20.51.44:544][  0]LogConfig: Applying CVar settings from Section [EffectsQuality@3] File [D:/UnrealGame01/UnrealGame001/Saved/Config/Windows/Scalability.ini]
[2023.10.13-20.51.44:544][  0]LogConfig: Setting CVar [[r.TranslucencyLightingVolumeDim:64]]
[2023.10.13-20.51.44:544][  0]LogConfig: Setting CVar [[r.RefractionQuality:2]]
[2023.10.13-20.51.44:544][  0]LogConfig: Setting CVar [[r.SSR.Quality:3]]
[2023.10.13-20.51.44:544][  0]LogConfig: Setting CVar [[r.SSR.HalfResSceneColor:0]]
[2023.10.13-20.51.44:544][  0]LogConfig: Setting CVar [[r.SceneColorFormat:4]]
[2023.10.13-20.51.44:544][  0]LogConfig: Setting CVar [[r.DetailMode:2]]
[2023.10.13-20.51.44:544][  0]LogConfig: Setting CVar [[r.TranslucencyVolumeBlur:1]]
[2023.10.13-20.51.44:544][  0]LogConfig: Setting CVar [[r.MaterialQualityLevel:1 ; High quality]]
[2023.10.13-20.51.44:544][  0]LogConfig: Setting CVar [[r.AnisotropicMaterials:1]]
[2023.10.13-20.51.44:544][  0]LogConfig: Setting CVar [[r.SSS.Scale:1]]
[2023.10.13-20.51.44:544][  0]LogConfig: Setting CVar [[r.SSS.SampleSet:2]]
[2023.10.13-20.51.44:544][  0]LogConfig: Setting CVar [[r.SSS.Quality:1]]
[2023.10.13-20.51.44:544][  0]LogConfig: Setting CVar [[r.SSS.HalfRes:0]]
[2023.10.13-20.51.44:544][  0]LogConfig: Setting CVar [[r.SSGI.Quality:3]]
[2023.10.13-20.51.44:544][  0]LogConfig: Setting CVar [[r.EmitterSpawnRateScale:1.0]]
[2023.10.13-20.51.44:544][  0]LogConfig: Setting CVar [[r.ParticleLightQuality:2]]
[2023.10.13-20.51.44:544][  0]LogConfig: Setting CVar [[r.SkyAtmosphere.AerialPerspectiveLUT.FastApplyOnOpaque:1 ; Always have FastSkyLUT 1 in this case to avoid wrong sky]]
[2023.10.13-20.51.44:544][  0]LogConfig: Setting CVar [[r.SkyAtmosphere.AerialPerspectiveLUT.SampleCountMaxPerSlice:4]]
[2023.10.13-20.51.44:545][  0]LogConfig: Setting CVar [[r.SkyAtmosphere.AerialPerspectiveLUT.DepthResolution:16.0]]
[2023.10.13-20.51.44:545][  0]LogConfig: Setting CVar [[r.SkyAtmosphere.FastSkyLUT:1]]
[2023.10.13-20.51.44:545][  0]LogConfig: Setting CVar [[r.SkyAtmosphere.FastSkyLUT.SampleCountMin:4.0]]
[2023.10.13-20.51.44:545][  0]LogConfig: Setting CVar [[r.SkyAtmosphere.FastSkyLUT.SampleCountMax:128.0]]
[2023.10.13-20.51.44:545][  0]LogConfig: Setting CVar [[r.SkyAtmosphere.SampleCountMin:4.0]]
[2023.10.13-20.51.44:545][  0]LogConfig: Setting CVar [[r.SkyAtmosphere.SampleCountMax:128.0]]
[2023.10.13-20.51.44:545][  0]LogConfig: Setting CVar [[r.SkyAtmosphere.TransmittanceLUT.UseSmallFormat:0]]
[2023.10.13-20.51.44:545][  0]LogConfig: Setting CVar [[r.SkyAtmosphere.TransmittanceLUT.SampleCount:10.0]]
[2023.10.13-20.51.44:545][  0]LogConfig: Setting CVar [[r.SkyAtmosphere.MultiScatteringLUT.SampleCount:15.0]]
[2023.10.13-20.51.44:545][  0]LogConfig: Setting CVar [[r.SkyLight.RealTimeReflectionCapture:1]]
[2023.10.13-20.51.44:545][  0]LogConfig: Applying CVar settings from Section [FoliageQuality@3] File [D:/UnrealGame01/UnrealGame001/Saved/Config/Windows/Scalability.ini]
[2023.10.13-20.51.44:545][  0]LogConfig: Setting CVar [[foliage.DensityScale:1.0]]
[2023.10.13-20.51.44:545][  0]LogConfig: Setting CVar [[grass.DensityScale:1.0]]
[2023.10.13-20.51.44:545][  0]LogConfig: Applying CVar settings from Section [ShadingQuality@3] File [D:/UnrealGame01/UnrealGame001/Saved/Config/Windows/Scalability.ini]
[2023.10.13-20.51.44:545][  0]LogConfig: Setting CVar [[r.HairStrands.SkyLighting.IntegrationType:2]]
[2023.10.13-20.51.44:545][  0]LogConfig: Setting CVar [[r.HairStrands.SkyAO.SampleCount:4]]
[2023.10.13-20.51.44:545][  0]LogConfig: Setting CVar [[r.HairStrands.Visibility.MSAA.SamplePerPixel:4]]
[2023.10.13-20.51.44:545][  0]LogInit: Selected Device Profile: [Windows]
[2023.10.13-20.51.44:546][  0]LogInit: Applying CVar settings loaded from the selected device profile: [Windows]
[2023.10.13-20.51.44:546][  0]LogHAL: Display: Platform has ~ 16 GB [16938074112 / 17179869184 / 16], which maps to Larger [LargestMinGB=32, LargerMinGB=12, DefaultMinGB=8, SmallerMinGB=6, SmallestMinGB=0)
[2023.10.13-20.51.44:546][  0]LogInit: Going up to parent DeviceProfile []
[2023.10.13-20.51.44:546][  0]LogConfig: Applying CVar settings from Section [ViewDistanceQuality@3] File [D:/UnrealGame01/UnrealGame001/Saved/Config/Windows/Scalability.ini]
[2023.10.13-20.51.44:546][  0]LogConfig: Setting CVar [[r.SkeletalMeshLODBias:0]]
[2023.10.13-20.51.44:546][  0]LogConfig: Setting CVar [[r.ViewDistanceScale:1.0]]
[2023.10.13-20.51.44:546][  0]LogConfig: Applying CVar settings from Section [AntiAliasingQuality@3] File [D:/UnrealGame01/UnrealGame001/Saved/Config/Windows/Scalability.ini]
[2023.10.13-20.51.44:546][  0]LogConfig: Setting CVar [[r.PostProcessAAQuality:4]]
[2023.10.13-20.51.44:546][  0]LogConfig: Applying CVar settings from Section [ShadowQuality@3] File [D:/UnrealGame01/UnrealGame001/Saved/Config/Windows/Scalability.ini]
[2023.10.13-20.51.44:546][  0]LogConfig: Setting CVar [[r.LightFunctionQuality:1]]
[2023.10.13-20.51.44:546][  0]LogConfig: Setting CVar [[r.ShadowQuality:5]]
[2023.10.13-20.51.44:546][  0]LogConfig: Setting CVar [[r.Shadow.CSM.MaxCascades:10]]
[2023.10.13-20.51.44:546][  0]LogConfig: Setting CVar [[r.Shadow.MaxResolution:2048]]
[2023.10.13-20.51.44:546][  0]LogConfig: Setting CVar [[r.Shadow.MaxCSMResolution:2048]]
[2023.10.13-20.51.44:546][  0]LogConfig: Setting CVar [[r.Shadow.RadiusThreshold:0.01]]
[2023.10.13-20.51.44:546][  0]LogConfig: Setting CVar [[r.Shadow.DistanceScale:1.0]]
[2023.10.13-20.51.44:546][  0]LogConfig: Setting CVar [[r.Shadow.CSM.TransitionScale:1.0]]
[2023.10.13-20.51.44:547][  0]LogConfig: Setting CVar [[r.Shadow.PreShadowResolutionFactor:1.0]]
[2023.10.13-20.51.44:547][  0]LogConfig: Setting CVar [[r.DistanceFieldShadowing:1]]
[2023.10.13-20.51.44:547][  0]LogConfig: Setting CVar [[r.DistanceFieldAO:1]]
[2023.10.13-20.51.44:547][  0]LogConfig: Setting CVar [[r.AOQuality:2]]
[2023.10.13-20.51.44:547][  0]LogConfig: Setting CVar [[r.VolumetricFog:1]]
[2023.10.13-20.51.44:547][  0]LogConfig: Setting CVar [[r.VolumetricFog.GridPixelSize:8]]
[2023.10.13-20.51.44:547][  0]LogConfig: Setting CVar [[r.VolumetricFog.GridSizeZ:128]]
[2023.10.13-20.51.44:547][  0]LogConfig: Setting CVar [[r.VolumetricFog.HistoryMissSupersampleCount:4]]
[2023.10.13-20.51.44:547][  0]LogConfig: Setting CVar [[r.LightMaxDrawDistanceScale:1]]
[2023.10.13-20.51.44:547][  0]LogConfig: Setting CVar [[r.CapsuleShadows:1]]
[2023.10.13-20.51.44:547][  0]LogConfig: Applying CVar settings from Section [PostProcessQuality@3] File [D:/UnrealGame01/UnrealGame001/Saved/Config/Windows/Scalability.ini]
[2023.10.13-20.51.44:547][  0]LogConfig: Setting CVar [[r.MotionBlurQuality:4]]
[2023.10.13-20.51.44:547][  0]LogConfig: Setting CVar [[r.AmbientOcclusionMipLevelFactor:0.4]]
[2023.10.13-20.51.44:547][  0]LogConfig: Setting CVar [[r.AmbientOcclusionMaxQuality:100]]
[2023.10.13-20.51.44:547][  0]LogConfig: Setting CVar [[r.AmbientOcclusionLevels:-1]]
[2023.10.13-20.51.44:547][  0]LogConfig: Setting CVar [[r.AmbientOcclusionRadiusScale:1.0]]
[2023.10.13-20.51.44:547][  0]LogConfig: Setting CVar [[r.DepthOfFieldQuality:2]]
[2023.10.13-20.51.44:547][  0]LogConfig: Setting CVar [[r.RenderTargetPoolMin:400]]
[2023.10.13-20.51.44:547][  0]LogConfig: Setting CVar [[r.LensFlareQuality:2]]
[2023.10.13-20.51.44:548][  0]LogConfig: Setting CVar [[r.SceneColorFringeQuality:1]]
[2023.10.13-20.51.44:548][  0]LogConfig: Setting CVar [[r.EyeAdaptationQuality:2]]
[2023.10.13-20.51.44:548][  0]LogConfig: Setting CVar [[r.BloomQuality:5]]
[2023.10.13-20.51.44:548][  0]LogConfig: Setting CVar [[r.FastBlurThreshold:100]]
[2023.10.13-20.51.44:548][  0]LogConfig: Setting CVar [[r.Upscale.Quality:3]]
[2023.10.13-20.51.44:548][  0]LogConfig: Setting CVar [[r.Tonemapper.GrainQuantization:1]]
[2023.10.13-20.51.44:548][  0]LogConfig: Setting CVar [[r.LightShaftQuality:1]]
[2023.10.13-20.51.44:548][  0]LogConfig: Setting CVar [[r.Filter.SizeScale:1]]
[2023.10.13-20.51.44:548][  0]LogConfig: Setting CVar [[r.Tonemapper.Quality:5]]
[2023.10.13-20.51.44:548][  0]LogConfig: Setting CVar [[r.DOF.Gather.AccumulatorQuality:1        ; higher gathering accumulator quality]]
[2023.10.13-20.51.44:548][  0]LogConfig: Setting CVar [[r.DOF.Gather.PostfilterMethod:1          ; Median3x3 postfilering method]]
[2023.10.13-20.51.44:548][  0]LogConfig: Setting CVar [[r.DOF.Gather.EnableBokehSettings:0       ; no bokeh simulation when gathering]]
[2023.10.13-20.51.44:548][  0]LogConfig: Setting CVar [[r.DOF.Gather.RingCount:4                 ; medium number of samples when gathering]]
[2023.10.13-20.51.44:548][  0]LogConfig: Setting CVar [[r.DOF.Scatter.ForegroundCompositing:1    ; additive foreground scattering]]
[2023.10.13-20.51.44:548][  0]LogConfig: Setting CVar [[r.DOF.Scatter.BackgroundCompositing:2    ; additive background scattering]]
[2023.10.13-20.51.44:548][  0]LogConfig: Setting CVar [[r.DOF.Scatter.EnableBokehSettings:1      ; bokeh simulation when scattering]]
[2023.10.13-20.51.44:548][  0]LogConfig: Setting CVar [[r.DOF.Scatter.MaxSpriteRatio:0.1         ; only a maximum of 10% of scattered bokeh]]
[2023.10.13-20.51.44:548][  0]LogConfig: Setting CVar [[r.DOF.Recombine.Quality:1                ; cheap slight out of focus]]
[2023.10.13-20.51.44:548][  0]LogConfig: Setting CVar [[r.DOF.Recombine.EnableBokehSettings:0    ; no bokeh simulation on slight out of focus]]
[2023.10.13-20.51.44:549][  0]LogConfig: Setting CVar [[r.DOF.TemporalAAQuality:1                ; more stable temporal accumulation]]
[2023.10.13-20.51.44:549][  0]LogConfig: Setting CVar [[r.DOF.Kernel.MaxForegroundRadius:0.025]]
[2023.10.13-20.51.44:549][  0]LogConfig: Setting CVar [[r.DOF.Kernel.MaxBackgroundRadius:0.025]]
[2023.10.13-20.51.44:549][  0]LogConfig: Applying CVar settings from Section [TextureQuality@3] File [D:/UnrealGame01/UnrealGame001/Saved/Config/Windows/Scalability.ini]
[2023.10.13-20.51.44:549][  0]LogConfig: Setting CVar [[r.Streaming.MipBias:0]]
[2023.10.13-20.51.44:549][  0]LogConfig: Setting CVar [[r.Streaming.AmortizeCPUToGPUCopy:0]]
[2023.10.13-20.51.44:549][  0]LogConfig: Setting CVar [[r.Streaming.MaxNumTexturesToStreamPerFrame:0]]
[2023.10.13-20.51.44:549][  0]LogConfig: Setting CVar [[r.Streaming.Boost:1]]
[2023.10.13-20.51.44:549][  0]LogConfig: Setting CVar [[r.MaxAnisotropy:8]]
[2023.10.13-20.51.44:549][  0]LogConfig: Setting CVar [[r.VT.MaxAnisotropy:8]]
[2023.10.13-20.51.44:549][  0]LogConfig: Setting CVar [[r.Streaming.LimitPoolSizeToVRAM:0]]
[2023.10.13-20.51.44:549][  0]LogConfig: Setting CVar [[r.Streaming.PoolSize:1000]]
[2023.10.13-20.51.44:549][  0]LogConfig: Setting CVar [[r.Streaming.MaxEffectiveScreenSize:0]]
[2023.10.13-20.51.44:549][  0]LogConfig: Applying CVar settings from Section [EffectsQuality@3] File [D:/UnrealGame01/UnrealGame001/Saved/Config/Windows/Scalability.ini]
[2023.10.13-20.51.44:549][  0]LogConfig: Setting CVar [[r.TranslucencyLightingVolumeDim:64]]
[2023.10.13-20.51.44:549][  0]LogConfig: Setting CVar [[r.RefractionQuality:2]]
[2023.10.13-20.51.44:549][  0]LogConfig: Setting CVar [[r.SSR.Quality:3]]
[2023.10.13-20.51.44:549][  0]LogConfig: Setting CVar [[r.SSR.HalfResSceneColor:0]]
[2023.10.13-20.51.44:549][  0]LogConfig: Setting CVar [[r.SceneColorFormat:4]]
[2023.10.13-20.51.44:549][  0]LogConfig: Setting CVar [[r.DetailMode:2]]
[2023.10.13-20.51.44:550][  0]LogConfig: Setting CVar [[r.TranslucencyVolumeBlur:1]]
[2023.10.13-20.51.44:550][  0]LogConfig: Setting CVar [[r.MaterialQualityLevel:1 ; High quality]]
[2023.10.13-20.51.44:550][  0]LogConfig: Setting CVar [[r.AnisotropicMaterials:1]]
[2023.10.13-20.51.44:550][  0]LogConfig: Setting CVar [[r.SSS.Scale:1]]
[2023.10.13-20.51.44:550][  0]LogConfig: Setting CVar [[r.SSS.SampleSet:2]]
[2023.10.13-20.51.44:550][  0]LogConfig: Setting CVar [[r.SSS.Quality:1]]
[2023.10.13-20.51.44:550][  0]LogConfig: Setting CVar [[r.SSS.HalfRes:0]]
[2023.10.13-20.51.44:550][  0]LogConfig: Setting CVar [[r.SSGI.Quality:3]]
[2023.10.13-20.51.44:550][  0]LogConfig: Setting CVar [[r.EmitterSpawnRateScale:1.0]]
[2023.10.13-20.51.44:550][  0]LogConfig: Setting CVar [[r.ParticleLightQuality:2]]
[2023.10.13-20.51.44:550][  0]LogConfig: Setting CVar [[r.SkyAtmosphere.AerialPerspectiveLUT.FastApplyOnOpaque:1 ; Always have FastSkyLUT 1 in this case to avoid wrong sky]]
[2023.10.13-20.51.44:550][  0]LogConfig: Setting CVar [[r.SkyAtmosphere.AerialPerspectiveLUT.SampleCountMaxPerSlice:4]]
[2023.10.13-20.51.44:550][  0]LogConfig: Setting CVar [[r.SkyAtmosphere.AerialPerspectiveLUT.DepthResolution:16.0]]
[2023.10.13-20.51.44:550][  0]LogConfig: Setting CVar [[r.SkyAtmosphere.FastSkyLUT:1]]
[2023.10.13-20.51.44:550][  0]LogConfig: Setting CVar [[r.SkyAtmosphere.FastSkyLUT.SampleCountMin:4.0]]
[2023.10.13-20.51.44:550][  0]LogConfig: Setting CVar [[r.SkyAtmosphere.FastSkyLUT.SampleCountMax:128.0]]
[2023.10.13-20.51.44:550][  0]LogConfig: Setting CVar [[r.SkyAtmosphere.SampleCountMin:4.0]]
[2023.10.13-20.51.44:550][  0]LogConfig: Setting CVar [[r.SkyAtmosphere.SampleCountMax:128.0]]
[2023.10.13-20.51.44:551][  0]LogConfig: Setting CVar [[r.SkyAtmosphere.TransmittanceLUT.UseSmallFormat:0]]
[2023.10.13-20.51.44:551][  0]LogConfig: Setting CVar [[r.SkyAtmosphere.TransmittanceLUT.SampleCount:10.0]]
[2023.10.13-20.51.44:551][  0]LogConfig: Setting CVar [[r.SkyAtmosphere.MultiScatteringLUT.SampleCount:15.0]]
[2023.10.13-20.51.44:551][  0]LogConfig: Setting CVar [[r.SkyLight.RealTimeReflectionCapture:1]]
[2023.10.13-20.51.44:551][  0]LogConfig: Applying CVar settings from Section [FoliageQuality@3] File [D:/UnrealGame01/UnrealGame001/Saved/Config/Windows/Scalability.ini]
[2023.10.13-20.51.44:551][  0]LogConfig: Setting CVar [[foliage.DensityScale:1.0]]
[2023.10.13-20.51.44:551][  0]LogConfig: Setting CVar [[grass.DensityScale:1.0]]
[2023.10.13-20.51.44:551][  0]LogConfig: Applying CVar settings from Section [ShadingQuality@3] File [D:/UnrealGame01/UnrealGame001/Saved/Config/Windows/Scalability.ini]
[2023.10.13-20.51.44:551][  0]LogConfig: Setting CVar [[r.HairStrands.SkyLighting.IntegrationType:2]]
[2023.10.13-20.51.44:551][  0]LogConfig: Setting CVar [[r.HairStrands.SkyAO.SampleCount:4]]
[2023.10.13-20.51.44:551][  0]LogConfig: Setting CVar [[r.HairStrands.Visibility.MSAA.SamplePerPixel:4]]
[2023.10.13-20.51.44:552][  0]LogConfig: Applying CVar settings from Section [Startup] File [../../../Engine/Config/ConsoleVariables.ini]
[2023.10.13-20.51.44:552][  0]LogConfig: Setting CVar [[net.UseAdaptiveNetUpdateFrequency:0]]
[2023.10.13-20.51.44:553][  0]LogConfig: Setting CVar [[p.chaos.AllowCreatePhysxBodies:1]]
[2023.10.13-20.51.44:553][  0]LogConfig: Setting CVar [[fx.SkipVectorVMBackendOptimizations:1]]
[2023.10.13-20.51.44:553][  0]LogConfig: Applying CVar settings from Section [ConsoleVariables] File [D:/UnrealGame01/UnrealGame001/Saved/Config/Windows/Engine.ini]
[2023.10.13-20.51.44:553][  0]LogConfig: Applying CVar settings from Section [ConsoleVariables] File [D:/UnrealGame01/UnrealGame001/Saved/Config/Windows/Editor.ini]
[2023.10.13-20.51.44:553][  0]LogInit: Computer: MSI
[2023.10.13-20.51.44:553][  0]LogInit: User: MOON
[2023.10.13-20.51.44:553][  0]LogInit: CPU Page size=4096, Cores=8
[2023.10.13-20.51.44:553][  0]LogInit: High frequency timer resolution =10.000000 MHz
[2023.10.13-20.51.44:554][  0]LogMemory: Memory total: Physical=15.8GB (16GB approx)
[2023.10.13-20.51.44:554][  0]LogMemory: Platform Memory Stats for Windows
[2023.10.13-20.51.44:554][  0]LogMemory: Process Physical Memory: 148.59 MB used, 148.59 MB peak
[2023.10.13-20.51.44:554][  0]LogMemory: Process Virtual Memory: 130.51 MB used, 130.51 MB peak
[2023.10.13-20.51.44:554][  0]LogMemory: Physical Memory: 12697.77 MB used,  3455.64 MB free, 16153.41 MB total
[2023.10.13-20.51.44:554][  0]LogMemory: Virtual Memory: 134211936.00 MB used,  5790.29 MB free, 134217728.00 MB total
[2023.10.13-20.51.44:841][  0]LogWindows: WindowsPlatformFeatures enabled
[2023.10.13-20.51.45:054][  0]LogInit: Physics initialised using underlying interface: PhysX
[2023.10.13-20.51.45:055][  0]LogInit: Using OS detected language (en-US).
[2023.10.13-20.51.45:055][  0]LogInit: Using OS detected locale (en-US).
[2023.10.13-20.51.45:064][  0]LogTextLocalizationManager: No specific localization for 'en-US' exists, so the 'en' localization will be used.
[2023.10.13-20.51.45:375][  0]LogInit: Setting process to per monitor DPI aware
[2023.10.13-20.51.45:400][  0]LogWindowsTextInputMethodSystem: Display: IME system deactivated.
[2023.10.13-20.51.45:428][  0]LogSlate: New Slate User Created.  User Index 0, Is Virtual User: 0
[2023.10.13-20.51.45:428][  0]LogSlate: Slate User Registered.  User Index 0, Is Virtual User: 0
[2023.10.13-20.51.45:699][  0]LogD3D11RHI: Loaded GFSDK_Aftermath_Lib.x64.dll
[2023.10.13-20.51.45:709][  0]LogHMD: Failed to initialize OpenVR with code 110
[2023.10.13-20.51.45:709][  0]LogD3D11RHI: D3D11 min allowed feature level: 11_0
[2023.10.13-20.51.45:709][  0]LogD3D11RHI: D3D11 max allowed feature level: 11_0
[2023.10.13-20.51.45:709][  0]LogD3D11RHI: D3D11 adapters:
[2023.10.13-20.51.45:919][  0]LogD3D11RHI:    0. 'NVIDIA GeForce RTX 3080 Laptop GPU' (Feature Level 11_0)
[2023.10.13-20.51.45:919][  0]LogD3D11RHI:       16191/0/8076 MB DedicatedVideo/DedicatedSystem/SharedSystem, Outputs:1, VendorId:0x10de
[2023.10.13-20.51.45:930][  0]LogD3D11RHI:    1. 'Microsoft Basic Render Driver' (Feature Level 11_0)
[2023.10.13-20.51.45:930][  0]LogD3D11RHI:       0/0/8076 MB DedicatedVideo/DedicatedSystem/SharedSystem, Outputs:0, VendorId:0x1414
[2023.10.13-20.51.45:930][  0]LogD3D11RHI: Chosen D3D11 Adapter:
[2023.10.13-20.51.45:930][  0]LogD3D11RHI:     Description : NVIDIA GeForce RTX 3080 Laptop GPU
[2023.10.13-20.51.45:930][  0]LogD3D11RHI:     VendorId    : 10de
[2023.10.13-20.51.45:930][  0]LogD3D11RHI:     DeviceId    : 249c
[2023.10.13-20.51.45:930][  0]LogD3D11RHI:     SubSysId    : 13051462
[2023.10.13-20.51.45:930][  0]LogD3D11RHI:     Revision    : 00a1
[2023.10.13-20.51.45:930][  0]LogD3D11RHI:     DedicatedVideoMemory : 16977494016 bytes
[2023.10.13-20.51.45:930][  0]LogD3D11RHI:     DedicatedSystemMemory : 0 bytes
[2023.10.13-20.51.45:930][  0]LogD3D11RHI:     SharedSystemMemory : 8469037056 bytes
[2023.10.13-20.51.45:930][  0]LogD3D11RHI:     AdapterLuid : 0 70377
[2023.10.13-20.51.45:939][  0]LogD3D11RHI: Creating new Direct3DDevice
[2023.10.13-20.51.45:939][  0]LogD3D11RHI:     GPU DeviceId: 0x249c (for the marketing name, search the web for "GPU Device Id")
[2023.10.13-20.51.45:939][  0]LogWindows: EnumDisplayDevices:
[2023.10.13-20.51.45:939][  0]LogWindows:    0. 'NVIDIA GeForce RTX 3080 Laptop GPU' (P:1 D:1)
[2023.10.13-20.51.45:941][  0]LogWindows:    1. 'NVIDIA GeForce RTX 3080 Laptop GPU' (P:0 D:0)
[2023.10.13-20.51.45:941][  0]LogWindows:    2. 'NVIDIA GeForce RTX 3080 Laptop GPU' (P:0 D:0)
[2023.10.13-20.51.45:943][  0]LogWindows:    3. 'NVIDIA GeForce RTX 3080 Laptop GPU' (P:0 D:0)
[2023.10.13-20.51.45:944][  0]LogWindows: DebugString: FoundDriverCount:4 
[2023.10.13-20.51.45:944][  0]LogD3D11RHI:     Adapter Name: NVIDIA GeForce RTX 3080 Laptop GPU
[2023.10.13-20.51.45:944][  0]LogD3D11RHI:   Driver Version: 536.99 (internal:31.0.15.3699, unified:536.99)
[2023.10.13-20.51.45:944][  0]LogD3D11RHI:      Driver Date: 8-4-2023
[2023.10.13-20.51.45:944][  0]LogRHI: Texture pool is 11333 MB (70% of 16191 MB)
[2023.10.13-20.51.45:944][  0]LogD3D11RHI: Creating D3DDevice using adapter:
[2023.10.13-20.51.45:944][  0]LogD3D11RHI:     Description : NVIDIA GeForce RTX 3080 Laptop GPU
[2023.10.13-20.51.45:944][  0]LogD3D11RHI:     VendorId    : 10de
[2023.10.13-20.51.45:944][  0]LogD3D11RHI:     DeviceId    : 249c
[2023.10.13-20.51.45:944][  0]LogD3D11RHI:     SubSysId    : 13051462
[2023.10.13-20.51.45:944][  0]LogD3D11RHI:     Revision    : 00a1
[2023.10.13-20.51.45:944][  0]LogD3D11RHI:     DedicatedVideoMemory : 16977494016 bytes
[2023.10.13-20.51.45:944][  0]LogD3D11RHI:     DedicatedSystemMemory : 0 bytes
[2023.10.13-20.51.45:944][  0]LogD3D11RHI:     SharedSystemMemory : 8469037056 bytes
[2023.10.13-20.51.45:945][  0]LogD3D11RHI:     AdapterLuid : 0 70377
[2023.10.13-20.51.46:042][  0]LogD3D11RHI: RHI has support for 64 bit atomics
[2023.10.13-20.51.46:042][  0]LogD3D11RHI: Async texture creation enabled
[2023.10.13-20.51.46:042][  0]LogD3D11RHI: Array index from any shader is supported
[2023.10.13-20.51.46:066][  0]LogD3D11RHI: GPU Timing Frequency: 1000.000000 (Debug: 2 2)
[2023.10.13-20.51.46:150][  0]LogRHI: GeForceNow SDK initialized: 1
[2023.10.13-20.51.46:542][  0]LogTargetPlatformManager: Display: Loaded TargetPlatform 'AllDesktop'
[2023.10.13-20.51.46:567][  0]LogTargetPlatformManager: Display: Loaded TargetPlatform 'Android'
[2023.10.13-20.51.46:567][  0]LogTargetPlatformManager: Display: Loaded TargetPlatform 'Android_ASTC'
[2023.10.13-20.51.46:567][  0]LogTargetPlatformManager: Display: Loaded TargetPlatform 'Android_DXT'
[2023.10.13-20.51.46:567][  0]LogTargetPlatformManager: Display: Loaded TargetPlatform 'Android_ETC2'
[2023.10.13-20.51.46:567][  0]LogTargetPlatformManager: Display: Loaded TargetPlatform 'AndroidClient'
[2023.10.13-20.51.46:568][  0]LogTargetPlatformManager: Display: Loaded TargetPlatform 'Android_ASTCClient'
[2023.10.13-20.51.46:568][  0]LogTargetPlatformManager: Display: Loaded TargetPlatform 'Android_DXTClient'
[2023.10.13-20.51.46:568][  0]LogTargetPlatformManager: Display: Loaded TargetPlatform 'Android_ETC2Client'
[2023.10.13-20.51.46:568][  0]LogTargetPlatformManager: Display: Loaded TargetPlatform 'Android_Multi'
[2023.10.13-20.51.46:568][  0]LogTargetPlatformManager: Display: Loaded TargetPlatform 'Android_MultiClient'
[2023.10.13-20.51.46:610][  0]LogTargetPlatformManager: Display: Loaded TargetPlatform 'IOSClient'
[2023.10.13-20.51.46:610][  0]LogTargetPlatformManager: Display: Loaded TargetPlatform 'IOS'
[2023.10.13-20.51.46:627][  0]LogTargetPlatformManager: Display: Loaded TargetPlatform 'Linux'
[2023.10.13-20.51.46:638][  0]LogTargetPlatformManager: Display: Loaded TargetPlatform 'LinuxNoEditor'
[2023.10.13-20.51.46:652][  0]LogTargetPlatformManager: Display: Loaded TargetPlatform 'LinuxClient'
[2023.10.13-20.51.46:664][  0]LogTargetPlatformManager: Display: Loaded TargetPlatform 'LinuxServer'
[2023.10.13-20.51.46:684][  0]LogTargetPlatformManager: Display: Loaded TargetPlatform 'LinuxAArch64NoEditor'
[2023.10.13-20.51.46:699][  0]LogTargetPlatformManager: Display: Loaded TargetPlatform 'LinuxAArch64Client'
[2023.10.13-20.51.46:709][  0]LogTargetPlatformManager: Display: Loaded TargetPlatform 'LinuxAArch64Server'
[2023.10.13-20.51.46:734][  0]LogTargetPlatformManager: Display: Loaded TargetPlatform 'Lumin'
[2023.10.13-20.51.46:734][  0]LogTargetPlatformManager: Display: Loaded TargetPlatform 'LuminClient'
[2023.10.13-20.51.46:755][  0]LogTargetPlatformManager: Display: Loaded TargetPlatform 'MacNoEditor'
[2023.10.13-20.51.46:768][  0]LogTargetPlatformManager: Display: Loaded TargetPlatform 'Mac'
[2023.10.13-20.51.46:780][  0]LogTargetPlatformManager: Display: Loaded TargetPlatform 'MacClient'
[2023.10.13-20.51.46:793][  0]LogTargetPlatformManager: Display: Loaded TargetPlatform 'MacServer'
[2023.10.13-20.51.46:808][  0]LogTargetPlatformManager: Display: Loaded TargetPlatform 'TVOSClient'
[2023.10.13-20.51.46:808][  0]LogTargetPlatformManager: Display: Loaded TargetPlatform 'TVOS'
[2023.10.13-20.51.46:824][  0]LogTargetPlatformManager: Display: Loaded TargetPlatform 'WindowsNoEditor'
[2023.10.13-20.51.46:838][  0]LogTargetPlatformManager: Display: Loaded TargetPlatform 'Windows'
[2023.10.13-20.51.46:852][  0]LogTargetPlatformManager: Display: Loaded TargetPlatform 'WindowsClient'
[2023.10.13-20.51.46:866][  0]LogTargetPlatformManager: Display: Loaded TargetPlatform 'WindowsServer'
[2023.10.13-20.51.46:866][  0]LogTargetPlatformManager: Display: Building Assets For Windows
[2023.10.13-20.51.46:897][  0]LogAudioDebug: Display: Lib vorbis DLL was dynamically loaded.
[2023.10.13-20.51.47:012][  0]LogTextureFormatOodle: Display: Oodle Texture 2.9.0 init RDO Off
[2023.10.13-20.51.47:139][  0]LogRendererCore: Ray tracing is disabled. Reason: r.RayTracing=0.
[2023.10.13-20.51.47:139][  0]LogShaderCompilers: Guid format shader working directory is 16 characters bigger than the processId version (D:/UnrealGame01/UnrealGame001/Intermediate/Shaders/WorkingDirectory/31836/).
[2023.10.13-20.51.47:139][  0]LogShaderCompilers: Cleaned the shader compiler working directory 'C:/Users/ansdn/AppData/Local/Temp/UnrealShaderWorkingDir/0B6964764953564D288CC4B497FCD653/'.
[2023.10.13-20.51.47:140][  0]LogXGEController: Cannot use XGE Controller as Incredibuild is not installed on this machine.
[2023.10.13-20.51.47:140][  0]LogShaderCompilers: Cannot use XGE Shader Compiler as Incredibuild is not installed on this machine.
[2023.10.13-20.51.47:140][  0]LogShaderCompilers: Display: Using Local Shader Compiler.
[2023.10.13-20.51.47:878][  0]LogDerivedDataCache: Display: Max Cache Size: 512 MB
[2023.10.13-20.51.47:946][  0]LogDerivedDataCache: Loaded boot cache 0.07s 94MB C:/Users/ansdn/AppData/Local/UnrealEngine/4.27/DerivedDataCache/Boot.ddc.
[2023.10.13-20.51.47:946][  0]LogDerivedDataCache: Display: Loaded Boot cache: C:/Users/ansdn/AppData/Local/UnrealEngine/4.27/DerivedDataCache/Boot.ddc
[2023.10.13-20.51.47:946][  0]LogDerivedDataCache: FDerivedDataBackendGraph:  Pak pak cache file D:/UnrealGame01/UnrealGame001/DerivedDataCache/DDC.ddp not found, will not use a pak cache.
[2023.10.13-20.51.47:946][  0]LogDerivedDataCache: Unable to find inner node Pak for hierarchical cache Hierarchy.
[2023.10.13-20.51.47:947][  0]LogDerivedDataCache: FDerivedDataBackendGraph:  CompressedPak pak cache file D:/UnrealGame01/UnrealGame001/DerivedDataCache/Compressed.ddp not found, will not use a pak cache.
[2023.10.13-20.51.47:947][  0]LogDerivedDataCache: Unable to find inner node CompressedPak for hierarchical cache Hierarchy.
[2023.10.13-20.51.47:961][  0]LogDerivedDataCache: Display: Pak cache opened for reading ../../../Engine/DerivedDataCache/Compressed.ddp.
[2023.10.13-20.51.47:962][  0]LogDerivedDataCache: FDerivedDataBackendGraph:  EnterprisePak pak cache file ../../../Enterprise/DerivedDataCache/Compressed.ddp not found, will not use a pak cache.
[2023.10.13-20.51.47:962][  0]LogDerivedDataCache: Unable to find inner node EnterprisePak for hierarchical cache Hierarchy.
[2023.10.13-20.51.47:976][  0]LogDerivedDataCache: Speed tests for C:/Users/ansdn/AppData/Local/UnrealEngine/Common/DerivedDataCache took 0.01 seconds
[2023.10.13-20.51.47:976][  0]LogDerivedDataCache: Display: Performance to C:/Users/ansdn/AppData/Local/UnrealEngine/Common/DerivedDataCache: Latency=0.06ms. RandomReadSpeed=288.03MBs, RandomWriteSpeed=90.48MBs. Assigned SpeedClass 'Local'
[2023.10.13-20.51.47:979][  0]LogDerivedDataCache: Using Local data cache path C:/Users/ansdn/AppData/Local/UnrealEngine/Common/DerivedDataCache: Writable
[2023.10.13-20.51.47:979][  0]LogDerivedDataCache: Shared data cache path not found in *engine.ini, will not use an Shared cache.
[2023.10.13-20.51.47:979][  0]LogDerivedDataCache: Unable to find inner node Shared for hierarchical cache Hierarchy.
[2023.10.13-20.51.48:015][  0]LogSlate: Using FreeType 2.10.0
[2023.10.13-20.51.48:017][  0]LogSlate: SlateFontServices - WITH_FREETYPE: 1, WITH_HARFBUZZ: 1
[2023.10.13-20.51.48:052][  0]LogAssetRegistry: FAssetRegistry took 0.0040 seconds to start up
[2023.10.13-20.51.48:233][  0]LogInit: Selected Device Profile: [Windows]
[2023.10.13-20.51.48:233][  0]LogInit: Active device profile: [000002B120F5B500][000002B11F6E4400 49] Windows
[2023.10.13-20.51.48:233][  0]LogInit: Profiles: [000002B120F5B500][000002B11F6E4400 49] Windows, [000002B122318D00][000002B11F6E0540 49] WindowsNoEditor, [000002B120F58C00][000002B11F6E8680 49] WindowsServer, [000002B12231B400][000002B120B207C0 49] WindowsClient, [000002B120F5B300][000002B120B28940 49] IOS, [000002B122319200][000002B120B2CAC0 49] iPadAir, [000002B120F59100][000002B121DB6C40 49] iPadAir2, [000002B1222D4500][000002B121DBEF00 49] IPadPro, [000002B1222D4600][000002B121DBAF40 49] iPadAir3, [000002B120F5AE00][000002B121DC30C0 49] iPadAir4, [000002B1222D7300][000002B121DC7240 49] iPadMini2, [000002B120F59300][000002B121DCB3C0 49] iPadMini3, [000002B1222D5700][000002B121DCF540 49] iPadMini4, [000002B120F5AA00][000002B121DD36C0 49] iPadMini5, [000002B1222BFD00][000002B121DDB980 49] iPhone6, [000002B1222BFE00][000002B121DD79C0 49] iPodTouch6, [000002B1222D6D00][000002B121DE2100 49] iPhone7, [000002B1222D6C00][000002B121DDE140 49] iPodTouch7, [000002B1222BD000][000002B121DE62C0 49] iPhone5S, [000002B1222D6400][000002B121DEA440 49] iPhone6Plus, [000002B1222BEE00][000002B120B24580 49] iPhone6S, [000002B1222D6900][000002B121DEE6C0 49] iPhone6SPlus, [000002B1222BD500][000002B121DF2800 49] iPhone7Plus, [000002B1222D5F00][000002B121DF6940 49] iPhoneSE, [000002B1222BE900][000002B121DFEAC0 49] iPhone8, [000002B1222D5000][000002B121E02C40 49] iPhone8Plus, [000002B1222BDA00][000002B121E06DC0 49] iPhoneX, [000002B1222D4800][000002B121E0AF40 49] iPhoneXS, [000002B1222BF000][000002B121E0F0C0 49] iPhoneXSMax, [000002B1222D7200][000002B121E13240 49] iPhoneXR, [000002B1222BFA00][000002B121E173C0 49] iPhone11, [000002B1222D7B00][000002B121E1B540 49] iPhone11Pro, [000002B1222BEA00][000002B121E1F6C0 49] iPhone11ProMax, [000002B1222D7600][000002B121E23840 49] iPhoneSE2, [000002B1222BCF00][000002B121E279C0 49] iPhone12Mini, [000002B1222D5500][000002B121E2BB40 49] iPhone12, [000002B1222BD200][000002B121E2E140 49] iPhone12Pro, [000002B1222D4D00][000002B121E322C0 49] iPhone12ProMax, [000002B1222BD900][000002B121E36440 49] iPadPro105, [000002B1222D4E00][000002B121E3A5C0 49] iPadPro129, [000002B1222BE100][000002B121E3E740 49] iPadPro97, [000002B1222D5800][000002B121DFA880 49] iPadPro2_129, [000002B1222BE000][000002B121E429C0 49] iPad5, [000002B1222D4C00][000002B121E46B00 49] iPad6, [000002B1222BDE00][000002B121E4EC80 49] iPad7, [000002B1222D6F00][000002B121E52E00 49] iPad8, [000002B1222BEC00][000002B121E56F80 49] iPadPro11, [000002B1222D6700][000002B121E5B100 49] iPadPro2_11, [000002B1222BCB00][000002B121E5F280 49] iPadPro3_129, [000002B1222D6800][000002B121E63400 49] iPadPro4_129, [000002B1222BFB00][000002B121E67580 49] AppleTV, [000002B1222D4300][000002B121E6B700 49] AppleTV4K, [000002B1222BD400][000002B121E6F880 49] TVOS, [000002B1222D7800][000002B121E73A00 49] Mac, [000002B1222BF700][000002B121E77B80 49] MacClient, [000002B1222D7000][000002B121E7A180 49] MacNoEditor, [000002B1222BC100][000002B121E7E300 49] MacServer, [000002B1222D4700][000002B121E82480 49] Linux, [000002B1222BC300][000002B121E86600 49] LinuxAArch64, [000002B1222D7400][000002B121E8A780 49] LinuxNoEditor, [000002B1222BE700][000002B121E8E900 49] LinuxAArch64NoEditor, [000002B1222D5900][000002B121E4AA40 49] LinuxClient, [000002B1222BE200][000002B121E92B80 49] LinuxAArch64Client, [000002B1222D5C00][000002B121E96CC0 49] LinuxServer, [000002B12231A700][000002B121E9EE40 49] LinuxAArch64Server, [000002B1210DC900][000002B121EA2FC0 49] Android, [000002B12231B500][000002B121EA7140 49] Android_Low, [000002B1210DE400][000002B121EAB2C0 49] Android_Mid, [000002B12231A400][000002B121EAF440 49] Android_High, [000002B1210DCC00][000002B121EB35C0 49] Android_Default, [000002B122318900][000002B121EB7740 49] Android_Adreno4xx, [000002B1210DDB00][000002B121EBB8C0 49] Android_Adreno5xx_Low, [000002B12231A100][000002B121EBFA40 49] Android_Adreno5xx, [000002B1210DC300][000002B121EC3BC0 49] Android_Adreno6xx, [000002B122319600][000002B121EC61C0 49] Android_Adreno6xx_Vulkan, [000002B1210DD400][000002B121ECA340 49] Android_Mali_T6xx, [000002B12231A800][000002B121ECE4C0 49] Android_Mali_T7xx, [000002B1210DDF00][000002B121ED2640 49] Android_Mali_T8xx, [000002B122318300][000002B121ED67C0 49] Android_Mali_G71, [000002B1210DCE00][000002B121EDA940 49] Android_Mali_G72, [000002B122318200][000002B121EDEAC0 49] Android_Mali_G72_Vulkan, [000002B1210DD000][000002B121E9AC00 49] Android_Mali_G76, [000002B122318600][000002B121EE2D40 49] Android_Mali_G76_Vulkan, [000002B1210DCB00][000002B121EE6E80 49] Android_Mali_G77, [000002B122319700][000002B121EEAFC0 49] Android_Mali_G77_Vulkan, [000002B1210DD500][000002B121EF3140 49] Android_Mali_G78, [000002B12231A900][000002B121EF72C0 49] Android_Mali_G78_Vulkan, [000002B1210DCD00][000002B121EFB440 49] Android_Mali_G710, [000002B122318A00][000002B121EFF5C0 49] Android_Mali_G710_Vulkan, [000002B1210DC100][000002B121F03740 49] Android_Vulkan_SM5, [000002B1222D6500][000002B121F078C0 49] Android_PowerVR_G6xxx, [000002B1222BF500][000002B121F0BA40 49] Android_PowerVR_GT7xxx, [000002B1222D6000][000002B121F0FBC0 49] Android_PowerVR_GE8xxx, [000002B1222BC700][000002B121F121C0 49] Android_PowerVR_GM9xxx, [000002B1222D6300][000002B121F16340 49] Android_PowerVR_GM9xxx_Vulkan, [000002B1222BE600][000002B121F1A4C0 49] Android_TegraK1, [000002B1222D7A00][000002B121F1E640 49] Android_Unknown_Vulkan, [000002B1222BE800][000002B121F227C0 49] Lumin, [000002B1222D7E00][000002B121F26940 49] Lumin_Desktop, [000002B1222BD100][000002B121F2AAC0 49] HoloLens, 
[2023.10.13-20.51.48:430][  0]LogMeshReduction: Using QuadricMeshReduction for automatic static mesh reduction
[2023.10.13-20.51.48:430][  0]LogMeshReduction: Using SimplygonMeshReduction for automatic skeletal mesh reduction
[2023.10.13-20.51.48:430][  0]LogMeshReduction: Using ProxyLODMeshReduction for automatic mesh merging
[2023.10.13-20.51.48:430][  0]LogMeshReduction: No distributed automatic mesh merging module available
[2023.10.13-20.51.48:431][  0]LogMeshMerging: No distributed automatic mesh merging module available
[2023.10.13-20.51.48:458][  0]LogNetVersion: UnrealGame001 1.0.0, NetCL: 17155196, EngineNetVer: 17, GameNetVer: 0 (Checksum: 1156378723)
[2023.10.13-20.51.48:849][  0]LogTexture: Default maximum texture size for cubemaps generated from long-lat sources has been changed from 512 to unlimited. In order to preserve old behaiour for '/Engine/MapTemplates/Sky/DaylightAmbientCubemap.DaylightAmbientCubemap', its maximum texture size has been explicitly set to 512.
[2023.10.13-20.51.48:902][  0]LogHMD: PokeAHoleMaterial loaded successfully
[2023.10.13-20.51.48:907][  0]LogUObjectArray: 17178 objects as part of root set at end of initial load.
[2023.10.13-20.51.48:907][  0]LogUObjectAllocator: 4302048 out of 0 bytes used by permanent object pool.
[2023.10.13-20.51.48:907][  0]LogUObjectArray: CloseDisregardForGC: 0/0 objects in disregard for GC pool
[2023.10.13-20.51.49:504][  0]LogNiagaraDebuggerClient: Niagara Debugger Client Initialized | Session: EB851B5A496A0562D688BE9681B01C6D | Instance: 6DEDA50646FDF5CD015021B8BACCC482 (MSI-31836).
[2023.10.13-20.51.50:117][  0]LogTcpMessaging: Initializing TcpMessaging bridge
[2023.10.13-20.51.50:130][  0]LogUdpMessaging: Initializing bridge on interface 0.0.0.0:0 to multicast group 230.0.0.1:6666.
[2023.10.13-20.51.50:174][  0]LogPython: Using Python 3.7.7
[2023.10.13-20.51.51:193][  0]SourceControl: Source control is disabled
[2023.10.13-20.51.51:193][  0]SourceControl: Source control is disabled
[2023.10.13-20.51.51:224][  0]SourceControl: Source control is disabled
[2023.10.13-20.51.51:372][  0]SourceControl: Source control is disabled
[2023.10.13-20.51.51:416][  0]SourceControl: Source control is disabled
[2023.10.13-20.51.51:425][  0]LogUProjectInfo: Found projects:
[2023.10.13-20.51.52:112][  0]LogOpenImageDenoise: OIDN starting up
[2023.10.13-20.51.52:197][  0]LogAndroidPermission: UAndroidPermissionCallbackProxy::GetInstance
[2023.10.13-20.51.52:262][  0]LogAudioCaptureCore: Display: No Audio Capture implementations found. Audio input will be silent.
[2023.10.13-20.51.52:262][  0]LogAudioCaptureCore: Display: No Audio Capture implementations found. Audio input will be silent.
[2023.10.13-20.51.52:514][  0]LogCollectionManager: Loaded 0 collections in 0.001506 seconds
[2023.10.13-20.51.52:580][  0]LogFileCache: Scanning file cache for directory 'D:/UnrealGame01/UnrealGame001/Saved/Collections/' took 0.00s
[2023.10.13-20.51.52:580][  0]LogFileCache: Scanning file cache for directory 'D:/UnrealGame01/UnrealGame001/Content/Developers/MOON/Collections/' took 0.00s
[2023.10.13-20.51.52:580][  0]LogFileCache: Scanning file cache for directory 'D:/UnrealGame01/UnrealGame001/Content/Collections/' took 0.00s
[2023.10.13-20.51.52:580][  0]LogOcInput: OculusInput pre-init called
[2023.10.13-20.51.52:894][  0]LogEngine: Initializing Engine...
[2023.10.13-20.51.52:899][  0]LogHMD: Failed to enumerate extensions. Please check that you have a valid OpenXR runtime installed.
[2023.10.13-20.51.52:899][  0]LogHMD: Failed to initialize OpenVR with code 110
[2023.10.13-20.51.52:899][  0]LogMagicLeap: Warning: VR disabled because ZI is not enabled.  To enable, in the editor, Edit -> Project Settings -> Plugins -> Magic Leap Plugin -> Enable Zero Iteration
[2023.10.13-20.51.52:900][  0]LogStats: UGameplayTagsManager::InitializeManager -  0.000 s
[2023.10.13-20.51.53:011][  0]LogInit: Initializing FReadOnlyCVARCache
[2023.10.13-20.51.53:034][  0]LogAIModule: Creating AISystem for world Untitled
[2023.10.13-20.51.53:036][  0]LogAudio: Display: Initializing Audio Device Manager...
[2023.10.13-20.51.53:049][  0]LogAudio: Display: Loading Default Audio Settings Objects...
[2023.10.13-20.51.53:050][  0]LogAudio: Display: No default SoundConcurrencyObject specified (or failed to load).
[2023.10.13-20.51.53:050][  0]LogAudio: Display: Audio Device Manager Initialized
[2023.10.13-20.51.53:050][  0]LogAudio: Display: Creating Audio Device:                 Id: 1, Scope: Shared, Realtime: True
[2023.10.13-20.51.53:051][  0]LogAudioMixer: Display: Audio Mixer Platform Settings:
[2023.10.13-20.51.53:051][  0]LogAudioMixer: Display: 	Sample Rate:						  48000
[2023.10.13-20.51.53:051][  0]LogAudioMixer: Display: 	Callback Buffer Frame Size Requested: 1024
[2023.10.13-20.51.53:051][  0]LogAudioMixer: Display: 	Callback Buffer Frame Size To Use:	  1024
[2023.10.13-20.51.53:051][  0]LogAudioMixer: Display: 	Number of buffers to queue:			  2
[2023.10.13-20.51.53:051][  0]LogAudioMixer: Display: 	Max Channels (voices):				  32
[2023.10.13-20.51.53:051][  0]LogAudioMixer: Display: 	Number of Async Source Workers:		  0
[2023.10.13-20.51.53:051][  0]LogAudio: Display: AudioDevice MaxSources: 32
[2023.10.13-20.51.53:051][  0]LogAudio: Display: Audio Spatialization Plugin: None (built-in).
[2023.10.13-20.51.53:052][  0]LogAudio: Display: Audio Reverb Plugin: None (built-in).
[2023.10.13-20.51.53:052][  0]LogAudio: Display: Audio Occlusion Plugin: None (built-in).
[2023.10.13-20.51.53:052][  0]LogAudioMixer: Display: Initializing audio mixer.
[2023.10.13-20.51.53:144][  0]LogAudioMixer: Display: 0: FrontLeft
[2023.10.13-20.51.53:144][  0]LogAudioMixer: Display: 1: FrontRight
[2023.10.13-20.51.53:174][  0]LogAudioMixer: Display: Using Audio Device 헤드폰 (WH-XB910N)
[2023.10.13-20.51.53:177][  0]LogAudioMixer: Display: Initializing Sound Submixes...
[2023.10.13-20.51.53:180][  0]LogAudioMixer: Display: Creating Master Submix 'MasterSubmixDefault'
[2023.10.13-20.51.53:180][  0]LogAudioMixer: Display: Creating Master Submix 'MasterReverbSubmixDefault'
[2023.10.13-20.51.53:181][  0]LogAudioMixer: Display: Creating Master Submix 'MasterEQSubmixDefault'
[2023.10.13-20.51.53:181][  0]LogAudioMixer: FMixerPlatformXAudio2::StartAudioStream() called
[2023.10.13-20.51.53:181][  0]LogAudioMixer: Display: Output buffers initialized: Frames=1024, Channels=2, Samples=2048
[2023.10.13-20.51.53:184][  0]LogAudioMixer: Display: Starting AudioMixerPlatformInterface::RunInternal()
[2023.10.13-20.51.53:184][  0]LogAudioMixer: Display: FMixerPlatformXAudio2::SubmitBuffer() called for the first time
[2023.10.13-20.51.53:184][  0]LogInit: FAudioDevice initialized.
[2023.10.13-20.51.53:185][  0]LogAudio: Display: Audio Device (ID: 1) registered with world 'Untitled'.
[2023.10.13-20.51.53:185][  0]LogNetVersion: Set ProjectVersion to 1.0.0.0. Version Checksum will be recalculated on next use.
[2023.10.13-20.51.53:238][  0]LogDerivedDataCache: Saved boot cache 0.05s 94MB C:/Users/ansdn/AppData/Local/UnrealEngine/4.27/DerivedDataCache/Boot.ddc.
[2023.10.13-20.51.53:239][  0]LogInit: Texture streaming: Enabled
[2023.10.13-20.51.53:281][  0]LogAnalytics: Display: [UEEditor.Rocket.Release] APIServer = https://datarouter.ol.epicgames.com/. AppVersion = 4.27.2-18319896+++UE4+Release-4.27
[2023.10.13-20.51.53:306][  0]LogEngineSessionManager: EngineSessionManager initialized
[2023.10.13-20.51.53:307][  0]LogEngineSessionManager: EngineSessionManager sent abnormal shutdown report. Type=Debugger, SessionId={B6DBDF08-4336-2AA0-FCE3-929F0760E772}
[2023.10.13-20.51.53:307][  0]LogEditorSessionSummary: Verbose: Initializing EditorSessionSummaryWriter for editor session tracking
[2023.10.13-20.51.53:312][  0]LogEditorSessionSummary: EditorSessionSummaryWriter initialized
[2023.10.13-20.51.53:381][  0]LogInit: Transaction tracking system initialized
[2023.10.13-20.51.53:531][  0]BlueprintLog: New page: Editor Load
[2023.10.13-20.51.53:781][  0]LocalizationService: Localization service is disabled
[2023.10.13-20.51.53:891][  0]TimingProfiler: Initialize
[2023.10.13-20.51.53:892][  0]TimingProfiler: OnSessionChanged
[2023.10.13-20.51.53:893][  0]LoadingProfiler: Initialize
[2023.10.13-20.51.53:893][  0]LoadingProfiler: OnSessionChanged
[2023.10.13-20.51.53:894][  0]NetworkingProfiler: Initialize
[2023.10.13-20.51.53:894][  0]NetworkingProfiler: OnSessionChanged
[2023.10.13-20.51.53:894][  0]MemoryProfiler: Initialize
[2023.10.13-20.51.53:894][  0]MemoryProfiler: OnSessionChanged
[2023.10.13-20.51.54:236][  0]LogCook: Display: CookSettings for Memory: MemoryMaxUsedVirtual 0MiB, MemoryMaxUsedPhysical 16384MiB, MemoryMinFreeVirtual 0MiB, MemoryMinFreePhysical 1024MiB
[2023.10.13-20.51.54:236][  0]LogCook: Display: Mobile HDR setting 1
[2023.10.13-20.51.54:858][  0]LogFileCache: Scanning file cache for directory 'D:/UnrealGame01/UnrealGame001/Content/' took 0.01s
[2023.10.13-20.51.55:068][  0]LogInit: Display: Engine is initialized. Leaving FEngineLoop::Init()
[2023.10.13-20.51.55:075][  0]SourceControl: Source control is disabled
[2023.10.13-20.51.55:076][  0]LogUnrealEdMisc: Loading editor; pre map load, took 13.083
[2023.10.13-20.51.55:076][  0]Cmd: MAP LOAD FILE="../../../Engine/Content/Maps/Templates/Template_Default.umap" TEMPLATE=1 SHOWPROGRESS=1 FEATURELEVEL=3
[2023.10.13-20.51.55:077][  0]LightingResults: New page: Lighting Build
[2023.10.13-20.51.55:079][  0]LogWorld: UWorld::CleanupWorld for Untitled, bSessionEnded=true, bCleanupResources=true
[2023.10.13-20.51.55:080][  0]LogSlate: InvalidateAllWidgets triggered.  All widgets were invalidated
[2023.10.13-20.51.55:080][  0]MapCheck: New page: Map Check
[2023.10.13-20.51.55:080][  0]LightingResults: New page: Lighting Build
[2023.10.13-20.51.55:083][  0]LogAudio: Display: Audio Device unregistered from world 'None'.
[2023.10.13-20.51.55:087][  0]LogUObjectHash: Compacting FUObjectHashTables data took   0.67ms
[2023.10.13-20.51.55:139][  0]LogAudio: Display: Audio Device (ID: 1) registered with world 'Untitled_1'.
[2023.10.13-20.51.55:140][  0]LogAIModule: Creating AISystem for world Untitled_1
[2023.10.13-20.51.55:143][  0]LogEditorServer: Finished looking for orphan Actors (0.000 secs)
[2023.10.13-20.51.55:151][  0]LogUObjectHash: Compacting FUObjectHashTables data took   0.68ms
[2023.10.13-20.51.55:152][  0]Cmd: MAP CHECKDEP NOCLEARLOG
[2023.10.13-20.51.55:152][  0]MapCheck: Map check complete: 0 Error(s), 0 Warning(s), took 0.077ms to complete.
[2023.10.13-20.51.55:152][  0]LogFileHelpers: Loading map 'Template_Default' took 0.076
[2023.10.13-20.51.55:156][  0]LogUnrealEdMisc: Total Editor Startup Time, took 13.164
[2023.10.13-20.51.55:243][  0]LogWindowsTextInputMethodSystem: Display: IME system activated using TSF (Microsoft IME).
[2023.10.13-20.51.55:291][  0]LogSlate: Updating window title bar state: overlay mode, drag disabled, window buttons hidden, title bar hidden
[2023.10.13-20.51.55:297][  0]LogSlate: Updating window title bar state: overlay mode, drag disabled, window buttons hidden, title bar hidden
[2023.10.13-20.51.55:302][  0]LogSlate: Updating window title bar state: overlay mode, drag disabled, window buttons hidden, title bar hidden
[2023.10.13-20.51.55:307][  0]LogSlate: Updating window title bar state: overlay mode, drag disabled, window buttons hidden, title bar hidden
[2023.10.13-20.51.55:324][  0]LogNativeClassHierarchy: Verbose: Native class hierarchy populated in 0.0078 seconds. Added 3831 classes and 935 folders.
[2023.10.13-20.51.55:327][  0]LogNativeClassHierarchy: Verbose: Native class hierarchy updated for 'WidgetCarousel' in 0.0002 seconds. Added 0 classes and 0 folders.
[2023.10.13-20.51.55:332][  0]LogPakFile: PakFile PrimaryIndexSize=187
[2023.10.13-20.51.55:332][  0]LogPakFile: PakFile PathHashIndexSize=101
[2023.10.13-20.51.55:332][  0]LogPakFile: PakFile FullDirectoryIndexSize=148
[2023.10.13-20.51.55:332][  0]LogShaderLibrary: Display: ShaderCodeLibraryPakFileMountedCallback: PakFile 'C:/Program Files/Epic Games/UE_4.27/FeaturePacks/FP_FirstPerson.upack' (chunk index -1, root 'root:/') mounted
[2023.10.13-20.51.55:332][  0]LogShaderLibrary: Display: ShaderCodeLibraryPakFileMountedCallback: pending pak file info (ChunkID:-1 Root:root:/ File:C:/Program Files/Epic Games/UE_4.27/FeaturePacks/FP_FirstPerson.upack)
[2023.10.13-20.51.55:333][  0]LogPakFile: OnPakFileMounted2Time == 0.000742
[2023.10.13-20.51.55:335][  0]LogPakFile: PakFile PrimaryIndexSize=189
[2023.10.13-20.51.55:335][  0]LogPakFile: PakFile PathHashIndexSize=101
[2023.10.13-20.51.55:335][  0]LogPakFile: PakFile FullDirectoryIndexSize=152
[2023.10.13-20.51.55:335][  0]LogShaderLibrary: Display: ShaderCodeLibraryPakFileMountedCallback: PakFile 'C:/Program Files/Epic Games/UE_4.27/FeaturePacks/FP_FirstPersonBP.upack' (chunk index -1, root 'root:/') mounted
[2023.10.13-20.51.55:335][  0]LogShaderLibrary: Display: ShaderCodeLibraryPakFileMountedCallback: pending pak file info (ChunkID:-1 Root:root:/ File:C:/Program Files/Epic Games/UE_4.27/FeaturePacks/FP_FirstPersonBP.upack)
[2023.10.13-20.51.55:335][  0]LogPakFile: OnPakFileMounted2Time == 0.000350
[2023.10.13-20.51.55:337][  0]LogPakFile: PakFile PrimaryIndexSize=191
[2023.10.13-20.51.55:337][  0]LogPakFile: PakFile PathHashIndexSize=101
[2023.10.13-20.51.55:337][  0]LogPakFile: PakFile FullDirectoryIndexSize=160
[2023.10.13-20.51.55:337][  0]LogShaderLibrary: Display: ShaderCodeLibraryPakFileMountedCallback: PakFile 'C:/Program Files/Epic Games/UE_4.27/FeaturePacks/MobileStarterContent.upack' (chunk index -1, root 'root:/') mounted
[2023.10.13-20.51.55:337][  0]LogShaderLibrary: Display: ShaderCodeLibraryPakFileMountedCallback: pending pak file info (ChunkID:-1 Root:root:/ File:C:/Program Files/Epic Games/UE_4.27/FeaturePacks/MobileStarterContent.upack)
[2023.10.13-20.51.55:337][  0]LogPakFile: OnPakFileMounted2Time == 0.000125
[2023.10.13-20.51.55:338][  0]LogPakFile: PakFile PrimaryIndexSize=185
[2023.10.13-20.51.55:338][  0]LogPakFile: PakFile PathHashIndexSize=101
[2023.10.13-20.51.55:338][  0]LogPakFile: PakFile FullDirectoryIndexSize=148
[2023.10.13-20.51.55:338][  0]LogShaderLibrary: Display: ShaderCodeLibraryPakFileMountedCallback: PakFile 'C:/Program Files/Epic Games/UE_4.27/FeaturePacks/StarterContent.upack' (chunk index -1, root 'root:/') mounted
[2023.10.13-20.51.55:338][  0]LogShaderLibrary: Display: ShaderCodeLibraryPakFileMountedCallback: pending pak file info (ChunkID:-1 Root:root:/ File:C:/Program Files/Epic Games/UE_4.27/FeaturePacks/StarterContent.upack)
[2023.10.13-20.51.55:338][  0]LogPakFile: OnPakFileMounted2Time == 0.000124
[2023.10.13-20.51.55:339][  0]LogPakFile: PakFile PrimaryIndexSize=190
[2023.10.13-20.51.55:339][  0]LogPakFile: PakFile PathHashIndexSize=101
[2023.10.13-20.51.55:339][  0]LogPakFile: PakFile FullDirectoryIndexSize=154
[2023.10.13-20.51.55:339][  0]LogShaderLibrary: Display: ShaderCodeLibraryPakFileMountedCallback: PakFile 'C:/Program Files/Epic Games/UE_4.27/FeaturePacks/TP_2DSideScroller.upack' (chunk index -1, root 'root:/') mounted
[2023.10.13-20.51.55:340][  0]LogShaderLibrary: Display: ShaderCodeLibraryPakFileMountedCallback: pending pak file info (ChunkID:-1 Root:root:/ File:C:/Program Files/Epic Games/UE_4.27/FeaturePacks/TP_2DSideScroller.upack)
[2023.10.13-20.51.55:340][  0]LogPakFile: OnPakFileMounted2Time == 0.000131
[2023.10.13-20.51.55:341][  0]LogPakFile: PakFile PrimaryIndexSize=192
[2023.10.13-20.51.55:341][  0]LogPakFile: PakFile PathHashIndexSize=101
[2023.10.13-20.51.55:341][  0]LogPakFile: PakFile FullDirectoryIndexSize=158
[2023.10.13-20.51.55:341][  0]LogShaderLibrary: Display: ShaderCodeLibraryPakFileMountedCallback: PakFile 'C:/Program Files/Epic Games/UE_4.27/FeaturePacks/TP_2DSideScrollerBP.upack' (chunk index -1, root 'root:/') mounted
[2023.10.13-20.51.55:341][  0]LogShaderLibrary: Display: ShaderCodeLibraryPakFileMountedCallback: pending pak file info (ChunkID:-1 Root:root:/ File:C:/Program Files/Epic Games/UE_4.27/FeaturePacks/TP_2DSideScrollerBP.upack)
[2023.10.13-20.51.55:341][  0]LogPakFile: OnPakFileMounted2Time == 0.000125
[2023.10.13-20.51.55:341][  0]LogPakFile: PakFile PrimaryIndexSize=182
[2023.10.13-20.51.55:343][  0]LogPakFile: PakFile PathHashIndexSize=101
[2023.10.13-20.51.55:343][  0]LogPakFile: PakFile FullDirectoryIndexSize=138
[2023.10.13-20.51.55:343][  0]LogShaderLibrary: Display: ShaderCodeLibraryPakFileMountedCallback: PakFile 'C:/Program Files/Epic Games/UE_4.27/FeaturePacks/TP_Flying.upack' (chunk index -1, root 'root:/') mounted
[2023.10.13-20.51.55:343][  0]LogShaderLibrary: Display: ShaderCodeLibraryPakFileMountedCallback: pending pak file info (ChunkID:-1 Root:root:/ File:C:/Program Files/Epic Games/UE_4.27/FeaturePacks/TP_Flying.upack)
[2023.10.13-20.51.55:343][  0]LogPakFile: OnPakFileMounted2Time == 0.000168
[2023.10.13-20.51.55:344][  0]LogPakFile: PakFile PrimaryIndexSize=184
[2023.10.13-20.51.55:344][  0]LogPakFile: PakFile PathHashIndexSize=101
[2023.10.13-20.51.55:344][  0]LogPakFile: PakFile FullDirectoryIndexSize=142
[2023.10.13-20.51.55:344][  0]LogShaderLibrary: Display: ShaderCodeLibraryPakFileMountedCallback: PakFile 'C:/Program Files/Epic Games/UE_4.27/FeaturePacks/TP_FlyingBP.upack' (chunk index -1, root 'root:/') mounted
[2023.10.13-20.51.55:344][  0]LogShaderLibrary: Display: ShaderCodeLibraryPakFileMountedCallback: pending pak file info (ChunkID:-1 Root:root:/ File:C:/Program Files/Epic Games/UE_4.27/FeaturePacks/TP_FlyingBP.upack)
[2023.10.13-20.51.55:344][  0]LogPakFile: OnPakFileMounted2Time == 0.000127
[2023.10.13-20.51.55:345][  0]LogPakFile: PakFile PrimaryIndexSize=188
[2023.10.13-20.51.55:345][  0]LogPakFile: PakFile PathHashIndexSize=101
[2023.10.13-20.51.55:345][  0]LogPakFile: PakFile FullDirectoryIndexSize=150
[2023.10.13-20.51.55:345][  0]LogShaderLibrary: Display: ShaderCodeLibraryPakFileMountedCallback: PakFile 'C:/Program Files/Epic Games/UE_4.27/FeaturePacks/TP_HandheldARBP.upack' (chunk index -1, root 'root:/') mounted
[2023.10.13-20.51.55:345][  0]LogShaderLibrary: Display: ShaderCodeLibraryPakFileMountedCallback: pending pak file info (ChunkID:-1 Root:root:/ File:C:/Program Files/Epic Games/UE_4.27/FeaturePacks/TP_HandheldARBP.upack)
[2023.10.13-20.51.55:345][  0]LogPakFile: OnPakFileMounted2Time == 0.000124
[2023.10.13-20.51.55:347][  0]LogPakFile: PakFile PrimaryIndexSize=182
[2023.10.13-20.51.55:347][  0]LogPakFile: PakFile PathHashIndexSize=101
[2023.10.13-20.51.55:347][  0]LogPakFile: PakFile FullDirectoryIndexSize=138
[2023.10.13-20.51.55:347][  0]LogShaderLibrary: Display: ShaderCodeLibraryPakFileMountedCallback: PakFile 'C:/Program Files/Epic Games/UE_4.27/FeaturePacks/TP_Puzzle.upack' (chunk index -1, root 'root:/') mounted
[2023.10.13-20.51.55:347][  0]LogShaderLibrary: Display: ShaderCodeLibraryPakFileMountedCallback: pending pak file info (ChunkID:-1 Root:root:/ File:C:/Program Files/Epic Games/UE_4.27/FeaturePacks/TP_Puzzle.upack)
[2023.10.13-20.51.55:347][  0]LogPakFile: OnPakFileMounted2Time == 0.000123
[2023.10.13-20.51.55:348][  0]LogPakFile: PakFile PrimaryIndexSize=184
[2023.10.13-20.51.55:348][  0]LogPakFile: PakFile PathHashIndexSize=101
[2023.10.13-20.51.55:348][  0]LogPakFile: PakFile FullDirectoryIndexSize=142
[2023.10.13-20.51.55:348][  0]LogShaderLibrary: Display: ShaderCodeLibraryPakFileMountedCallback: PakFile 'C:/Program Files/Epic Games/UE_4.27/FeaturePacks/TP_PuzzleBP.upack' (chunk index -1, root 'root:/') mounted
[2023.10.13-20.51.55:348][  0]LogShaderLibrary: Display: ShaderCodeLibraryPakFileMountedCallback: pending pak file info (ChunkID:-1 Root:root:/ File:C:/Program Files/Epic Games/UE_4.27/FeaturePacks/TP_PuzzleBP.upack)
[2023.10.13-20.51.55:349][  0]LogPakFile: OnPakFileMounted2Time == 0.000140
[2023.10.13-20.51.55:350][  0]LogPakFile: PakFile PrimaryIndexSize=183
[2023.10.13-20.51.55:350][  0]LogPakFile: PakFile PathHashIndexSize=101
[2023.10.13-20.51.55:350][  0]LogPakFile: PakFile FullDirectoryIndexSize=140
[2023.10.13-20.51.55:350][  0]LogShaderLibrary: Display: ShaderCodeLibraryPakFileMountedCallback: PakFile 'C:/Program Files/Epic Games/UE_4.27/FeaturePacks/TP_Rolling.upack' (chunk index -1, root 'root:/') mounted
[2023.10.13-20.51.55:350][  0]LogShaderLibrary: Display: ShaderCodeLibraryPakFileMountedCallback: pending pak file info (ChunkID:-1 Root:root:/ File:C:/Program Files/Epic Games/UE_4.27/FeaturePacks/TP_Rolling.upack)
[2023.10.13-20.51.55:350][  0]LogPakFile: OnPakFileMounted2Time == 0.000129
[2023.10.13-20.51.55:351][  0]LogPakFile: PakFile PrimaryIndexSize=185
[2023.10.13-20.51.55:351][  0]LogPakFile: PakFile PathHashIndexSize=101
[2023.10.13-20.51.55:351][  0]LogPakFile: PakFile FullDirectoryIndexSize=144
[2023.10.13-20.51.55:351][  0]LogShaderLibrary: Display: ShaderCodeLibraryPakFileMountedCallback: PakFile 'C:/Program Files/Epic Games/UE_4.27/FeaturePacks/TP_RollingBP.upack' (chunk index -1, root 'root:/') mounted
[2023.10.13-20.51.55:351][  0]LogShaderLibrary: Display: ShaderCodeLibraryPakFileMountedCallback: pending pak file info (ChunkID:-1 Root:root:/ File:C:/Program Files/Epic Games/UE_4.27/FeaturePacks/TP_RollingBP.upack)
[2023.10.13-20.51.55:351][  0]LogPakFile: OnPakFileMounted2Time == 0.000127
[2023.10.13-20.51.55:352][  0]LogPakFile: PakFile PrimaryIndexSize=188
[2023.10.13-20.51.55:352][  0]LogPakFile: PakFile PathHashIndexSize=101
[2023.10.13-20.51.55:353][  0]LogPakFile: PakFile FullDirectoryIndexSize=150
[2023.10.13-20.51.55:353][  0]LogShaderLibrary: Display: ShaderCodeLibraryPakFileMountedCallback: PakFile 'C:/Program Files/Epic Games/UE_4.27/FeaturePacks/TP_SideScroller.upack' (chunk index -1, root 'root:/') mounted
[2023.10.13-20.51.55:353][  0]LogShaderLibrary: Display: ShaderCodeLibraryPakFileMountedCallback: pending pak file info (ChunkID:-1 Root:root:/ File:C:/Program Files/Epic Games/UE_4.27/FeaturePacks/TP_SideScroller.upack)
[2023.10.13-20.51.55:353][  0]LogPakFile: OnPakFileMounted2Time == 0.000175
[2023.10.13-20.51.55:354][  0]LogPakFile: PakFile PrimaryIndexSize=190
[2023.10.13-20.51.55:354][  0]LogPakFile: PakFile PathHashIndexSize=101
[2023.10.13-20.51.55:355][  0]LogPakFile: PakFile FullDirectoryIndexSize=154
[2023.10.13-20.51.55:355][  0]LogShaderLibrary: Display: ShaderCodeLibraryPakFileMountedCallback: PakFile 'C:/Program Files/Epic Games/UE_4.27/FeaturePacks/TP_SideScrollerBP.upack' (chunk index -1, root 'root:/') mounted
[2023.10.13-20.51.55:355][  0]LogShaderLibrary: Display: ShaderCodeLibraryPakFileMountedCallback: pending pak file info (ChunkID:-1 Root:root:/ File:C:/Program Files/Epic Games/UE_4.27/FeaturePacks/TP_SideScrollerBP.upack)
[2023.10.13-20.51.55:355][  0]LogPakFile: OnPakFileMounted2Time == 0.000145
[2023.10.13-20.51.55:355][  0]LogPakFile: PakFile PrimaryIndexSize=187
[2023.10.13-20.51.55:355][  0]LogPakFile: PakFile PathHashIndexSize=101
[2023.10.13-20.51.55:355][  0]LogPakFile: PakFile FullDirectoryIndexSize=148
[2023.10.13-20.51.55:356][  0]LogShaderLibrary: Display: ShaderCodeLibraryPakFileMountedCallback: PakFile 'C:/Program Files/Epic Games/UE_4.27/FeaturePacks/TP_ThirdPerson.upack' (chunk index -1, root 'root:/') mounted
[2023.10.13-20.51.55:356][  0]LogShaderLibrary: Display: ShaderCodeLibraryPakFileMountedCallback: pending pak file info (ChunkID:-1 Root:root:/ File:C:/Program Files/Epic Games/UE_4.27/FeaturePacks/TP_ThirdPerson.upack)
[2023.10.13-20.51.55:356][  0]LogPakFile: OnPakFileMounted2Time == 0.000141
[2023.10.13-20.51.55:357][  0]LogPakFile: PakFile PrimaryIndexSize=189
[2023.10.13-20.51.55:357][  0]LogPakFile: PakFile PathHashIndexSize=101
[2023.10.13-20.51.55:357][  0]LogPakFile: PakFile FullDirectoryIndexSize=152
[2023.10.13-20.51.55:357][  0]LogShaderLibrary: Display: ShaderCodeLibraryPakFileMountedCallback: PakFile 'C:/Program Files/Epic Games/UE_4.27/FeaturePacks/TP_ThirdPersonBP.upack' (chunk index -1, root 'root:/') mounted
[2023.10.13-20.51.55:357][  0]LogShaderLibrary: Display: ShaderCodeLibraryPakFileMountedCallback: pending pak file info (ChunkID:-1 Root:root:/ File:C:/Program Files/Epic Games/UE_4.27/FeaturePacks/TP_ThirdPersonBP.upack)
[2023.10.13-20.51.55:357][  0]LogPakFile: OnPakFileMounted2Time == 0.000134
[2023.10.13-20.51.55:358][  0]LogPakFile: PakFile PrimaryIndexSize=183
[2023.10.13-20.51.55:358][  0]LogPakFile: PakFile PathHashIndexSize=101
[2023.10.13-20.51.55:358][  0]LogPakFile: PakFile FullDirectoryIndexSize=140
[2023.10.13-20.51.55:358][  0]LogShaderLibrary: Display: ShaderCodeLibraryPakFileMountedCallback: PakFile 'C:/Program Files/Epic Games/UE_4.27/FeaturePacks/TP_TopDown.upack' (chunk index -1, root 'root:/') mounted
[2023.10.13-20.51.55:358][  0]LogShaderLibrary: Display: ShaderCodeLibraryPakFileMountedCallback: pending pak file info (ChunkID:-1 Root:root:/ File:C:/Program Files/Epic Games/UE_4.27/FeaturePacks/TP_TopDown.upack)
[2023.10.13-20.51.55:359][  0]LogPakFile: OnPakFileMounted2Time == 0.000135
[2023.10.13-20.51.55:360][  0]LogPakFile: PakFile PrimaryIndexSize=185
[2023.10.13-20.51.55:360][  0]LogPakFile: PakFile PathHashIndexSize=101
[2023.10.13-20.51.55:360][  0]LogPakFile: PakFile FullDirectoryIndexSize=144
[2023.10.13-20.51.55:360][  0]LogShaderLibrary: Display: ShaderCodeLibraryPakFileMountedCallback: PakFile 'C:/Program Files/Epic Games/UE_4.27/FeaturePacks/TP_TopDownBP.upack' (chunk index -1, root 'root:/') mounted
[2023.10.13-20.51.55:360][  0]LogShaderLibrary: Display: ShaderCodeLibraryPakFileMountedCallback: pending pak file info (ChunkID:-1 Root:root:/ File:C:/Program Files/Epic Games/UE_4.27/FeaturePacks/TP_TopDownBP.upack)
[2023.10.13-20.51.55:360][  0]LogPakFile: OnPakFileMounted2Time == 0.000126
[2023.10.13-20.51.55:361][  0]LogPakFile: PakFile PrimaryIndexSize=185
[2023.10.13-20.51.55:361][  0]LogPakFile: PakFile PathHashIndexSize=101
[2023.10.13-20.51.55:361][  0]LogPakFile: PakFile FullDirectoryIndexSize=144
[2023.10.13-20.51.55:361][  0]LogShaderLibrary: Display: ShaderCodeLibraryPakFileMountedCallback: PakFile 'C:/Program Files/Epic Games/UE_4.27/FeaturePacks/TP_TwinStick.upack' (chunk index -1, root 'root:/') mounted
[2023.10.13-20.51.55:361][  0]LogShaderLibrary: Display: ShaderCodeLibraryPakFileMountedCallback: pending pak file info (ChunkID:-1 Root:root:/ File:C:/Program Files/Epic Games/UE_4.27/FeaturePacks/TP_TwinStick.upack)
[2023.10.13-20.51.55:361][  0]LogPakFile: OnPakFileMounted2Time == 0.000133
[2023.10.13-20.51.55:362][  0]LogPakFile: PakFile PrimaryIndexSize=187
[2023.10.13-20.51.55:362][  0]LogPakFile: PakFile PathHashIndexSize=101
[2023.10.13-20.51.55:362][  0]LogPakFile: PakFile FullDirectoryIndexSize=148
[2023.10.13-20.51.55:362][  0]LogShaderLibrary: Display: ShaderCodeLibraryPakFileMountedCallback: PakFile 'C:/Program Files/Epic Games/UE_4.27/FeaturePacks/TP_TwinStickBP.upack' (chunk index -1, root 'root:/') mounted
[2023.10.13-20.51.55:362][  0]LogShaderLibrary: Display: ShaderCodeLibraryPakFileMountedCallback: pending pak file info (ChunkID:-1 Root:root:/ File:C:/Program Files/Epic Games/UE_4.27/FeaturePacks/TP_TwinStickBP.upack)
[2023.10.13-20.51.55:363][  0]LogPakFile: OnPakFileMounted2Time == 0.000129
[2023.10.13-20.51.55:364][  0]LogPakFile: PakFile PrimaryIndexSize=183
[2023.10.13-20.51.55:364][  0]LogPakFile: PakFile PathHashIndexSize=101
[2023.10.13-20.51.55:364][  0]LogPakFile: PakFile FullDirectoryIndexSize=140
[2023.10.13-20.51.55:364][  0]LogShaderLibrary: Display: ShaderCodeLibraryPakFileMountedCallback: PakFile 'C:/Program Files/Epic Games/UE_4.27/FeaturePacks/TP_Vehicle.upack' (chunk index -1, root 'root:/') mounted
[2023.10.13-20.51.55:364][  0]LogShaderLibrary: Display: ShaderCodeLibraryPakFileMountedCallback: pending pak file info (ChunkID:-1 Root:root:/ File:C:/Program Files/Epic Games/UE_4.27/FeaturePacks/TP_Vehicle.upack)
[2023.10.13-20.51.55:364][  0]LogPakFile: OnPakFileMounted2Time == 0.000156
[2023.10.13-20.51.55:366][  0]LogPakFile: PakFile PrimaryIndexSize=186
[2023.10.13-20.51.55:366][  0]LogPakFile: PakFile PathHashIndexSize=101
[2023.10.13-20.51.55:366][  0]LogPakFile: PakFile FullDirectoryIndexSize=146
[2023.10.13-20.51.55:366][  0]LogShaderLibrary: Display: ShaderCodeLibraryPakFileMountedCallback: PakFile 'C:/Program Files/Epic Games/UE_4.27/FeaturePacks/TP_VehicleAdv.upack' (chunk index -1, root 'root:/') mounted
[2023.10.13-20.51.55:366][  0]LogShaderLibrary: Display: ShaderCodeLibraryPakFileMountedCallback: pending pak file info (ChunkID:-1 Root:root:/ File:C:/Program Files/Epic Games/UE_4.27/FeaturePacks/TP_VehicleAdv.upack)
[2023.10.13-20.51.55:366][  0]LogPakFile: OnPakFileMounted2Time == 0.000162
[2023.10.13-20.51.55:367][  0]LogPakFile: PakFile PrimaryIndexSize=188
[2023.10.13-20.51.55:367][  0]LogPakFile: PakFile PathHashIndexSize=101
[2023.10.13-20.51.55:367][  0]LogPakFile: PakFile FullDirectoryIndexSize=150
[2023.10.13-20.51.55:367][  0]LogShaderLibrary: Display: ShaderCodeLibraryPakFileMountedCallback: PakFile 'C:/Program Files/Epic Games/UE_4.27/FeaturePacks/TP_VehicleAdvBP.upack' (chunk index -1, root 'root:/') mounted
[2023.10.13-20.51.55:367][  0]LogShaderLibrary: Display: ShaderCodeLibraryPakFileMountedCallback: pending pak file info (ChunkID:-1 Root:root:/ File:C:/Program Files/Epic Games/UE_4.27/FeaturePacks/TP_VehicleAdvBP.upack)
[2023.10.13-20.51.55:367][  0]LogPakFile: OnPakFileMounted2Time == 0.000127
[2023.10.13-20.51.55:368][  0]LogPakFile: PakFile PrimaryIndexSize=185
[2023.10.13-20.51.55:369][  0]LogPakFile: PakFile PathHashIndexSize=101
[2023.10.13-20.51.55:369][  0]LogPakFile: PakFile FullDirectoryIndexSize=144
[2023.10.13-20.51.55:369][  0]LogShaderLibrary: Display: ShaderCodeLibraryPakFileMountedCallback: PakFile 'C:/Program Files/Epic Games/UE_4.27/FeaturePacks/TP_VehicleBP.upack' (chunk index -1, root 'root:/') mounted
[2023.10.13-20.51.55:369][  0]LogShaderLibrary: Display: ShaderCodeLibraryPakFileMountedCallback: pending pak file info (ChunkID:-1 Root:root:/ File:C:/Program Files/Epic Games/UE_4.27/FeaturePacks/TP_VehicleBP.upack)
[2023.10.13-20.51.55:369][  0]LogPakFile: OnPakFileMounted2Time == 0.000149
[2023.10.13-20.51.55:370][  0]LogPakFile: PakFile PrimaryIndexSize=192
[2023.10.13-20.51.55:370][  0]LogPakFile: PakFile PathHashIndexSize=101
[2023.10.13-20.51.55:370][  0]LogPakFile: PakFile FullDirectoryIndexSize=158
[2023.10.13-20.51.55:370][  0]LogShaderLibrary: Display: ShaderCodeLibraryPakFileMountedCallback: PakFile 'C:/Program Files/Epic Games/UE_4.27/FeaturePacks/TP_VirtualRealityBP.upack' (chunk index -1, root 'root:/') mounted
[2023.10.13-20.51.55:370][  0]LogShaderLibrary: Display: ShaderCodeLibraryPakFileMountedCallback: pending pak file info (ChunkID:-1 Root:root:/ File:C:/Program Files/Epic Games/UE_4.27/FeaturePacks/TP_VirtualRealityBP.upack)
[2023.10.13-20.51.55:370][  0]LogPakFile: OnPakFileMounted2Time == 0.000141
[2023.10.13-20.51.55:478][  0]LogNativeClassHierarchy: Verbose: Native class hierarchy updated for 'AddContentDialog' in 0.0005 seconds. Added 0 classes and 0 folders.
[2023.10.13-20.51.55:486][  0]LogNativeClassHierarchy: Verbose: Native class hierarchy updated for 'SceneOutliner' in 0.0003 seconds. Added 2 classes and 0 folders.
[2023.10.13-20.51.55:559][  0]LogSlate: Took 0.000483 seconds to synchronously load lazily loaded font '../../../Engine/Content/Slate/Fonts/Roboto-Regular.ttf' (155K)
[2023.10.13-20.51.55:560][  0]LogSlate: Took 0.000400 seconds to synchronously load lazily loaded font '../../../Engine/Content/Editor/Slate/Fonts/FontAwesome.ttf' (139K)
[2023.10.13-20.51.55:561][  0]LogSlate: Took 0.000358 seconds to synchronously load lazily loaded font '../../../Engine/Content/Slate/Fonts/Roboto-Bold.ttf' (160K)
[2023.10.13-20.51.55:635][  0]LogRenderer: Reallocating scene render targets to support 1208x572 Format 10 NumSamples 1 (Frame:1).
[2023.10.13-20.51.55:666][  0]LogSlate: Took 0.000683 seconds to synchronously load lazily loaded font '../../../Engine/Content/Slate/Fonts/Roboto-Light.ttf' (167K)
[2023.10.13-20.51.55:751][  0]LogNativeClassHierarchy: Verbose: Native class hierarchy updated for 'HierarchicalLODOutliner' in 0.0003 seconds. Added 0 classes and 0 folders.
[2023.10.13-20.51.55:752][  0]LogLoad: (Engine Initialization) Total time: 13.76 seconds
[2023.10.13-20.51.55:752][  0]LogLoad: (Engine Initialization) Total Blueprint compile time: 0.00 seconds
[2023.10.13-20.51.55:831][  0]LogAssetRegistry: Asset discovery search completed in 7.7811 seconds
[2023.10.13-20.51.55:838][  0]LogCollectionManager: Fixed up redirectors for 0 collections in 0.000003 seconds (updated 0 objects)
[2023.10.13-20.51.55:840][  0]LogContentStreaming: Texture pool size now 1000 MB
[2023.10.13-20.51.58:338][147]LogUObjectHash: Compacting FUObjectHashTables data took   0.40ms
[2023.10.13-20.51.58:347][147]LogSlate: Took 0.000265 seconds to synchronously load lazily loaded font '../../../Engine/Content/Slate/Fonts/Roboto-Light.ttf' (167K)
[2023.10.13-20.51.58:614][147]LogAssetEditorSubsystem: Opening Asset editor for World /Game/Maps/CodeLevel.CodeLevel
[2023.10.13-20.51.58:614][147]Cmd: MAP LOAD FILE="D:/UnrealGame01/UnrealGame001/Content/Maps/CodeLevel.umap" TEMPLATE=0 SHOWPROGRESS=1 FEATURELEVEL=3
[2023.10.13-20.51.58:614][147]LightingResults: New page: Lighting Build
[2023.10.13-20.51.58:614][147]LoadErrors: New page: Loading map: CodeLevel.umap
[2023.10.13-20.51.58:615][147]LogWorld: UWorld::CleanupWorld for Untitled_1, bSessionEnded=true, bCleanupResources=true
[2023.10.13-20.51.58:616][147]LogSlate: InvalidateAllWidgets triggered.  All widgets were invalidated
[2023.10.13-20.51.58:616][147]MapCheck: New page: Map Check
[2023.10.13-20.51.58:616][147]LightingResults: New page: Lighting Build
[2023.10.13-20.51.58:619][147]LogAudio: Display: Audio Device unregistered from world 'None'.
[2023.10.13-20.51.58:622][147]LogUObjectHash: Compacting FUObjectHashTables data took   0.66ms
[2023.10.13-20.51.58:622][147]LogAudio: Display: Audio Device (ID: 1) registered with world 'CodeLevel'.
[2023.10.13-20.51.58:675][147]LogEditorServer: Finished looking for orphan Actors (0.000 secs)
[2023.10.13-20.51.58:675][147]LogAIModule: Creating AISystem for world CodeLevel
[2023.10.13-20.51.58:681][147]LogUObjectHash: Compacting FUObjectHashTables data took   0.49ms
[2023.10.13-20.51.58:693][147]Cmd: MAP CHECKDEP NOCLEARLOG
[2023.10.13-20.51.58:693][147]MapCheck: Map check complete: 0 Error(s), 0 Warning(s), took 0.066ms to complete.
[2023.10.13-20.51.58:693][147]LogFileHelpers: Loading map 'CodeLevel' took 0.079
[2023.10.13-20.51.59:420][188]LogTemp: Repeating last play command: Selected Viewport
[2023.10.13-20.51.59:428][188]LogPlayLevel: PlayLevel: No blueprints needed recompiling
[2023.10.13-20.51.59:429][188]PIE: New page: PIE session: CodeLevel (Oct 13, 2023, 12:51:59 PM)
[2023.10.13-20.51.59:431][188]LogOnline: OSS: Creating online subsystem instance for: NULL
[2023.10.13-20.51.59:433][188]LogOnline: OSS: TryLoadSubsystemAndSetDefault: Loaded subsystem for module [NULL]
[2023.10.13-20.51.59:434][188]LogPlayLevel: Creating play world package: /Game/Maps/UEDPIE_0_CodeLevel
[2023.10.13-20.51.59:436][188]LogPlayLevel: PIE: StaticDuplicateObject took: (0.002263s)
[2023.10.13-20.51.59:437][188]LogAIModule: Creating AISystem for world CodeLevel
[2023.10.13-20.51.59:437][188]LogPlayLevel: PIE: World Init took: (0.001092s)
[2023.10.13-20.51.59:437][188]LogPlayLevel: PIE: Created PIE world by copying editor world from /Game/Maps/CodeLevel.CodeLevel to /Game/Maps/UEDPIE_0_CodeLevel.CodeLevel (0.003668s)
[2023.10.13-20.51.59:440][188]LogUObjectHash: Compacting FUObjectHashTables data took   0.47ms
[2023.10.13-20.51.59:441][188]LogAudio: Display: Creating Audio Device:                 Id: 2, Scope: Unique, Realtime: True
[2023.10.13-20.51.59:441][188]LogAudioMixer: Display: Audio Mixer Platform Settings:
[2023.10.13-20.51.59:441][188]LogAudioMixer: Display: 	Sample Rate:						  48000
[2023.10.13-20.51.59:441][188]LogAudioMixer: Display: 	Callback Buffer Frame Size Requested: 1024
[2023.10.13-20.51.59:441][188]LogAudioMixer: Display: 	Callback Buffer Frame Size To Use:	  1024
[2023.10.13-20.51.59:441][188]LogAudioMixer: Display: 	Number of buffers to queue:			  2
[2023.10.13-20.51.59:441][188]LogAudioMixer: Display: 	Max Channels (voices):				  32
[2023.10.13-20.51.59:441][188]LogAudioMixer: Display: 	Number of Async Source Workers:		  0
[2023.10.13-20.51.59:441][188]LogAudio: Display: AudioDevice MaxSources: 32
[2023.10.13-20.51.59:441][188]LogAudio: Display: Audio Spatialization Plugin: None (built-in).
[2023.10.13-20.51.59:441][188]LogAudio: Display: Audio Reverb Plugin: None (built-in).
[2023.10.13-20.51.59:441][188]LogAudio: Display: Audio Occlusion Plugin: None (built-in).
[2023.10.13-20.51.59:441][188]LogAudioMixer: Display: Initializing audio mixer.
[2023.10.13-20.51.59:462][188]LogAudioMixer: Display: 0: FrontLeft
[2023.10.13-20.51.59:463][188]LogAudioMixer: Display: 1: FrontRight
[2023.10.13-20.51.59:479][188]LogAudioMixer: Display: Using Audio Device 헤드폰 (WH-XB910N)
[2023.10.13-20.51.59:480][188]LogAudioMixer: Display: Initializing Sound Submixes...
[2023.10.13-20.51.59:480][188]LogAudioMixer: Display: Creating Master Submix 'MasterSubmixDefault'
[2023.10.13-20.51.59:480][188]LogAudioMixer: Display: Creating Master Submix 'MasterReverbSubmixDefault'
[2023.10.13-20.51.59:480][188]LogAudioMixer: Display: Creating Master Submix 'MasterEQSubmixDefault'
[2023.10.13-20.51.59:480][188]LogAudioMixer: FMixerPlatformXAudio2::StartAudioStream() called
[2023.10.13-20.51.59:481][188]LogAudioMixer: Display: Output buffers initialized: Frames=1024, Channels=2, Samples=2048
[2023.10.13-20.51.59:482][188]LogAudioMixer: Display: Starting AudioMixerPlatformInterface::RunInternal()
[2023.10.13-20.51.59:482][188]LogAudioMixer: Display: FMixerPlatformXAudio2::SubmitBuffer() called for the first time
[2023.10.13-20.51.59:482][188]LogInit: FAudioDevice initialized.
[2023.10.13-20.51.59:482][188]LogAudio: Display: Audio Device (ID: 2) registered with world 'CodeLevel'.
[2023.10.13-20.51.59:494][188]LogLoad: Game class is 'BP_CodeGame_C'
[2023.10.13-20.51.59:496][188]LogWorld: Bringing World /Game/Maps/UEDPIE_0_CodeLevel.CodeLevel up for play (max tick rate 60) at 2023.10.13-16.51.59
[2023.10.13-20.51.59:496][188]LogWorld: Bringing up level for play took: 0.001470
[2023.10.13-20.51.59:496][188]LogOnline: OSS: Creating online subsystem instance for: :Context_2
[2023.10.13-20.51.59:502][188]LogNativeClassHierarchy: Verbose: Native class hierarchy updated for 'MovieSceneCapture' in 0.0003 seconds. Added 20 classes and 0 folders.
[2023.10.13-20.51.59:508][188]LogActor: Warning: BP_BaseRifle_C /Game/Maps/UEDPIE_0_CodeLevel.CodeLevel:PersistentLevel.BP_BaseRifle_C_0 has natively added scene component(s), but none of them were set as the actor's RootComponent - picking one arbitrarily
[2023.10.13-20.51.59:509][188]LogActor: Warning: BP_BaseRifle_C /Game/Maps/UEDPIE_0_CodeLevel.CodeLevel:PersistentLevel.BP_BaseRifle_C_1 has natively added scene component(s), but none of them were set as the actor's RootComponent - picking one arbitrarily
[2023.10.13-20.51.59:509][188]Game: Warning: valid in the NativeOnInitialized
[2023.10.13-20.51.59:509][188]PIE: Server logged in
[2023.10.13-20.51.59:511][188]PIE: Play in editor total start time 0.085 seconds.
[2023.10.13-20.52.00:611][254]Game: Error: notify hit
[2023.10.13-20.52.08:714][254]Game: Error: cast fail
[2023.10.13-20.52.08:720][255]LogAudioMixer: Display: Audio Buffer Underrun (starvation) detected.
[2023.10.13-20.52.10:942][331]Game: Error: notify hit
