Log file open, 10/12/23 22:34:06
LogWindows: Failed to load 'aqProf.dll' (GetLastError=126)
LogWindows: File 'aqProf.dll' does not exist
LogWindows: Failed to load 'VtuneApi.dll' (GetLastError=126)
LogWindows: File 'VtuneApi.dll' does not exist
LogWindows: Failed to load 'VtuneApi32e.dll' (GetLastError=126)
LogWindows: File 'VtuneApi32e.dll' does not exist
LogConsoleResponse: Display: Failed to find resolution value strings in scalability ini. Falling back to default.
LogConsoleResponse: Display: Failed to find resolution value strings in scalability ini. Falling back to default.
LogInit: Display: Running engine for game: UnrealGame001
LogPlatformFile: Not using cached read wrapper
LogTaskGraph: Started task graph with 5 named threads and 47 total threads with 3 sets of task threads.
LogStats: Stats thread started at 0.278009
LogICUInternationalization: ICU TimeZone Detection - Raw Offset: -5:00, Platform Override: ''
LogInit: Display: Loading text-based GConfig....
LogPluginManager: Mounting plugin MeshPainting
LogPluginManager: Mounting plugin XGEController
LogPluginManager: Mounting plugin Paper2D
LogPluginManager: Mounting plugin AISupport
LogPluginManager: Mounting plugin EnvironmentQueryEditor
LogPluginManager: Mounting plugin LightPropagationVolume
LogPluginManager: Mounting plugin LiveLink
LogPluginManager: Mounting plugin CodeLiteSourceCodeAccess
LogPluginManager: Mounting plugin AnimationSharing
LogPluginManager: Mounting plugin CLionSourceCodeAccess
LogPluginManager: Mounting plugin GitSourceControl
LogPluginManager: Mounting plugin KDevelopSourceCodeAccess
LogPluginManager: Mounting plugin PerforceSourceControl
LogPluginManager: Mounting plugin NullSourceCodeAccess
LogPluginManager: Mounting plugin PluginUtils
LogPluginManager: Mounting plugin PixWinPlugin
LogPluginManager: Mounting plugin RiderSourceCodeAccess
LogPluginManager: Mounting plugin SubversionSourceControl
LogPluginManager: Mounting plugin PlasticSourceControl
LogPluginManager: Mounting plugin PropertyAccessNode
LogPluginManager: Mounting plugin TextureFormatOodle
LogPluginManager: Mounting plugin VisualStudioCodeSourceCodeAccess
LogPluginManager: Mounting plugin UObjectPlugin
LogPluginManager: Mounting plugin VisualStudioSourceCodeAccess
LogPluginManager: Mounting plugin XCodeSourceCodeAccess
LogPluginManager: Mounting plugin CameraShakePreviewer
LogPluginManager: Mounting plugin GameplayCameras
LogPluginManager: Mounting plugin OodleData
LogPluginManager: Mounting plugin OodleNetwork
LogPluginManager: Mounting plugin Niagara
LogPluginManager: Mounting plugin DatasmithContent
LogPluginManager: Mounting plugin VariantManagerContent
LogPluginManager: Mounting plugin AssetManagerEditor
LogPluginManager: Mounting plugin CryptoKeys
LogPluginManager: Mounting plugin CurveEditorTools
LogPluginManager: Mounting plugin DataValidation
LogPluginManager: Mounting plugin FacialAnimation
LogPluginManager: Mounting plugin GameplayTagsEditor
LogPluginManager: Mounting plugin MobileLauncherProfileWizard
LogPluginManager: Mounting plugin PluginBrowser
LogPluginManager: Mounting plugin SpeedTreeImporter
LogPluginManager: Mounting plugin GeometryMode
LogPluginManager: Mounting plugin MagicLeap
LogPluginManager: Mounting plugin MaterialAnalyzer
LogPluginManager: Mounting plugin MacGraphicsSwitching
LogPluginManager: Mounting plugin LuminPlatformFeatures
LogPluginManager: Mounting plugin MagicLeapMedia
LogPluginManager: Mounting plugin MagicLeapLightEstimation
LogPluginManager: Mounting plugin MagicLeapPassableWorld
LogPluginManager: Mounting plugin MLSDK
LogPluginManager: Mounting plugin AlembicImporter
LogPluginManager: Mounting plugin AutomationUtils
LogPluginManager: Mounting plugin BackChannel
LogPluginManager: Mounting plugin ChaosClothEditor
LogPluginManager: Mounting plugin ChaosEditor
LogPluginManager: Mounting plugin ChaosCloth
LogPluginManager: Mounting plugin ChaosNiagara
LogPluginManager: Mounting plugin CharacterAI
LogPluginManager: Mounting plugin AndroidMedia
LogPluginManager: Mounting plugin ChaosSolverPlugin
LogPluginManager: Mounting plugin AvfMedia
LogPluginManager: Mounting plugin ImgMedia
LogPluginManager: Mounting plugin MediaCompositing
LogPluginManager: Mounting plugin MediaPlayerEditor
LogPluginManager: Mounting plugin WmfMedia
LogPluginManager: Mounting plugin WebMMedia
LogPluginManager: Mounting plugin GeometryCache
LogPluginManager: Mounting plugin GeometryCollectionPlugin
LogPluginManager: Mounting plugin GeometryProcessing
LogPluginManager: Mounting plugin MotoSynth
LogPluginManager: Mounting plugin PlatformCrypto
LogPluginManager: Mounting plugin PythonScriptPlugin
LogPluginManager: Mounting plugin PlanarCut
LogPluginManager: Mounting plugin ProxyLODPlugin
LogPluginManager: Mounting plugin OpenImageDenoise
LogPluginManager: Mounting plugin TcpMessaging
LogPluginManager: Mounting plugin UdpMessaging
LogPluginManager: Mounting plugin LevelSequenceEditor
LogPluginManager: Mounting plugin ActorSequence
LogPluginManager: Mounting plugin MatineeToLevelSequence
LogPluginManager: Mounting plugin TemplateSequence
LogPluginManager: Mounting plugin OnlineSubsystem
LogPluginManager: Mounting plugin LauncherChunkInstaller
LogPluginManager: Mounting plugin OnlineSubsystemNull
LogPluginManager: Mounting plugin OnlineSubsystemUtils
LogPluginManager: Mounting plugin SkeletalReduction
LogPluginManager: Mounting plugin ActorLayerUtilities
LogPluginManager: Mounting plugin AndroidDeviceProfileSelector
LogPluginManager: Mounting plugin AndroidMoviePlayer
LogPluginManager: Mounting plugin AndroidPermission
LogPluginManager: Mounting plugin AppleImageUtils
LogPluginManager: Mounting plugin AppleMoviePlayer
LogPluginManager: Mounting plugin ArchVisCharacter
LogPluginManager: Mounting plugin AssetTags
LogPluginManager: Mounting plugin AudioCapture
LogPluginManager: Mounting plugin AudioSynesthesia
LogPluginManager: Mounting plugin CableComponent
LogPluginManager: Mounting plugin ChunkDownloader
LogPluginManager: Mounting plugin CustomMeshComponent
LogPluginManager: Mounting plugin ExampleDeviceProfileSelector
LogPluginManager: Mounting plugin EditableMesh
LogPluginManager: Mounting plugin ScreenshotTools
LogPluginManager: Mounting plugin GoogleCloudMessaging
LogPluginManager: Mounting plugin GooglePAD
LogPluginManager: Mounting plugin IOSDeviceProfileSelector
LogPluginManager: Mounting plugin LinuxDeviceProfileSelector
LogPluginManager: Mounting plugin LocationServicesBPLibrary
LogPluginManager: Mounting plugin MobilePatchingUtils
LogPluginManager: Mounting plugin OpenXR
LogPluginManager: Mounting plugin OpenXREyeTracker
LogPluginManager: Mounting plugin Takes
LogPluginManager: Mounting plugin OpenXRHandTracking
LogPluginManager: Mounting plugin PhysXVehicles
LogPluginManager: Mounting plugin PostSplashScreen
LogPluginManager: Mounting plugin ProceduralMeshComponent
LogPluginManager: Mounting plugin PropertyAccessEditor
LogPluginManager: Mounting plugin RuntimePhysXCooking
LogPluginManager: Mounting plugin SoundFields
LogPluginManager: Mounting plugin SignificanceManager
LogPluginManager: Mounting plugin Synthesis
LogPluginManager: Mounting plugin WebMMoviePlayer
LogPluginManager: Mounting plugin WindowsMoviePlayer
LogPluginManager: Mounting plugin ContentBrowserAssetDataSource
LogPluginManager: Mounting plugin ContentBrowserFileDataSource
LogPluginManager: Mounting plugin ContentBrowserClassDataSource
LogPluginManager: Mounting plugin OnlineSubsystemIOS
LogPluginManager: Mounting plugin OnlineSubsystemGooglePlay
LogPluginManager: Mounting plugin OculusVR
LogPluginManager: Mounting plugin SteamVR
Running C:/Program Files/Epic Games/UE_4.27/Engine/Binaries/DotNET/UnrealBuildTool.exe Development Win64 -Project="D:/UnrealGame01/UnrealGame001/UnrealGame001.uproject" -TargetType=Editor -Progress -NoEngineChanges -NoHotReloadFromIDE
Using 'git status' to determine working set for adaptive non-unity build (D:\UnrealGame01).
@progress push 5%
@progress pop
Deleted hot-reload file: D:\UnrealGame01\UnrealGame001\Binaries\Win64\UE4Editor-UnrealGame001-0005.dll
Deleted hot-reload file: D:\UnrealGame01\UnrealGame001\Binaries\Win64\UE4Editor-UnrealGame001-0005.pdb
Deleted hot-reload file: D:\UnrealGame01\UnrealGame001\Binaries\Win64\UE4Editor-UnrealGame001-1373.dll
Deleted hot-reload file: D:\UnrealGame01\UnrealGame001\Binaries\Win64\UE4Editor-UnrealGame001-1373.pdb
Deleted hot-reload file: D:\UnrealGame01\UnrealGame001\Binaries\Win64\UE4Editor-UnrealGame001-5642.dll
Deleted hot-reload file: D:\UnrealGame01\UnrealGame001\Binaries\Win64\UE4Editor-UnrealGame001-5642.pdb
Deleted hot-reload file: D:\UnrealGame01\UnrealGame001\Intermediate\Build\Win64\UE4Editor\Development\UnrealGame001\UE4Editor-UnrealGame001-0005.lib
Deleted hot-reload file: D:\UnrealGame01\UnrealGame001\Intermediate\Build\Win64\UE4Editor\Development\UnrealGame001\UE4Editor-UnrealGame001-1373.lib
Deleted hot-reload file: D:\UnrealGame01\UnrealGame001\Intermediate\Build\Win64\UE4Editor\Development\UnrealGame001\UE4Editor-UnrealGame001-5642.lib
Building UnrealGame001Editor...
Using Visual Studio 2022 14.37.32824 toolchain (C:\Program Files\Microsoft Visual Studio\2022\Enterprise\VC\Tools\MSVC\14.37.32822) and Windows 10.0.19041.0 SDK (C:\Program Files (x86)\Windows Kits\10).
Building 5 actions with 16 processes...
  @progress 'Compiling C++ source code...' 0%
  @progress 'Compiling C++ source code...' 20%
  [1/5] BaseRifle.cpp
  D:\UnrealGame01\UnrealGame001\Source\UnrealGame001\Private\Actors\BaseRifle.cpp(48): error C2665: 'FTimerManager::SetTimer': no overloaded function could convert all the argument types
  C:\Program Files\Epic Games\UE_4.27\Engine\Source\Runtime\Engine\Public\TimerManager.h(217): note: could be 'void FTimerManager::SetTimer(FTimerHandle &,TFunction<void (void)> &&,float,bool,float)'
  D:\UnrealGame01\UnrealGame001\Source\UnrealGame001\Private\Actors\BaseRifle.cpp(48): note: 'void FTimerManager::SetTimer(FTimerHandle &,TFunction<void (void)> &&,float,bool,float)': cannot convert argument 2 from 'ABaseRifle *' to 'TFunction<void (void)> &&'
  D:\UnrealGame01\UnrealGame001\Source\UnrealGame001\Private\Actors\BaseRifle.cpp(48): note: Reason: cannot convert from 'ABaseRifle *' to 'TFunction<void (void)>'
  D:\UnrealGame01\UnrealGame001\Source\UnrealGame001\Private\Actors\BaseRifle.cpp(48): note: 'TFunction<void (void)>::TFunction': no overloaded function could convert all the argument types
  C:\Program Files\Epic Games\UE_4.27\Engine\Source\Runtime\Core\Public\Templates/Function.h(923): note: could be 'TFunction<void (void)>::TFunction(TYPE_OF_NULLPTR)'
  D:\UnrealGame01\UnrealGame001\Source\UnrealGame001\Private\Actors\BaseRifle.cpp(48): note: 'TFunction<void (void)>::TFunction(TYPE_OF_NULLPTR)': cannot convert argument 1 from 'ABaseRifle *' to 'TYPE_OF_NULLPTR'
  D:\UnrealGame01\UnrealGame001\Source\UnrealGame001\Private\Actors\BaseRifle.cpp(48): note: nullptr can only be converted to pointer or handle types
  C:\Program Files\Epic Games\UE_4.27\Engine\Source\Runtime\Core\Public\Templates/Function.h(939): note: or       'TFunction<void (void)>::TFunction(FunctorType &&)'
  D:\UnrealGame01\UnrealGame001\Source\UnrealGame001\Private\Actors\BaseRifle.cpp(48): note: while trying to match the argument list '(ABaseRifle *)'
  C:\Program Files\Epic Games\UE_4.27\Engine\Source\Runtime\Engine\Public\TimerManager.h(212): note: or       'void FTimerManager::SetTimer(FTimerHandle &,float,bool,float)'
  D:\UnrealGame01\UnrealGame001\Source\UnrealGame001\Private\Actors\BaseRifle.cpp(48): note: 'void FTimerManager::SetTimer(FTimerHandle &,float,bool,float)': cannot convert argument 2 from 'ABaseRifle *' to 'float'
  D:\UnrealGame01\UnrealGame001\Source\UnrealGame001\Private\Actors\BaseRifle.cpp(48): note: There is no context in which this conversion is possible
  C:\Program Files\Epic Games\UE_4.27\Engine\Source\Runtime\Engine\Public\TimerManager.h(207): note: or       'void FTimerManager::SetTimer(FTimerHandle &,const FTimerDynamicDelegate &,float,bool,float)'
  D:\UnrealGame01\UnrealGame001\Source\UnrealGame001\Private\Actors\BaseRifle.cpp(48): note: 'void FTimerManager::SetTimer(FTimerHandle &,const FTimerDynamicDelegate &,float,bool,float)': cannot convert argument 2 from 'ABaseRifle *' to 'const FTimerDynamicDelegate &'
  D:\UnrealGame01\UnrealGame001\Source\UnrealGame001\Private\Actors\BaseRifle.cpp(48): note: Reason: cannot convert from 'ABaseRifle *' to 'const FTimerDynamicDelegate'
  D:\UnrealGame01\UnrealGame001\Source\UnrealGame001\Private\Actors\BaseRifle.cpp(48): note: 'FTimerDynamicDelegate::FTimerDynamicDelegate': no overloaded function could convert all the argument types
  C:\Program Files\Epic Games\UE_4.27\Engine\Source\Runtime\Engine\Classes\Engine/EngineTypes.h(3015): note: could be 'FTimerDynamicDelegate::FTimerDynamicDelegate(FTimerDynamicDelegate &&)'
  D:\UnrealGame01\UnrealGame001\Source\UnrealGame001\Private\Actors\BaseRifle.cpp(48): note: 'FTimerDynamicDelegate::FTimerDynamicDelegate(FTimerDynamicDelegate &&)': cannot convert argument 1 from 'ABaseRifle *' to 'FTimerDynamicDelegate &&'
  D:\UnrealGame01\UnrealGame001\Source\UnrealGame001\Private\Actors\BaseRifle.cpp(48): note: Reason: cannot convert from 'ABaseRifle *' to 'FTimerDynamicDelegate'
  D:\UnrealGame01\UnrealGame001\Source\UnrealGame001\Private\Actors\BaseRifle.cpp(48): note: Conversion requires a second user-defined-conversion operator or constructor
  C:\Program Files\Epic Games\UE_4.27\Engine\Source\Runtime\Engine\Classes\Engine/EngineTypes.h(3015): note: or       'FTimerDynamicDelegate::FTimerDynamicDelegate(const FTimerDynamicDelegate &)'
  D:\UnrealGame01\UnrealGame001\Source\UnrealGame001\Private\Actors\BaseRifle.cpp(48): note: 'FTimerDynamicDelegate::FTimerDynamicDelegate(const FTimerDynamicDelegate &)': cannot convert argument 1 from 'ABaseRifle *' to 'const FTimerDynamicDelegate &'
  D:\UnrealGame01\UnrealGame001\Source\UnrealGame001\Private\Actors\BaseRifle.cpp(48): note: Reason: cannot convert from 'ABaseRifle *' to 'const FTimerDynamicDelegate'
  D:\UnrealGame01\UnrealGame001\Source\UnrealGame001\Private\Actors\BaseRifle.cpp(48): note: Conversion requires a second user-defined-conversion operator or constructor
  D:\UnrealGame01\UnrealGame001\Source\UnrealGame001\Private\Actors\BaseRifle.cpp(48): note: while trying to match the argument list '(ABaseRifle *)'
  C:\Program Files\Epic Games\UE_4.27\Engine\Source\Runtime\Engine\Public\TimerManager.h(202): note: or       'void FTimerManager::SetTimer(FTimerHandle &,const FTimerDelegate &,float,bool,float)'
  D:\UnrealGame01\UnrealGame001\Source\UnrealGame001\Private\Actors\BaseRifle.cpp(48): note: 'void FTimerManager::SetTimer(FTimerHandle &,const FTimerDelegate &,float,bool,float)': cannot convert argument 2 from 'ABaseRifle *' to 'const FTimerDelegate &'
  D:\UnrealGame01\UnrealGame001\Source\UnrealGame001\Private\Actors\BaseRifle.cpp(48): note: Reason: cannot convert from 'ABaseRifle *' to 'const FTimerDelegate'
  D:\UnrealGame01\UnrealGame001\Source\UnrealGame001\Private\Actors\BaseRifle.cpp(48): note: 'TDelegate<void (void),FDefaultDelegateUserPolicy>::TDelegate': no overloaded function could convert all the argument types
  C:\Program Files\Epic Games\UE_4.27\Engine\Source\Runtime\Core\Public\Delegates/DelegateSignatureImpl.inl(354): note: could be 'TDelegate<void (void),FDefaultDelegateUserPolicy>::TDelegate(const TDelegate<void (void),FDefaultDelegateUserPolicy> &)'
  D:\UnrealGame01\UnrealGame001\Source\UnrealGame001\Private\Actors\BaseRifle.cpp(48): note: 'TDelegate<void (void),FDefaultDelegateUserPolicy>::TDelegate(const TDelegate<void (void),FDefaultDelegateUserPolicy> &)': cannot convert argument 1 from 'ABaseRifle *' to 'const TDelegate<void (void),FDefaultDelegateUserPolicy> &'
  D:\UnrealGame01\UnrealGame001\Source\UnrealGame001\Private\Actors\BaseRifle.cpp(48): note: Reason: cannot convert from 'ABaseRifle *' to 'const TDelegate<void (void),FDefaultDelegateUserPolicy>'
  D:\UnrealGame01\UnrealGame001\Source\UnrealGame001\Private\Actors\BaseRifle.cpp(48): note: Conversion requires a second user-defined-conversion operator or constructor
  C:\Program Files\Epic Games\UE_4.27\Engine\Source\Runtime\Core\Public\Delegates/DelegateSignatureImpl.inl(344): note: or       'TDelegate<void (void),FDefaultDelegateUserPolicy>::TDelegate(TDelegate<void (void),FDefaultDelegateUserPolicy> &&)'
  D:\UnrealGame01\UnrealGame001\Source\UnrealGame001\Private\Actors\BaseRifle.cpp(48): note: 'TDelegate<void (void),FDefaultDelegateUserPolicy>::TDelegate(TDelegate<void (void),FDefaultDelegateUserPolicy> &&)': cannot convert argument 1 from 'ABaseRifle *' to 'TDelegate<void (void),FDefaultDelegateUserPolicy> &&'
  D:\UnrealGame01\UnrealGame001\Source\UnrealGame001\Private\Actors\BaseRifle.cpp(48): note: Reason: cannot convert from 'ABaseRifle *' to 'TDelegate<void (void),FDefaultDelegateUserPolicy>'
  D:\UnrealGame01\UnrealGame001\Source\UnrealGame001\Private\Actors\BaseRifle.cpp(48): note: Conversion requires a second user-defined-conversion operator or constructor
  C:\Program Files\Epic Games\UE_4.27\Engine\Source\Runtime\Core\Public\Delegates/DelegateSignatureImpl.inl(327): note: or       'TDelegate<void (void),FDefaultDelegateUserPolicy>::TDelegate(TYPE_OF_NULLPTR)'
  D:\UnrealGame01\UnrealGame001\Source\UnrealGame001\Private\Actors\BaseRifle.cpp(48): note: 'TDelegate<void (void),FDefaultDelegateUserPolicy>::TDelegate(TYPE_OF_NULLPTR)': cannot convert argument 1 from 'ABaseRifle *' to 'TYPE_OF_NULLPTR'
  D:\UnrealGame01\UnrealGame001\Source\UnrealGame001\Private\Actors\BaseRifle.cpp(48): note: nullptr can only be converted to pointer or handle types
  D:\UnrealGame01\UnrealGame001\Source\UnrealGame001\Private\Actors\BaseRifle.cpp(48): note: while trying to match the argument list '(ABaseRifle *)'
  C:\Program Files\Epic Games\UE_4.27\Engine\Source\Runtime\Engine\Public\TimerManager.h(196): note: or       'void FTimerManager::SetTimer<ABaseRifle>(FTimerHandle &,UserClass *,void (__cdecl ABaseRifle::* )(void) const,float,bool,float)'
          with
          [
              UserClass=ABaseRifle
          ]
  D:\UnrealGame01\UnrealGame001\Source\UnrealGame001\Private\Actors\BaseRifle.cpp(48): note: 'void FTimerManager::SetTimer<ABaseRifle>(FTimerHandle &,UserClass *,void (__cdecl ABaseRifle::* )(void) const,float,bool,float)': cannot convert argument 3 from 'void (__cdecl ABaseRifle::* )(float)' to 'void (__cdecl ABaseRifle::* )(void) const'
          with
          [
              UserClass=ABaseRifle
          ]
  D:\UnrealGame01\UnrealGame001\Source\UnrealGame001\Private\Actors\BaseRifle.cpp(48): note: Types pointed to are unrelated; conversion requires reinterpret_cast, C-style cast or parenthesized function-style cast
  C:\Program Files\Epic Games\UE_4.27\Engine\Source\Runtime\Engine\Public\TimerManager.h(191): note: or       'void FTimerManager::SetTimer<ABaseRifle>(FTimerHandle &,UserClass *,void (__cdecl ABaseRifle::* )(void),float,bool,float)'
          with
          [
              UserClass=ABaseRifle
          ]
  D:\UnrealGame01\UnrealGame001\Source\UnrealGame001\Private\Actors\BaseRifle.cpp(48): note: 'void FTimerManager::SetTimer<ABaseRifle>(FTimerHandle &,UserClass *,void (__cdecl ABaseRifle::* )(void),float,bool,float)': cannot convert argument 3 from 'void (__cdecl ABaseRifle::* )(float)' to 'void (__cdecl ABaseRifle::* )(void)'
          with
          [
              UserClass=ABaseRifle
          ]
  D:\UnrealGame01\UnrealGame001\Source\UnrealGame001\Private\Actors\BaseRifle.cpp(48): note: Types pointed to are unrelated; conversion requires reinterpret_cast, C-style cast or parenthesized function-style cast
  D:\UnrealGame01\UnrealGame001\Source\UnrealGame001\Private\Actors\BaseRifle.cpp(48): note: while trying to match the argument list '(FTimerHandle, ABaseRifle *, void (__cdecl ABaseRifle::* )(float), float)'
  @progress 'Compiling C++ source code...' 40%
  [2/5] BaseCharacter.cpp
  D:\UnrealGame01\UnrealGame001\Source\UnrealGame001\Private\Actors\BaseCharacter.cpp(56): error C2248: 'ABaseRifle::finishAttack': cannot access private member declared in class 'ABaseRifle'
  D:\UnrealGame01\UnrealGame001\Source\UnrealGame001\Private\Actors\../../Public/Actors/BaseRifle.h(54): note: see declaration of 'ABaseRifle::finishAttack'
  D:\UnrealGame01\UnrealGame001\Source\UnrealGame001\Private\Actors\../../Public/Actors/BaseRifle.h(12): note: see declaration of 'ABaseRifle'
LogInit: Warning: Still incompatible or missing module: UnrealGame001
LogCore: Engine exit requested (reason: EngineExit() was called)
LogExit: Preparing to exit.
LogModuleManager: Shutting down and abandoning module DesktopPlatform (48)
LogModuleManager: Shutting down and abandoning module PythonScriptPluginPreload (46)
LogModuleManager: Shutting down and abandoning module PlatformCryptoOpenSSL (44)
LogModuleManager: Shutting down and abandoning module PlatformCryptoTypes (42)
LogModuleManager: Shutting down and abandoning module PlatformCrypto (40)
LogModuleManager: Shutting down and abandoning module OodleDataCompressionFormat (38)
LogModuleManager: Shutting down and abandoning module XGEController (36)
LogXGEController: Cannot use XGE Controller as Incredibuild is not installed on this machine.
LogXGEController: Cleaning working directory: C:/Users/ansdn/AppData/Local/Temp/UnrealXGEWorkingDir/
LogModuleManager: Shutting down and abandoning module AnimationModifiers (34)
LogModuleManager: Shutting down and abandoning module AudioEditor (32)
LogModuleManager: Shutting down and abandoning module PropertyEditor (31)
LogModuleManager: Shutting down and abandoning module TextureCompressor (28)
LogModuleManager: Shutting down and abandoning module RenderCore (26)
LogModuleManager: Shutting down and abandoning module Landscape (24)
LogModuleManager: Shutting down and abandoning module SlateRHIRenderer (22)
LogModuleManager: Shutting down and abandoning module AnimGraphRuntime (20)
LogModuleManager: Shutting down and abandoning module Renderer (18)
LogModuleManager: Shutting down and abandoning module Engine (16)
LogModuleManager: Shutting down and abandoning module CoreUObject (14)
LogModuleManager: Shutting down and abandoning module NetworkFile (12)
LogModuleManager: Shutting down and abandoning module CookedIterativeFile (10)
LogModuleManager: Shutting down and abandoning module StreamingFile (8)
LogModuleManager: Shutting down and abandoning module SandboxFile (6)
LogModuleManager: Shutting down and abandoning module PakFile (4)
LogModuleManager: Shutting down and abandoning module RSA (3)
LogExit: Exiting.
Log file closed, 10/12/23 22:34:16
