Log file open, 10/03/23 23:50:08
LogWindows: Failed to load 'aqProf.dll' (GetLastError=126)
LogWindows: File 'aqProf.dll' does not exist
LogWindows: Failed to load 'VtuneApi.dll' (GetLastError=126)
LogWindows: File 'VtuneApi.dll' does not exist
LogWindows: Failed to load 'VtuneApi32e.dll' (GetLastError=126)
LogWindows: File 'VtuneApi32e.dll' does not exist
LogConsoleResponse: Display: Failed to find resolution value strings in scalability ini. Falling back to default.
LogConsoleResponse: Display: Failed to find resolution value strings in scalability ini. Falling back to default.
LogInit: Display: Running engine for game: UnrealGame001
LogPlatformFile: Not using cached read wrapper
LogTaskGraph: Started task graph with 5 named threads and 47 total threads with 3 sets of task threads.
LogStats: Stats thread started at 0.289884
LogICUInternationalization: ICU TimeZone Detection - Raw Offset: -5:00, Platform Override: ''
LogInit: Display: Loading text-based GConfig....
LogPluginManager: Mounting plugin MeshPainting
LogPluginManager: Mounting plugin XGEController
LogPluginManager: Mounting plugin Paper2D
LogPluginManager: Mounting plugin EnvironmentQueryEditor
LogPluginManager: Mounting plugin AISupport
LogPluginManager: Mounting plugin LiveLink
LogPluginManager: Mounting plugin CameraShakePreviewer
LogPluginManager: Mounting plugin GameplayCameras
LogPluginManager: Mounting plugin AnimationSharing
LogPluginManager: Mounting plugin CLionSourceCodeAccess
LogPluginManager: Mounting plugin GitSourceControl
LogPluginManager: Mounting plugin KDevelopSourceCodeAccess
LogPluginManager: Mounting plugin NullSourceCodeAccess
LogPluginManager: Mounting plugin PerforceSourceControl
LogPluginManager: Mounting plugin PixWinPlugin
LogPluginManager: Mounting plugin PlasticSourceControl
LogPluginManager: Mounting plugin PropertyAccessNode
LogPluginManager: Mounting plugin PluginUtils
LogPluginManager: Mounting plugin CodeLiteSourceCodeAccess
LogPluginManager: Mounting plugin SubversionSourceControl
LogPluginManager: Mounting plugin TextureFormatOodle
LogPluginManager: Mounting plugin RiderSourceCodeAccess
LogPluginManager: Mounting plugin UObjectPlugin
LogPluginManager: Mounting plugin VisualStudioCodeSourceCodeAccess
LogPluginManager: Mounting plugin VisualStudioSourceCodeAccess
LogPluginManager: Mounting plugin AssetManagerEditor
LogPluginManager: Mounting plugin XCodeSourceCodeAccess
LogPluginManager: Mounting plugin CurveEditorTools
LogPluginManager: Mounting plugin DataValidation
LogPluginManager: Mounting plugin GameplayTagsEditor
LogPluginManager: Mounting plugin FacialAnimation
LogPluginManager: Mounting plugin CryptoKeys
LogPluginManager: Mounting plugin GeometryMode
LogPluginManager: Mounting plugin MacGraphicsSwitching
LogPluginManager: Mounting plugin OodleData
LogPluginManager: Mounting plugin PluginBrowser
LogPluginManager: Mounting plugin MobileLauncherProfileWizard
LogPluginManager: Mounting plugin MaterialAnalyzer
LogPluginManager: Mounting plugin LightPropagationVolume
LogPluginManager: Mounting plugin SpeedTreeImporter
LogPluginManager: Mounting plugin OodleNetwork
LogPluginManager: Mounting plugin AlembicImporter
LogPluginManager: Mounting plugin BackChannel
LogPluginManager: Mounting plugin AutomationUtils
LogPluginManager: Mounting plugin ChaosClothEditor
LogPluginManager: Mounting plugin ChaosCloth
LogPluginManager: Mounting plugin ChaosEditor
LogPluginManager: Mounting plugin ChaosNiagara
LogPluginManager: Mounting plugin ChaosSolverPlugin
LogPluginManager: Mounting plugin CharacterAI
LogPluginManager: Mounting plugin Niagara
LogPluginManager: Mounting plugin GeometryCache
LogPluginManager: Mounting plugin GeometryProcessing
LogPluginManager: Mounting plugin GeometryCollectionPlugin
LogPluginManager: Mounting plugin MotoSynth
LogPluginManager: Mounting plugin OpenImageDenoise
LogPluginManager: Mounting plugin PlanarCut
LogPluginManager: Mounting plugin PlatformCrypto
LogPluginManager: Mounting plugin ProxyLODPlugin
LogPluginManager: Mounting plugin PythonScriptPlugin
LogPluginManager: Mounting plugin AndroidMedia
LogPluginManager: Mounting plugin AvfMedia
LogPluginManager: Mounting plugin ImgMedia
LogPluginManager: Mounting plugin MediaCompositing
LogPluginManager: Mounting plugin MediaPlayerEditor
LogPluginManager: Mounting plugin WebMMedia
LogPluginManager: Mounting plugin WmfMedia
LogPluginManager: Mounting plugin DatasmithContent
LogPluginManager: Mounting plugin VariantManagerContent
LogPluginManager: Mounting plugin SkeletalReduction
LogPluginManager: Mounting plugin ActorSequence
LogPluginManager: Mounting plugin LevelSequenceEditor
LogPluginManager: Mounting plugin MatineeToLevelSequence
LogPluginManager: Mounting plugin TemplateSequence
LogPluginManager: Mounting plugin TcpMessaging
LogPluginManager: Mounting plugin UdpMessaging
LogPluginManager: Mounting plugin LuminPlatformFeatures
LogPluginManager: Mounting plugin MagicLeap
LogPluginManager: Mounting plugin MagicLeapLightEstimation
LogPluginManager: Mounting plugin MagicLeapMedia
LogPluginManager: Mounting plugin MagicLeapPassableWorld
LogPluginManager: Mounting plugin MLSDK
LogPluginManager: Mounting plugin OnlineSubsystem
LogPluginManager: Mounting plugin OnlineSubsystemNull
LogPluginManager: Mounting plugin OnlineSubsystemUtils
LogPluginManager: Mounting plugin LauncherChunkInstaller
LogPluginManager: Mounting plugin ActorLayerUtilities
LogPluginManager: Mounting plugin AndroidDeviceProfileSelector
LogPluginManager: Mounting plugin AndroidMoviePlayer
LogPluginManager: Mounting plugin AndroidPermission
LogPluginManager: Mounting plugin AppleImageUtils
LogPluginManager: Mounting plugin AppleMoviePlayer
LogPluginManager: Mounting plugin ArchVisCharacter
LogPluginManager: Mounting plugin AssetTags
LogPluginManager: Mounting plugin AudioCapture
LogPluginManager: Mounting plugin AudioSynesthesia
LogPluginManager: Mounting plugin CableComponent
LogPluginManager: Mounting plugin ChunkDownloader
LogPluginManager: Mounting plugin CustomMeshComponent
LogPluginManager: Mounting plugin EditableMesh
LogPluginManager: Mounting plugin ExampleDeviceProfileSelector
LogPluginManager: Mounting plugin ScreenshotTools
LogPluginManager: Mounting plugin Takes
LogPluginManager: Mounting plugin GoogleCloudMessaging
LogPluginManager: Mounting plugin GooglePAD
LogPluginManager: Mounting plugin IOSDeviceProfileSelector
LogPluginManager: Mounting plugin LinuxDeviceProfileSelector
LogPluginManager: Mounting plugin LocationServicesBPLibrary
LogPluginManager: Mounting plugin MobilePatchingUtils
LogPluginManager: Mounting plugin OpenXR
LogPluginManager: Mounting plugin OpenXREyeTracker
LogPluginManager: Mounting plugin OpenXRHandTracking
LogPluginManager: Mounting plugin PhysXVehicles
LogPluginManager: Mounting plugin PostSplashScreen
LogPluginManager: Mounting plugin ProceduralMeshComponent
LogPluginManager: Mounting plugin PropertyAccessEditor
LogPluginManager: Mounting plugin SignificanceManager
LogPluginManager: Mounting plugin RuntimePhysXCooking
LogPluginManager: Mounting plugin SoundFields
LogPluginManager: Mounting plugin Synthesis
LogPluginManager: Mounting plugin WebMMoviePlayer
LogPluginManager: Mounting plugin WindowsMoviePlayer
LogPluginManager: Mounting plugin ContentBrowserAssetDataSource
LogPluginManager: Mounting plugin ContentBrowserClassDataSource
LogPluginManager: Mounting plugin ContentBrowserFileDataSource
LogPluginManager: Mounting plugin OnlineSubsystemIOS
LogPluginManager: Mounting plugin OnlineSubsystemGooglePlay
LogPluginManager: Mounting plugin OculusVR
LogPluginManager: Mounting plugin SteamVR
PixWinPlugin: PIX capture plugin failed to initialize! Check that the process is launched from PIX.
LogInit: Using libcurl 7.55.1-DEV
LogInit:  - built for x86_64-pc-win32
LogInit:  - supports SSL with OpenSSL/1.1.1
LogInit:  - supports HTTP deflate (compression) using libz 1.2.8
LogInit:  - other features:
LogInit:      CURL_VERSION_SSL
LogInit:      CURL_VERSION_LIBZ
LogInit:      CURL_VERSION_IPV6
LogInit:      CURL_VERSION_ASYNCHDNS
LogInit:      CURL_VERSION_LARGEFILE
LogInit:      CURL_VERSION_IDN
LogInit:  CurlRequestOptions (configurable via config and command line):
LogInit:  - bVerifyPeer = true  - Libcurl will verify peer certificate
LogInit:  - bUseHttpProxy = false  - Libcurl will NOT use HTTP proxy
LogInit:  - bDontReuseConnections = false  - Libcurl will reuse connections
LogInit:  - MaxHostConnections = 16  - Libcurl will limit the number of connections to a host
LogInit:  - LocalHostAddr = Default
LogInit:  - BufferSize = 65536
LogOnline: OSS: Creating online subsystem instance for: NULL
LogInit: WinSock: version 1.1 (2.2), MaxSocks=32767, MaxUdp=65467
LogOnline: OSS: TryLoadSubsystemAndSetDefault: Loaded subsystem for module [NULL]
LogOculusPluginWrapper: OculusPlugin initialized successfully
LogHMD: Failed initializing OVRPlugin 1.59.0
LogInit: Build: ++UE4+Release-4.27-CL-18319896
LogInit: Engine Version: 4.27.2-18319896+++UE4+Release-4.27
LogInit: Compatible Engine Version: 4.27.0-17155196+++UE4+Release-4.27
LogInit: Net CL: 17155196
LogInit: OS: Windows 10 (Release 2009) (), CPU: 11th Gen Intel(R) Core(TM) i7-11800H @ 2.30GHz, GPU: NVIDIA GeForce RTX 3080 Laptop GPU
LogInit: Compiled (64-bit): Nov 30 2021 07:12:08
LogInit: Compiled with Visual C++: 19.24.28315.00
LogInit: Build Configuration: Development
LogInit: Branch Name: ++UE4+Release-4.27
LogInit: Command Line: 
LogInit: Base Directory: C:/Program Files/Epic Games/UE_4.27/Engine/Binaries/Win64/
LogInit: Allocator: TBB
LogInit: Installed Engine Build: 1
LogDevObjectVersion: Number of dev versions registered: 29
LogDevObjectVersion:   Dev-Blueprints (B0D832E4-1F89-4F0D-ACCF-7EB736FD4AA2): 10
LogDevObjectVersion:   Dev-Build (E1C64328-A22C-4D53-A36C-8E866417BD8C): 0
LogDevObjectVersion:   Dev-Core (375EC13C-06E4-48FB-B500-84F0262A717E): 4
LogDevObjectVersion:   Dev-Editor (E4B068ED-F494-42E9-A231-DA0B2E46BB41): 40
LogDevObjectVersion:   Dev-Framework (CFFC743F-43B0-4480-9391-14DF171D2073): 37
LogDevObjectVersion:   Dev-Mobile (B02B49B5-BB20-44E9-A304-32B752E40360): 3
LogDevObjectVersion:   Dev-Networking (A4E4105C-59A1-49B5-A7C5-40C4547EDFEE): 0
LogDevObjectVersion:   Dev-Online (39C831C9-5AE6-47DC-9A44-9C173E1C8E7C): 0
LogDevObjectVersion:   Dev-Physics (78F01B33-EBEA-4F98-B9B4-84EACCB95AA2): 14
LogDevObjectVersion:   Dev-Platform (6631380F-2D4D-43E0-8009-CF276956A95A): 0
LogDevObjectVersion:   Dev-Rendering (12F88B9F-8875-4AFC-A67C-D90C383ABD29): 45
LogDevObjectVersion:   Dev-Sequencer (7B5AE74C-D270-4C10-A958-57980B212A5A): 13
LogDevObjectVersion:   Dev-VR (D7296918-1DD6-4BDD-9DE2-64A83CC13884): 3
LogDevObjectVersion:   Dev-LoadTimes (C2A15278-BFE7-4AFE-6C17-90FF531DF755): 1
LogDevObjectVersion:   Private-Geometry (6EACA3D4-40EC-4CC1-B786-8BED09428FC5): 3
LogDevObjectVersion:   Dev-AnimPhys (29E575DD-E0A3-4627-9D10-D276232CDCEA): 17
LogDevObjectVersion:   Dev-Anim (AF43A65D-7FD3-4947-9873-3E8ED9C1BB05): 15
LogDevObjectVersion:   Dev-ReflectionCapture (6B266CEC-1EC7-4B8F-A30B-E4D90942FC07): 1
LogDevObjectVersion:   Dev-Automation (0DF73D61-A23F-47EA-B727-89E90C41499A): 1
LogDevObjectVersion:   FortniteMain (601D1886-AC64-4F84-AA16-D3DE0DEAC7D6): 47
LogDevObjectVersion:   FortniteRelease (E7086368-6B23-4C58-8439-1B7016265E91): 1
LogDevObjectVersion:   Dev-Enterprise (9DFFBCD6-494F-0158-E221-12823C92A888): 10
LogDevObjectVersion:   Dev-Niagara (F2AED0AC-9AFE-416F-8664-AA7FFA26D6FC): 1
LogDevObjectVersion:   Dev-Destruction (174F1F0B-B4C6-45A5-B13F-2EE8D0FB917D): 10
LogDevObjectVersion:   Dev-Physics-Ext (35F94A83-E258-406C-A318-09F59610247C): 41
LogDevObjectVersion:   Dev-PhysicsMaterial-Chaos (B68FC16E-8B1B-42E2-B453-215C058844FE): 1
LogDevObjectVersion:   Dev-CineCamera (B2E18506-4273-CFC2-A54E-F4BB758BBA07): 1
LogDevObjectVersion:   Dev-VirtualProduction (64F58936-FD1B-42BA-BA96-7289D5D0FA4E): 1
LogDevObjectVersion:   Dev-MediaFramework (6F0ED827-A609-4895-9C91-998D90180EA4): 2
LogInit: Presizing for max 25165824 objects, including 0 objects not considered by GC, pre-allocating 0 bytes for permanent pool.
LogConfig: Applying CVar settings from Section [/Script/Engine.StreamingSettings] File [D:/UnrealGame01/UnrealGame001/Saved/Config/Windows/Engine.ini]
LogConfig: Setting CVar [[s.MinBulkDataSizeForAsyncLoading:131072]]
LogConfig: Setting CVar [[s.AsyncLoadingThreadEnabled:0]]
LogConfig: Setting CVar [[s.EventDrivenLoaderEnabled:1]]
LogConfig: Setting CVar [[s.WarnIfTimeLimitExceeded:0]]
LogConfig: Setting CVar [[s.TimeLimitExceededMultiplier:1.5]]
LogConfig: Setting CVar [[s.TimeLimitExceededMinTime:0.005]]
LogConfig: Setting CVar [[s.UseBackgroundLevelStreaming:1]]
LogConfig: Setting CVar [[s.PriorityAsyncLoadingExtraTime:15.0]]
LogConfig: Setting CVar [[s.LevelStreamingActorsUpdateTimeLimit:5.0]]
LogConfig: Setting CVar [[s.PriorityLevelStreamingActorsUpdateExtraTime:5.0]]
LogConfig: Setting CVar [[s.LevelStreamingComponentsRegistrationGranularity:10]]
LogConfig: Setting CVar [[s.UnregisterComponentsTimeLimit:1.0]]
LogConfig: Setting CVar [[s.LevelStreamingComponentsUnregistrationGranularity:5]]
LogConfig: Setting CVar [[s.FlushStreamingOnExit:1]]
LogInit: Object subsystem initialized
LogConfig: Setting CVar [[con.DebugEarlyDefault:1]]
LogConfig: Setting CVar [[r.setres:1280x720]]
[2023.10.04-03.50.09:115][  0]LogConfig: Setting CVar [[r.VSync:0]]
[2023.10.04-03.50.09:115][  0]LogConfig: Setting CVar [[r.RHICmdBypass:0]]
[2023.10.04-03.50.09:115][  0]LogConfig: Applying CVar settings from Section [/Script/Engine.RendererSettings] File [D:/UnrealGame01/UnrealGame001/Saved/Config/Windows/Engine.ini]
[2023.10.04-03.50.09:115][  0]LogConfig: Setting CVar [[r.GPUCrashDebugging:0]]
[2023.10.04-03.50.09:115][  0]LogConfig: Applying CVar settings from Section [/Script/Engine.RendererOverrideSettings] File [D:/UnrealGame01/UnrealGame001/Saved/Config/Windows/Engine.ini]
[2023.10.04-03.50.09:115][  0]LogConfig: Applying CVar settings from Section [/Script/Engine.StreamingSettings] File [D:/UnrealGame01/UnrealGame001/Saved/Config/Windows/Engine.ini]
[2023.10.04-03.50.09:115][  0]LogConfig: Setting CVar [[s.MinBulkDataSizeForAsyncLoading:131072]]
[2023.10.04-03.50.09:115][  0]LogConfig: Setting CVar [[s.AsyncLoadingThreadEnabled:0]]
[2023.10.04-03.50.09:115][  0]LogConfig: Setting CVar [[s.EventDrivenLoaderEnabled:1]]
[2023.10.04-03.50.09:115][  0]LogConfig: Setting CVar [[s.WarnIfTimeLimitExceeded:0]]
[2023.10.04-03.50.09:115][  0]LogConfig: Setting CVar [[s.TimeLimitExceededMultiplier:1.5]]
[2023.10.04-03.50.09:115][  0]LogConfig: Setting CVar [[s.TimeLimitExceededMinTime:0.005]]
[2023.10.04-03.50.09:115][  0]LogConfig: Setting CVar [[s.UseBackgroundLevelStreaming:1]]
[2023.10.04-03.50.09:115][  0]LogConfig: Setting CVar [[s.PriorityAsyncLoadingExtraTime:15.0]]
[2023.10.04-03.50.09:115][  0]LogConfig: Setting CVar [[s.LevelStreamingActorsUpdateTimeLimit:5.0]]
[2023.10.04-03.50.09:115][  0]LogConfig: Setting CVar [[s.PriorityLevelStreamingActorsUpdateExtraTime:5.0]]
[2023.10.04-03.50.09:115][  0]LogConfig: Setting CVar [[s.LevelStreamingComponentsRegistrationGranularity:10]]
[2023.10.04-03.50.09:115][  0]LogConfig: Setting CVar [[s.UnregisterComponentsTimeLimit:1.0]]
[2023.10.04-03.50.09:115][  0]LogConfig: Setting CVar [[s.LevelStreamingComponentsUnregistrationGranularity:5]]
[2023.10.04-03.50.09:115][  0]LogConfig: Setting CVar [[s.FlushStreamingOnExit:1]]
[2023.10.04-03.50.09:115][  0]LogConfig: Applying CVar settings from Section [/Script/Engine.GarbageCollectionSettings] File [D:/UnrealGame01/UnrealGame001/Saved/Config/Windows/Engine.ini]
[2023.10.04-03.50.09:115][  0]LogConfig: Setting CVar [[gc.MaxObjectsNotConsideredByGC:1]]
[2023.10.04-03.50.09:115][  0]LogConfig: Setting CVar [[gc.SizeOfPermanentObjectPool:0]]
[2023.10.04-03.50.09:115][  0]LogConfig: Setting CVar [[gc.FlushStreamingOnGC:0]]
[2023.10.04-03.50.09:115][  0]LogConfig: Setting CVar [[gc.NumRetriesBeforeForcingGC:10]]
[2023.10.04-03.50.09:115][  0]LogConfig: Setting CVar [[gc.AllowParallelGC:1]]
[2023.10.04-03.50.09:115][  0]LogConfig: Setting CVar [[gc.TimeBetweenPurgingPendingKillObjects:61.1]]
[2023.10.04-03.50.09:115][  0]LogConfig: Setting CVar [[gc.MaxObjectsInEditor:25165824]]
[2023.10.04-03.50.09:115][  0]LogConfig: Setting CVar [[gc.IncrementalBeginDestroyEnabled:1]]
[2023.10.04-03.50.09:115][  0]LogConfig: Setting CVar [[gc.CreateGCClusters:1]]
[2023.10.04-03.50.09:115][  0]LogConfig: Setting CVar [[gc.MinGCClusterSize:5]]
[2023.10.04-03.50.09:115][  0]LogConfig: Setting CVar [[gc.ActorClusteringEnabled:0]]
[2023.10.04-03.50.09:115][  0]LogConfig: Setting CVar [[gc.BlueprintClusteringEnabled:0]]
[2023.10.04-03.50.09:115][  0]LogConfig: Setting CVar [[gc.UseDisregardForGCOnDedicatedServers:0]]
[2023.10.04-03.50.09:115][  0]LogConfig: Setting CVar [[gc.MultithreadedDestructionEnabled:1]]
[2023.10.04-03.50.09:115][  0]LogConfig: Applying CVar settings from Section [/Script/Engine.NetworkSettings] File [D:/UnrealGame01/UnrealGame001/Saved/Config/Windows/Engine.ini]
[2023.10.04-03.50.09:115][  0]LogConfig: Applying CVar settings from Section [/Script/UnrealEd.CookerSettings] File [D:/UnrealGame01/UnrealGame001/Saved/Config/Windows/Engine.ini]
[2023.10.04-03.50.09:185][  0]LogConfig: Applying CVar settings from Section [ViewDistanceQuality@3] File [D:/UnrealGame01/UnrealGame001/Saved/Config/Windows/Scalability.ini]
[2023.10.04-03.50.09:185][  0]LogConfig: Setting CVar [[r.SkeletalMeshLODBias:0]]
[2023.10.04-03.50.09:185][  0]LogConfig: Setting CVar [[r.ViewDistanceScale:1.0]]
[2023.10.04-03.50.09:185][  0]LogConfig: Applying CVar settings from Section [AntiAliasingQuality@3] File [D:/UnrealGame01/UnrealGame001/Saved/Config/Windows/Scalability.ini]
[2023.10.04-03.50.09:185][  0]LogConfig: Setting CVar [[r.PostProcessAAQuality:4]]
[2023.10.04-03.50.09:185][  0]LogConfig: Applying CVar settings from Section [ShadowQuality@3] File [D:/UnrealGame01/UnrealGame001/Saved/Config/Windows/Scalability.ini]
[2023.10.04-03.50.09:185][  0]LogConfig: Setting CVar [[r.LightFunctionQuality:1]]
[2023.10.04-03.50.09:185][  0]LogConfig: Setting CVar [[r.ShadowQuality:5]]
[2023.10.04-03.50.09:185][  0]LogConfig: Setting CVar [[r.Shadow.CSM.MaxCascades:10]]
[2023.10.04-03.50.09:185][  0]LogConfig: Setting CVar [[r.Shadow.MaxResolution:2048]]
[2023.10.04-03.50.09:185][  0]LogConfig: Setting CVar [[r.Shadow.MaxCSMResolution:2048]]
[2023.10.04-03.50.09:185][  0]LogConfig: Setting CVar [[r.Shadow.RadiusThreshold:0.01]]
[2023.10.04-03.50.09:185][  0]LogConfig: Setting CVar [[r.Shadow.DistanceScale:1.0]]
[2023.10.04-03.50.09:185][  0]LogConfig: Setting CVar [[r.Shadow.CSM.TransitionScale:1.0]]
[2023.10.04-03.50.09:185][  0]LogConfig: Setting CVar [[r.Shadow.PreShadowResolutionFactor:1.0]]
[2023.10.04-03.50.09:185][  0]LogConfig: Setting CVar [[r.DistanceFieldShadowing:1]]
[2023.10.04-03.50.09:185][  0]LogConfig: Setting CVar [[r.DistanceFieldAO:1]]
[2023.10.04-03.50.09:185][  0]LogConfig: Setting CVar [[r.AOQuality:2]]
[2023.10.04-03.50.09:185][  0]LogConfig: Setting CVar [[r.VolumetricFog:1]]
[2023.10.04-03.50.09:185][  0]LogConfig: Setting CVar [[r.VolumetricFog.GridPixelSize:8]]
[2023.10.04-03.50.09:185][  0]LogConfig: Setting CVar [[r.VolumetricFog.GridSizeZ:128]]
[2023.10.04-03.50.09:185][  0]LogConfig: Setting CVar [[r.VolumetricFog.HistoryMissSupersampleCount:4]]
[2023.10.04-03.50.09:185][  0]LogConfig: Setting CVar [[r.LightMaxDrawDistanceScale:1]]
[2023.10.04-03.50.09:185][  0]LogConfig: Setting CVar [[r.CapsuleShadows:1]]
[2023.10.04-03.50.09:185][  0]LogConfig: Applying CVar settings from Section [PostProcessQuality@3] File [D:/UnrealGame01/UnrealGame001/Saved/Config/Windows/Scalability.ini]
[2023.10.04-03.50.09:185][  0]LogConfig: Setting CVar [[r.MotionBlurQuality:4]]
[2023.10.04-03.50.09:185][  0]LogConfig: Setting CVar [[r.AmbientOcclusionMipLevelFactor:0.4]]
[2023.10.04-03.50.09:185][  0]LogConfig: Setting CVar [[r.AmbientOcclusionMaxQuality:100]]
[2023.10.04-03.50.09:185][  0]LogConfig: Setting CVar [[r.AmbientOcclusionLevels:-1]]
[2023.10.04-03.50.09:185][  0]LogConfig: Setting CVar [[r.AmbientOcclusionRadiusScale:1.0]]
[2023.10.04-03.50.09:185][  0]LogConfig: Setting CVar [[r.DepthOfFieldQuality:2]]
[2023.10.04-03.50.09:185][  0]LogConfig: Setting CVar [[r.RenderTargetPoolMin:400]]
[2023.10.04-03.50.09:185][  0]LogConfig: Setting CVar [[r.LensFlareQuality:2]]
[2023.10.04-03.50.09:185][  0]LogConfig: Setting CVar [[r.SceneColorFringeQuality:1]]
[2023.10.04-03.50.09:185][  0]LogConfig: Setting CVar [[r.EyeAdaptationQuality:2]]
[2023.10.04-03.50.09:185][  0]LogConfig: Setting CVar [[r.BloomQuality:5]]
[2023.10.04-03.50.09:185][  0]LogConfig: Setting CVar [[r.FastBlurThreshold:100]]
[2023.10.04-03.50.09:185][  0]LogConfig: Setting CVar [[r.Upscale.Quality:3]]
[2023.10.04-03.50.09:185][  0]LogConfig: Setting CVar [[r.Tonemapper.GrainQuantization:1]]
[2023.10.04-03.50.09:185][  0]LogConfig: Setting CVar [[r.LightShaftQuality:1]]
[2023.10.04-03.50.09:185][  0]LogConfig: Setting CVar [[r.Filter.SizeScale:1]]
[2023.10.04-03.50.09:185][  0]LogConfig: Setting CVar [[r.Tonemapper.Quality:5]]
[2023.10.04-03.50.09:185][  0]LogConfig: Setting CVar [[r.DOF.Gather.AccumulatorQuality:1        ; higher gathering accumulator quality]]
[2023.10.04-03.50.09:185][  0]LogConfig: Setting CVar [[r.DOF.Gather.PostfilterMethod:1          ; Median3x3 postfilering method]]
[2023.10.04-03.50.09:185][  0]LogConfig: Setting CVar [[r.DOF.Gather.EnableBokehSettings:0       ; no bokeh simulation when gathering]]
[2023.10.04-03.50.09:185][  0]LogConfig: Setting CVar [[r.DOF.Gather.RingCount:4                 ; medium number of samples when gathering]]
[2023.10.04-03.50.09:185][  0]LogConfig: Setting CVar [[r.DOF.Scatter.ForegroundCompositing:1    ; additive foreground scattering]]
[2023.10.04-03.50.09:185][  0]LogConfig: Setting CVar [[r.DOF.Scatter.BackgroundCompositing:2    ; additive background scattering]]
[2023.10.04-03.50.09:185][  0]LogConfig: Setting CVar [[r.DOF.Scatter.EnableBokehSettings:1      ; bokeh simulation when scattering]]
[2023.10.04-03.50.09:185][  0]LogConfig: Setting CVar [[r.DOF.Scatter.MaxSpriteRatio:0.1         ; only a maximum of 10% of scattered bokeh]]
[2023.10.04-03.50.09:185][  0]LogConfig: Setting CVar [[r.DOF.Recombine.Quality:1                ; cheap slight out of focus]]
[2023.10.04-03.50.09:185][  0]LogConfig: Setting CVar [[r.DOF.Recombine.EnableBokehSettings:0    ; no bokeh simulation on slight out of focus]]
[2023.10.04-03.50.09:185][  0]LogConfig: Setting CVar [[r.DOF.TemporalAAQuality:1                ; more stable temporal accumulation]]
[2023.10.04-03.50.09:185][  0]LogConfig: Setting CVar [[r.DOF.Kernel.MaxForegroundRadius:0.025]]
[2023.10.04-03.50.09:185][  0]LogConfig: Setting CVar [[r.DOF.Kernel.MaxBackgroundRadius:0.025]]
[2023.10.04-03.50.09:185][  0]LogConfig: Applying CVar settings from Section [TextureQuality@3] File [D:/UnrealGame01/UnrealGame001/Saved/Config/Windows/Scalability.ini]
[2023.10.04-03.50.09:185][  0]LogConfig: Setting CVar [[r.Streaming.MipBias:0]]
[2023.10.04-03.50.09:185][  0]LogConfig: Setting CVar [[r.Streaming.AmortizeCPUToGPUCopy:0]]
[2023.10.04-03.50.09:185][  0]LogConfig: Setting CVar [[r.Streaming.MaxNumTexturesToStreamPerFrame:0]]
[2023.10.04-03.50.09:185][  0]LogConfig: Setting CVar [[r.Streaming.Boost:1]]
[2023.10.04-03.50.09:185][  0]LogConfig: Setting CVar [[r.MaxAnisotropy:8]]
[2023.10.04-03.50.09:185][  0]LogConfig: Setting CVar [[r.VT.MaxAnisotropy:8]]
[2023.10.04-03.50.09:185][  0]LogConfig: Setting CVar [[r.Streaming.LimitPoolSizeToVRAM:0]]
[2023.10.04-03.50.09:185][  0]LogConfig: Setting CVar [[r.Streaming.PoolSize:1000]]
[2023.10.04-03.50.09:185][  0]LogConfig: Setting CVar [[r.Streaming.MaxEffectiveScreenSize:0]]
[2023.10.04-03.50.09:185][  0]LogConfig: Applying CVar settings from Section [EffectsQuality@3] File [D:/UnrealGame01/UnrealGame001/Saved/Config/Windows/Scalability.ini]
[2023.10.04-03.50.09:185][  0]LogConfig: Setting CVar [[r.TranslucencyLightingVolumeDim:64]]
[2023.10.04-03.50.09:185][  0]LogConfig: Setting CVar [[r.RefractionQuality:2]]
[2023.10.04-03.50.09:185][  0]LogConfig: Setting CVar [[r.SSR.Quality:3]]
[2023.10.04-03.50.09:185][  0]LogConfig: Setting CVar [[r.SSR.HalfResSceneColor:0]]
[2023.10.04-03.50.09:185][  0]LogConfig: Setting CVar [[r.SceneColorFormat:4]]
[2023.10.04-03.50.09:185][  0]LogConfig: Setting CVar [[r.DetailMode:2]]
[2023.10.04-03.50.09:185][  0]LogConfig: Setting CVar [[r.TranslucencyVolumeBlur:1]]
[2023.10.04-03.50.09:185][  0]LogConfig: Setting CVar [[r.MaterialQualityLevel:1 ; High quality]]
[2023.10.04-03.50.09:186][  0]LogConfig: Setting CVar [[r.AnisotropicMaterials:1]]
[2023.10.04-03.50.09:186][  0]LogConfig: Setting CVar [[r.SSS.Scale:1]]
[2023.10.04-03.50.09:186][  0]LogConfig: Setting CVar [[r.SSS.SampleSet:2]]
[2023.10.04-03.50.09:186][  0]LogConfig: Setting CVar [[r.SSS.Quality:1]]
[2023.10.04-03.50.09:186][  0]LogConfig: Setting CVar [[r.SSS.HalfRes:0]]
[2023.10.04-03.50.09:186][  0]LogConfig: Setting CVar [[r.SSGI.Quality:3]]
[2023.10.04-03.50.09:186][  0]LogConfig: Setting CVar [[r.EmitterSpawnRateScale:1.0]]
[2023.10.04-03.50.09:186][  0]LogConfig: Setting CVar [[r.ParticleLightQuality:2]]
[2023.10.04-03.50.09:186][  0]LogConfig: Setting CVar [[r.SkyAtmosphere.AerialPerspectiveLUT.FastApplyOnOpaque:1 ; Always have FastSkyLUT 1 in this case to avoid wrong sky]]
[2023.10.04-03.50.09:186][  0]LogConfig: Setting CVar [[r.SkyAtmosphere.AerialPerspectiveLUT.SampleCountMaxPerSlice:4]]
[2023.10.04-03.50.09:186][  0]LogConfig: Setting CVar [[r.SkyAtmosphere.AerialPerspectiveLUT.DepthResolution:16.0]]
[2023.10.04-03.50.09:186][  0]LogConfig: Setting CVar [[r.SkyAtmosphere.FastSkyLUT:1]]
[2023.10.04-03.50.09:186][  0]LogConfig: Setting CVar [[r.SkyAtmosphere.FastSkyLUT.SampleCountMin:4.0]]
[2023.10.04-03.50.09:186][  0]LogConfig: Setting CVar [[r.SkyAtmosphere.FastSkyLUT.SampleCountMax:128.0]]
[2023.10.04-03.50.09:186][  0]LogConfig: Setting CVar [[r.SkyAtmosphere.SampleCountMin:4.0]]
[2023.10.04-03.50.09:186][  0]LogConfig: Setting CVar [[r.SkyAtmosphere.SampleCountMax:128.0]]
[2023.10.04-03.50.09:186][  0]LogConfig: Setting CVar [[r.SkyAtmosphere.TransmittanceLUT.UseSmallFormat:0]]
[2023.10.04-03.50.09:186][  0]LogConfig: Setting CVar [[r.SkyAtmosphere.TransmittanceLUT.SampleCount:10.0]]
[2023.10.04-03.50.09:186][  0]LogConfig: Setting CVar [[r.SkyAtmosphere.MultiScatteringLUT.SampleCount:15.0]]
[2023.10.04-03.50.09:186][  0]LogConfig: Setting CVar [[r.SkyLight.RealTimeReflectionCapture:1]]
[2023.10.04-03.50.09:186][  0]LogConfig: Applying CVar settings from Section [FoliageQuality@3] File [D:/UnrealGame01/UnrealGame001/Saved/Config/Windows/Scalability.ini]
[2023.10.04-03.50.09:186][  0]LogConfig: Setting CVar [[foliage.DensityScale:1.0]]
[2023.10.04-03.50.09:186][  0]LogConfig: Setting CVar [[grass.DensityScale:1.0]]
[2023.10.04-03.50.09:186][  0]LogConfig: Applying CVar settings from Section [ShadingQuality@3] File [D:/UnrealGame01/UnrealGame001/Saved/Config/Windows/Scalability.ini]
[2023.10.04-03.50.09:186][  0]LogConfig: Setting CVar [[r.HairStrands.SkyLighting.IntegrationType:2]]
[2023.10.04-03.50.09:186][  0]LogConfig: Setting CVar [[r.HairStrands.SkyAO.SampleCount:4]]
[2023.10.04-03.50.09:186][  0]LogConfig: Setting CVar [[r.HairStrands.Visibility.MSAA.SamplePerPixel:4]]
[2023.10.04-03.50.09:186][  0]LogInit: Selected Device Profile: [Windows]
[2023.10.04-03.50.09:186][  0]LogInit: Applying CVar settings loaded from the selected device profile: [Windows]
[2023.10.04-03.50.09:186][  0]LogHAL: Display: Platform has ~ 16 GB [16938074112 / 17179869184 / 16], which maps to Larger [LargestMinGB=32, LargerMinGB=12, DefaultMinGB=8, SmallerMinGB=6, SmallestMinGB=0)
[2023.10.04-03.50.09:186][  0]LogInit: Going up to parent DeviceProfile []
[2023.10.04-03.50.09:186][  0]LogConfig: Applying CVar settings from Section [ViewDistanceQuality@3] File [D:/UnrealGame01/UnrealGame001/Saved/Config/Windows/Scalability.ini]
[2023.10.04-03.50.09:186][  0]LogConfig: Setting CVar [[r.SkeletalMeshLODBias:0]]
[2023.10.04-03.50.09:186][  0]LogConfig: Setting CVar [[r.ViewDistanceScale:1.0]]
[2023.10.04-03.50.09:186][  0]LogConfig: Applying CVar settings from Section [AntiAliasingQuality@3] File [D:/UnrealGame01/UnrealGame001/Saved/Config/Windows/Scalability.ini]
[2023.10.04-03.50.09:186][  0]LogConfig: Setting CVar [[r.PostProcessAAQuality:4]]
[2023.10.04-03.50.09:186][  0]LogConfig: Applying CVar settings from Section [ShadowQuality@3] File [D:/UnrealGame01/UnrealGame001/Saved/Config/Windows/Scalability.ini]
[2023.10.04-03.50.09:186][  0]LogConfig: Setting CVar [[r.LightFunctionQuality:1]]
[2023.10.04-03.50.09:186][  0]LogConfig: Setting CVar [[r.ShadowQuality:5]]
[2023.10.04-03.50.09:186][  0]LogConfig: Setting CVar [[r.Shadow.CSM.MaxCascades:10]]
[2023.10.04-03.50.09:186][  0]LogConfig: Setting CVar [[r.Shadow.MaxResolution:2048]]
[2023.10.04-03.50.09:186][  0]LogConfig: Setting CVar [[r.Shadow.MaxCSMResolution:2048]]
[2023.10.04-03.50.09:186][  0]LogConfig: Setting CVar [[r.Shadow.RadiusThreshold:0.01]]
[2023.10.04-03.50.09:186][  0]LogConfig: Setting CVar [[r.Shadow.DistanceScale:1.0]]
[2023.10.04-03.50.09:186][  0]LogConfig: Setting CVar [[r.Shadow.CSM.TransitionScale:1.0]]
[2023.10.04-03.50.09:186][  0]LogConfig: Setting CVar [[r.Shadow.PreShadowResolutionFactor:1.0]]
[2023.10.04-03.50.09:186][  0]LogConfig: Setting CVar [[r.DistanceFieldShadowing:1]]
[2023.10.04-03.50.09:186][  0]LogConfig: Setting CVar [[r.DistanceFieldAO:1]]
[2023.10.04-03.50.09:186][  0]LogConfig: Setting CVar [[r.AOQuality:2]]
[2023.10.04-03.50.09:186][  0]LogConfig: Setting CVar [[r.VolumetricFog:1]]
[2023.10.04-03.50.09:186][  0]LogConfig: Setting CVar [[r.VolumetricFog.GridPixelSize:8]]
[2023.10.04-03.50.09:186][  0]LogConfig: Setting CVar [[r.VolumetricFog.GridSizeZ:128]]
[2023.10.04-03.50.09:186][  0]LogConfig: Setting CVar [[r.VolumetricFog.HistoryMissSupersampleCount:4]]
[2023.10.04-03.50.09:186][  0]LogConfig: Setting CVar [[r.LightMaxDrawDistanceScale:1]]
[2023.10.04-03.50.09:186][  0]LogConfig: Setting CVar [[r.CapsuleShadows:1]]
[2023.10.04-03.50.09:186][  0]LogConfig: Applying CVar settings from Section [PostProcessQuality@3] File [D:/UnrealGame01/UnrealGame001/Saved/Config/Windows/Scalability.ini]
[2023.10.04-03.50.09:186][  0]LogConfig: Setting CVar [[r.MotionBlurQuality:4]]
[2023.10.04-03.50.09:186][  0]LogConfig: Setting CVar [[r.AmbientOcclusionMipLevelFactor:0.4]]
[2023.10.04-03.50.09:186][  0]LogConfig: Setting CVar [[r.AmbientOcclusionMaxQuality:100]]
[2023.10.04-03.50.09:186][  0]LogConfig: Setting CVar [[r.AmbientOcclusionLevels:-1]]
[2023.10.04-03.50.09:186][  0]LogConfig: Setting CVar [[r.AmbientOcclusionRadiusScale:1.0]]
[2023.10.04-03.50.09:186][  0]LogConfig: Setting CVar [[r.DepthOfFieldQuality:2]]
[2023.10.04-03.50.09:186][  0]LogConfig: Setting CVar [[r.RenderTargetPoolMin:400]]
[2023.10.04-03.50.09:186][  0]LogConfig: Setting CVar [[r.LensFlareQuality:2]]
[2023.10.04-03.50.09:186][  0]LogConfig: Setting CVar [[r.SceneColorFringeQuality:1]]
[2023.10.04-03.50.09:186][  0]LogConfig: Setting CVar [[r.EyeAdaptationQuality:2]]
[2023.10.04-03.50.09:186][  0]LogConfig: Setting CVar [[r.BloomQuality:5]]
[2023.10.04-03.50.09:186][  0]LogConfig: Setting CVar [[r.FastBlurThreshold:100]]
[2023.10.04-03.50.09:186][  0]LogConfig: Setting CVar [[r.Upscale.Quality:3]]
[2023.10.04-03.50.09:186][  0]LogConfig: Setting CVar [[r.Tonemapper.GrainQuantization:1]]
[2023.10.04-03.50.09:186][  0]LogConfig: Setting CVar [[r.LightShaftQuality:1]]
[2023.10.04-03.50.09:186][  0]LogConfig: Setting CVar [[r.Filter.SizeScale:1]]
[2023.10.04-03.50.09:186][  0]LogConfig: Setting CVar [[r.Tonemapper.Quality:5]]
[2023.10.04-03.50.09:186][  0]LogConfig: Setting CVar [[r.DOF.Gather.AccumulatorQuality:1        ; higher gathering accumulator quality]]
[2023.10.04-03.50.09:186][  0]LogConfig: Setting CVar [[r.DOF.Gather.PostfilterMethod:1          ; Median3x3 postfilering method]]
[2023.10.04-03.50.09:186][  0]LogConfig: Setting CVar [[r.DOF.Gather.EnableBokehSettings:0       ; no bokeh simulation when gathering]]
[2023.10.04-03.50.09:186][  0]LogConfig: Setting CVar [[r.DOF.Gather.RingCount:4                 ; medium number of samples when gathering]]
[2023.10.04-03.50.09:186][  0]LogConfig: Setting CVar [[r.DOF.Scatter.ForegroundCompositing:1    ; additive foreground scattering]]
[2023.10.04-03.50.09:186][  0]LogConfig: Setting CVar [[r.DOF.Scatter.BackgroundCompositing:2    ; additive background scattering]]
[2023.10.04-03.50.09:186][  0]LogConfig: Setting CVar [[r.DOF.Scatter.EnableBokehSettings:1      ; bokeh simulation when scattering]]
[2023.10.04-03.50.09:186][  0]LogConfig: Setting CVar [[r.DOF.Scatter.MaxSpriteRatio:0.1         ; only a maximum of 10% of scattered bokeh]]
[2023.10.04-03.50.09:186][  0]LogConfig: Setting CVar [[r.DOF.Recombine.Quality:1                ; cheap slight out of focus]]
[2023.10.04-03.50.09:186][  0]LogConfig: Setting CVar [[r.DOF.Recombine.EnableBokehSettings:0    ; no bokeh simulation on slight out of focus]]
[2023.10.04-03.50.09:186][  0]LogConfig: Setting CVar [[r.DOF.TemporalAAQuality:1                ; more stable temporal accumulation]]
[2023.10.04-03.50.09:186][  0]LogConfig: Setting CVar [[r.DOF.Kernel.MaxForegroundRadius:0.025]]
[2023.10.04-03.50.09:186][  0]LogConfig: Setting CVar [[r.DOF.Kernel.MaxBackgroundRadius:0.025]]
[2023.10.04-03.50.09:186][  0]LogConfig: Applying CVar settings from Section [TextureQuality@3] File [D:/UnrealGame01/UnrealGame001/Saved/Config/Windows/Scalability.ini]
[2023.10.04-03.50.09:186][  0]LogConfig: Setting CVar [[r.Streaming.MipBias:0]]
[2023.10.04-03.50.09:186][  0]LogConfig: Setting CVar [[r.Streaming.AmortizeCPUToGPUCopy:0]]
[2023.10.04-03.50.09:186][  0]LogConfig: Setting CVar [[r.Streaming.MaxNumTexturesToStreamPerFrame:0]]
[2023.10.04-03.50.09:186][  0]LogConfig: Setting CVar [[r.Streaming.Boost:1]]
[2023.10.04-03.50.09:186][  0]LogConfig: Setting CVar [[r.MaxAnisotropy:8]]
[2023.10.04-03.50.09:186][  0]LogConfig: Setting CVar [[r.VT.MaxAnisotropy:8]]
[2023.10.04-03.50.09:186][  0]LogConfig: Setting CVar [[r.Streaming.LimitPoolSizeToVRAM:0]]
[2023.10.04-03.50.09:186][  0]LogConfig: Setting CVar [[r.Streaming.PoolSize:1000]]
[2023.10.04-03.50.09:186][  0]LogConfig: Setting CVar [[r.Streaming.MaxEffectiveScreenSize:0]]
[2023.10.04-03.50.09:186][  0]LogConfig: Applying CVar settings from Section [EffectsQuality@3] File [D:/UnrealGame01/UnrealGame001/Saved/Config/Windows/Scalability.ini]
[2023.10.04-03.50.09:186][  0]LogConfig: Setting CVar [[r.TranslucencyLightingVolumeDim:64]]
[2023.10.04-03.50.09:186][  0]LogConfig: Setting CVar [[r.RefractionQuality:2]]
[2023.10.04-03.50.09:186][  0]LogConfig: Setting CVar [[r.SSR.Quality:3]]
[2023.10.04-03.50.09:186][  0]LogConfig: Setting CVar [[r.SSR.HalfResSceneColor:0]]
[2023.10.04-03.50.09:186][  0]LogConfig: Setting CVar [[r.SceneColorFormat:4]]
[2023.10.04-03.50.09:186][  0]LogConfig: Setting CVar [[r.DetailMode:2]]
[2023.10.04-03.50.09:186][  0]LogConfig: Setting CVar [[r.TranslucencyVolumeBlur:1]]
[2023.10.04-03.50.09:186][  0]LogConfig: Setting CVar [[r.MaterialQualityLevel:1 ; High quality]]
[2023.10.04-03.50.09:186][  0]LogConfig: Setting CVar [[r.AnisotropicMaterials:1]]
[2023.10.04-03.50.09:186][  0]LogConfig: Setting CVar [[r.SSS.Scale:1]]
[2023.10.04-03.50.09:186][  0]LogConfig: Setting CVar [[r.SSS.SampleSet:2]]
[2023.10.04-03.50.09:186][  0]LogConfig: Setting CVar [[r.SSS.Quality:1]]
[2023.10.04-03.50.09:186][  0]LogConfig: Setting CVar [[r.SSS.HalfRes:0]]
[2023.10.04-03.50.09:186][  0]LogConfig: Setting CVar [[r.SSGI.Quality:3]]
[2023.10.04-03.50.09:186][  0]LogConfig: Setting CVar [[r.EmitterSpawnRateScale:1.0]]
[2023.10.04-03.50.09:186][  0]LogConfig: Setting CVar [[r.ParticleLightQuality:2]]
[2023.10.04-03.50.09:186][  0]LogConfig: Setting CVar [[r.SkyAtmosphere.AerialPerspectiveLUT.FastApplyOnOpaque:1 ; Always have FastSkyLUT 1 in this case to avoid wrong sky]]
[2023.10.04-03.50.09:186][  0]LogConfig: Setting CVar [[r.SkyAtmosphere.AerialPerspectiveLUT.SampleCountMaxPerSlice:4]]
[2023.10.04-03.50.09:186][  0]LogConfig: Setting CVar [[r.SkyAtmosphere.AerialPerspectiveLUT.DepthResolution:16.0]]
[2023.10.04-03.50.09:186][  0]LogConfig: Setting CVar [[r.SkyAtmosphere.FastSkyLUT:1]]
[2023.10.04-03.50.09:186][  0]LogConfig: Setting CVar [[r.SkyAtmosphere.FastSkyLUT.SampleCountMin:4.0]]
[2023.10.04-03.50.09:186][  0]LogConfig: Setting CVar [[r.SkyAtmosphere.FastSkyLUT.SampleCountMax:128.0]]
[2023.10.04-03.50.09:186][  0]LogConfig: Setting CVar [[r.SkyAtmosphere.SampleCountMin:4.0]]
[2023.10.04-03.50.09:187][  0]LogConfig: Setting CVar [[r.SkyAtmosphere.SampleCountMax:128.0]]
[2023.10.04-03.50.09:187][  0]LogConfig: Setting CVar [[r.SkyAtmosphere.TransmittanceLUT.UseSmallFormat:0]]
[2023.10.04-03.50.09:187][  0]LogConfig: Setting CVar [[r.SkyAtmosphere.TransmittanceLUT.SampleCount:10.0]]
[2023.10.04-03.50.09:187][  0]LogConfig: Setting CVar [[r.SkyAtmosphere.MultiScatteringLUT.SampleCount:15.0]]
[2023.10.04-03.50.09:187][  0]LogConfig: Setting CVar [[r.SkyLight.RealTimeReflectionCapture:1]]
[2023.10.04-03.50.09:187][  0]LogConfig: Applying CVar settings from Section [FoliageQuality@3] File [D:/UnrealGame01/UnrealGame001/Saved/Config/Windows/Scalability.ini]
[2023.10.04-03.50.09:187][  0]LogConfig: Setting CVar [[foliage.DensityScale:1.0]]
[2023.10.04-03.50.09:187][  0]LogConfig: Setting CVar [[grass.DensityScale:1.0]]
[2023.10.04-03.50.09:187][  0]LogConfig: Applying CVar settings from Section [ShadingQuality@3] File [D:/UnrealGame01/UnrealGame001/Saved/Config/Windows/Scalability.ini]
[2023.10.04-03.50.09:187][  0]LogConfig: Setting CVar [[r.HairStrands.SkyLighting.IntegrationType:2]]
[2023.10.04-03.50.09:187][  0]LogConfig: Setting CVar [[r.HairStrands.SkyAO.SampleCount:4]]
[2023.10.04-03.50.09:187][  0]LogConfig: Setting CVar [[r.HairStrands.Visibility.MSAA.SamplePerPixel:4]]
[2023.10.04-03.50.09:187][  0]LogConfig: Applying CVar settings from Section [Startup] File [../../../Engine/Config/ConsoleVariables.ini]
[2023.10.04-03.50.09:187][  0]LogConfig: Setting CVar [[net.UseAdaptiveNetUpdateFrequency:0]]
[2023.10.04-03.50.09:187][  0]LogConfig: Setting CVar [[p.chaos.AllowCreatePhysxBodies:1]]
[2023.10.04-03.50.09:187][  0]LogConfig: Setting CVar [[fx.SkipVectorVMBackendOptimizations:1]]
[2023.10.04-03.50.09:187][  0]LogConfig: Applying CVar settings from Section [ConsoleVariables] File [D:/UnrealGame01/UnrealGame001/Saved/Config/Windows/Engine.ini]
[2023.10.04-03.50.09:187][  0]LogConfig: Applying CVar settings from Section [ConsoleVariables] File [D:/UnrealGame01/UnrealGame001/Saved/Config/Windows/Editor.ini]
[2023.10.04-03.50.09:187][  0]LogInit: Computer: MSI
[2023.10.04-03.50.09:187][  0]LogInit: User: MOON
[2023.10.04-03.50.09:187][  0]LogInit: CPU Page size=4096, Cores=8
[2023.10.04-03.50.09:187][  0]LogInit: High frequency timer resolution =10.000000 MHz
[2023.10.04-03.50.09:187][  0]LogMemory: Memory total: Physical=15.8GB (16GB approx)
[2023.10.04-03.50.09:187][  0]LogMemory: Platform Memory Stats for Windows
[2023.10.04-03.50.09:187][  0]LogMemory: Process Physical Memory: 147.21 MB used, 147.21 MB peak
[2023.10.04-03.50.09:187][  0]LogMemory: Process Virtual Memory: 125.61 MB used, 125.61 MB peak
[2023.10.04-03.50.09:187][  0]LogMemory: Physical Memory: 11326.49 MB used,  4826.91 MB free, 16153.41 MB total
[2023.10.04-03.50.09:187][  0]LogMemory: Virtual Memory: 134204872.00 MB used,  12856.77 MB free, 134217728.00 MB total
[2023.10.04-03.50.09:447][  0]LogWindows: WindowsPlatformFeatures enabled
[2023.10.04-03.50.09:601][  0]LogInit: Physics initialised using underlying interface: PhysX
[2023.10.04-03.50.09:603][  0]LogInit: Using OS detected language (en-US).
[2023.10.04-03.50.09:603][  0]LogInit: Using OS detected locale (en-US).
[2023.10.04-03.50.09:618][  0]LogTextLocalizationManager: No specific localization for 'en-US' exists, so the 'en' localization will be used.
[2023.10.04-03.50.09:938][  0]LogInit: Setting process to per monitor DPI aware
[2023.10.04-03.50.09:956][  0]LogWindowsTextInputMethodSystem: Display: IME system deactivated.
[2023.10.04-03.50.09:976][  0]LogSlate: New Slate User Created.  User Index 0, Is Virtual User: 0
[2023.10.04-03.50.09:976][  0]LogSlate: Slate User Registered.  User Index 0, Is Virtual User: 0
[2023.10.04-03.50.10:301][  0]LogD3D11RHI: Loaded GFSDK_Aftermath_Lib.x64.dll
[2023.10.04-03.50.10:309][  0]LogHMD: Failed to initialize OpenVR with code 110
[2023.10.04-03.50.10:309][  0]LogD3D11RHI: D3D11 min allowed feature level: 11_0
[2023.10.04-03.50.10:309][  0]LogD3D11RHI: D3D11 max allowed feature level: 11_0
[2023.10.04-03.50.10:309][  0]LogD3D11RHI: D3D11 adapters:
[2023.10.04-03.50.10:515][  0]LogD3D11RHI:    0. 'NVIDIA GeForce RTX 3080 Laptop GPU' (Feature Level 11_0)
[2023.10.04-03.50.10:515][  0]LogD3D11RHI:       16191/0/8076 MB DedicatedVideo/DedicatedSystem/SharedSystem, Outputs:2, VendorId:0x10de
[2023.10.04-03.50.10:520][  0]LogD3D11RHI:    1. 'Microsoft Basic Render Driver' (Feature Level 11_0)
[2023.10.04-03.50.10:520][  0]LogD3D11RHI:       0/0/8076 MB DedicatedVideo/DedicatedSystem/SharedSystem, Outputs:0, VendorId:0x1414
[2023.10.04-03.50.10:520][  0]LogD3D11RHI: Chosen D3D11 Adapter:
[2023.10.04-03.50.10:520][  0]LogD3D11RHI:     Description : NVIDIA GeForce RTX 3080 Laptop GPU
[2023.10.04-03.50.10:520][  0]LogD3D11RHI:     VendorId    : 10de
[2023.10.04-03.50.10:520][  0]LogD3D11RHI:     DeviceId    : 249c
[2023.10.04-03.50.10:520][  0]LogD3D11RHI:     SubSysId    : 13051462
[2023.10.04-03.50.10:520][  0]LogD3D11RHI:     Revision    : 00a1
[2023.10.04-03.50.10:520][  0]LogD3D11RHI:     DedicatedVideoMemory : 16977494016 bytes
[2023.10.04-03.50.10:520][  0]LogD3D11RHI:     DedicatedSystemMemory : 0 bytes
[2023.10.04-03.50.10:520][  0]LogD3D11RHI:     SharedSystemMemory : 8469037056 bytes
[2023.10.04-03.50.10:520][  0]LogD3D11RHI:     AdapterLuid : 0 78280
[2023.10.04-03.50.10:528][  0]LogD3D11RHI: Creating new Direct3DDevice
[2023.10.04-03.50.10:528][  0]LogD3D11RHI:     GPU DeviceId: 0x249c (for the marketing name, search the web for "GPU Device Id")
[2023.10.04-03.50.10:528][  0]LogWindows: EnumDisplayDevices:
[2023.10.04-03.50.10:529][  0]LogWindows:    0. 'NVIDIA GeForce RTX 3080 Laptop GPU' (P:0 D:1)
[2023.10.04-03.50.10:530][  0]LogWindows:    1. 'NVIDIA GeForce RTX 3080 Laptop GPU' (P:1 D:1)
[2023.10.04-03.50.10:531][  0]LogWindows:    2. 'NVIDIA GeForce RTX 3080 Laptop GPU' (P:0 D:0)
[2023.10.04-03.50.10:532][  0]LogWindows:    3. 'NVIDIA GeForce RTX 3080 Laptop GPU' (P:0 D:0)
[2023.10.04-03.50.10:532][  0]LogWindows: DebugString: FoundDriverCount:4 
[2023.10.04-03.50.10:532][  0]LogD3D11RHI:     Adapter Name: NVIDIA GeForce RTX 3080 Laptop GPU
[2023.10.04-03.50.10:532][  0]LogD3D11RHI:   Driver Version: 536.99 (internal:31.0.15.3699, unified:536.99)
[2023.10.04-03.50.10:532][  0]LogD3D11RHI:      Driver Date: 8-4-2023
[2023.10.04-03.50.10:532][  0]LogRHI: Texture pool is 11333 MB (70% of 16191 MB)
[2023.10.04-03.50.10:532][  0]LogD3D11RHI: Creating D3DDevice using adapter:
[2023.10.04-03.50.10:532][  0]LogD3D11RHI:     Description : NVIDIA GeForce RTX 3080 Laptop GPU
[2023.10.04-03.50.10:532][  0]LogD3D11RHI:     VendorId    : 10de
[2023.10.04-03.50.10:532][  0]LogD3D11RHI:     DeviceId    : 249c
[2023.10.04-03.50.10:532][  0]LogD3D11RHI:     SubSysId    : 13051462
[2023.10.04-03.50.10:532][  0]LogD3D11RHI:     Revision    : 00a1
[2023.10.04-03.50.10:532][  0]LogD3D11RHI:     DedicatedVideoMemory : 16977494016 bytes
[2023.10.04-03.50.10:532][  0]LogD3D11RHI:     DedicatedSystemMemory : 0 bytes
[2023.10.04-03.50.10:532][  0]LogD3D11RHI:     SharedSystemMemory : 8469037056 bytes
[2023.10.04-03.50.10:532][  0]LogD3D11RHI:     AdapterLuid : 0 78280
[2023.10.04-03.50.10:608][  0]LogD3D11RHI: RHI has support for 64 bit atomics
[2023.10.04-03.50.10:608][  0]LogD3D11RHI: Async texture creation enabled
[2023.10.04-03.50.10:608][  0]LogD3D11RHI: Array index from any shader is supported
[2023.10.04-03.50.10:633][  0]LogD3D11RHI: GPU Timing Frequency: 1000.000000 (Debug: 2 2)
[2023.10.04-03.50.10:734][  0]LogRHI: GeForceNow SDK initialized: 1
[2023.10.04-03.50.11:134][  0]LogTargetPlatformManager: Display: Loaded TargetPlatform 'AllDesktop'
[2023.10.04-03.50.11:155][  0]LogTargetPlatformManager: Display: Loaded TargetPlatform 'Android'
[2023.10.04-03.50.11:155][  0]LogTargetPlatformManager: Display: Loaded TargetPlatform 'Android_ASTC'
[2023.10.04-03.50.11:155][  0]LogTargetPlatformManager: Display: Loaded TargetPlatform 'Android_DXT'
[2023.10.04-03.50.11:155][  0]LogTargetPlatformManager: Display: Loaded TargetPlatform 'Android_ETC2'
[2023.10.04-03.50.11:155][  0]LogTargetPlatformManager: Display: Loaded TargetPlatform 'AndroidClient'
[2023.10.04-03.50.11:155][  0]LogTargetPlatformManager: Display: Loaded TargetPlatform 'Android_ASTCClient'
[2023.10.04-03.50.11:155][  0]LogTargetPlatformManager: Display: Loaded TargetPlatform 'Android_DXTClient'
[2023.10.04-03.50.11:155][  0]LogTargetPlatformManager: Display: Loaded TargetPlatform 'Android_ETC2Client'
[2023.10.04-03.50.11:155][  0]LogTargetPlatformManager: Display: Loaded TargetPlatform 'Android_Multi'
[2023.10.04-03.50.11:155][  0]LogTargetPlatformManager: Display: Loaded TargetPlatform 'Android_MultiClient'
[2023.10.04-03.50.11:178][  0]LogTargetPlatformManager: Display: Loaded TargetPlatform 'IOSClient'
[2023.10.04-03.50.11:178][  0]LogTargetPlatformManager: Display: Loaded TargetPlatform 'IOS'
[2023.10.04-03.50.11:197][  0]LogTargetPlatformManager: Display: Loaded TargetPlatform 'Linux'
[2023.10.04-03.50.11:204][  0]LogTargetPlatformManager: Display: Loaded TargetPlatform 'LinuxNoEditor'
[2023.10.04-03.50.11:210][  0]LogTargetPlatformManager: Display: Loaded TargetPlatform 'LinuxClient'
[2023.10.04-03.50.11:216][  0]LogTargetPlatformManager: Display: Loaded TargetPlatform 'LinuxServer'
[2023.10.04-03.50.11:231][  0]LogTargetPlatformManager: Display: Loaded TargetPlatform 'LinuxAArch64NoEditor'
[2023.10.04-03.50.11:238][  0]LogTargetPlatformManager: Display: Loaded TargetPlatform 'LinuxAArch64Client'
[2023.10.04-03.50.11:246][  0]LogTargetPlatformManager: Display: Loaded TargetPlatform 'LinuxAArch64Server'
[2023.10.04-03.50.11:271][  0]LogTargetPlatformManager: Display: Loaded TargetPlatform 'Lumin'
[2023.10.04-03.50.11:271][  0]LogTargetPlatformManager: Display: Loaded TargetPlatform 'LuminClient'
[2023.10.04-03.50.11:289][  0]LogTargetPlatformManager: Display: Loaded TargetPlatform 'MacNoEditor'
[2023.10.04-03.50.11:296][  0]LogTargetPlatformManager: Display: Loaded TargetPlatform 'Mac'
[2023.10.04-03.50.11:303][  0]LogTargetPlatformManager: Display: Loaded TargetPlatform 'MacClient'
[2023.10.04-03.50.11:309][  0]LogTargetPlatformManager: Display: Loaded TargetPlatform 'MacServer'
[2023.10.04-03.50.11:319][  0]LogTargetPlatformManager: Display: Loaded TargetPlatform 'TVOSClient'
[2023.10.04-03.50.11:319][  0]LogTargetPlatformManager: Display: Loaded TargetPlatform 'TVOS'
[2023.10.04-03.50.11:330][  0]LogTargetPlatformManager: Display: Loaded TargetPlatform 'WindowsNoEditor'
[2023.10.04-03.50.11:339][  0]LogTargetPlatformManager: Display: Loaded TargetPlatform 'Windows'
[2023.10.04-03.50.11:346][  0]LogTargetPlatformManager: Display: Loaded TargetPlatform 'WindowsClient'
[2023.10.04-03.50.11:353][  0]LogTargetPlatformManager: Display: Loaded TargetPlatform 'WindowsServer'
[2023.10.04-03.50.11:353][  0]LogTargetPlatformManager: Display: Building Assets For Windows
[2023.10.04-03.50.11:366][  0]LogAudioDebug: Display: Lib vorbis DLL was dynamically loaded.
[2023.10.04-03.50.11:421][  0]LogTextureFormatOodle: Display: Oodle Texture 2.9.0 init RDO Off
[2023.10.04-03.50.11:477][  0]LogRendererCore: Ray tracing is disabled. Reason: r.RayTracing=0.
[2023.10.04-03.50.11:478][  0]LogShaderCompilers: Guid format shader working directory is 16 characters bigger than the processId version (D:/UnrealGame01/UnrealGame001/Intermediate/Shaders/WorkingDirectory/32212/).
[2023.10.04-03.50.11:478][  0]LogShaderCompilers: Cleaned the shader compiler working directory 'C:/Users/ansdn/AppData/Local/Temp/UnrealShaderWorkingDir/064BAFCE4FE9E28A27C71FBC7B994952/'.
[2023.10.04-03.50.11:478][  0]LogXGEController: Cannot use XGE Controller as Incredibuild is not installed on this machine.
[2023.10.04-03.50.11:478][  0]LogShaderCompilers: Cannot use XGE Shader Compiler as Incredibuild is not installed on this machine.
[2023.10.04-03.50.11:478][  0]LogShaderCompilers: Display: Using Local Shader Compiler.
[2023.10.04-03.50.12:294][  0]LogDerivedDataCache: Display: Max Cache Size: 512 MB
[2023.10.04-03.50.12:371][  0]LogDerivedDataCache: Loaded boot cache 0.08s 94MB C:/Users/ansdn/AppData/Local/UnrealEngine/4.27/DerivedDataCache/Boot.ddc.
[2023.10.04-03.50.12:371][  0]LogDerivedDataCache: Display: Loaded Boot cache: C:/Users/ansdn/AppData/Local/UnrealEngine/4.27/DerivedDataCache/Boot.ddc
[2023.10.04-03.50.12:371][  0]LogDerivedDataCache: FDerivedDataBackendGraph:  Pak pak cache file D:/UnrealGame01/UnrealGame001/DerivedDataCache/DDC.ddp not found, will not use a pak cache.
[2023.10.04-03.50.12:371][  0]LogDerivedDataCache: Unable to find inner node Pak for hierarchical cache Hierarchy.
[2023.10.04-03.50.12:371][  0]LogDerivedDataCache: FDerivedDataBackendGraph:  CompressedPak pak cache file D:/UnrealGame01/UnrealGame001/DerivedDataCache/Compressed.ddp not found, will not use a pak cache.
[2023.10.04-03.50.12:371][  0]LogDerivedDataCache: Unable to find inner node CompressedPak for hierarchical cache Hierarchy.
[2023.10.04-03.50.12:387][  0]LogDerivedDataCache: Display: Pak cache opened for reading ../../../Engine/DerivedDataCache/Compressed.ddp.
[2023.10.04-03.50.12:387][  0]LogDerivedDataCache: FDerivedDataBackendGraph:  EnterprisePak pak cache file ../../../Enterprise/DerivedDataCache/Compressed.ddp not found, will not use a pak cache.
[2023.10.04-03.50.12:387][  0]LogDerivedDataCache: Unable to find inner node EnterprisePak for hierarchical cache Hierarchy.
[2023.10.04-03.50.12:438][  0]LogDerivedDataCache: Speed tests for C:/Users/ansdn/AppData/Local/UnrealEngine/Common/DerivedDataCache took 0.05 seconds
[2023.10.04-03.50.12:438][  0]LogDerivedDataCache: Display: Performance to C:/Users/ansdn/AppData/Local/UnrealEngine/Common/DerivedDataCache: Latency=0.11ms. RandomReadSpeed=24.67MBs, RandomWriteSpeed=81.74MBs. Assigned SpeedClass 'Local'
[2023.10.04-03.50.12:439][  0]LogDerivedDataCache: Using Local data cache path C:/Users/ansdn/AppData/Local/UnrealEngine/Common/DerivedDataCache: Writable
[2023.10.04-03.50.12:439][  0]LogDerivedDataCache: Shared data cache path not found in *engine.ini, will not use an Shared cache.
[2023.10.04-03.50.12:439][  0]LogDerivedDataCache: Unable to find inner node Shared for hierarchical cache Hierarchy.
[2023.10.04-03.50.12:475][  0]LogSlate: Using FreeType 2.10.0
[2023.10.04-03.50.12:476][  0]LogSlate: SlateFontServices - WITH_FREETYPE: 1, WITH_HARFBUZZ: 1
[2023.10.04-03.50.12:503][  0]LogAssetRegistry: FAssetRegistry took 0.0024 seconds to start up
[2023.10.04-03.50.12:694][  0]LogInit: Selected Device Profile: [Windows]
[2023.10.04-03.50.12:695][  0]LogInit: Active device profile: [000001C5A39C7800][000001C594A96540 49] Windows
[2023.10.04-03.50.12:695][  0]LogInit: Profiles: [000001C5A39C7800][000001C594A96540 49] Windows, [000001C5A4988A00][000001C5A2996680 49] WindowsNoEditor, [000001C5A39C4900][000001C5A299A7C0 49] WindowsServer, [000001C5A498B700][000001C5A29A2940 49] WindowsClient, [000001C5A39C7600][000001C5A29A6AC0 49] IOS, [000001C5A4988D00][000001C5A29AAC40 49] iPadAir, [000001C5A39C4C00][000001C5A4BDADC0 49] iPadAir2, [000001C5A4938800][000001C5A4BE3080 49] IPadPro, [000001C5A4938900][000001C5A4BDF0C0 49] iPadAir3, [000001C5A39C7300][000001C5A4BE7240 49] iPadAir4, [000001C5A493B900][000001C5A4BEB3C0 49] iPadMini2, [000001C5A39C5000][000001C5A4BEF540 49] iPadMini3, [000001C5A4939700][000001C5A4BF36C0 49] iPadMini4, [000001C5A39C6D00][000001C5A4BF7840 49] iPadMini5, [000001C5A4989D00][000001C5A4BFFB00 49] iPhone6, [000001C5A498AE00][000001C5A4BFBB40 49] iPodTouch6, [000001C5A491FE00][000001C5A4C06280 49] iPhone7, [000001C5A491FF00][000001C5A4C022C0 49] iPodTouch7, [000001C5A498BF00][000001C5A4C0A440 49] iPhone5S, [000001C5A491CE00][000001C5A299E580 49] iPhone6Plus, [000001C5A4989000][000001C5A4C0E6C0 49] iPhone6S, [000001C5A491F000][000001C5A4C12800 49] iPhone6SPlus, [000001C5A4988500][000001C5A4C16940 49] iPhone7Plus, [000001C5A491D300][000001C5A4C1EAC0 49] iPhoneSE, [000001C5A498A300][000001C5A4C22C40 49] iPhone8, [000001C5A491EB00][000001C5A4C26DC0 49] iPhone8Plus, [000001C5A4988700][000001C5A4C2AF40 49] iPhoneX, [000001C5A491D800][000001C5A4C2F0C0 49] iPhoneXS, [000001C5A4989E00][000001C5A4C33240 49] iPhoneXSMax, [000001C5A491FC00][000001C5A4C373C0 49] iPhoneXR, [000001C5A4989500][000001C5A4C3B540 49] iPhone11, [000001C5A491CC00][000001C5A4C3F6C0 49] iPhone11Pro, [000001C5A498BA00][000001C5A4C43840 49] iPhone11ProMax, [000001C5A491ED00][000001C5A4C479C0 49] iPhoneSE2, [000001C5A498BE00][000001C5A4C4BB40 49] iPhone12Mini, [000001C5A491F800][000001C5A4C4E140 49] iPhone12, [000001C5A4988E00][000001C5A4C522C0 49] iPhone12Pro, [000001C5A491E700][000001C5A4C56440 49] iPhone12ProMax, [000001C5A4989100][000001C5A4C5A5C0 49] iPadPro105, [000001C5A491D200][000001C5A4C5E740 49] iPadPro129, [000001C5A498A000][000001C5A4C1A880 49] iPadPro97, [000001C5A491D100][000001C5A4C629C0 49] iPadPro2_129, [000001C5A498A100][000001C5A4C66B00 49] iPad5, [000001C5A491F200][000001C5A4C6EC80 49] iPad6, [000001C5A4989B00][000001C5A4C72E00 49] iPad7, [000001C5A491EC00][000001C5A4C76F80 49] iPad8, [000001C5A498B600][000001C5A4C7B100 49] iPadPro11, [000001C5A491CF00][000001C5A4C7F280 49] iPadPro2_11, [000001C5A4988400][000001C5A4C83400 49] iPadPro3_129, [000001C5A491D500][000001C5A4C87580 49] iPadPro4_129, [000001C5A498B300][000001C5A4C8B700 49] AppleTV, [000001C5A491F700][000001C5A4C8F880 49] AppleTV4K, [000001C5A4989900][000001C5A4C93A00 49] TVOS, [000001C5A491C900][000001C5A4C97B80 49] Mac, [000001C5A498B800][000001C5A4C9A180 49] MacClient, [000001C5A491E000][000001C5A4C9E300 49] MacNoEditor, [000001C5A498B500][000001C5A4CA2480 49] MacServer, [000001C5A491C500][000001C5A4CA6600 49] Linux, [000001C5A498AC00][000001C5A4CAA780 49] LinuxAArch64, [000001C5A491D400][000001C5A4CAE900 49] LinuxNoEditor, [000001C5A498B100][000001C5A4C6AA40 49] LinuxAArch64NoEditor, [000001C5A491E400][000001C5A4CB2B80 49] LinuxClient, [000001C5A498B400][000001C5A4CB6CC0 49] LinuxAArch64Client, [000001C5A491CB00][000001C5A4CBEE40 49] LinuxServer, [000001C5A4989C00][000001C5A4CC2FC0 49] LinuxAArch64Server, [000001C5A491D000][000001C5A4CC7140 49] Android, [000001C5A498A200][000001C5A4CCB2C0 49] Android_Low, [000001C5A4939400][000001C5A4CCF440 49] Android_Mid, [000001C5A3A05900][000001C5A4CD35C0 49] Android_High, [000001C5A4938B00][000001C5A4CD7740 49] Android_Default, [000001C5A3A04D00][000001C5A4CDB8C0 49] Android_Adreno4xx, [000001C5A493AB00][000001C5A4CDFA40 49] Android_Adreno5xx_Low, [000001C5A3A04100][000001C5A4CE3BC0 49] Android_Adreno5xx, [000001C5A493A800][000001C5A4CE61C0 49] Android_Adreno6xx, [000001C5A3A04B00][000001C5A4CEA340 49] Android_Adreno6xx_Vulkan, [000001C5A4938D00][000001C5A4CEE4C0 49] Android_Mali_T6xx, [000001C5A3A05400][000001C5A4CF2640 49] Android_Mali_T7xx, [000001C5A493A400][000001C5A4CF67C0 49] Android_Mali_T8xx, [000001C5A3A04500][000001C5A4CFA940 49] Android_Mali_G71, [000001C5A4938500][000001C5A4CFEAC0 49] Android_Mali_G72, [000001C5A3A04F00][000001C5A4CBAC00 49] Android_Mali_G72_Vulkan, [000001C5A493AE00][000001C5A4D02D80 49] Android_Mali_G76, [000001C5A3A05B00][000001C5A4D06EC0 49] Android_Mali_G76_Vulkan, [000001C5A4939100][000001C5A4D0F040 49] Android_Mali_G77, [000001C5A3A06000][000001C5A4D131C0 49] Android_Mali_G77_Vulkan, [000001C5A4939900][000001C5A4D17340 49] Android_Mali_G78, [000001C5A3A04200][000001C5A4D1B4C0 49] Android_Mali_G78_Vulkan, [000001C5A4939500][000001C5A4D1F640 49] Android_Mali_G710, [000001C5A3A05500][000001C5A4D237C0 49] Android_Mali_G710_Vulkan, [000001C5A493B700][000001C5A4D27940 49] Android_Vulkan_SM5, [000001C5A3A06700][000001C5A4D2BAC0 49] Android_PowerVR_G6xxx, [000001C5A493BF00][000001C5A4D2E0C0 49] Android_PowerVR_GT7xxx, [000001C5A3A04E00][000001C5A4D32240 49] Android_PowerVR_GE8xxx, [000001C5A493A900][000001C5A4D363C0 49] Android_PowerVR_GM9xxx, [000001C5A3A04800][000001C5A4D3A540 49] Android_PowerVR_GM9xxx_Vulkan, [000001C5A4989700][000001C5A4D3E6C0 49] Android_TegraK1, [000001C5A491CA00][000001C5A4D42840 49] Android_Unknown_Vulkan, [000001C5A4989F00][000001C5A4D469C0 49] Lumin, [000001C5A491D900][000001C5A4D4AB40 49] Lumin_Desktop, [000001C5A498AA00][000001C5A4D4ECC0 49] HoloLens, 
[2023.10.04-03.50.12:837][  0]LogMeshReduction: Using QuadricMeshReduction for automatic static mesh reduction
[2023.10.04-03.50.12:837][  0]LogMeshReduction: Using SimplygonMeshReduction for automatic skeletal mesh reduction
[2023.10.04-03.50.12:837][  0]LogMeshReduction: Using ProxyLODMeshReduction for automatic mesh merging
[2023.10.04-03.50.12:837][  0]LogMeshReduction: No distributed automatic mesh merging module available
[2023.10.04-03.50.12:837][  0]LogMeshMerging: No distributed automatic mesh merging module available
[2023.10.04-03.50.12:860][  0]LogNetVersion: UnrealGame001 1.0.0, NetCL: 17155196, EngineNetVer: 17, GameNetVer: 0 (Checksum: 1156378723)
[2023.10.04-03.50.13:285][  0]LogTexture: Default maximum texture size for cubemaps generated from long-lat sources has been changed from 512 to unlimited. In order to preserve old behaiour for '/Engine/MapTemplates/Sky/DaylightAmbientCubemap.DaylightAmbientCubemap', its maximum texture size has been explicitly set to 512.
[2023.10.04-03.50.13:337][  0]LogHMD: PokeAHoleMaterial loaded successfully
[2023.10.04-03.50.13:343][  0]LogUObjectArray: 17178 objects as part of root set at end of initial load.
[2023.10.04-03.50.13:343][  0]LogUObjectAllocator: 4302048 out of 0 bytes used by permanent object pool.
[2023.10.04-03.50.13:343][  0]LogUObjectArray: CloseDisregardForGC: 0/0 objects in disregard for GC pool
[2023.10.04-03.50.13:786][  0]LogNiagaraDebuggerClient: Niagara Debugger Client Initialized | Session: D48B63C243C3594C533D0087AD9B0D14 | Instance: D869CB534E889CFE407BF0B9C95D485A (MSI-32212).
[2023.10.04-03.50.13:835][  0]LogPython: Using Python 3.7.7
[2023.10.04-03.50.14:365][  0]LogTcpMessaging: Initializing TcpMessaging bridge
[2023.10.04-03.50.14:373][  0]LogUdpMessaging: Initializing bridge on interface 0.0.0.0:0 to multicast group 230.0.0.1:6666.
[2023.10.04-03.50.15:993][  0]LogWindows: Error: === Critical error: ===
[2023.10.04-03.50.15:993][  0]LogWindows: Error: 
[2023.10.04-03.50.15:993][  0]LogWindows: Error: Fatal error!
[2023.10.04-03.50.15:993][  0]LogWindows: Error: 
[2023.10.04-03.50.15:993][  0]LogWindows: Error: Unhandled Exception: EXCEPTION_ACCESS_VIOLATION reading address 0x0000000000000148
[2023.10.04-03.50.15:993][  0]LogWindows: Error: 
[2023.10.04-03.50.15:993][  0]LogWindows: Error: [Callstack] 0x00007ffc8c432025 UE4Editor-UnrealGame001-7173.dll!ABasePlayer::ABasePlayer() [D:\UnrealGame01\UnrealGame001\Source\UnrealGame001\Private\Actors\BasePlayer.cpp:9]
[2023.10.04-03.50.15:993][  0]LogWindows: Error: [Callstack] 0x00007ffcf19861d3 UE4Editor-CoreUObject.dll!UClass::CreateDefaultObject() [D:\Build\++UE4\Sync\Engine\Source\Runtime\CoreUObject\Private\UObject\Class.cpp:3791]
[2023.10.04-03.50.15:993][  0]LogWindows: Error: [Callstack] 0x00007ffcf1ca8faf UE4Editor-CoreUObject.dll!UObjectLoadAllCompiledInDefaultProperties() [D:\Build\++UE4\Sync\Engine\Source\Runtime\CoreUObject\Private\UObject\UObjectBase.cpp:911]
[2023.10.04-03.50.15:993][  0]LogWindows: Error: [Callstack] 0x00007ffcf1c85411 UE4Editor-CoreUObject.dll!ProcessNewlyLoadedUObjects() [D:\Build\++UE4\Sync\Engine\Source\Runtime\CoreUObject\Private\UObject\UObjectBase.cpp:1003]
[2023.10.04-03.50.15:993][  0]LogWindows: Error: [Callstack] 0x00007ffcf1b4ddc5 UE4Editor-CoreUObject.dll!TBaseStaticDelegateInstance<void __cdecl(FName,bool),FDefaultDelegateUserPolicy>::ExecuteIfSafe() [D:\Build\++UE4\Sync\Engine\Source\Runtime\Core\Public\Delegates\DelegateInstancesImpl.h:731]
[2023.10.04-03.50.15:993][  0]LogWindows: Error: [Callstack] 0x00007ffcf25d1bea UE4Editor-Core.dll!TMulticastDelegate<void __cdecl(FName,bool),FDefaultDelegateUserPolicy>::Broadcast() [D:\Build\++UE4\Sync\Engine\Source\Runtime\Core\Public\Delegates\DelegateSignatureImpl.inl:955]
[2023.10.04-03.50.15:993][  0]LogWindows: Error: [Callstack] 0x00007ffcf25f15a3 UE4Editor-Core.dll!FModuleManager::LoadModuleWithFailureReason() [D:\Build\++UE4\Sync\Engine\Source\Runtime\Core\Private\Modules\ModuleManager.cpp:519]
[2023.10.04-03.50.15:993][  0]LogWindows: Error: [Callstack] 0x00007ffd298f6433 UE4Editor-Projects.dll!FModuleDescriptor::LoadModulesForPhase() [D:\Build\++UE4\Sync\Engine\Source\Runtime\Projects\Private\ModuleDescriptor.cpp:643]
[2023.10.04-03.50.15:993][  0]LogWindows: Error: [Callstack] 0x00007ffd298f674f UE4Editor-Projects.dll!FProjectManager::LoadModulesForProject() [D:\Build\++UE4\Sync\Engine\Source\Runtime\Projects\Private\ProjectManager.cpp:62]
[2023.10.04-03.50.15:993][  0]LogWindows: Error: [Callstack] 0x00007ff7dff15642 UE4Editor.exe!FEngineLoop::LoadStartupModules() [D:\Build\++UE4\Sync\Engine\Source\Runtime\Launch\Private\LaunchEngineLoop.cpp:3880]
[2023.10.04-03.50.15:993][  0]LogWindows: Error: [Callstack] 0x00007ff7dff19000 UE4Editor.exe!FEngineLoop::PreInitPostStartupScreen() [D:\Build\++UE4\Sync\Engine\Source\Runtime\Launch\Private\LaunchEngineLoop.cpp:3263]
[2023.10.04-03.50.15:993][  0]LogWindows: Error: [Callstack] 0x00007ff7dff10d2c UE4Editor.exe!GuardedMain() [D:\Build\++UE4\Sync\Engine\Source\Runtime\Launch\Private\Launch.cpp:132]
[2023.10.04-03.50.15:993][  0]LogWindows: Error: [Callstack] 0x00007ff7dff110ba UE4Editor.exe!GuardedMainWrapper() [D:\Build\++UE4\Sync\Engine\Source\Runtime\Launch\Private\Windows\LaunchWindows.cpp:137]
[2023.10.04-03.50.15:993][  0]LogWindows: Error: [Callstack] 0x00007ff7dff140dd UE4Editor.exe!LaunchWindowsStartup() [D:\Build\++UE4\Sync\Engine\Source\Runtime\Launch\Private\Windows\LaunchWindows.cpp:273]
[2023.10.04-03.50.15:993][  0]LogWindows: Error: [Callstack] 0x00007ff7dff25984 UE4Editor.exe!WinMain() [D:\Build\++UE4\Sync\Engine\Source\Runtime\Launch\Private\Windows\LaunchWindows.cpp:320]
[2023.10.04-03.50.15:993][  0]LogWindows: Error: [Callstack] 0x00007ff7dff2853a UE4Editor.exe!__scrt_common_main_seh() [d:\agent\_work\5\s\src\vctools\crt\vcstartup\src\startup\exe_common.inl:288]
[2023.10.04-03.50.15:993][  0]LogWindows: Error: [Callstack] 0x00007ffd5925257d KERNEL32.DLL!UnknownFunction []
[2023.10.04-03.50.15:993][  0]LogWindows: Error: [Callstack] 0x00007ffd5a64aa68 ntdll.dll!UnknownFunction []
[2023.10.04-03.50.15:993][  0]LogWindows: Error: 
[2023.10.04-03.50.16:001][  0]LogExit: Executing StaticShutdownAfterError
[2023.10.04-03.50.16:003][  0]LogWindows: FPlatformMisc::RequestExit(1)
[2023.10.04-03.50.16:003][  0]LogWindows: FPlatformMisc::RequestExitWithStatus(1, 3)
[2023.10.04-03.50.16:003][  0]LogCore: Engine exit requested (reason: Win RequestExit)
[2023.10.04-03.50.16:013][  0]Log file closed, 10/03/23 23:50:16
