Log file open, 10/13/23 16:49:33
LogWindows: Failed to load 'aqProf.dll' (GetLastError=126)
LogWindows: File 'aqProf.dll' does not exist
LogWindows: Failed to load 'VtuneApi.dll' (GetLastError=126)
LogWindows: File 'VtuneApi.dll' does not exist
LogWindows: Failed to load 'VtuneApi32e.dll' (GetLastError=126)
LogWindows: File 'VtuneApi32e.dll' does not exist
LogConsoleResponse: Display: Failed to find resolution value strings in scalability ini. Falling back to default.
LogConsoleResponse: Display: Failed to find resolution value strings in scalability ini. Falling back to default.
LogInit: Display: Running engine for game: UnrealGame001
LogPlatformFile: Not using cached read wrapper
LogTaskGraph: Started task graph with 5 named threads and 47 total threads with 3 sets of task threads.
LogStats: Stats thread started at 0.502681
LogICUInternationalization: ICU TimeZone Detection - Raw Offset: -5:00, Platform Override: ''
LogInit: Display: Loading text-based GConfig....
LogPluginManager: Mounting plugin MeshPainting
LogPluginManager: Mounting plugin XGEController
LogPluginManager: Mounting plugin Paper2D
LogPluginManager: Mounting plugin LightPropagationVolume
LogPluginManager: Mounting plugin EnvironmentQueryEditor
LogPluginManager: Mounting plugin AISupport
LogPluginManager: Mounting plugin LiveLink
LogPluginManager: Mounting plugin GameplayCameras
LogPluginManager: Mounting plugin CameraShakePreviewer
LogPluginManager: Mounting plugin OodleData
LogPluginManager: Mounting plugin OodleNetwork
LogPluginManager: Mounting plugin DatasmithContent
LogPluginManager: Mounting plugin VariantManagerContent
LogPluginManager: Mounting plugin AlembicImporter
LogPluginManager: Mounting plugin BackChannel
LogPluginManager: Mounting plugin AutomationUtils
LogPluginManager: Mounting plugin ChaosCloth
LogPluginManager: Mounting plugin ChaosEditor
LogPluginManager: Mounting plugin ChaosClothEditor
LogPluginManager: Mounting plugin AssetManagerEditor
LogPluginManager: Mounting plugin ChaosNiagara
LogPluginManager: Mounting plugin ChaosSolverPlugin
LogPluginManager: Mounting plugin CharacterAI
LogPluginManager: Mounting plugin CryptoKeys
LogPluginManager: Mounting plugin CurveEditorTools
LogPluginManager: Mounting plugin FacialAnimation
LogPluginManager: Mounting plugin GameplayTagsEditor
LogPluginManager: Mounting plugin GeometryMode
LogPluginManager: Mounting plugin DataValidation
LogPluginManager: Mounting plugin MacGraphicsSwitching
LogPluginManager: Mounting plugin MaterialAnalyzer
LogPluginManager: Mounting plugin MobileLauncherProfileWizard
LogPluginManager: Mounting plugin PluginBrowser
LogPluginManager: Mounting plugin SpeedTreeImporter
LogPluginManager: Mounting plugin Niagara
LogPluginManager: Mounting plugin GeometryCache
LogPluginManager: Mounting plugin GeometryCollectionPlugin
LogPluginManager: Mounting plugin MotoSynth
LogPluginManager: Mounting plugin OpenImageDenoise
LogPluginManager: Mounting plugin PlanarCut
LogPluginManager: Mounting plugin PlatformCrypto
LogPluginManager: Mounting plugin ProxyLODPlugin
LogPluginManager: Mounting plugin PythonScriptPlugin
LogPluginManager: Mounting plugin GeometryProcessing
LogPluginManager: Mounting plugin AndroidMedia
LogPluginManager: Mounting plugin AvfMedia
LogPluginManager: Mounting plugin SkeletalReduction
LogPluginManager: Mounting plugin ImgMedia
LogPluginManager: Mounting plugin MediaCompositing
LogPluginManager: Mounting plugin AnimationSharing
LogPluginManager: Mounting plugin ActorSequence
LogPluginManager: Mounting plugin MediaPlayerEditor
LogPluginManager: Mounting plugin LevelSequenceEditor
LogPluginManager: Mounting plugin MatineeToLevelSequence
LogPluginManager: Mounting plugin CLionSourceCodeAccess
LogPluginManager: Mounting plugin CodeLiteSourceCodeAccess
LogPluginManager: Mounting plugin TemplateSequence
LogPluginManager: Mounting plugin GitSourceControl
LogPluginManager: Mounting plugin PerforceSourceControl
LogPluginManager: Mounting plugin WebMMedia
LogPluginManager: Mounting plugin WmfMedia
LogPluginManager: Mounting plugin PixWinPlugin
LogPluginManager: Mounting plugin PlasticSourceControl
LogPluginManager: Mounting plugin NullSourceCodeAccess
LogPluginManager: Mounting plugin PluginUtils
LogPluginManager: Mounting plugin PropertyAccessNode
LogPluginManager: Mounting plugin RiderSourceCodeAccess
LogPluginManager: Mounting plugin TextureFormatOodle
LogPluginManager: Mounting plugin SubversionSourceControl
LogPluginManager: Mounting plugin UObjectPlugin
LogPluginManager: Mounting plugin VisualStudioCodeSourceCodeAccess
LogPluginManager: Mounting plugin KDevelopSourceCodeAccess
LogPluginManager: Mounting plugin VisualStudioSourceCodeAccess
LogPluginManager: Mounting plugin UdpMessaging
LogPluginManager: Mounting plugin TcpMessaging
LogPluginManager: Mounting plugin LuminPlatformFeatures
LogPluginManager: Mounting plugin MagicLeap
LogPluginManager: Mounting plugin XCodeSourceCodeAccess
LogPluginManager: Mounting plugin MagicLeapLightEstimation
LogPluginManager: Mounting plugin MagicLeapMedia
LogPluginManager: Mounting plugin MagicLeapPassableWorld
LogPluginManager: Mounting plugin MLSDK
LogPluginManager: Mounting plugin OnlineSubsystem
LogPluginManager: Mounting plugin OnlineSubsystemNull
LogPluginManager: Mounting plugin OnlineSubsystemUtils
LogPluginManager: Mounting plugin ActorLayerUtilities
LogPluginManager: Mounting plugin LauncherChunkInstaller
LogPluginManager: Mounting plugin AndroidDeviceProfileSelector
LogPluginManager: Mounting plugin AndroidMoviePlayer
LogPluginManager: Mounting plugin AndroidPermission
LogPluginManager: Mounting plugin ArchVisCharacter
LogPluginManager: Mounting plugin AppleMoviePlayer
LogPluginManager: Mounting plugin AudioCapture
LogPluginManager: Mounting plugin AssetTags
LogPluginManager: Mounting plugin AppleImageUtils
LogPluginManager: Mounting plugin AudioSynesthesia
LogPluginManager: Mounting plugin CableComponent
LogPluginManager: Mounting plugin ChunkDownloader
LogPluginManager: Mounting plugin CustomMeshComponent
LogPluginManager: Mounting plugin EditableMesh
LogPluginManager: Mounting plugin ExampleDeviceProfileSelector
LogPluginManager: Mounting plugin GooglePAD
LogPluginManager: Mounting plugin IOSDeviceProfileSelector
LogPluginManager: Mounting plugin LinuxDeviceProfileSelector
LogPluginManager: Mounting plugin LocationServicesBPLibrary
LogPluginManager: Mounting plugin GoogleCloudMessaging
LogPluginManager: Mounting plugin MobilePatchingUtils
LogPluginManager: Mounting plugin OpenXR
LogPluginManager: Mounting plugin OpenXREyeTracker
LogPluginManager: Mounting plugin ScreenshotTools
LogPluginManager: Mounting plugin OpenXRHandTracking
LogPluginManager: Mounting plugin PhysXVehicles
LogPluginManager: Mounting plugin PostSplashScreen
LogPluginManager: Mounting plugin ProceduralMeshComponent
LogPluginManager: Mounting plugin PropertyAccessEditor
LogPluginManager: Mounting plugin RuntimePhysXCooking
LogPluginManager: Mounting plugin SignificanceManager
LogPluginManager: Mounting plugin SoundFields
LogPluginManager: Mounting plugin Synthesis
LogPluginManager: Mounting plugin Takes
LogPluginManager: Mounting plugin WebMMoviePlayer
LogPluginManager: Mounting plugin WindowsMoviePlayer
LogPluginManager: Mounting plugin ContentBrowserAssetDataSource
LogPluginManager: Mounting plugin ContentBrowserClassDataSource
LogPluginManager: Mounting plugin ContentBrowserFileDataSource
LogPluginManager: Mounting plugin OnlineSubsystemIOS
LogPluginManager: Mounting plugin OnlineSubsystemGooglePlay
LogPluginManager: Mounting plugin OculusVR
LogPluginManager: Mounting plugin SteamVR
PixWinPlugin: PIX capture plugin failed to initialize! Check that the process is launched from PIX.
LogInit: Using libcurl 7.55.1-DEV
LogInit:  - built for x86_64-pc-win32
LogInit:  - supports SSL with OpenSSL/1.1.1
LogInit:  - supports HTTP deflate (compression) using libz 1.2.8
LogInit:  - other features:
LogInit:      CURL_VERSION_SSL
LogInit:      CURL_VERSION_LIBZ
LogInit:      CURL_VERSION_IPV6
LogInit:      CURL_VERSION_ASYNCHDNS
LogInit:      CURL_VERSION_LARGEFILE
LogInit:      CURL_VERSION_IDN
LogInit:  CurlRequestOptions (configurable via config and command line):
LogInit:  - bVerifyPeer = true  - Libcurl will verify peer certificate
LogInit:  - bUseHttpProxy = false  - Libcurl will NOT use HTTP proxy
LogInit:  - bDontReuseConnections = false  - Libcurl will reuse connections
LogInit:  - MaxHostConnections = 16  - Libcurl will limit the number of connections to a host
LogInit:  - LocalHostAddr = Default
LogInit:  - BufferSize = 65536
LogOnline: OSS: Creating online subsystem instance for: NULL
LogInit: WinSock: version 1.1 (2.2), MaxSocks=32767, MaxUdp=65467
LogOnline: OSS: TryLoadSubsystemAndSetDefault: Loaded subsystem for module [NULL]
LogOculusPluginWrapper: OculusPlugin initialized successfully
LogHMD: Failed initializing OVRPlugin 1.59.0
LogInit: Build: ++UE4+Release-4.27-CL-18319896
LogInit: Engine Version: 4.27.2-18319896+++UE4+Release-4.27
LogInit: Compatible Engine Version: 4.27.0-17155196+++UE4+Release-4.27
LogInit: Net CL: 17155196
LogInit: OS: Windows 10 (Release 2009) (), CPU: 11th Gen Intel(R) Core(TM) i7-11800H @ 2.30GHz, GPU: NVIDIA GeForce RTX 3080 Laptop GPU
LogInit: Compiled (64-bit): Nov 30 2021 07:12:08
LogInit: Compiled with Visual C++: 19.24.28315.00
LogInit: Build Configuration: Development
LogInit: Branch Name: ++UE4+Release-4.27
LogInit: Command Line:  -skipcompile
LogInit: Base Directory: C:/Program Files/Epic Games/UE_4.27/Engine/Binaries/Win64/
LogInit: Allocator: TBB
LogInit: Installed Engine Build: 1
LogDevObjectVersion: Number of dev versions registered: 29
LogDevObjectVersion:   Dev-Blueprints (B0D832E4-1F89-4F0D-ACCF-7EB736FD4AA2): 10
LogDevObjectVersion:   Dev-Build (E1C64328-A22C-4D53-A36C-8E866417BD8C): 0
LogDevObjectVersion:   Dev-Core (375EC13C-06E4-48FB-B500-84F0262A717E): 4
LogDevObjectVersion:   Dev-Editor (E4B068ED-F494-42E9-A231-DA0B2E46BB41): 40
LogDevObjectVersion:   Dev-Framework (CFFC743F-43B0-4480-9391-14DF171D2073): 37
LogDevObjectVersion:   Dev-Mobile (B02B49B5-BB20-44E9-A304-32B752E40360): 3
LogDevObjectVersion:   Dev-Networking (A4E4105C-59A1-49B5-A7C5-40C4547EDFEE): 0
LogDevObjectVersion:   Dev-Online (39C831C9-5AE6-47DC-9A44-9C173E1C8E7C): 0
LogDevObjectVersion:   Dev-Physics (78F01B33-EBEA-4F98-B9B4-84EACCB95AA2): 14
LogDevObjectVersion:   Dev-Platform (6631380F-2D4D-43E0-8009-CF276956A95A): 0
LogDevObjectVersion:   Dev-Rendering (12F88B9F-8875-4AFC-A67C-D90C383ABD29): 45
LogDevObjectVersion:   Dev-Sequencer (7B5AE74C-D270-4C10-A958-57980B212A5A): 13
LogDevObjectVersion:   Dev-VR (D7296918-1DD6-4BDD-9DE2-64A83CC13884): 3
LogDevObjectVersion:   Dev-LoadTimes (C2A15278-BFE7-4AFE-6C17-90FF531DF755): 1
LogDevObjectVersion:   Private-Geometry (6EACA3D4-40EC-4CC1-B786-8BED09428FC5): 3
LogDevObjectVersion:   Dev-AnimPhys (29E575DD-E0A3-4627-9D10-D276232CDCEA): 17
LogDevObjectVersion:   Dev-Anim (AF43A65D-7FD3-4947-9873-3E8ED9C1BB05): 15
LogDevObjectVersion:   Dev-ReflectionCapture (6B266CEC-1EC7-4B8F-A30B-E4D90942FC07): 1
LogDevObjectVersion:   Dev-Automation (0DF73D61-A23F-47EA-B727-89E90C41499A): 1
LogDevObjectVersion:   FortniteMain (601D1886-AC64-4F84-AA16-D3DE0DEAC7D6): 47
LogDevObjectVersion:   FortniteRelease (E7086368-6B23-4C58-8439-1B7016265E91): 1
LogDevObjectVersion:   Dev-Enterprise (9DFFBCD6-494F-0158-E221-12823C92A888): 10
LogDevObjectVersion:   Dev-Niagara (F2AED0AC-9AFE-416F-8664-AA7FFA26D6FC): 1
LogDevObjectVersion:   Dev-Destruction (174F1F0B-B4C6-45A5-B13F-2EE8D0FB917D): 10
LogDevObjectVersion:   Dev-Physics-Ext (35F94A83-E258-406C-A318-09F59610247C): 41
LogDevObjectVersion:   Dev-PhysicsMaterial-Chaos (B68FC16E-8B1B-42E2-B453-215C058844FE): 1
LogDevObjectVersion:   Dev-CineCamera (B2E18506-4273-CFC2-A54E-F4BB758BBA07): 1
LogDevObjectVersion:   Dev-VirtualProduction (64F58936-FD1B-42BA-BA96-7289D5D0FA4E): 1
LogDevObjectVersion:   Dev-MediaFramework (6F0ED827-A609-4895-9C91-998D90180EA4): 2
LogInit: Presizing for max 25165824 objects, including 0 objects not considered by GC, pre-allocating 0 bytes for permanent pool.
LogConfig: Applying CVar settings from Section [/Script/Engine.StreamingSettings] File [D:/UnrealGame01/UnrealGame001/Saved/Config/Windows/Engine.ini]
LogConfig: Setting CVar [[s.MinBulkDataSizeForAsyncLoading:131072]]
LogConfig: Setting CVar [[s.AsyncLoadingThreadEnabled:0]]
LogConfig: Setting CVar [[s.EventDrivenLoaderEnabled:1]]
LogConfig: Setting CVar [[s.WarnIfTimeLimitExceeded:0]]
LogConfig: Setting CVar [[s.TimeLimitExceededMultiplier:1.5]]
LogConfig: Setting CVar [[s.TimeLimitExceededMinTime:0.005]]
LogConfig: Setting CVar [[s.UseBackgroundLevelStreaming:1]]
LogConfig: Setting CVar [[s.PriorityAsyncLoadingExtraTime:15.0]]
LogConfig: Setting CVar [[s.LevelStreamingActorsUpdateTimeLimit:5.0]]
LogConfig: Setting CVar [[s.PriorityLevelStreamingActorsUpdateExtraTime:5.0]]
LogConfig: Setting CVar [[s.LevelStreamingComponentsRegistrationGranularity:10]]
LogConfig: Setting CVar [[s.UnregisterComponentsTimeLimit:1.0]]
LogConfig: Setting CVar [[s.LevelStreamingComponentsUnregistrationGranularity:5]]
LogConfig: Setting CVar [[s.FlushStreamingOnExit:1]]
LogInit: Object subsystem initialized
LogConfig: Setting CVar [[con.DebugEarlyDefault:1]]
LogConfig: Setting CVar [[r.setres:1280x720]]
[2023.10.13-20.49.34:284][  0]LogConfig: Setting CVar [[r.VSync:0]]
[2023.10.13-20.49.34:284][  0]LogConfig: Setting CVar [[r.RHICmdBypass:0]]
[2023.10.13-20.49.34:284][  0]LogConfig: Applying CVar settings from Section [/Script/Engine.RendererSettings] File [D:/UnrealGame01/UnrealGame001/Saved/Config/Windows/Engine.ini]
[2023.10.13-20.49.34:285][  0]LogConfig: Setting CVar [[r.GPUCrashDebugging:0]]
[2023.10.13-20.49.34:285][  0]LogConfig: Applying CVar settings from Section [/Script/Engine.RendererOverrideSettings] File [D:/UnrealGame01/UnrealGame001/Saved/Config/Windows/Engine.ini]
[2023.10.13-20.49.34:285][  0]LogConfig: Applying CVar settings from Section [/Script/Engine.StreamingSettings] File [D:/UnrealGame01/UnrealGame001/Saved/Config/Windows/Engine.ini]
[2023.10.13-20.49.34:285][  0]LogConfig: Setting CVar [[s.MinBulkDataSizeForAsyncLoading:131072]]
[2023.10.13-20.49.34:285][  0]LogConfig: Setting CVar [[s.AsyncLoadingThreadEnabled:0]]
[2023.10.13-20.49.34:285][  0]LogConfig: Setting CVar [[s.EventDrivenLoaderEnabled:1]]
[2023.10.13-20.49.34:285][  0]LogConfig: Setting CVar [[s.WarnIfTimeLimitExceeded:0]]
[2023.10.13-20.49.34:285][  0]LogConfig: Setting CVar [[s.TimeLimitExceededMultiplier:1.5]]
[2023.10.13-20.49.34:285][  0]LogConfig: Setting CVar [[s.TimeLimitExceededMinTime:0.005]]
[2023.10.13-20.49.34:285][  0]LogConfig: Setting CVar [[s.UseBackgroundLevelStreaming:1]]
[2023.10.13-20.49.34:285][  0]LogConfig: Setting CVar [[s.PriorityAsyncLoadingExtraTime:15.0]]
[2023.10.13-20.49.34:285][  0]LogConfig: Setting CVar [[s.LevelStreamingActorsUpdateTimeLimit:5.0]]
[2023.10.13-20.49.34:285][  0]LogConfig: Setting CVar [[s.PriorityLevelStreamingActorsUpdateExtraTime:5.0]]
[2023.10.13-20.49.34:285][  0]LogConfig: Setting CVar [[s.LevelStreamingComponentsRegistrationGranularity:10]]
[2023.10.13-20.49.34:285][  0]LogConfig: Setting CVar [[s.UnregisterComponentsTimeLimit:1.0]]
[2023.10.13-20.49.34:285][  0]LogConfig: Setting CVar [[s.LevelStreamingComponentsUnregistrationGranularity:5]]
[2023.10.13-20.49.34:285][  0]LogConfig: Setting CVar [[s.FlushStreamingOnExit:1]]
[2023.10.13-20.49.34:285][  0]LogConfig: Applying CVar settings from Section [/Script/Engine.GarbageCollectionSettings] File [D:/UnrealGame01/UnrealGame001/Saved/Config/Windows/Engine.ini]
[2023.10.13-20.49.34:285][  0]LogConfig: Setting CVar [[gc.MaxObjectsNotConsideredByGC:1]]
[2023.10.13-20.49.34:285][  0]LogConfig: Setting CVar [[gc.SizeOfPermanentObjectPool:0]]
[2023.10.13-20.49.34:286][  0]LogConfig: Setting CVar [[gc.FlushStreamingOnGC:0]]
[2023.10.13-20.49.34:286][  0]LogConfig: Setting CVar [[gc.NumRetriesBeforeForcingGC:10]]
[2023.10.13-20.49.34:286][  0]LogConfig: Setting CVar [[gc.AllowParallelGC:1]]
[2023.10.13-20.49.34:286][  0]LogConfig: Setting CVar [[gc.TimeBetweenPurgingPendingKillObjects:61.1]]
[2023.10.13-20.49.34:286][  0]LogConfig: Setting CVar [[gc.MaxObjectsInEditor:25165824]]
[2023.10.13-20.49.34:286][  0]LogConfig: Setting CVar [[gc.IncrementalBeginDestroyEnabled:1]]
[2023.10.13-20.49.34:286][  0]LogConfig: Setting CVar [[gc.CreateGCClusters:1]]
[2023.10.13-20.49.34:286][  0]LogConfig: Setting CVar [[gc.MinGCClusterSize:5]]
[2023.10.13-20.49.34:286][  0]LogConfig: Setting CVar [[gc.ActorClusteringEnabled:0]]
[2023.10.13-20.49.34:286][  0]LogConfig: Setting CVar [[gc.BlueprintClusteringEnabled:0]]
[2023.10.13-20.49.34:286][  0]LogConfig: Setting CVar [[gc.UseDisregardForGCOnDedicatedServers:0]]
[2023.10.13-20.49.34:286][  0]LogConfig: Setting CVar [[gc.MultithreadedDestructionEnabled:1]]
[2023.10.13-20.49.34:286][  0]LogConfig: Applying CVar settings from Section [/Script/Engine.NetworkSettings] File [D:/UnrealGame01/UnrealGame001/Saved/Config/Windows/Engine.ini]
[2023.10.13-20.49.34:286][  0]LogConfig: Applying CVar settings from Section [/Script/UnrealEd.CookerSettings] File [D:/UnrealGame01/UnrealGame001/Saved/Config/Windows/Engine.ini]
[2023.10.13-20.49.34:309][  0]LogConfig: Applying CVar settings from Section [ViewDistanceQuality@3] File [D:/UnrealGame01/UnrealGame001/Saved/Config/Windows/Scalability.ini]
[2023.10.13-20.49.34:309][  0]LogConfig: Setting CVar [[r.SkeletalMeshLODBias:0]]
[2023.10.13-20.49.34:309][  0]LogConfig: Setting CVar [[r.ViewDistanceScale:1.0]]
[2023.10.13-20.49.34:309][  0]LogConfig: Applying CVar settings from Section [AntiAliasingQuality@3] File [D:/UnrealGame01/UnrealGame001/Saved/Config/Windows/Scalability.ini]
[2023.10.13-20.49.34:309][  0]LogConfig: Setting CVar [[r.PostProcessAAQuality:4]]
[2023.10.13-20.49.34:309][  0]LogConfig: Applying CVar settings from Section [ShadowQuality@3] File [D:/UnrealGame01/UnrealGame001/Saved/Config/Windows/Scalability.ini]
[2023.10.13-20.49.34:309][  0]LogConfig: Setting CVar [[r.LightFunctionQuality:1]]
[2023.10.13-20.49.34:309][  0]LogConfig: Setting CVar [[r.ShadowQuality:5]]
[2023.10.13-20.49.34:309][  0]LogConfig: Setting CVar [[r.Shadow.CSM.MaxCascades:10]]
[2023.10.13-20.49.34:310][  0]LogConfig: Setting CVar [[r.Shadow.MaxResolution:2048]]
[2023.10.13-20.49.34:310][  0]LogConfig: Setting CVar [[r.Shadow.MaxCSMResolution:2048]]
[2023.10.13-20.49.34:310][  0]LogConfig: Setting CVar [[r.Shadow.RadiusThreshold:0.01]]
[2023.10.13-20.49.34:310][  0]LogConfig: Setting CVar [[r.Shadow.DistanceScale:1.0]]
[2023.10.13-20.49.34:310][  0]LogConfig: Setting CVar [[r.Shadow.CSM.TransitionScale:1.0]]
[2023.10.13-20.49.34:310][  0]LogConfig: Setting CVar [[r.Shadow.PreShadowResolutionFactor:1.0]]
[2023.10.13-20.49.34:310][  0]LogConfig: Setting CVar [[r.DistanceFieldShadowing:1]]
[2023.10.13-20.49.34:310][  0]LogConfig: Setting CVar [[r.DistanceFieldAO:1]]
[2023.10.13-20.49.34:310][  0]LogConfig: Setting CVar [[r.AOQuality:2]]
[2023.10.13-20.49.34:310][  0]LogConfig: Setting CVar [[r.VolumetricFog:1]]
[2023.10.13-20.49.34:310][  0]LogConfig: Setting CVar [[r.VolumetricFog.GridPixelSize:8]]
[2023.10.13-20.49.34:310][  0]LogConfig: Setting CVar [[r.VolumetricFog.GridSizeZ:128]]
[2023.10.13-20.49.34:311][  0]LogConfig: Setting CVar [[r.VolumetricFog.HistoryMissSupersampleCount:4]]
[2023.10.13-20.49.34:311][  0]LogConfig: Setting CVar [[r.LightMaxDrawDistanceScale:1]]
[2023.10.13-20.49.34:311][  0]LogConfig: Setting CVar [[r.CapsuleShadows:1]]
[2023.10.13-20.49.34:311][  0]LogConfig: Applying CVar settings from Section [PostProcessQuality@3] File [D:/UnrealGame01/UnrealGame001/Saved/Config/Windows/Scalability.ini]
[2023.10.13-20.49.34:311][  0]LogConfig: Setting CVar [[r.MotionBlurQuality:4]]
[2023.10.13-20.49.34:311][  0]LogConfig: Setting CVar [[r.AmbientOcclusionMipLevelFactor:0.4]]
[2023.10.13-20.49.34:311][  0]LogConfig: Setting CVar [[r.AmbientOcclusionMaxQuality:100]]
[2023.10.13-20.49.34:311][  0]LogConfig: Setting CVar [[r.AmbientOcclusionLevels:-1]]
[2023.10.13-20.49.34:311][  0]LogConfig: Setting CVar [[r.AmbientOcclusionRadiusScale:1.0]]
[2023.10.13-20.49.34:311][  0]LogConfig: Setting CVar [[r.DepthOfFieldQuality:2]]
[2023.10.13-20.49.34:311][  0]LogConfig: Setting CVar [[r.RenderTargetPoolMin:400]]
[2023.10.13-20.49.34:311][  0]LogConfig: Setting CVar [[r.LensFlareQuality:2]]
[2023.10.13-20.49.34:311][  0]LogConfig: Setting CVar [[r.SceneColorFringeQuality:1]]
[2023.10.13-20.49.34:311][  0]LogConfig: Setting CVar [[r.EyeAdaptationQuality:2]]
[2023.10.13-20.49.34:311][  0]LogConfig: Setting CVar [[r.BloomQuality:5]]
[2023.10.13-20.49.34:311][  0]LogConfig: Setting CVar [[r.FastBlurThreshold:100]]
[2023.10.13-20.49.34:311][  0]LogConfig: Setting CVar [[r.Upscale.Quality:3]]
[2023.10.13-20.49.34:312][  0]LogConfig: Setting CVar [[r.Tonemapper.GrainQuantization:1]]
[2023.10.13-20.49.34:312][  0]LogConfig: Setting CVar [[r.LightShaftQuality:1]]
[2023.10.13-20.49.34:312][  0]LogConfig: Setting CVar [[r.Filter.SizeScale:1]]
[2023.10.13-20.49.34:312][  0]LogConfig: Setting CVar [[r.Tonemapper.Quality:5]]
[2023.10.13-20.49.34:312][  0]LogConfig: Setting CVar [[r.DOF.Gather.AccumulatorQuality:1        ; higher gathering accumulator quality]]
[2023.10.13-20.49.34:312][  0]LogConfig: Setting CVar [[r.DOF.Gather.PostfilterMethod:1          ; Median3x3 postfilering method]]
[2023.10.13-20.49.34:312][  0]LogConfig: Setting CVar [[r.DOF.Gather.EnableBokehSettings:0       ; no bokeh simulation when gathering]]
[2023.10.13-20.49.34:312][  0]LogConfig: Setting CVar [[r.DOF.Gather.RingCount:4                 ; medium number of samples when gathering]]
[2023.10.13-20.49.34:312][  0]LogConfig: Setting CVar [[r.DOF.Scatter.ForegroundCompositing:1    ; additive foreground scattering]]
[2023.10.13-20.49.34:312][  0]LogConfig: Setting CVar [[r.DOF.Scatter.BackgroundCompositing:2    ; additive background scattering]]
[2023.10.13-20.49.34:312][  0]LogConfig: Setting CVar [[r.DOF.Scatter.EnableBokehSettings:1      ; bokeh simulation when scattering]]
[2023.10.13-20.49.34:312][  0]LogConfig: Setting CVar [[r.DOF.Scatter.MaxSpriteRatio:0.1         ; only a maximum of 10% of scattered bokeh]]
[2023.10.13-20.49.34:312][  0]LogConfig: Setting CVar [[r.DOF.Recombine.Quality:1                ; cheap slight out of focus]]
[2023.10.13-20.49.34:312][  0]LogConfig: Setting CVar [[r.DOF.Recombine.EnableBokehSettings:0    ; no bokeh simulation on slight out of focus]]
[2023.10.13-20.49.34:312][  0]LogConfig: Setting CVar [[r.DOF.TemporalAAQuality:1                ; more stable temporal accumulation]]
[2023.10.13-20.49.34:312][  0]LogConfig: Setting CVar [[r.DOF.Kernel.MaxForegroundRadius:0.025]]
[2023.10.13-20.49.34:312][  0]LogConfig: Setting CVar [[r.DOF.Kernel.MaxBackgroundRadius:0.025]]
[2023.10.13-20.49.34:312][  0]LogConfig: Applying CVar settings from Section [TextureQuality@3] File [D:/UnrealGame01/UnrealGame001/Saved/Config/Windows/Scalability.ini]
[2023.10.13-20.49.34:312][  0]LogConfig: Setting CVar [[r.Streaming.MipBias:0]]
[2023.10.13-20.49.34:312][  0]LogConfig: Setting CVar [[r.Streaming.AmortizeCPUToGPUCopy:0]]
[2023.10.13-20.49.34:312][  0]LogConfig: Setting CVar [[r.Streaming.MaxNumTexturesToStreamPerFrame:0]]
[2023.10.13-20.49.34:312][  0]LogConfig: Setting CVar [[r.Streaming.Boost:1]]
[2023.10.13-20.49.34:312][  0]LogConfig: Setting CVar [[r.MaxAnisotropy:8]]
[2023.10.13-20.49.34:312][  0]LogConfig: Setting CVar [[r.VT.MaxAnisotropy:8]]
[2023.10.13-20.49.34:312][  0]LogConfig: Setting CVar [[r.Streaming.LimitPoolSizeToVRAM:0]]
[2023.10.13-20.49.34:312][  0]LogConfig: Setting CVar [[r.Streaming.PoolSize:1000]]
[2023.10.13-20.49.34:312][  0]LogConfig: Setting CVar [[r.Streaming.MaxEffectiveScreenSize:0]]
[2023.10.13-20.49.34:312][  0]LogConfig: Applying CVar settings from Section [EffectsQuality@3] File [D:/UnrealGame01/UnrealGame001/Saved/Config/Windows/Scalability.ini]
[2023.10.13-20.49.34:312][  0]LogConfig: Setting CVar [[r.TranslucencyLightingVolumeDim:64]]
[2023.10.13-20.49.34:312][  0]LogConfig: Setting CVar [[r.RefractionQuality:2]]
[2023.10.13-20.49.34:313][  0]LogConfig: Setting CVar [[r.SSR.Quality:3]]
[2023.10.13-20.49.34:313][  0]LogConfig: Setting CVar [[r.SSR.HalfResSceneColor:0]]
[2023.10.13-20.49.34:313][  0]LogConfig: Setting CVar [[r.SceneColorFormat:4]]
[2023.10.13-20.49.34:313][  0]LogConfig: Setting CVar [[r.DetailMode:2]]
[2023.10.13-20.49.34:313][  0]LogConfig: Setting CVar [[r.TranslucencyVolumeBlur:1]]
[2023.10.13-20.49.34:313][  0]LogConfig: Setting CVar [[r.MaterialQualityLevel:1 ; High quality]]
[2023.10.13-20.49.34:313][  0]LogConfig: Setting CVar [[r.AnisotropicMaterials:1]]
[2023.10.13-20.49.34:313][  0]LogConfig: Setting CVar [[r.SSS.Scale:1]]
[2023.10.13-20.49.34:313][  0]LogConfig: Setting CVar [[r.SSS.SampleSet:2]]
[2023.10.13-20.49.34:314][  0]LogConfig: Setting CVar [[r.SSS.Quality:1]]
[2023.10.13-20.49.34:314][  0]LogConfig: Setting CVar [[r.SSS.HalfRes:0]]
[2023.10.13-20.49.34:314][  0]LogConfig: Setting CVar [[r.SSGI.Quality:3]]
[2023.10.13-20.49.34:314][  0]LogConfig: Setting CVar [[r.EmitterSpawnRateScale:1.0]]
[2023.10.13-20.49.34:314][  0]LogConfig: Setting CVar [[r.ParticleLightQuality:2]]
[2023.10.13-20.49.34:314][  0]LogConfig: Setting CVar [[r.SkyAtmosphere.AerialPerspectiveLUT.FastApplyOnOpaque:1 ; Always have FastSkyLUT 1 in this case to avoid wrong sky]]
[2023.10.13-20.49.34:314][  0]LogConfig: Setting CVar [[r.SkyAtmosphere.AerialPerspectiveLUT.SampleCountMaxPerSlice:4]]
[2023.10.13-20.49.34:314][  0]LogConfig: Setting CVar [[r.SkyAtmosphere.AerialPerspectiveLUT.DepthResolution:16.0]]
[2023.10.13-20.49.34:314][  0]LogConfig: Setting CVar [[r.SkyAtmosphere.FastSkyLUT:1]]
[2023.10.13-20.49.34:314][  0]LogConfig: Setting CVar [[r.SkyAtmosphere.FastSkyLUT.SampleCountMin:4.0]]
[2023.10.13-20.49.34:314][  0]LogConfig: Setting CVar [[r.SkyAtmosphere.FastSkyLUT.SampleCountMax:128.0]]
[2023.10.13-20.49.34:314][  0]LogConfig: Setting CVar [[r.SkyAtmosphere.SampleCountMin:4.0]]
[2023.10.13-20.49.34:314][  0]LogConfig: Setting CVar [[r.SkyAtmosphere.SampleCountMax:128.0]]
[2023.10.13-20.49.34:314][  0]LogConfig: Setting CVar [[r.SkyAtmosphere.TransmittanceLUT.UseSmallFormat:0]]
[2023.10.13-20.49.34:314][  0]LogConfig: Setting CVar [[r.SkyAtmosphere.TransmittanceLUT.SampleCount:10.0]]
[2023.10.13-20.49.34:314][  0]LogConfig: Setting CVar [[r.SkyAtmosphere.MultiScatteringLUT.SampleCount:15.0]]
[2023.10.13-20.49.34:314][  0]LogConfig: Setting CVar [[r.SkyLight.RealTimeReflectionCapture:1]]
[2023.10.13-20.49.34:314][  0]LogConfig: Applying CVar settings from Section [FoliageQuality@3] File [D:/UnrealGame01/UnrealGame001/Saved/Config/Windows/Scalability.ini]
[2023.10.13-20.49.34:314][  0]LogConfig: Setting CVar [[foliage.DensityScale:1.0]]
[2023.10.13-20.49.34:315][  0]LogConfig: Setting CVar [[grass.DensityScale:1.0]]
[2023.10.13-20.49.34:315][  0]LogConfig: Applying CVar settings from Section [ShadingQuality@3] File [D:/UnrealGame01/UnrealGame001/Saved/Config/Windows/Scalability.ini]
[2023.10.13-20.49.34:315][  0]LogConfig: Setting CVar [[r.HairStrands.SkyLighting.IntegrationType:2]]
[2023.10.13-20.49.34:315][  0]LogConfig: Setting CVar [[r.HairStrands.SkyAO.SampleCount:4]]
[2023.10.13-20.49.34:315][  0]LogConfig: Setting CVar [[r.HairStrands.Visibility.MSAA.SamplePerPixel:4]]
[2023.10.13-20.49.34:315][  0]LogInit: Selected Device Profile: [Windows]
[2023.10.13-20.49.34:315][  0]LogInit: Applying CVar settings loaded from the selected device profile: [Windows]
[2023.10.13-20.49.34:315][  0]LogHAL: Display: Platform has ~ 16 GB [16938074112 / 17179869184 / 16], which maps to Larger [LargestMinGB=32, LargerMinGB=12, DefaultMinGB=8, SmallerMinGB=6, SmallestMinGB=0)
[2023.10.13-20.49.34:315][  0]LogInit: Going up to parent DeviceProfile []
[2023.10.13-20.49.34:315][  0]LogConfig: Applying CVar settings from Section [ViewDistanceQuality@3] File [D:/UnrealGame01/UnrealGame001/Saved/Config/Windows/Scalability.ini]
[2023.10.13-20.49.34:315][  0]LogConfig: Setting CVar [[r.SkeletalMeshLODBias:0]]
[2023.10.13-20.49.34:315][  0]LogConfig: Setting CVar [[r.ViewDistanceScale:1.0]]
[2023.10.13-20.49.34:315][  0]LogConfig: Applying CVar settings from Section [AntiAliasingQuality@3] File [D:/UnrealGame01/UnrealGame001/Saved/Config/Windows/Scalability.ini]
[2023.10.13-20.49.34:315][  0]LogConfig: Setting CVar [[r.PostProcessAAQuality:4]]
[2023.10.13-20.49.34:315][  0]LogConfig: Applying CVar settings from Section [ShadowQuality@3] File [D:/UnrealGame01/UnrealGame001/Saved/Config/Windows/Scalability.ini]
[2023.10.13-20.49.34:315][  0]LogConfig: Setting CVar [[r.LightFunctionQuality:1]]
[2023.10.13-20.49.34:315][  0]LogConfig: Setting CVar [[r.ShadowQuality:5]]
[2023.10.13-20.49.34:315][  0]LogConfig: Setting CVar [[r.Shadow.CSM.MaxCascades:10]]
[2023.10.13-20.49.34:315][  0]LogConfig: Setting CVar [[r.Shadow.MaxResolution:2048]]
[2023.10.13-20.49.34:316][  0]LogConfig: Setting CVar [[r.Shadow.MaxCSMResolution:2048]]
[2023.10.13-20.49.34:316][  0]LogConfig: Setting CVar [[r.Shadow.RadiusThreshold:0.01]]
[2023.10.13-20.49.34:316][  0]LogConfig: Setting CVar [[r.Shadow.DistanceScale:1.0]]
[2023.10.13-20.49.34:316][  0]LogConfig: Setting CVar [[r.Shadow.CSM.TransitionScale:1.0]]
[2023.10.13-20.49.34:316][  0]LogConfig: Setting CVar [[r.Shadow.PreShadowResolutionFactor:1.0]]
[2023.10.13-20.49.34:316][  0]LogConfig: Setting CVar [[r.DistanceFieldShadowing:1]]
[2023.10.13-20.49.34:316][  0]LogConfig: Setting CVar [[r.DistanceFieldAO:1]]
[2023.10.13-20.49.34:316][  0]LogConfig: Setting CVar [[r.AOQuality:2]]
[2023.10.13-20.49.34:316][  0]LogConfig: Setting CVar [[r.VolumetricFog:1]]
[2023.10.13-20.49.34:316][  0]LogConfig: Setting CVar [[r.VolumetricFog.GridPixelSize:8]]
[2023.10.13-20.49.34:316][  0]LogConfig: Setting CVar [[r.VolumetricFog.GridSizeZ:128]]
[2023.10.13-20.49.34:316][  0]LogConfig: Setting CVar [[r.VolumetricFog.HistoryMissSupersampleCount:4]]
[2023.10.13-20.49.34:316][  0]LogConfig: Setting CVar [[r.LightMaxDrawDistanceScale:1]]
[2023.10.13-20.49.34:316][  0]LogConfig: Setting CVar [[r.CapsuleShadows:1]]
[2023.10.13-20.49.34:316][  0]LogConfig: Applying CVar settings from Section [PostProcessQuality@3] File [D:/UnrealGame01/UnrealGame001/Saved/Config/Windows/Scalability.ini]
[2023.10.13-20.49.34:316][  0]LogConfig: Setting CVar [[r.MotionBlurQuality:4]]
[2023.10.13-20.49.34:316][  0]LogConfig: Setting CVar [[r.AmbientOcclusionMipLevelFactor:0.4]]
[2023.10.13-20.49.34:316][  0]LogConfig: Setting CVar [[r.AmbientOcclusionMaxQuality:100]]
[2023.10.13-20.49.34:316][  0]LogConfig: Setting CVar [[r.AmbientOcclusionLevels:-1]]
[2023.10.13-20.49.34:317][  0]LogConfig: Setting CVar [[r.AmbientOcclusionRadiusScale:1.0]]
[2023.10.13-20.49.34:317][  0]LogConfig: Setting CVar [[r.DepthOfFieldQuality:2]]
[2023.10.13-20.49.34:317][  0]LogConfig: Setting CVar [[r.RenderTargetPoolMin:400]]
[2023.10.13-20.49.34:317][  0]LogConfig: Setting CVar [[r.LensFlareQuality:2]]
[2023.10.13-20.49.34:317][  0]LogConfig: Setting CVar [[r.SceneColorFringeQuality:1]]
[2023.10.13-20.49.34:317][  0]LogConfig: Setting CVar [[r.EyeAdaptationQuality:2]]
[2023.10.13-20.49.34:317][  0]LogConfig: Setting CVar [[r.BloomQuality:5]]
[2023.10.13-20.49.34:317][  0]LogConfig: Setting CVar [[r.FastBlurThreshold:100]]
[2023.10.13-20.49.34:317][  0]LogConfig: Setting CVar [[r.Upscale.Quality:3]]
[2023.10.13-20.49.34:317][  0]LogConfig: Setting CVar [[r.Tonemapper.GrainQuantization:1]]
[2023.10.13-20.49.34:317][  0]LogConfig: Setting CVar [[r.LightShaftQuality:1]]
[2023.10.13-20.49.34:317][  0]LogConfig: Setting CVar [[r.Filter.SizeScale:1]]
[2023.10.13-20.49.34:317][  0]LogConfig: Setting CVar [[r.Tonemapper.Quality:5]]
[2023.10.13-20.49.34:317][  0]LogConfig: Setting CVar [[r.DOF.Gather.AccumulatorQuality:1        ; higher gathering accumulator quality]]
[2023.10.13-20.49.34:317][  0]LogConfig: Setting CVar [[r.DOF.Gather.PostfilterMethod:1          ; Median3x3 postfilering method]]
[2023.10.13-20.49.34:317][  0]LogConfig: Setting CVar [[r.DOF.Gather.EnableBokehSettings:0       ; no bokeh simulation when gathering]]
[2023.10.13-20.49.34:317][  0]LogConfig: Setting CVar [[r.DOF.Gather.RingCount:4                 ; medium number of samples when gathering]]
[2023.10.13-20.49.34:317][  0]LogConfig: Setting CVar [[r.DOF.Scatter.ForegroundCompositing:1    ; additive foreground scattering]]
[2023.10.13-20.49.34:317][  0]LogConfig: Setting CVar [[r.DOF.Scatter.BackgroundCompositing:2    ; additive background scattering]]
[2023.10.13-20.49.34:317][  0]LogConfig: Setting CVar [[r.DOF.Scatter.EnableBokehSettings:1      ; bokeh simulation when scattering]]
[2023.10.13-20.49.34:318][  0]LogConfig: Setting CVar [[r.DOF.Scatter.MaxSpriteRatio:0.1         ; only a maximum of 10% of scattered bokeh]]
[2023.10.13-20.49.34:318][  0]LogConfig: Setting CVar [[r.DOF.Recombine.Quality:1                ; cheap slight out of focus]]
[2023.10.13-20.49.34:318][  0]LogConfig: Setting CVar [[r.DOF.Recombine.EnableBokehSettings:0    ; no bokeh simulation on slight out of focus]]
[2023.10.13-20.49.34:318][  0]LogConfig: Setting CVar [[r.DOF.TemporalAAQuality:1                ; more stable temporal accumulation]]
[2023.10.13-20.49.34:318][  0]LogConfig: Setting CVar [[r.DOF.Kernel.MaxForegroundRadius:0.025]]
[2023.10.13-20.49.34:318][  0]LogConfig: Setting CVar [[r.DOF.Kernel.MaxBackgroundRadius:0.025]]
[2023.10.13-20.49.34:318][  0]LogConfig: Applying CVar settings from Section [TextureQuality@3] File [D:/UnrealGame01/UnrealGame001/Saved/Config/Windows/Scalability.ini]
[2023.10.13-20.49.34:318][  0]LogConfig: Setting CVar [[r.Streaming.MipBias:0]]
[2023.10.13-20.49.34:318][  0]LogConfig: Setting CVar [[r.Streaming.AmortizeCPUToGPUCopy:0]]
[2023.10.13-20.49.34:318][  0]LogConfig: Setting CVar [[r.Streaming.MaxNumTexturesToStreamPerFrame:0]]
[2023.10.13-20.49.34:318][  0]LogConfig: Setting CVar [[r.Streaming.Boost:1]]
[2023.10.13-20.49.34:318][  0]LogConfig: Setting CVar [[r.MaxAnisotropy:8]]
[2023.10.13-20.49.34:318][  0]LogConfig: Setting CVar [[r.VT.MaxAnisotropy:8]]
[2023.10.13-20.49.34:318][  0]LogConfig: Setting CVar [[r.Streaming.LimitPoolSizeToVRAM:0]]
[2023.10.13-20.49.34:318][  0]LogConfig: Setting CVar [[r.Streaming.PoolSize:1000]]
[2023.10.13-20.49.34:318][  0]LogConfig: Setting CVar [[r.Streaming.MaxEffectiveScreenSize:0]]
[2023.10.13-20.49.34:318][  0]LogConfig: Applying CVar settings from Section [EffectsQuality@3] File [D:/UnrealGame01/UnrealGame001/Saved/Config/Windows/Scalability.ini]
[2023.10.13-20.49.34:318][  0]LogConfig: Setting CVar [[r.TranslucencyLightingVolumeDim:64]]
[2023.10.13-20.49.34:318][  0]LogConfig: Setting CVar [[r.RefractionQuality:2]]
[2023.10.13-20.49.34:318][  0]LogConfig: Setting CVar [[r.SSR.Quality:3]]
[2023.10.13-20.49.34:319][  0]LogConfig: Setting CVar [[r.SSR.HalfResSceneColor:0]]
[2023.10.13-20.49.34:319][  0]LogConfig: Setting CVar [[r.SceneColorFormat:4]]
[2023.10.13-20.49.34:319][  0]LogConfig: Setting CVar [[r.DetailMode:2]]
[2023.10.13-20.49.34:319][  0]LogConfig: Setting CVar [[r.TranslucencyVolumeBlur:1]]
[2023.10.13-20.49.34:319][  0]LogConfig: Setting CVar [[r.MaterialQualityLevel:1 ; High quality]]
[2023.10.13-20.49.34:319][  0]LogConfig: Setting CVar [[r.AnisotropicMaterials:1]]
[2023.10.13-20.49.34:319][  0]LogConfig: Setting CVar [[r.SSS.Scale:1]]
[2023.10.13-20.49.34:319][  0]LogConfig: Setting CVar [[r.SSS.SampleSet:2]]
[2023.10.13-20.49.34:319][  0]LogConfig: Setting CVar [[r.SSS.Quality:1]]
[2023.10.13-20.49.34:319][  0]LogConfig: Setting CVar [[r.SSS.HalfRes:0]]
[2023.10.13-20.49.34:319][  0]LogConfig: Setting CVar [[r.SSGI.Quality:3]]
[2023.10.13-20.49.34:319][  0]LogConfig: Setting CVar [[r.EmitterSpawnRateScale:1.0]]
[2023.10.13-20.49.34:319][  0]LogConfig: Setting CVar [[r.ParticleLightQuality:2]]
[2023.10.13-20.49.34:319][  0]LogConfig: Setting CVar [[r.SkyAtmosphere.AerialPerspectiveLUT.FastApplyOnOpaque:1 ; Always have FastSkyLUT 1 in this case to avoid wrong sky]]
[2023.10.13-20.49.34:319][  0]LogConfig: Setting CVar [[r.SkyAtmosphere.AerialPerspectiveLUT.SampleCountMaxPerSlice:4]]
[2023.10.13-20.49.34:319][  0]LogConfig: Setting CVar [[r.SkyAtmosphere.AerialPerspectiveLUT.DepthResolution:16.0]]
[2023.10.13-20.49.34:319][  0]LogConfig: Setting CVar [[r.SkyAtmosphere.FastSkyLUT:1]]
[2023.10.13-20.49.34:319][  0]LogConfig: Setting CVar [[r.SkyAtmosphere.FastSkyLUT.SampleCountMin:4.0]]
[2023.10.13-20.49.34:320][  0]LogConfig: Setting CVar [[r.SkyAtmosphere.FastSkyLUT.SampleCountMax:128.0]]
[2023.10.13-20.49.34:320][  0]LogConfig: Setting CVar [[r.SkyAtmosphere.SampleCountMin:4.0]]
[2023.10.13-20.49.34:320][  0]LogConfig: Setting CVar [[r.SkyAtmosphere.SampleCountMax:128.0]]
[2023.10.13-20.49.34:320][  0]LogConfig: Setting CVar [[r.SkyAtmosphere.TransmittanceLUT.UseSmallFormat:0]]
[2023.10.13-20.49.34:320][  0]LogConfig: Setting CVar [[r.SkyAtmosphere.TransmittanceLUT.SampleCount:10.0]]
[2023.10.13-20.49.34:320][  0]LogConfig: Setting CVar [[r.SkyAtmosphere.MultiScatteringLUT.SampleCount:15.0]]
[2023.10.13-20.49.34:320][  0]LogConfig: Setting CVar [[r.SkyLight.RealTimeReflectionCapture:1]]
[2023.10.13-20.49.34:320][  0]LogConfig: Applying CVar settings from Section [FoliageQuality@3] File [D:/UnrealGame01/UnrealGame001/Saved/Config/Windows/Scalability.ini]
[2023.10.13-20.49.34:320][  0]LogConfig: Setting CVar [[foliage.DensityScale:1.0]]
[2023.10.13-20.49.34:320][  0]LogConfig: Setting CVar [[grass.DensityScale:1.0]]
[2023.10.13-20.49.34:320][  0]LogConfig: Applying CVar settings from Section [ShadingQuality@3] File [D:/UnrealGame01/UnrealGame001/Saved/Config/Windows/Scalability.ini]
[2023.10.13-20.49.34:320][  0]LogConfig: Setting CVar [[r.HairStrands.SkyLighting.IntegrationType:2]]
[2023.10.13-20.49.34:320][  0]LogConfig: Setting CVar [[r.HairStrands.SkyAO.SampleCount:4]]
[2023.10.13-20.49.34:320][  0]LogConfig: Setting CVar [[r.HairStrands.Visibility.MSAA.SamplePerPixel:4]]
[2023.10.13-20.49.34:320][  0]LogConfig: Applying CVar settings from Section [Startup] File [../../../Engine/Config/ConsoleVariables.ini]
[2023.10.13-20.49.34:321][  0]LogConfig: Setting CVar [[net.UseAdaptiveNetUpdateFrequency:0]]
[2023.10.13-20.49.34:321][  0]LogConfig: Setting CVar [[p.chaos.AllowCreatePhysxBodies:1]]
[2023.10.13-20.49.34:321][  0]LogConfig: Setting CVar [[fx.SkipVectorVMBackendOptimizations:1]]
[2023.10.13-20.49.34:321][  0]LogConfig: Applying CVar settings from Section [ConsoleVariables] File [D:/UnrealGame01/UnrealGame001/Saved/Config/Windows/Engine.ini]
[2023.10.13-20.49.34:321][  0]LogConfig: Applying CVar settings from Section [ConsoleVariables] File [D:/UnrealGame01/UnrealGame001/Saved/Config/Windows/Editor.ini]
[2023.10.13-20.49.34:322][  0]LogInit: Computer: MSI
[2023.10.13-20.49.34:322][  0]LogInit: User: MOON
[2023.10.13-20.49.34:322][  0]LogInit: CPU Page size=4096, Cores=8
[2023.10.13-20.49.34:322][  0]LogInit: High frequency timer resolution =10.000000 MHz
[2023.10.13-20.49.34:322][  0]LogMemory: Memory total: Physical=15.8GB (16GB approx)
[2023.10.13-20.49.34:322][  0]LogMemory: Platform Memory Stats for Windows
[2023.10.13-20.49.34:322][  0]LogMemory: Process Physical Memory: 148.29 MB used, 148.29 MB peak
[2023.10.13-20.49.34:322][  0]LogMemory: Process Virtual Memory: 129.18 MB used, 129.18 MB peak
[2023.10.13-20.49.34:322][  0]LogMemory: Physical Memory: 12296.94 MB used,  3856.47 MB free, 16153.41 MB total
[2023.10.13-20.49.34:322][  0]LogMemory: Virtual Memory: 134211512.00 MB used,  6217.96 MB free, 134217728.00 MB total
[2023.10.13-20.49.34:626][  0]LogWindows: WindowsPlatformFeatures enabled
[2023.10.13-20.49.34:844][  0]LogInit: Physics initialised using underlying interface: PhysX
[2023.10.13-20.49.34:845][  0]LogInit: Using OS detected language (en-US).
[2023.10.13-20.49.34:845][  0]LogInit: Using OS detected locale (en-US).
[2023.10.13-20.49.34:854][  0]LogTextLocalizationManager: No specific localization for 'en-US' exists, so the 'en' localization will be used.
[2023.10.13-20.49.35:133][  0]LogInit: Setting process to per monitor DPI aware
[2023.10.13-20.49.35:155][  0]LogWindowsTextInputMethodSystem: Display: IME system deactivated.
[2023.10.13-20.49.35:183][  0]LogSlate: New Slate User Created.  User Index 0, Is Virtual User: 0
[2023.10.13-20.49.35:183][  0]LogSlate: Slate User Registered.  User Index 0, Is Virtual User: 0
[2023.10.13-20.49.35:462][  0]LogD3D11RHI: Loaded GFSDK_Aftermath_Lib.x64.dll
[2023.10.13-20.49.35:472][  0]LogHMD: Failed to initialize OpenVR with code 110
[2023.10.13-20.49.35:472][  0]LogD3D11RHI: D3D11 min allowed feature level: 11_0
[2023.10.13-20.49.35:472][  0]LogD3D11RHI: D3D11 max allowed feature level: 11_0
[2023.10.13-20.49.35:472][  0]LogD3D11RHI: D3D11 adapters:
[2023.10.13-20.49.35:701][  0]LogD3D11RHI:    0. 'NVIDIA GeForce RTX 3080 Laptop GPU' (Feature Level 11_0)
[2023.10.13-20.49.35:701][  0]LogD3D11RHI:       16191/0/8076 MB DedicatedVideo/DedicatedSystem/SharedSystem, Outputs:1, VendorId:0x10de
[2023.10.13-20.49.35:710][  0]LogD3D11RHI:    1. 'Microsoft Basic Render Driver' (Feature Level 11_0)
[2023.10.13-20.49.35:711][  0]LogD3D11RHI:       0/0/8076 MB DedicatedVideo/DedicatedSystem/SharedSystem, Outputs:0, VendorId:0x1414
[2023.10.13-20.49.35:711][  0]LogD3D11RHI: Chosen D3D11 Adapter:
[2023.10.13-20.49.35:711][  0]LogD3D11RHI:     Description : NVIDIA GeForce RTX 3080 Laptop GPU
[2023.10.13-20.49.35:711][  0]LogD3D11RHI:     VendorId    : 10de
[2023.10.13-20.49.35:711][  0]LogD3D11RHI:     DeviceId    : 249c
[2023.10.13-20.49.35:711][  0]LogD3D11RHI:     SubSysId    : 13051462
[2023.10.13-20.49.35:711][  0]LogD3D11RHI:     Revision    : 00a1
[2023.10.13-20.49.35:711][  0]LogD3D11RHI:     DedicatedVideoMemory : 16977494016 bytes
[2023.10.13-20.49.35:711][  0]LogD3D11RHI:     DedicatedSystemMemory : 0 bytes
[2023.10.13-20.49.35:712][  0]LogD3D11RHI:     SharedSystemMemory : 8469037056 bytes
[2023.10.13-20.49.35:712][  0]LogD3D11RHI:     AdapterLuid : 0 70377
[2023.10.13-20.49.35:722][  0]LogD3D11RHI: Creating new Direct3DDevice
[2023.10.13-20.49.35:722][  0]LogD3D11RHI:     GPU DeviceId: 0x249c (for the marketing name, search the web for "GPU Device Id")
[2023.10.13-20.49.35:722][  0]LogWindows: EnumDisplayDevices:
[2023.10.13-20.49.35:722][  0]LogWindows:    0. 'NVIDIA GeForce RTX 3080 Laptop GPU' (P:1 D:1)
[2023.10.13-20.49.35:723][  0]LogWindows:    1. 'NVIDIA GeForce RTX 3080 Laptop GPU' (P:0 D:0)
[2023.10.13-20.49.35:724][  0]LogWindows:    2. 'NVIDIA GeForce RTX 3080 Laptop GPU' (P:0 D:0)
[2023.10.13-20.49.35:725][  0]LogWindows:    3. 'NVIDIA GeForce RTX 3080 Laptop GPU' (P:0 D:0)
[2023.10.13-20.49.35:725][  0]LogWindows: DebugString: FoundDriverCount:4 
[2023.10.13-20.49.35:725][  0]LogD3D11RHI:     Adapter Name: NVIDIA GeForce RTX 3080 Laptop GPU
[2023.10.13-20.49.35:725][  0]LogD3D11RHI:   Driver Version: 536.99 (internal:31.0.15.3699, unified:536.99)
[2023.10.13-20.49.35:725][  0]LogD3D11RHI:      Driver Date: 8-4-2023
[2023.10.13-20.49.35:725][  0]LogRHI: Texture pool is 11333 MB (70% of 16191 MB)
[2023.10.13-20.49.35:725][  0]LogD3D11RHI: Creating D3DDevice using adapter:
[2023.10.13-20.49.35:725][  0]LogD3D11RHI:     Description : NVIDIA GeForce RTX 3080 Laptop GPU
[2023.10.13-20.49.35:725][  0]LogD3D11RHI:     VendorId    : 10de
[2023.10.13-20.49.35:725][  0]LogD3D11RHI:     DeviceId    : 249c
[2023.10.13-20.49.35:726][  0]LogD3D11RHI:     SubSysId    : 13051462
[2023.10.13-20.49.35:726][  0]LogD3D11RHI:     Revision    : 00a1
[2023.10.13-20.49.35:726][  0]LogD3D11RHI:     DedicatedVideoMemory : 16977494016 bytes
[2023.10.13-20.49.35:726][  0]LogD3D11RHI:     DedicatedSystemMemory : 0 bytes
[2023.10.13-20.49.35:726][  0]LogD3D11RHI:     SharedSystemMemory : 8469037056 bytes
[2023.10.13-20.49.35:726][  0]LogD3D11RHI:     AdapterLuid : 0 70377
[2023.10.13-20.49.35:823][  0]LogD3D11RHI: RHI has support for 64 bit atomics
[2023.10.13-20.49.35:823][  0]LogD3D11RHI: Async texture creation enabled
[2023.10.13-20.49.35:824][  0]LogD3D11RHI: Array index from any shader is supported
[2023.10.13-20.49.35:837][  0]LogD3D11RHI: GPU Timing Frequency: 1000.000000 (Debug: 2 1)
[2023.10.13-20.49.35:919][  0]LogRHI: GeForceNow SDK initialized: 1
[2023.10.13-20.49.36:333][  0]LogTargetPlatformManager: Display: Loaded TargetPlatform 'AllDesktop'
[2023.10.13-20.49.36:359][  0]LogTargetPlatformManager: Display: Loaded TargetPlatform 'Android'
[2023.10.13-20.49.36:359][  0]LogTargetPlatformManager: Display: Loaded TargetPlatform 'Android_ASTC'
[2023.10.13-20.49.36:359][  0]LogTargetPlatformManager: Display: Loaded TargetPlatform 'Android_DXT'
[2023.10.13-20.49.36:359][  0]LogTargetPlatformManager: Display: Loaded TargetPlatform 'Android_ETC2'
[2023.10.13-20.49.36:359][  0]LogTargetPlatformManager: Display: Loaded TargetPlatform 'AndroidClient'
[2023.10.13-20.49.36:359][  0]LogTargetPlatformManager: Display: Loaded TargetPlatform 'Android_ASTCClient'
[2023.10.13-20.49.36:359][  0]LogTargetPlatformManager: Display: Loaded TargetPlatform 'Android_DXTClient'
[2023.10.13-20.49.36:359][  0]LogTargetPlatformManager: Display: Loaded TargetPlatform 'Android_ETC2Client'
[2023.10.13-20.49.36:359][  0]LogTargetPlatformManager: Display: Loaded TargetPlatform 'Android_Multi'
[2023.10.13-20.49.36:359][  0]LogTargetPlatformManager: Display: Loaded TargetPlatform 'Android_MultiClient'
[2023.10.13-20.49.36:401][  0]LogTargetPlatformManager: Display: Loaded TargetPlatform 'IOSClient'
[2023.10.13-20.49.36:401][  0]LogTargetPlatformManager: Display: Loaded TargetPlatform 'IOS'
[2023.10.13-20.49.36:415][  0]LogTargetPlatformManager: Display: Loaded TargetPlatform 'Linux'
[2023.10.13-20.49.36:428][  0]LogTargetPlatformManager: Display: Loaded TargetPlatform 'LinuxNoEditor'
[2023.10.13-20.49.36:438][  0]LogTargetPlatformManager: Display: Loaded TargetPlatform 'LinuxClient'
[2023.10.13-20.49.36:451][  0]LogTargetPlatformManager: Display: Loaded TargetPlatform 'LinuxServer'
[2023.10.13-20.49.36:466][  0]LogTargetPlatformManager: Display: Loaded TargetPlatform 'LinuxAArch64NoEditor'
[2023.10.13-20.49.36:476][  0]LogTargetPlatformManager: Display: Loaded TargetPlatform 'LinuxAArch64Client'
[2023.10.13-20.49.36:488][  0]LogTargetPlatformManager: Display: Loaded TargetPlatform 'LinuxAArch64Server'
[2023.10.13-20.49.36:514][  0]LogTargetPlatformManager: Display: Loaded TargetPlatform 'Lumin'
[2023.10.13-20.49.36:514][  0]LogTargetPlatformManager: Display: Loaded TargetPlatform 'LuminClient'
[2023.10.13-20.49.36:533][  0]LogTargetPlatformManager: Display: Loaded TargetPlatform 'MacNoEditor'
[2023.10.13-20.49.36:546][  0]LogTargetPlatformManager: Display: Loaded TargetPlatform 'Mac'
[2023.10.13-20.49.36:559][  0]LogTargetPlatformManager: Display: Loaded TargetPlatform 'MacClient'
[2023.10.13-20.49.36:573][  0]LogTargetPlatformManager: Display: Loaded TargetPlatform 'MacServer'
[2023.10.13-20.49.36:587][  0]LogTargetPlatformManager: Display: Loaded TargetPlatform 'TVOSClient'
[2023.10.13-20.49.36:587][  0]LogTargetPlatformManager: Display: Loaded TargetPlatform 'TVOS'
[2023.10.13-20.49.36:604][  0]LogTargetPlatformManager: Display: Loaded TargetPlatform 'WindowsNoEditor'
[2023.10.13-20.49.36:621][  0]LogTargetPlatformManager: Display: Loaded TargetPlatform 'Windows'
[2023.10.13-20.49.36:641][  0]LogTargetPlatformManager: Display: Loaded TargetPlatform 'WindowsClient'
[2023.10.13-20.49.36:658][  0]LogTargetPlatformManager: Display: Loaded TargetPlatform 'WindowsServer'
[2023.10.13-20.49.36:658][  0]LogTargetPlatformManager: Display: Building Assets For Windows
[2023.10.13-20.49.36:690][  0]LogAudioDebug: Display: Lib vorbis DLL was dynamically loaded.
[2023.10.13-20.49.36:806][  0]LogTextureFormatOodle: Display: Oodle Texture 2.9.0 init RDO Off
[2023.10.13-20.49.36:959][  0]LogRendererCore: Ray tracing is disabled. Reason: r.RayTracing=0.
[2023.10.13-20.49.36:959][  0]LogShaderCompilers: Guid format shader working directory is 16 characters bigger than the processId version (D:/UnrealGame01/UnrealGame001/Intermediate/Shaders/WorkingDirectory/38804/).
[2023.10.13-20.49.36:959][  0]LogShaderCompilers: Cleaned the shader compiler working directory 'C:/Users/ansdn/AppData/Local/Temp/UnrealShaderWorkingDir/804C75834E38C68AE8DDD18830D3AED3/'.
[2023.10.13-20.49.36:960][  0]LogXGEController: Cannot use XGE Controller as Incredibuild is not installed on this machine.
[2023.10.13-20.49.36:960][  0]LogShaderCompilers: Cannot use XGE Shader Compiler as Incredibuild is not installed on this machine.
[2023.10.13-20.49.36:960][  0]LogShaderCompilers: Display: Using Local Shader Compiler.
[2023.10.13-20.49.37:697][  0]LogDerivedDataCache: Display: Max Cache Size: 512 MB
[2023.10.13-20.49.37:783][  0]LogDerivedDataCache: Loaded boot cache 0.09s 94MB C:/Users/ansdn/AppData/Local/UnrealEngine/4.27/DerivedDataCache/Boot.ddc.
[2023.10.13-20.49.37:783][  0]LogDerivedDataCache: Display: Loaded Boot cache: C:/Users/ansdn/AppData/Local/UnrealEngine/4.27/DerivedDataCache/Boot.ddc
[2023.10.13-20.49.37:784][  0]LogDerivedDataCache: FDerivedDataBackendGraph:  Pak pak cache file D:/UnrealGame01/UnrealGame001/DerivedDataCache/DDC.ddp not found, will not use a pak cache.
[2023.10.13-20.49.37:784][  0]LogDerivedDataCache: Unable to find inner node Pak for hierarchical cache Hierarchy.
[2023.10.13-20.49.37:784][  0]LogDerivedDataCache: FDerivedDataBackendGraph:  CompressedPak pak cache file D:/UnrealGame01/UnrealGame001/DerivedDataCache/Compressed.ddp not found, will not use a pak cache.
[2023.10.13-20.49.37:784][  0]LogDerivedDataCache: Unable to find inner node CompressedPak for hierarchical cache Hierarchy.
[2023.10.13-20.49.37:799][  0]LogDerivedDataCache: Display: Pak cache opened for reading ../../../Engine/DerivedDataCache/Compressed.ddp.
[2023.10.13-20.49.37:799][  0]LogDerivedDataCache: FDerivedDataBackendGraph:  EnterprisePak pak cache file ../../../Enterprise/DerivedDataCache/Compressed.ddp not found, will not use a pak cache.
[2023.10.13-20.49.37:799][  0]LogDerivedDataCache: Unable to find inner node EnterprisePak for hierarchical cache Hierarchy.
[2023.10.13-20.49.37:816][  0]LogDerivedDataCache: Speed tests for C:/Users/ansdn/AppData/Local/UnrealEngine/Common/DerivedDataCache took 0.02 seconds
[2023.10.13-20.49.37:817][  0]LogDerivedDataCache: Display: Performance to C:/Users/ansdn/AppData/Local/UnrealEngine/Common/DerivedDataCache: Latency=0.18ms. RandomReadSpeed=239.17MBs, RandomWriteSpeed=85.54MBs. Assigned SpeedClass 'Local'
[2023.10.13-20.49.37:819][  0]LogDerivedDataCache: Using Local data cache path C:/Users/ansdn/AppData/Local/UnrealEngine/Common/DerivedDataCache: Writable
[2023.10.13-20.49.37:820][  0]LogDerivedDataCache: Shared data cache path not found in *engine.ini, will not use an Shared cache.
[2023.10.13-20.49.37:820][  0]LogDerivedDataCache: Unable to find inner node Shared for hierarchical cache Hierarchy.
[2023.10.13-20.49.37:857][  0]LogSlate: Using FreeType 2.10.0
[2023.10.13-20.49.37:859][  0]LogSlate: SlateFontServices - WITH_FREETYPE: 1, WITH_HARFBUZZ: 1
[2023.10.13-20.49.37:895][  0]LogAssetRegistry: FAssetRegistry took 0.0045 seconds to start up
[2023.10.13-20.49.38:087][  0]LogInit: Selected Device Profile: [Windows]
[2023.10.13-20.49.38:087][  0]LogInit: Active device profile: [000001B82F5A7500][000001B82E18CA00 49] Windows
[2023.10.13-20.49.38:087][  0]LogInit: Profiles: [000001B82F5A7500][000001B82E18CA00 49] Windows, [000001B830978D00][000001B830426B80 49] WindowsNoEditor, [000001B82F5A4C00][000001B83042AD00 49] WindowsServer, [000001B83097B400][000001B83042EE80 49] WindowsClient, [000001B82F5A7300][000001B830433000 49] IOS, [000001B830979200][000001B830437180 49] iPadAir, [000001B82F5A5100][000001B83043B300 49] iPadAir2, [000001B830924500][000001B8304435C0 49] IPadPro, [000001B830924600][000001B83043F600 49] iPadAir3, [000001B82F5A6E00][000001B830447780 49] iPadAir4, [000001B830927300][000001B83044B900 49] iPadMini2, [000001B82F5A5300][000001B83044FA80 49] iPadMini3, [000001B830925700][000001B830453C00 49] iPadMini4, [000001B82F5A6A00][000001B830456200 49] iPadMini5, [000001B83091BD00][000001B83045E4C0 49] iPhone6, [000001B83091BE00][000001B83045A500 49] iPodTouch6, [000001B830926D00][000001B830462740 49] iPhone7, [000001B830926C00][000001B82121C780 49] iPodTouch7, [000001B830919000][000001B8304668C0 49] iPhone5S, [000001B830926400][000001B83046EA40 49] iPhone6Plus, [000001B83091AE00][000001B830472BC0 49] iPhone6S, [000001B830926900][000001B830476D40 49] iPhone6SPlus, [000001B830919500][000001B83047AEC0 49] iPhone7Plus, [000001B830925F00][000001B83047F040 49] iPhoneSE, [000001B83091A900][000001B8304831C0 49] iPhone8, [000001B830925000][000001B830487340 49] iPhone8Plus, [000001B830919A00][000001B83048B4C0 49] iPhoneX, [000001B830924800][000001B83048F640 49] iPhoneXS, [000001B83091B000][000001B8304937C0 49] iPhoneXSMax, [000001B830927200][000001B830497940 49] iPhoneXR, [000001B83091BA00][000001B83049BAC0 49] iPhone11, [000001B830927B00][000001B83049E0C0 49] iPhone11Pro, [000001B83091AA00][000001B8304A2240 49] iPhone11ProMax, [000001B830927600][000001B8304A63C0 49] iPhoneSE2, [000001B830918F00][000001B8304AA540 49] iPhone12Mini, [000001B830925500][000001B8304AE6C0 49] iPhone12, [000001B830919200][000001B83046A800 49] iPhone12Pro, [000001B830924D00][000001B8304B2940 49] iPhone12ProMax, [000001B830919900][000001B8304B6A80 49] iPadPro105, [000001B830924E00][000001B8304BABC0 49] iPadPro129, [000001B83091A100][000001B8304C2D40 49] iPadPro97, [000001B830925800][000001B8304C6EC0 49] iPadPro2_129, [000001B83091A000][000001B8304CB040 49] iPad5, [000001B830924C00][000001B8304CF1C0 49] iPad6, [000001B830919E00][000001B8304D3340 49] iPad7, [000001B830926F00][000001B8304D74C0 49] iPad8, [000001B83091AC00][000001B8304DB640 49] iPadPro11, [000001B830926700][000001B8304DF7C0 49] iPadPro2_11, [000001B830918B00][000001B8304E3940 49] iPadPro3_129, [000001B830926800][000001B8304E7AC0 49] iPadPro4_129, [000001B83091BB00][000001B8304EA0C0 49] AppleTV, [000001B830924300][000001B8304EE240 49] AppleTV4K, [000001B830919400][000001B8304F23C0 49] TVOS, [000001B830927800][000001B8304F6540 49] Mac, [000001B83091B700][000001B8304FA6C0 49] MacClient, [000001B830927000][000001B8304FE840 49] MacNoEditor, [000001B830918100][000001B8304BE980 49] MacServer, [000001B830924700][000001B830502AC0 49] Linux, [000001B830918300][000001B830506C00 49] LinuxAArch64, [000001B830927400][000001B83050AD40 49] LinuxNoEditor, [000001B83091A700][000001B830512EC0 49] LinuxAArch64NoEditor, [000001B830925900][000001B830517040 49] LinuxClient, [000001B83091A200][000001B83051B1C0 49] LinuxAArch64Client, [000001B830925C00][000001B83051F340 49] LinuxServer, [000001B83097A700][000001B8305234C0 49] LinuxAArch64Server, [000001B82F5EC900][000001B830527640 49] Android, [000001B83097B500][000001B83052B7C0 49] Android_Low, [000001B82F5EE400][000001B83052F940 49] Android_Mid, [000001B83097A400][000001B830533AC0 49] Android_High, [000001B82F5ECC00][000001B8305360C0 49] Android_Default, [000001B830978900][000001B83053A240 49] Android_Adreno4xx, [000001B82F5EDB00][000001B83053E3C0 49] Android_Adreno5xx_Low, [000001B83097A100][000001B830542540 49] Android_Adreno5xx, [000001B82F5EC300][000001B8305466C0 49] Android_Adreno6xx, [000001B830979600][000001B83054A840 49] Android_Adreno6xx_Vulkan, [000001B82F5ED400][000001B83054E9C0 49] Android_Mali_T6xx, [000001B83097A800][000001B830552B40 49] Android_Mali_T7xx, [000001B82F5EDF00][000001B83050EC80 49] Android_Mali_T8xx, [000001B830978300][000001B830556DC0 49] Android_Mali_G71, [000001B82F5ECE00][000001B83055AF00 49] Android_Mali_G72, [000001B830978200][000001B830563080 49] Android_Mali_G72_Vulkan, [000001B82F5ED000][000001B830567200 49] Android_Mali_G76, [000001B830978600][000001B83056B380 49] Android_Mali_G76_Vulkan, [000001B82F5ECB00][000001B83056F500 49] Android_Mali_G77, [000001B830979700][000001B830573680 49] Android_Mali_G77_Vulkan, [000001B82F5ED500][000001B830577800 49] Android_Mali_G78, [000001B83097A900][000001B83057B980 49] Android_Mali_G78_Vulkan, [000001B82F5ECD00][000001B83057FB00 49] Android_Mali_G710, [000001B830978A00][000001B830582100 49] Android_Mali_G710_Vulkan, [000001B82F5EC100][000001B830586280 49] Android_Vulkan_SM5, [000001B830926500][000001B83058A400 49] Android_PowerVR_G6xxx, [000001B83091B500][000001B83058E580 49] Android_PowerVR_GT7xxx, [000001B830926000][000001B830592700 49] Android_PowerVR_GE8xxx, [000001B830918700][000001B830596880 49] Android_PowerVR_GM9xxx, [000001B830926300][000001B83059AA00 49] Android_PowerVR_GM9xxx_Vulkan, [000001B83091A600][000001B8315B0B80 49] Android_TegraK1, [000001B830927A00][000001B8315B4D00 49] Android_Unknown_Vulkan, [000001B83091A800][000001B83055EE40 49] Lumin, [000001B830927E00][000001B8315B8F80 49] Lumin_Desktop, [000001B830919100][000001B8315BD0C0 49] HoloLens, 
[2023.10.13-20.49.38:284][  0]LogMeshReduction: Using QuadricMeshReduction for automatic static mesh reduction
[2023.10.13-20.49.38:284][  0]LogMeshReduction: Using SimplygonMeshReduction for automatic skeletal mesh reduction
[2023.10.13-20.49.38:284][  0]LogMeshReduction: Using ProxyLODMeshReduction for automatic mesh merging
[2023.10.13-20.49.38:285][  0]LogMeshReduction: No distributed automatic mesh merging module available
[2023.10.13-20.49.38:285][  0]LogMeshMerging: No distributed automatic mesh merging module available
[2023.10.13-20.49.38:313][  0]LogNetVersion: UnrealGame001 1.0.0, NetCL: 17155196, EngineNetVer: 17, GameNetVer: 0 (Checksum: 1156378723)
[2023.10.13-20.49.38:721][  0]LogTexture: Default maximum texture size for cubemaps generated from long-lat sources has been changed from 512 to unlimited. In order to preserve old behaiour for '/Engine/MapTemplates/Sky/DaylightAmbientCubemap.DaylightAmbientCubemap', its maximum texture size has been explicitly set to 512.
[2023.10.13-20.49.38:776][  0]LogHMD: PokeAHoleMaterial loaded successfully
[2023.10.13-20.49.38:782][  0]LogUObjectArray: 17178 objects as part of root set at end of initial load.
[2023.10.13-20.49.38:782][  0]LogUObjectAllocator: 4302048 out of 0 bytes used by permanent object pool.
[2023.10.13-20.49.38:782][  0]LogUObjectArray: CloseDisregardForGC: 0/0 objects in disregard for GC pool
[2023.10.13-20.49.39:742][  0]LogNiagaraDebuggerClient: Niagara Debugger Client Initialized | Session: 429ECA6E49DBE60B2E83AD839B6D2202 | Instance: 2328CD6146EBE4A6C1E24FAC5E2F4C12 (MSI-38804).
[2023.10.13-20.49.39:853][  0]LogPython: Using Python 3.7.7
[2023.10.13-20.49.40:356][  0]LogUdpMessaging: Initializing bridge on interface 0.0.0.0:0 to multicast group 230.0.0.1:6666.
[2023.10.13-20.49.40:374][  0]LogTcpMessaging: Initializing TcpMessaging bridge
[2023.10.13-20.49.41:763][  0]LogOpenImageDenoise: OIDN starting up
[2023.10.13-20.49.41:866][  0]SourceControl: Source control is disabled
[2023.10.13-20.49.41:866][  0]SourceControl: Source control is disabled
[2023.10.13-20.49.41:887][  0]SourceControl: Source control is disabled
[2023.10.13-20.49.41:905][  0]SourceControl: Source control is disabled
[2023.10.13-20.49.41:936][  0]SourceControl: Source control is disabled
[2023.10.13-20.49.41:957][  0]LogUProjectInfo: Found projects:
[2023.10.13-20.49.42:075][  0]LogAndroidPermission: UAndroidPermissionCallbackProxy::GetInstance
[2023.10.13-20.49.42:114][  0]LogAudioCaptureCore: Display: No Audio Capture implementations found. Audio input will be silent.
[2023.10.13-20.49.42:114][  0]LogAudioCaptureCore: Display: No Audio Capture implementations found. Audio input will be silent.
[2023.10.13-20.49.42:448][  0]LogCollectionManager: Loaded 0 collections in 0.001619 seconds
[2023.10.13-20.49.42:507][  0]LogFileCache: Scanning file cache for directory 'D:/UnrealGame01/UnrealGame001/Saved/Collections/' took 0.00s
[2023.10.13-20.49.42:507][  0]LogFileCache: Scanning file cache for directory 'D:/UnrealGame01/UnrealGame001/Content/Developers/MOON/Collections/' took 0.00s
[2023.10.13-20.49.42:507][  0]LogFileCache: Scanning file cache for directory 'D:/UnrealGame01/UnrealGame001/Content/Collections/' took 0.00s
[2023.10.13-20.49.42:507][  0]LogOcInput: OculusInput pre-init called
[2023.10.13-20.49.42:840][  0]LogEngine: Initializing Engine...
[2023.10.13-20.49.42:865][  0]LogHMD: Failed to enumerate extensions. Please check that you have a valid OpenXR runtime installed.
[2023.10.13-20.49.42:865][  0]LogHMD: Failed to initialize OpenVR with code 110
[2023.10.13-20.49.42:866][  0]LogMagicLeap: Warning: VR disabled because ZI is not enabled.  To enable, in the editor, Edit -> Project Settings -> Plugins -> Magic Leap Plugin -> Enable Zero Iteration
[2023.10.13-20.49.42:868][  0]LogStats: UGameplayTagsManager::InitializeManager -  0.001 s
[2023.10.13-20.49.42:980][  0]LogInit: Initializing FReadOnlyCVARCache
[2023.10.13-20.49.43:003][  0]LogAIModule: Creating AISystem for world Untitled
[2023.10.13-20.49.43:005][  0]LogAudio: Display: Initializing Audio Device Manager...
[2023.10.13-20.49.43:018][  0]LogAudio: Display: Loading Default Audio Settings Objects...
[2023.10.13-20.49.43:019][  0]LogAudio: Display: No default SoundConcurrencyObject specified (or failed to load).
[2023.10.13-20.49.43:019][  0]LogAudio: Display: Audio Device Manager Initialized
[2023.10.13-20.49.43:020][  0]LogAudio: Display: Creating Audio Device:                 Id: 1, Scope: Shared, Realtime: True
[2023.10.13-20.49.43:020][  0]LogAudioMixer: Display: Audio Mixer Platform Settings:
[2023.10.13-20.49.43:020][  0]LogAudioMixer: Display: 	Sample Rate:						  48000
[2023.10.13-20.49.43:020][  0]LogAudioMixer: Display: 	Callback Buffer Frame Size Requested: 1024
[2023.10.13-20.49.43:020][  0]LogAudioMixer: Display: 	Callback Buffer Frame Size To Use:	  1024
[2023.10.13-20.49.43:020][  0]LogAudioMixer: Display: 	Number of buffers to queue:			  2
[2023.10.13-20.49.43:020][  0]LogAudioMixer: Display: 	Max Channels (voices):				  32
[2023.10.13-20.49.43:020][  0]LogAudioMixer: Display: 	Number of Async Source Workers:		  0
[2023.10.13-20.49.43:020][  0]LogAudio: Display: AudioDevice MaxSources: 32
[2023.10.13-20.49.43:020][  0]LogAudio: Display: Audio Spatialization Plugin: None (built-in).
[2023.10.13-20.49.43:021][  0]LogAudio: Display: Audio Reverb Plugin: None (built-in).
[2023.10.13-20.49.43:021][  0]LogAudio: Display: Audio Occlusion Plugin: None (built-in).
[2023.10.13-20.49.43:021][  0]LogAudioMixer: Display: Initializing audio mixer.
[2023.10.13-20.49.43:117][  0]LogAudioMixer: Display: 0: FrontLeft
[2023.10.13-20.49.43:117][  0]LogAudioMixer: Display: 1: FrontRight
[2023.10.13-20.49.43:146][  0]LogAudioMixer: Display: Using Audio Device 헤드폰 (WH-XB910N)
[2023.10.13-20.49.43:148][  0]LogAudioMixer: Display: Initializing Sound Submixes...
[2023.10.13-20.49.43:153][  0]LogAudioMixer: Display: Creating Master Submix 'MasterSubmixDefault'
[2023.10.13-20.49.43:153][  0]LogAudioMixer: Display: Creating Master Submix 'MasterReverbSubmixDefault'
[2023.10.13-20.49.43:154][  0]LogAudioMixer: Display: Creating Master Submix 'MasterEQSubmixDefault'
[2023.10.13-20.49.43:154][  0]LogAudioMixer: FMixerPlatformXAudio2::StartAudioStream() called
[2023.10.13-20.49.43:154][  0]LogAudioMixer: Display: Output buffers initialized: Frames=1024, Channels=2, Samples=2048
[2023.10.13-20.49.43:156][  0]LogAudioMixer: Display: Starting AudioMixerPlatformInterface::RunInternal()
[2023.10.13-20.49.43:156][  0]LogAudioMixer: Display: FMixerPlatformXAudio2::SubmitBuffer() called for the first time
[2023.10.13-20.49.43:156][  0]LogInit: FAudioDevice initialized.
[2023.10.13-20.49.43:156][  0]LogAudio: Display: Audio Device (ID: 1) registered with world 'Untitled'.
[2023.10.13-20.49.43:156][  0]LogNetVersion: Set ProjectVersion to 1.0.0.0. Version Checksum will be recalculated on next use.
[2023.10.13-20.49.43:206][  0]LogDerivedDataCache: Saved boot cache 0.05s 94MB C:/Users/ansdn/AppData/Local/UnrealEngine/4.27/DerivedDataCache/Boot.ddc.
[2023.10.13-20.49.43:207][  0]LogInit: Texture streaming: Enabled
[2023.10.13-20.49.43:252][  0]LogAnalytics: Display: [UEEditor.Rocket.Release] APIServer = https://datarouter.ol.epicgames.com/. AppVersion = 4.27.2-18319896+++UE4+Release-4.27
[2023.10.13-20.49.43:270][  0]LogEngineSessionManager: EngineSessionManager initialized
[2023.10.13-20.49.43:270][  0]LogEditorSessionSummary: Verbose: Initializing EditorSessionSummaryWriter for editor session tracking
[2023.10.13-20.49.43:276][  0]LogEditorSessionSummary: EditorSessionSummaryWriter initialized
[2023.10.13-20.49.43:342][  0]LogInit: Transaction tracking system initialized
[2023.10.13-20.49.43:438][  0]BlueprintLog: New page: Editor Load
[2023.10.13-20.49.43:678][  0]LocalizationService: Localization service is disabled
[2023.10.13-20.49.43:781][  0]TimingProfiler: Initialize
[2023.10.13-20.49.43:783][  0]TimingProfiler: OnSessionChanged
[2023.10.13-20.49.43:784][  0]LoadingProfiler: Initialize
[2023.10.13-20.49.43:784][  0]LoadingProfiler: OnSessionChanged
[2023.10.13-20.49.43:784][  0]NetworkingProfiler: Initialize
[2023.10.13-20.49.43:785][  0]NetworkingProfiler: OnSessionChanged
[2023.10.13-20.49.43:785][  0]MemoryProfiler: Initialize
[2023.10.13-20.49.43:785][  0]MemoryProfiler: OnSessionChanged
[2023.10.13-20.49.44:103][  0]LogCook: Display: CookSettings for Memory: MemoryMaxUsedVirtual 0MiB, MemoryMaxUsedPhysical 16384MiB, MemoryMinFreeVirtual 0MiB, MemoryMinFreePhysical 1024MiB
[2023.10.13-20.49.44:103][  0]LogCook: Display: Mobile HDR setting 1
[2023.10.13-20.49.44:124][  0]LogFileCache: Scanning file cache for directory 'D:/UnrealGame01/UnrealGame001/Content/' took 0.01s
[2023.10.13-20.49.44:939][  0]LogInit: Display: Engine is initialized. Leaving FEngineLoop::Init()
[2023.10.13-20.49.44:947][  0]SourceControl: Source control is disabled
[2023.10.13-20.49.44:948][  0]LogUnrealEdMisc: Loading editor; pre map load, took 13.203
[2023.10.13-20.49.44:948][  0]Cmd: MAP LOAD FILE="../../../Engine/Content/Maps/Templates/Template_Default.umap" TEMPLATE=1 SHOWPROGRESS=1 FEATURELEVEL=3
[2023.10.13-20.49.44:949][  0]LightingResults: New page: Lighting Build
[2023.10.13-20.49.44:951][  0]LogWorld: UWorld::CleanupWorld for Untitled, bSessionEnded=true, bCleanupResources=true
[2023.10.13-20.49.44:951][  0]LogSlate: InvalidateAllWidgets triggered.  All widgets were invalidated
[2023.10.13-20.49.44:951][  0]MapCheck: New page: Map Check
[2023.10.13-20.49.44:951][  0]LightingResults: New page: Lighting Build
[2023.10.13-20.49.44:955][  0]LogAudio: Display: Audio Device unregistered from world 'None'.
[2023.10.13-20.49.44:959][  0]LogUObjectHash: Compacting FUObjectHashTables data took   0.58ms
[2023.10.13-20.49.45:010][  0]LogAudio: Display: Audio Device (ID: 1) registered with world 'Untitled_1'.
[2023.10.13-20.49.45:011][  0]LogAIModule: Creating AISystem for world Untitled_1
[2023.10.13-20.49.45:015][  0]LogEditorServer: Finished looking for orphan Actors (0.000 secs)
[2023.10.13-20.49.45:030][  0]LogUObjectHash: Compacting FUObjectHashTables data took   0.64ms
[2023.10.13-20.49.45:030][  0]Cmd: MAP CHECKDEP NOCLEARLOG
[2023.10.13-20.49.45:030][  0]MapCheck: Map check complete: 0 Error(s), 0 Warning(s), took 0.091ms to complete.
[2023.10.13-20.49.45:031][  0]LogFileHelpers: Loading map 'Template_Default' took 0.083
[2023.10.13-20.49.45:035][  0]LogUnrealEdMisc: Total Editor Startup Time, took 13.290
[2023.10.13-20.49.45:120][  0]LogWindowsTextInputMethodSystem: Display: IME system activated using TSF (Microsoft IME).
[2023.10.13-20.49.45:176][  0]LogSlate: Updating window title bar state: overlay mode, drag disabled, window buttons hidden, title bar hidden
[2023.10.13-20.49.45:181][  0]LogSlate: Updating window title bar state: overlay mode, drag disabled, window buttons hidden, title bar hidden
[2023.10.13-20.49.45:186][  0]LogSlate: Updating window title bar state: overlay mode, drag disabled, window buttons hidden, title bar hidden
[2023.10.13-20.49.45:191][  0]LogSlate: Updating window title bar state: overlay mode, drag disabled, window buttons hidden, title bar hidden
[2023.10.13-20.49.45:208][  0]LogNativeClassHierarchy: Verbose: Native class hierarchy populated in 0.0078 seconds. Added 3831 classes and 935 folders.
[2023.10.13-20.49.45:212][  0]LogNativeClassHierarchy: Verbose: Native class hierarchy updated for 'WidgetCarousel' in 0.0002 seconds. Added 0 classes and 0 folders.
[2023.10.13-20.49.45:217][  0]LogPakFile: PakFile PrimaryIndexSize=187
[2023.10.13-20.49.45:217][  0]LogPakFile: PakFile PathHashIndexSize=101
[2023.10.13-20.49.45:217][  0]LogPakFile: PakFile FullDirectoryIndexSize=148
[2023.10.13-20.49.45:218][  0]LogShaderLibrary: Display: ShaderCodeLibraryPakFileMountedCallback: PakFile 'C:/Program Files/Epic Games/UE_4.27/FeaturePacks/FP_FirstPerson.upack' (chunk index -1, root 'root:/') mounted
[2023.10.13-20.49.45:218][  0]LogShaderLibrary: Display: ShaderCodeLibraryPakFileMountedCallback: pending pak file info (ChunkID:-1 Root:root:/ File:C:/Program Files/Epic Games/UE_4.27/FeaturePacks/FP_FirstPerson.upack)
[2023.10.13-20.49.45:218][  0]LogPakFile: OnPakFileMounted2Time == 0.000655
[2023.10.13-20.49.45:220][  0]LogPakFile: PakFile PrimaryIndexSize=189
[2023.10.13-20.49.45:220][  0]LogPakFile: PakFile PathHashIndexSize=101
[2023.10.13-20.49.45:220][  0]LogPakFile: PakFile FullDirectoryIndexSize=152
[2023.10.13-20.49.45:220][  0]LogShaderLibrary: Display: ShaderCodeLibraryPakFileMountedCallback: PakFile 'C:/Program Files/Epic Games/UE_4.27/FeaturePacks/FP_FirstPersonBP.upack' (chunk index -1, root 'root:/') mounted
[2023.10.13-20.49.45:220][  0]LogShaderLibrary: Display: ShaderCodeLibraryPakFileMountedCallback: pending pak file info (ChunkID:-1 Root:root:/ File:C:/Program Files/Epic Games/UE_4.27/FeaturePacks/FP_FirstPersonBP.upack)
[2023.10.13-20.49.45:221][  0]LogPakFile: OnPakFileMounted2Time == 0.000261
[2023.10.13-20.49.45:222][  0]LogPakFile: PakFile PrimaryIndexSize=191
[2023.10.13-20.49.45:222][  0]LogPakFile: PakFile PathHashIndexSize=101
[2023.10.13-20.49.45:222][  0]LogPakFile: PakFile FullDirectoryIndexSize=160
[2023.10.13-20.49.45:222][  0]LogShaderLibrary: Display: ShaderCodeLibraryPakFileMountedCallback: PakFile 'C:/Program Files/Epic Games/UE_4.27/FeaturePacks/MobileStarterContent.upack' (chunk index -1, root 'root:/') mounted
[2023.10.13-20.49.45:222][  0]LogShaderLibrary: Display: ShaderCodeLibraryPakFileMountedCallback: pending pak file info (ChunkID:-1 Root:root:/ File:C:/Program Files/Epic Games/UE_4.27/FeaturePacks/MobileStarterContent.upack)
[2023.10.13-20.49.45:222][  0]LogPakFile: OnPakFileMounted2Time == 0.000122
[2023.10.13-20.49.45:223][  0]LogPakFile: PakFile PrimaryIndexSize=185
[2023.10.13-20.49.45:223][  0]LogPakFile: PakFile PathHashIndexSize=101
[2023.10.13-20.49.45:223][  0]LogPakFile: PakFile FullDirectoryIndexSize=148
[2023.10.13-20.49.45:223][  0]LogShaderLibrary: Display: ShaderCodeLibraryPakFileMountedCallback: PakFile 'C:/Program Files/Epic Games/UE_4.27/FeaturePacks/StarterContent.upack' (chunk index -1, root 'root:/') mounted
[2023.10.13-20.49.45:223][  0]LogShaderLibrary: Display: ShaderCodeLibraryPakFileMountedCallback: pending pak file info (ChunkID:-1 Root:root:/ File:C:/Program Files/Epic Games/UE_4.27/FeaturePacks/StarterContent.upack)
[2023.10.13-20.49.45:223][  0]LogPakFile: OnPakFileMounted2Time == 0.000120
[2023.10.13-20.49.45:224][  0]LogPakFile: PakFile PrimaryIndexSize=190
[2023.10.13-20.49.45:224][  0]LogPakFile: PakFile PathHashIndexSize=101
[2023.10.13-20.49.45:224][  0]LogPakFile: PakFile FullDirectoryIndexSize=154
[2023.10.13-20.49.45:224][  0]LogShaderLibrary: Display: ShaderCodeLibraryPakFileMountedCallback: PakFile 'C:/Program Files/Epic Games/UE_4.27/FeaturePacks/TP_2DSideScroller.upack' (chunk index -1, root 'root:/') mounted
[2023.10.13-20.49.45:225][  0]LogShaderLibrary: Display: ShaderCodeLibraryPakFileMountedCallback: pending pak file info (ChunkID:-1 Root:root:/ File:C:/Program Files/Epic Games/UE_4.27/FeaturePacks/TP_2DSideScroller.upack)
[2023.10.13-20.49.45:225][  0]LogPakFile: OnPakFileMounted2Time == 0.000141
[2023.10.13-20.49.45:226][  0]LogPakFile: PakFile PrimaryIndexSize=192
[2023.10.13-20.49.45:226][  0]LogPakFile: PakFile PathHashIndexSize=101
[2023.10.13-20.49.45:226][  0]LogPakFile: PakFile FullDirectoryIndexSize=158
[2023.10.13-20.49.45:226][  0]LogShaderLibrary: Display: ShaderCodeLibraryPakFileMountedCallback: PakFile 'C:/Program Files/Epic Games/UE_4.27/FeaturePacks/TP_2DSideScrollerBP.upack' (chunk index -1, root 'root:/') mounted
[2023.10.13-20.49.45:226][  0]LogShaderLibrary: Display: ShaderCodeLibraryPakFileMountedCallback: pending pak file info (ChunkID:-1 Root:root:/ File:C:/Program Files/Epic Games/UE_4.27/FeaturePacks/TP_2DSideScrollerBP.upack)
[2023.10.13-20.49.45:226][  0]LogPakFile: OnPakFileMounted2Time == 0.000139
[2023.10.13-20.49.45:227][  0]LogPakFile: PakFile PrimaryIndexSize=182
[2023.10.13-20.49.45:227][  0]LogPakFile: PakFile PathHashIndexSize=101
[2023.10.13-20.49.45:227][  0]LogPakFile: PakFile FullDirectoryIndexSize=138
[2023.10.13-20.49.45:227][  0]LogShaderLibrary: Display: ShaderCodeLibraryPakFileMountedCallback: PakFile 'C:/Program Files/Epic Games/UE_4.27/FeaturePacks/TP_Flying.upack' (chunk index -1, root 'root:/') mounted
[2023.10.13-20.49.45:227][  0]LogShaderLibrary: Display: ShaderCodeLibraryPakFileMountedCallback: pending pak file info (ChunkID:-1 Root:root:/ File:C:/Program Files/Epic Games/UE_4.27/FeaturePacks/TP_Flying.upack)
[2023.10.13-20.49.45:227][  0]LogPakFile: OnPakFileMounted2Time == 0.000151
[2023.10.13-20.49.45:229][  0]LogPakFile: PakFile PrimaryIndexSize=184
[2023.10.13-20.49.45:229][  0]LogPakFile: PakFile PathHashIndexSize=101
[2023.10.13-20.49.45:229][  0]LogPakFile: PakFile FullDirectoryIndexSize=142
[2023.10.13-20.49.45:229][  0]LogShaderLibrary: Display: ShaderCodeLibraryPakFileMountedCallback: PakFile 'C:/Program Files/Epic Games/UE_4.27/FeaturePacks/TP_FlyingBP.upack' (chunk index -1, root 'root:/') mounted
[2023.10.13-20.49.45:229][  0]LogShaderLibrary: Display: ShaderCodeLibraryPakFileMountedCallback: pending pak file info (ChunkID:-1 Root:root:/ File:C:/Program Files/Epic Games/UE_4.27/FeaturePacks/TP_FlyingBP.upack)
[2023.10.13-20.49.45:229][  0]LogPakFile: OnPakFileMounted2Time == 0.000147
[2023.10.13-20.49.45:230][  0]LogPakFile: PakFile PrimaryIndexSize=188
[2023.10.13-20.49.45:230][  0]LogPakFile: PakFile PathHashIndexSize=101
[2023.10.13-20.49.45:230][  0]LogPakFile: PakFile FullDirectoryIndexSize=150
[2023.10.13-20.49.45:230][  0]LogShaderLibrary: Display: ShaderCodeLibraryPakFileMountedCallback: PakFile 'C:/Program Files/Epic Games/UE_4.27/FeaturePacks/TP_HandheldARBP.upack' (chunk index -1, root 'root:/') mounted
[2023.10.13-20.49.45:230][  0]LogShaderLibrary: Display: ShaderCodeLibraryPakFileMountedCallback: pending pak file info (ChunkID:-1 Root:root:/ File:C:/Program Files/Epic Games/UE_4.27/FeaturePacks/TP_HandheldARBP.upack)
[2023.10.13-20.49.45:230][  0]LogPakFile: OnPakFileMounted2Time == 0.000137
[2023.10.13-20.49.45:232][  0]LogPakFile: PakFile PrimaryIndexSize=182
[2023.10.13-20.49.45:232][  0]LogPakFile: PakFile PathHashIndexSize=101
[2023.10.13-20.49.45:232][  0]LogPakFile: PakFile FullDirectoryIndexSize=138
[2023.10.13-20.49.45:232][  0]LogShaderLibrary: Display: ShaderCodeLibraryPakFileMountedCallback: PakFile 'C:/Program Files/Epic Games/UE_4.27/FeaturePacks/TP_Puzzle.upack' (chunk index -1, root 'root:/') mounted
[2023.10.13-20.49.45:232][  0]LogShaderLibrary: Display: ShaderCodeLibraryPakFileMountedCallback: pending pak file info (ChunkID:-1 Root:root:/ File:C:/Program Files/Epic Games/UE_4.27/FeaturePacks/TP_Puzzle.upack)
[2023.10.13-20.49.45:232][  0]LogPakFile: OnPakFileMounted2Time == 0.000143
[2023.10.13-20.49.45:233][  0]LogPakFile: PakFile PrimaryIndexSize=184
[2023.10.13-20.49.45:233][  0]LogPakFile: PakFile PathHashIndexSize=101
[2023.10.13-20.49.45:233][  0]LogPakFile: PakFile FullDirectoryIndexSize=142
[2023.10.13-20.49.45:233][  0]LogShaderLibrary: Display: ShaderCodeLibraryPakFileMountedCallback: PakFile 'C:/Program Files/Epic Games/UE_4.27/FeaturePacks/TP_PuzzleBP.upack' (chunk index -1, root 'root:/') mounted
[2023.10.13-20.49.45:233][  0]LogShaderLibrary: Display: ShaderCodeLibraryPakFileMountedCallback: pending pak file info (ChunkID:-1 Root:root:/ File:C:/Program Files/Epic Games/UE_4.27/FeaturePacks/TP_PuzzleBP.upack)
[2023.10.13-20.49.45:233][  0]LogPakFile: OnPakFileMounted2Time == 0.000139
[2023.10.13-20.49.45:235][  0]LogPakFile: PakFile PrimaryIndexSize=183
[2023.10.13-20.49.45:235][  0]LogPakFile: PakFile PathHashIndexSize=101
[2023.10.13-20.49.45:235][  0]LogPakFile: PakFile FullDirectoryIndexSize=140
[2023.10.13-20.49.45:235][  0]LogShaderLibrary: Display: ShaderCodeLibraryPakFileMountedCallback: PakFile 'C:/Program Files/Epic Games/UE_4.27/FeaturePacks/TP_Rolling.upack' (chunk index -1, root 'root:/') mounted
[2023.10.13-20.49.45:235][  0]LogShaderLibrary: Display: ShaderCodeLibraryPakFileMountedCallback: pending pak file info (ChunkID:-1 Root:root:/ File:C:/Program Files/Epic Games/UE_4.27/FeaturePacks/TP_Rolling.upack)
[2023.10.13-20.49.45:235][  0]LogPakFile: OnPakFileMounted2Time == 0.000165
[2023.10.13-20.49.45:236][  0]LogPakFile: PakFile PrimaryIndexSize=185
[2023.10.13-20.49.45:236][  0]LogPakFile: PakFile PathHashIndexSize=101
[2023.10.13-20.49.45:236][  0]LogPakFile: PakFile FullDirectoryIndexSize=144
[2023.10.13-20.49.45:236][  0]LogShaderLibrary: Display: ShaderCodeLibraryPakFileMountedCallback: PakFile 'C:/Program Files/Epic Games/UE_4.27/FeaturePacks/TP_RollingBP.upack' (chunk index -1, root 'root:/') mounted
[2023.10.13-20.49.45:236][  0]LogShaderLibrary: Display: ShaderCodeLibraryPakFileMountedCallback: pending pak file info (ChunkID:-1 Root:root:/ File:C:/Program Files/Epic Games/UE_4.27/FeaturePacks/TP_RollingBP.upack)
[2023.10.13-20.49.45:236][  0]LogPakFile: OnPakFileMounted2Time == 0.000162
[2023.10.13-20.49.45:238][  0]LogPakFile: PakFile PrimaryIndexSize=188
[2023.10.13-20.49.45:238][  0]LogPakFile: PakFile PathHashIndexSize=101
[2023.10.13-20.49.45:238][  0]LogPakFile: PakFile FullDirectoryIndexSize=150
[2023.10.13-20.49.45:238][  0]LogShaderLibrary: Display: ShaderCodeLibraryPakFileMountedCallback: PakFile 'C:/Program Files/Epic Games/UE_4.27/FeaturePacks/TP_SideScroller.upack' (chunk index -1, root 'root:/') mounted
[2023.10.13-20.49.45:238][  0]LogShaderLibrary: Display: ShaderCodeLibraryPakFileMountedCallback: pending pak file info (ChunkID:-1 Root:root:/ File:C:/Program Files/Epic Games/UE_4.27/FeaturePacks/TP_SideScroller.upack)
[2023.10.13-20.49.45:238][  0]LogPakFile: OnPakFileMounted2Time == 0.000128
[2023.10.13-20.49.45:239][  0]LogPakFile: PakFile PrimaryIndexSize=190
[2023.10.13-20.49.45:239][  0]LogPakFile: PakFile PathHashIndexSize=101
[2023.10.13-20.49.45:239][  0]LogPakFile: PakFile FullDirectoryIndexSize=154
[2023.10.13-20.49.45:239][  0]LogShaderLibrary: Display: ShaderCodeLibraryPakFileMountedCallback: PakFile 'C:/Program Files/Epic Games/UE_4.27/FeaturePacks/TP_SideScrollerBP.upack' (chunk index -1, root 'root:/') mounted
[2023.10.13-20.49.45:239][  0]LogShaderLibrary: Display: ShaderCodeLibraryPakFileMountedCallback: pending pak file info (ChunkID:-1 Root:root:/ File:C:/Program Files/Epic Games/UE_4.27/FeaturePacks/TP_SideScrollerBP.upack)
[2023.10.13-20.49.45:239][  0]LogPakFile: OnPakFileMounted2Time == 0.000128
[2023.10.13-20.49.45:240][  0]LogPakFile: PakFile PrimaryIndexSize=187
[2023.10.13-20.49.45:240][  0]LogPakFile: PakFile PathHashIndexSize=101
[2023.10.13-20.49.45:240][  0]LogPakFile: PakFile FullDirectoryIndexSize=148
[2023.10.13-20.49.45:241][  0]LogShaderLibrary: Display: ShaderCodeLibraryPakFileMountedCallback: PakFile 'C:/Program Files/Epic Games/UE_4.27/FeaturePacks/TP_ThirdPerson.upack' (chunk index -1, root 'root:/') mounted
[2023.10.13-20.49.45:241][  0]LogShaderLibrary: Display: ShaderCodeLibraryPakFileMountedCallback: pending pak file info (ChunkID:-1 Root:root:/ File:C:/Program Files/Epic Games/UE_4.27/FeaturePacks/TP_ThirdPerson.upack)
[2023.10.13-20.49.45:241][  0]LogPakFile: OnPakFileMounted2Time == 0.000315
[2023.10.13-20.49.45:242][  0]LogPakFile: PakFile PrimaryIndexSize=189
[2023.10.13-20.49.45:242][  0]LogPakFile: PakFile PathHashIndexSize=101
[2023.10.13-20.49.45:242][  0]LogPakFile: PakFile FullDirectoryIndexSize=152
[2023.10.13-20.49.45:242][  0]LogShaderLibrary: Display: ShaderCodeLibraryPakFileMountedCallback: PakFile 'C:/Program Files/Epic Games/UE_4.27/FeaturePacks/TP_ThirdPersonBP.upack' (chunk index -1, root 'root:/') mounted
[2023.10.13-20.49.45:242][  0]LogShaderLibrary: Display: ShaderCodeLibraryPakFileMountedCallback: pending pak file info (ChunkID:-1 Root:root:/ File:C:/Program Files/Epic Games/UE_4.27/FeaturePacks/TP_ThirdPersonBP.upack)
[2023.10.13-20.49.45:242][  0]LogPakFile: OnPakFileMounted2Time == 0.000137
[2023.10.13-20.49.45:244][  0]LogPakFile: PakFile PrimaryIndexSize=183
[2023.10.13-20.49.45:244][  0]LogPakFile: PakFile PathHashIndexSize=101
[2023.10.13-20.49.45:244][  0]LogPakFile: PakFile FullDirectoryIndexSize=140
[2023.10.13-20.49.45:244][  0]LogShaderLibrary: Display: ShaderCodeLibraryPakFileMountedCallback: PakFile 'C:/Program Files/Epic Games/UE_4.27/FeaturePacks/TP_TopDown.upack' (chunk index -1, root 'root:/') mounted
[2023.10.13-20.49.45:244][  0]LogShaderLibrary: Display: ShaderCodeLibraryPakFileMountedCallback: pending pak file info (ChunkID:-1 Root:root:/ File:C:/Program Files/Epic Games/UE_4.27/FeaturePacks/TP_TopDown.upack)
[2023.10.13-20.49.45:244][  0]LogPakFile: OnPakFileMounted2Time == 0.000186
[2023.10.13-20.49.45:245][  0]LogPakFile: PakFile PrimaryIndexSize=185
[2023.10.13-20.49.45:245][  0]LogPakFile: PakFile PathHashIndexSize=101
[2023.10.13-20.49.45:245][  0]LogPakFile: PakFile FullDirectoryIndexSize=144
[2023.10.13-20.49.45:245][  0]LogShaderLibrary: Display: ShaderCodeLibraryPakFileMountedCallback: PakFile 'C:/Program Files/Epic Games/UE_4.27/FeaturePacks/TP_TopDownBP.upack' (chunk index -1, root 'root:/') mounted
[2023.10.13-20.49.45:245][  0]LogShaderLibrary: Display: ShaderCodeLibraryPakFileMountedCallback: pending pak file info (ChunkID:-1 Root:root:/ File:C:/Program Files/Epic Games/UE_4.27/FeaturePacks/TP_TopDownBP.upack)
[2023.10.13-20.49.45:245][  0]LogPakFile: OnPakFileMounted2Time == 0.000123
[2023.10.13-20.49.45:246][  0]LogPakFile: PakFile PrimaryIndexSize=185
[2023.10.13-20.49.45:247][  0]LogPakFile: PakFile PathHashIndexSize=101
[2023.10.13-20.49.45:247][  0]LogPakFile: PakFile FullDirectoryIndexSize=144
[2023.10.13-20.49.45:247][  0]LogShaderLibrary: Display: ShaderCodeLibraryPakFileMountedCallback: PakFile 'C:/Program Files/Epic Games/UE_4.27/FeaturePacks/TP_TwinStick.upack' (chunk index -1, root 'root:/') mounted
[2023.10.13-20.49.45:247][  0]LogShaderLibrary: Display: ShaderCodeLibraryPakFileMountedCallback: pending pak file info (ChunkID:-1 Root:root:/ File:C:/Program Files/Epic Games/UE_4.27/FeaturePacks/TP_TwinStick.upack)
[2023.10.13-20.49.45:247][  0]LogPakFile: OnPakFileMounted2Time == 0.000125
[2023.10.13-20.49.45:248][  0]LogPakFile: PakFile PrimaryIndexSize=187
[2023.10.13-20.49.45:248][  0]LogPakFile: PakFile PathHashIndexSize=101
[2023.10.13-20.49.45:248][  0]LogPakFile: PakFile FullDirectoryIndexSize=148
[2023.10.13-20.49.45:248][  0]LogShaderLibrary: Display: ShaderCodeLibraryPakFileMountedCallback: PakFile 'C:/Program Files/Epic Games/UE_4.27/FeaturePacks/TP_TwinStickBP.upack' (chunk index -1, root 'root:/') mounted
[2023.10.13-20.49.45:248][  0]LogShaderLibrary: Display: ShaderCodeLibraryPakFileMountedCallback: pending pak file info (ChunkID:-1 Root:root:/ File:C:/Program Files/Epic Games/UE_4.27/FeaturePacks/TP_TwinStickBP.upack)
[2023.10.13-20.49.45:248][  0]LogPakFile: OnPakFileMounted2Time == 0.000121
[2023.10.13-20.49.45:249][  0]LogPakFile: PakFile PrimaryIndexSize=183
[2023.10.13-20.49.45:249][  0]LogPakFile: PakFile PathHashIndexSize=101
[2023.10.13-20.49.45:249][  0]LogPakFile: PakFile FullDirectoryIndexSize=140
[2023.10.13-20.49.45:249][  0]LogShaderLibrary: Display: ShaderCodeLibraryPakFileMountedCallback: PakFile 'C:/Program Files/Epic Games/UE_4.27/FeaturePacks/TP_Vehicle.upack' (chunk index -1, root 'root:/') mounted
[2023.10.13-20.49.45:250][  0]LogShaderLibrary: Display: ShaderCodeLibraryPakFileMountedCallback: pending pak file info (ChunkID:-1 Root:root:/ File:C:/Program Files/Epic Games/UE_4.27/FeaturePacks/TP_Vehicle.upack)
[2023.10.13-20.49.45:250][  0]LogPakFile: OnPakFileMounted2Time == 0.000168
[2023.10.13-20.49.45:251][  0]LogPakFile: PakFile PrimaryIndexSize=186
[2023.10.13-20.49.45:251][  0]LogPakFile: PakFile PathHashIndexSize=101
[2023.10.13-20.49.45:251][  0]LogPakFile: PakFile FullDirectoryIndexSize=146
[2023.10.13-20.49.45:251][  0]LogShaderLibrary: Display: ShaderCodeLibraryPakFileMountedCallback: PakFile 'C:/Program Files/Epic Games/UE_4.27/FeaturePacks/TP_VehicleAdv.upack' (chunk index -1, root 'root:/') mounted
[2023.10.13-20.49.45:251][  0]LogShaderLibrary: Display: ShaderCodeLibraryPakFileMountedCallback: pending pak file info (ChunkID:-1 Root:root:/ File:C:/Program Files/Epic Games/UE_4.27/FeaturePacks/TP_VehicleAdv.upack)
[2023.10.13-20.49.45:251][  0]LogPakFile: OnPakFileMounted2Time == 0.000141
[2023.10.13-20.49.45:253][  0]LogPakFile: PakFile PrimaryIndexSize=188
[2023.10.13-20.49.45:253][  0]LogPakFile: PakFile PathHashIndexSize=101
[2023.10.13-20.49.45:253][  0]LogPakFile: PakFile FullDirectoryIndexSize=150
[2023.10.13-20.49.45:253][  0]LogShaderLibrary: Display: ShaderCodeLibraryPakFileMountedCallback: PakFile 'C:/Program Files/Epic Games/UE_4.27/FeaturePacks/TP_VehicleAdvBP.upack' (chunk index -1, root 'root:/') mounted
[2023.10.13-20.49.45:253][  0]LogShaderLibrary: Display: ShaderCodeLibraryPakFileMountedCallback: pending pak file info (ChunkID:-1 Root:root:/ File:C:/Program Files/Epic Games/UE_4.27/FeaturePacks/TP_VehicleAdvBP.upack)
[2023.10.13-20.49.45:253][  0]LogPakFile: OnPakFileMounted2Time == 0.000122
[2023.10.13-20.49.45:254][  0]LogPakFile: PakFile PrimaryIndexSize=185
[2023.10.13-20.49.45:254][  0]LogPakFile: PakFile PathHashIndexSize=101
[2023.10.13-20.49.45:255][  0]LogPakFile: PakFile FullDirectoryIndexSize=144
[2023.10.13-20.49.45:255][  0]LogShaderLibrary: Display: ShaderCodeLibraryPakFileMountedCallback: PakFile 'C:/Program Files/Epic Games/UE_4.27/FeaturePacks/TP_VehicleBP.upack' (chunk index -1, root 'root:/') mounted
[2023.10.13-20.49.45:255][  0]LogShaderLibrary: Display: ShaderCodeLibraryPakFileMountedCallback: pending pak file info (ChunkID:-1 Root:root:/ File:C:/Program Files/Epic Games/UE_4.27/FeaturePacks/TP_VehicleBP.upack)
[2023.10.13-20.49.45:255][  0]LogPakFile: OnPakFileMounted2Time == 0.000171
[2023.10.13-20.49.45:255][  0]LogPakFile: PakFile PrimaryIndexSize=192
[2023.10.13-20.49.45:256][  0]LogPakFile: PakFile PathHashIndexSize=101
[2023.10.13-20.49.45:256][  0]LogPakFile: PakFile FullDirectoryIndexSize=158
[2023.10.13-20.49.45:256][  0]LogShaderLibrary: Display: ShaderCodeLibraryPakFileMountedCallback: PakFile 'C:/Program Files/Epic Games/UE_4.27/FeaturePacks/TP_VirtualRealityBP.upack' (chunk index -1, root 'root:/') mounted
[2023.10.13-20.49.45:256][  0]LogShaderLibrary: Display: ShaderCodeLibraryPakFileMountedCallback: pending pak file info (ChunkID:-1 Root:root:/ File:C:/Program Files/Epic Games/UE_4.27/FeaturePacks/TP_VirtualRealityBP.upack)
[2023.10.13-20.49.45:256][  0]LogPakFile: OnPakFileMounted2Time == 0.000135
[2023.10.13-20.49.45:362][  0]LogNativeClassHierarchy: Verbose: Native class hierarchy updated for 'AddContentDialog' in 0.0002 seconds. Added 0 classes and 0 folders.
[2023.10.13-20.49.45:369][  0]LogNativeClassHierarchy: Verbose: Native class hierarchy updated for 'SceneOutliner' in 0.0002 seconds. Added 2 classes and 0 folders.
[2023.10.13-20.49.45:443][  0]LogSlate: Took 0.000514 seconds to synchronously load lazily loaded font '../../../Engine/Content/Slate/Fonts/Roboto-Regular.ttf' (155K)
[2023.10.13-20.49.45:444][  0]LogSlate: Took 0.000478 seconds to synchronously load lazily loaded font '../../../Engine/Content/Editor/Slate/Fonts/FontAwesome.ttf' (139K)
[2023.10.13-20.49.45:445][  0]LogSlate: Took 0.000471 seconds to synchronously load lazily loaded font '../../../Engine/Content/Slate/Fonts/Roboto-Bold.ttf' (160K)
[2023.10.13-20.49.45:518][  0]LogRenderer: Reallocating scene render targets to support 1208x572 Format 10 NumSamples 1 (Frame:1).
[2023.10.13-20.49.45:549][  0]LogSlate: Took 0.000481 seconds to synchronously load lazily loaded font '../../../Engine/Content/Slate/Fonts/Roboto-Light.ttf' (167K)
[2023.10.13-20.49.45:634][  0]LogNativeClassHierarchy: Verbose: Native class hierarchy updated for 'HierarchicalLODOutliner' in 0.0002 seconds. Added 0 classes and 0 folders.
[2023.10.13-20.49.45:634][  0]LogLoad: (Engine Initialization) Total time: 13.89 seconds
[2023.10.13-20.49.45:634][  0]LogLoad: (Engine Initialization) Total Blueprint compile time: 0.00 seconds
[2023.10.13-20.49.45:714][  0]LogAssetRegistry: Asset discovery search completed in 7.8224 seconds
[2023.10.13-20.49.45:722][  0]LogCollectionManager: Fixed up redirectors for 0 collections in 0.000003 seconds (updated 0 objects)
[2023.10.13-20.49.45:724][  0]LogContentStreaming: Texture pool size now 1000 MB
[2023.10.13-20.49.47:788][121]LogUObjectHash: Compacting FUObjectHashTables data took   0.45ms
[2023.10.13-20.49.47:794][121]LogSlate: Took 0.000254 seconds to synchronously load lazily loaded font '../../../Engine/Content/Slate/Fonts/Roboto-Light.ttf' (167K)
[2023.10.13-20.49.48:056][121]LogAssetEditorSubsystem: Opening Asset editor for World /Game/Maps/CodeLevel.CodeLevel
[2023.10.13-20.49.48:057][121]Cmd: MAP LOAD FILE="D:/UnrealGame01/UnrealGame001/Content/Maps/CodeLevel.umap" TEMPLATE=0 SHOWPROGRESS=1 FEATURELEVEL=3
[2023.10.13-20.49.48:057][121]LightingResults: New page: Lighting Build
[2023.10.13-20.49.48:057][121]LoadErrors: New page: Loading map: CodeLevel.umap
[2023.10.13-20.49.48:058][121]LogWorld: UWorld::CleanupWorld for Untitled_1, bSessionEnded=true, bCleanupResources=true
[2023.10.13-20.49.48:059][121]LogSlate: InvalidateAllWidgets triggered.  All widgets were invalidated
[2023.10.13-20.49.48:059][121]MapCheck: New page: Map Check
[2023.10.13-20.49.48:059][121]LightingResults: New page: Lighting Build
[2023.10.13-20.49.48:063][121]LogAudio: Display: Audio Device unregistered from world 'None'.
[2023.10.13-20.49.48:065][121]LogUObjectHash: Compacting FUObjectHashTables data took   0.66ms
[2023.10.13-20.49.48:066][121]LogAudio: Display: Audio Device (ID: 1) registered with world 'CodeLevel'.
[2023.10.13-20.49.48:116][121]LogEditorServer: Finished looking for orphan Actors (0.000 secs)
[2023.10.13-20.49.48:116][121]LogAIModule: Creating AISystem for world CodeLevel
[2023.10.13-20.49.48:122][121]LogUObjectHash: Compacting FUObjectHashTables data took   0.47ms
[2023.10.13-20.49.48:134][121]Cmd: MAP CHECKDEP NOCLEARLOG
[2023.10.13-20.49.48:135][121]MapCheck: Map check complete: 0 Error(s), 0 Warning(s), took 0.085ms to complete.
[2023.10.13-20.49.48:135][121]LogFileHelpers: Loading map 'CodeLevel' took 0.077
[2023.10.13-20.49.49:123][178]LogTemp: Repeating last play command: Selected Viewport
[2023.10.13-20.49.49:130][178]LogPlayLevel: PlayLevel: No blueprints needed recompiling
[2023.10.13-20.49.49:130][178]PIE: New page: PIE session: CodeLevel (Oct 13, 2023, 12:49:49 PM)
[2023.10.13-20.49.49:133][178]LogOnline: OSS: Creating online subsystem instance for: NULL
[2023.10.13-20.49.49:136][178]LogOnline: OSS: TryLoadSubsystemAndSetDefault: Loaded subsystem for module [NULL]
[2023.10.13-20.49.49:136][178]LogPlayLevel: Creating play world package: /Game/Maps/UEDPIE_0_CodeLevel
[2023.10.13-20.49.49:138][178]LogPlayLevel: PIE: StaticDuplicateObject took: (0.002271s)
[2023.10.13-20.49.49:140][178]LogAIModule: Creating AISystem for world CodeLevel
[2023.10.13-20.49.49:140][178]LogPlayLevel: PIE: World Init took: (0.001692s)
[2023.10.13-20.49.49:140][178]LogPlayLevel: PIE: Created PIE world by copying editor world from /Game/Maps/CodeLevel.CodeLevel to /Game/Maps/UEDPIE_0_CodeLevel.CodeLevel (0.004348s)
[2023.10.13-20.49.49:144][178]LogUObjectHash: Compacting FUObjectHashTables data took   0.45ms
[2023.10.13-20.49.49:145][178]LogAudio: Display: Creating Audio Device:                 Id: 2, Scope: Unique, Realtime: True
[2023.10.13-20.49.49:145][178]LogAudioMixer: Display: Audio Mixer Platform Settings:
[2023.10.13-20.49.49:145][178]LogAudioMixer: Display: 	Sample Rate:						  48000
[2023.10.13-20.49.49:145][178]LogAudioMixer: Display: 	Callback Buffer Frame Size Requested: 1024
[2023.10.13-20.49.49:145][178]LogAudioMixer: Display: 	Callback Buffer Frame Size To Use:	  1024
[2023.10.13-20.49.49:145][178]LogAudioMixer: Display: 	Number of buffers to queue:			  2
[2023.10.13-20.49.49:145][178]LogAudioMixer: Display: 	Max Channels (voices):				  32
[2023.10.13-20.49.49:145][178]LogAudioMixer: Display: 	Number of Async Source Workers:		  0
[2023.10.13-20.49.49:145][178]LogAudio: Display: AudioDevice MaxSources: 32
[2023.10.13-20.49.49:146][178]LogAudio: Display: Audio Spatialization Plugin: None (built-in).
[2023.10.13-20.49.49:146][178]LogAudio: Display: Audio Reverb Plugin: None (built-in).
[2023.10.13-20.49.49:146][178]LogAudio: Display: Audio Occlusion Plugin: None (built-in).
[2023.10.13-20.49.49:146][178]LogAudioMixer: Display: Initializing audio mixer.
[2023.10.13-20.49.49:167][178]LogAudioMixer: Display: 0: FrontLeft
[2023.10.13-20.49.49:167][178]LogAudioMixer: Display: 1: FrontRight
[2023.10.13-20.49.49:182][178]LogAudioMixer: Display: Using Audio Device 헤드폰 (WH-XB910N)
[2023.10.13-20.49.49:182][178]LogAudioMixer: Display: Initializing Sound Submixes...
[2023.10.13-20.49.49:182][178]LogAudioMixer: Display: Creating Master Submix 'MasterSubmixDefault'
[2023.10.13-20.49.49:182][178]LogAudioMixer: Display: Creating Master Submix 'MasterReverbSubmixDefault'
[2023.10.13-20.49.49:182][178]LogAudioMixer: Display: Creating Master Submix 'MasterEQSubmixDefault'
[2023.10.13-20.49.49:182][178]LogAudioMixer: FMixerPlatformXAudio2::StartAudioStream() called
[2023.10.13-20.49.49:183][178]LogAudioMixer: Display: Output buffers initialized: Frames=1024, Channels=2, Samples=2048
[2023.10.13-20.49.49:184][178]LogAudioMixer: Display: Starting AudioMixerPlatformInterface::RunInternal()
[2023.10.13-20.49.49:185][178]LogAudioMixer: Display: FMixerPlatformXAudio2::SubmitBuffer() called for the first time
[2023.10.13-20.49.49:185][178]LogInit: FAudioDevice initialized.
[2023.10.13-20.49.49:185][178]LogAudio: Display: Audio Device (ID: 2) registered with world 'CodeLevel'.
[2023.10.13-20.49.49:198][178]LogLoad: Game class is 'BP_CodeGame_C'
[2023.10.13-20.49.49:200][178]LogWorld: Bringing World /Game/Maps/UEDPIE_0_CodeLevel.CodeLevel up for play (max tick rate 60) at 2023.10.13-16.49.49
[2023.10.13-20.49.49:201][178]LogWorld: Bringing up level for play took: 0.001412
[2023.10.13-20.49.49:201][178]LogOnline: OSS: Creating online subsystem instance for: :Context_2
[2023.10.13-20.49.49:206][178]LogNativeClassHierarchy: Verbose: Native class hierarchy updated for 'MovieSceneCapture' in 0.0003 seconds. Added 20 classes and 0 folders.
[2023.10.13-20.49.49:207][178]LogActor: Warning: BP_BaseRifle_C /Game/Maps/UEDPIE_0_CodeLevel.CodeLevel:PersistentLevel.BP_BaseRifle_C_0 has natively added scene component(s), but none of them were set as the actor's RootComponent - picking one arbitrarily
[2023.10.13-20.49.49:208][178]LogActor: Warning: BP_BaseRifle_C /Game/Maps/UEDPIE_0_CodeLevel.CodeLevel:PersistentLevel.BP_BaseRifle_C_1 has natively added scene component(s), but none of them were set as the actor's RootComponent - picking one arbitrarily
[2023.10.13-20.49.49:208][178]Game: Warning: valid in the NativeOnInitialized
[2023.10.13-20.49.49:208][178]PIE: Server logged in
[2023.10.13-20.49.49:210][178]PIE: Play in editor total start time 0.081 seconds.
[2023.10.13-20.49.50:309][244]Game: Error: notify hit
