Log file open, 10/13/23 20:02:46
LogWindows: Failed to load 'aqProf.dll' (GetLastError=126)
LogWindows: File 'aqProf.dll' does not exist
LogWindows: Failed to load 'VtuneApi.dll' (GetLastError=126)
LogWindows: File 'VtuneApi.dll' does not exist
LogWindows: Failed to load 'VtuneApi32e.dll' (GetLastError=126)
LogWindows: File 'VtuneApi32e.dll' does not exist
LogConsoleResponse: Display: Failed to find resolution value strings in scalability ini. Falling back to default.
LogConsoleResponse: Display: Failed to find resolution value strings in scalability ini. Falling back to default.
LogInit: Display: Running engine for game: UnrealGame001
LogPlatformFile: Not using cached read wrapper
LogTaskGraph: Started task graph with 5 named threads and 47 total threads with 3 sets of task threads.
LogStats: Stats thread started at 0.607837
LogICUInternationalization: ICU TimeZone Detection - Raw Offset: -5:00, Platform Override: ''
LogInit: Display: Loading text-based GConfig....
LogPluginManager: Mounting plugin MeshPainting
LogPluginManager: Mounting plugin XGEController
LogPluginManager: Mounting plugin LightPropagationVolume
LogPluginManager: Mounting plugin Paper2D
LogPluginManager: Mounting plugin EnvironmentQueryEditor
LogPluginManager: Mounting plugin AISupport
LogPluginManager: Mounting plugin LiveLink
LogPluginManager: Mounting plugin CameraShakePreviewer
LogPluginManager: Mounting plugin GameplayCameras
LogPluginManager: Mounting plugin AnimationSharing
LogPluginManager: Mounting plugin CLionSourceCodeAccess
LogPluginManager: Mounting plugin CodeLiteSourceCodeAccess
LogPluginManager: Mounting plugin KDevelopSourceCodeAccess
LogPluginManager: Mounting plugin PerforceSourceControl
LogPluginManager: Mounting plugin PlasticSourceControl
LogPluginManager: Mounting plugin NullSourceCodeAccess
LogPluginManager: Mounting plugin RiderSourceCodeAccess
LogPluginManager: Mounting plugin TextureFormatOodle
LogPluginManager: Mounting plugin GitSourceControl
LogPluginManager: Mounting plugin PixWinPlugin
LogPluginManager: Mounting plugin UObjectPlugin
LogPluginManager: Mounting plugin VisualStudioCodeSourceCodeAccess
LogPluginManager: Mounting plugin SubversionSourceControl
LogPluginManager: Mounting plugin PropertyAccessNode
LogPluginManager: Mounting plugin VisualStudioSourceCodeAccess
LogPluginManager: Mounting plugin OodleData
LogPluginManager: Mounting plugin XCodeSourceCodeAccess
LogPluginManager: Mounting plugin OodleNetwork
LogPluginManager: Mounting plugin AlembicImporter
LogPluginManager: Mounting plugin BackChannel
LogPluginManager: Mounting plugin AutomationUtils
LogPluginManager: Mounting plugin ChaosCloth
LogPluginManager: Mounting plugin ChaosClothEditor
LogPluginManager: Mounting plugin ChaosEditor
LogPluginManager: Mounting plugin ChaosSolverPlugin
LogPluginManager: Mounting plugin ChaosNiagara
LogPluginManager: Mounting plugin CharacterAI
LogPluginManager: Mounting plugin PluginUtils
LogPluginManager: Mounting plugin Niagara
LogPluginManager: Mounting plugin GeometryCache
LogPluginManager: Mounting plugin GeometryCollectionPlugin
LogPluginManager: Mounting plugin GeometryProcessing
LogPluginManager: Mounting plugin MotoSynth
LogPluginManager: Mounting plugin OpenImageDenoise
LogPluginManager: Mounting plugin ProxyLODPlugin
LogPluginManager: Mounting plugin PlanarCut
LogPluginManager: Mounting plugin PlatformCrypto
LogPluginManager: Mounting plugin AndroidMedia
LogPluginManager: Mounting plugin AvfMedia
LogPluginManager: Mounting plugin ImgMedia
LogPluginManager: Mounting plugin MediaCompositing
LogPluginManager: Mounting plugin MediaPlayerEditor
LogPluginManager: Mounting plugin PythonScriptPlugin
LogPluginManager: Mounting plugin WebMMedia
LogPluginManager: Mounting plugin SkeletalReduction
LogPluginManager: Mounting plugin WmfMedia
LogPluginManager: Mounting plugin VariantManagerContent
LogPluginManager: Mounting plugin UdpMessaging
LogPluginManager: Mounting plugin LuminPlatformFeatures
LogPluginManager: Mounting plugin DatasmithContent
LogPluginManager: Mounting plugin MagicLeap
LogPluginManager: Mounting plugin MagicLeapLightEstimation
LogPluginManager: Mounting plugin MagicLeapPassableWorld
LogPluginManager: Mounting plugin ActorSequence
LogPluginManager: Mounting plugin TcpMessaging
LogPluginManager: Mounting plugin MatineeToLevelSequence
LogPluginManager: Mounting plugin LevelSequenceEditor
LogPluginManager: Mounting plugin TemplateSequence
LogPluginManager: Mounting plugin MLSDK
LogPluginManager: Mounting plugin OnlineSubsystem
LogPluginManager: Mounting plugin MagicLeapMedia
LogPluginManager: Mounting plugin OnlineSubsystemNull
LogPluginManager: Mounting plugin OnlineSubsystemUtils
LogPluginManager: Mounting plugin LauncherChunkInstaller
LogPluginManager: Mounting plugin AndroidDeviceProfileSelector
LogPluginManager: Mounting plugin ActorLayerUtilities
LogPluginManager: Mounting plugin AndroidMoviePlayer
LogPluginManager: Mounting plugin AndroidPermission
LogPluginManager: Mounting plugin AppleMoviePlayer
LogPluginManager: Mounting plugin AssetTags
LogPluginManager: Mounting plugin ArchVisCharacter
LogPluginManager: Mounting plugin AudioCapture
LogPluginManager: Mounting plugin AudioSynesthesia
LogPluginManager: Mounting plugin CableComponent
LogPluginManager: Mounting plugin ChunkDownloader
LogPluginManager: Mounting plugin EditableMesh
LogPluginManager: Mounting plugin ExampleDeviceProfileSelector
LogPluginManager: Mounting plugin GoogleCloudMessaging
LogPluginManager: Mounting plugin GooglePAD
LogPluginManager: Mounting plugin CustomMeshComponent
LogPluginManager: Mounting plugin IOSDeviceProfileSelector
LogPluginManager: Mounting plugin LocationServicesBPLibrary
LogPluginManager: Mounting plugin LinuxDeviceProfileSelector
LogPluginManager: Mounting plugin MobilePatchingUtils
LogPluginManager: Mounting plugin OpenXR
LogPluginManager: Mounting plugin OpenXREyeTracker
LogPluginManager: Mounting plugin Takes
LogPluginManager: Mounting plugin AssetManagerEditor
LogPluginManager: Mounting plugin ScreenshotTools
LogPluginManager: Mounting plugin OpenXRHandTracking
LogPluginManager: Mounting plugin AppleImageUtils
LogPluginManager: Mounting plugin CryptoKeys
LogPluginManager: Mounting plugin CurveEditorTools
LogPluginManager: Mounting plugin PostSplashScreen
LogPluginManager: Mounting plugin DataValidation
LogPluginManager: Mounting plugin PhysXVehicles
LogPluginManager: Mounting plugin PropertyAccessEditor
LogPluginManager: Mounting plugin GameplayTagsEditor
LogPluginManager: Mounting plugin GeometryMode
LogPluginManager: Mounting plugin RuntimePhysXCooking
LogPluginManager: Mounting plugin SignificanceManager
LogPluginManager: Mounting plugin SoundFields
LogPluginManager: Mounting plugin MacGraphicsSwitching
LogPluginManager: Mounting plugin MaterialAnalyzer
LogPluginManager: Mounting plugin Synthesis
LogPluginManager: Mounting plugin MobileLauncherProfileWizard
LogPluginManager: Mounting plugin PluginBrowser
LogPluginManager: Mounting plugin ProceduralMeshComponent
LogPluginManager: Mounting plugin SpeedTreeImporter
LogPluginManager: Mounting plugin FacialAnimation
LogPluginManager: Mounting plugin WindowsMoviePlayer
LogPluginManager: Mounting plugin WebMMoviePlayer
LogPluginManager: Mounting plugin OnlineSubsystemGooglePlay
LogPluginManager: Mounting plugin OnlineSubsystemIOS
LogPluginManager: Mounting plugin OculusVR
LogPluginManager: Mounting plugin ContentBrowserClassDataSource
LogPluginManager: Mounting plugin ContentBrowserAssetDataSource
LogPluginManager: Mounting plugin ContentBrowserFileDataSource
LogPluginManager: Mounting plugin SteamVR
PixWinPlugin: PIX capture plugin failed to initialize! Check that the process is launched from PIX.
LogInit: Using libcurl 7.55.1-DEV
LogInit:  - built for x86_64-pc-win32
LogInit:  - supports SSL with OpenSSL/1.1.1
LogInit:  - supports HTTP deflate (compression) using libz 1.2.8
LogInit:  - other features:
LogInit:      CURL_VERSION_SSL
LogInit:      CURL_VERSION_LIBZ
LogInit:      CURL_VERSION_IPV6
LogInit:      CURL_VERSION_ASYNCHDNS
LogInit:      CURL_VERSION_LARGEFILE
LogInit:      CURL_VERSION_IDN
LogInit:  CurlRequestOptions (configurable via config and command line):
LogInit:  - bVerifyPeer = true  - Libcurl will verify peer certificate
LogInit:  - bUseHttpProxy = false  - Libcurl will NOT use HTTP proxy
LogInit:  - bDontReuseConnections = false  - Libcurl will reuse connections
LogInit:  - MaxHostConnections = 16  - Libcurl will limit the number of connections to a host
LogInit:  - LocalHostAddr = Default
LogInit:  - BufferSize = 65536
LogOnline: OSS: Creating online subsystem instance for: NULL
LogInit: WinSock: version 1.1 (2.2), MaxSocks=32767, MaxUdp=65467
LogOnline: OSS: TryLoadSubsystemAndSetDefault: Loaded subsystem for module [NULL]
LogOculusPluginWrapper: OculusPlugin initialized successfully
LogHMD: Failed initializing OVRPlugin 1.59.0
LogInit: Build: ++UE4+Release-4.27-CL-18319896
LogInit: Engine Version: 4.27.2-18319896+++UE4+Release-4.27
LogInit: Compatible Engine Version: 4.27.0-17155196+++UE4+Release-4.27
LogInit: Net CL: 17155196
LogInit: OS: Windows 10 (Release 2009) (), CPU: 11th Gen Intel(R) Core(TM) i7-11800H @ 2.30GHz, GPU: NVIDIA GeForce RTX 3080 Laptop GPU
LogInit: Compiled (64-bit): Nov 30 2021 07:12:08
LogInit: Compiled with Visual C++: 19.24.28315.00
LogInit: Build Configuration: Development
LogInit: Branch Name: ++UE4+Release-4.27
LogInit: Command Line:  -skipcompile
LogInit: Base Directory: C:/Program Files/Epic Games/UE_4.27/Engine/Binaries/Win64/
LogInit: Allocator: TBB
LogInit: Installed Engine Build: 1
LogDevObjectVersion: Number of dev versions registered: 29
LogDevObjectVersion:   Dev-Blueprints (B0D832E4-1F89-4F0D-ACCF-7EB736FD4AA2): 10
LogDevObjectVersion:   Dev-Build (E1C64328-A22C-4D53-A36C-8E866417BD8C): 0
LogDevObjectVersion:   Dev-Core (375EC13C-06E4-48FB-B500-84F0262A717E): 4
LogDevObjectVersion:   Dev-Editor (E4B068ED-F494-42E9-A231-DA0B2E46BB41): 40
LogDevObjectVersion:   Dev-Framework (CFFC743F-43B0-4480-9391-14DF171D2073): 37
LogDevObjectVersion:   Dev-Mobile (B02B49B5-BB20-44E9-A304-32B752E40360): 3
LogDevObjectVersion:   Dev-Networking (A4E4105C-59A1-49B5-A7C5-40C4547EDFEE): 0
LogDevObjectVersion:   Dev-Online (39C831C9-5AE6-47DC-9A44-9C173E1C8E7C): 0
LogDevObjectVersion:   Dev-Physics (78F01B33-EBEA-4F98-B9B4-84EACCB95AA2): 14
LogDevObjectVersion:   Dev-Platform (6631380F-2D4D-43E0-8009-CF276956A95A): 0
LogDevObjectVersion:   Dev-Rendering (12F88B9F-8875-4AFC-A67C-D90C383ABD29): 45
LogDevObjectVersion:   Dev-Sequencer (7B5AE74C-D270-4C10-A958-57980B212A5A): 13
LogDevObjectVersion:   Dev-VR (D7296918-1DD6-4BDD-9DE2-64A83CC13884): 3
LogDevObjectVersion:   Dev-LoadTimes (C2A15278-BFE7-4AFE-6C17-90FF531DF755): 1
LogDevObjectVersion:   Private-Geometry (6EACA3D4-40EC-4CC1-B786-8BED09428FC5): 3
LogDevObjectVersion:   Dev-AnimPhys (29E575DD-E0A3-4627-9D10-D276232CDCEA): 17
LogDevObjectVersion:   Dev-Anim (AF43A65D-7FD3-4947-9873-3E8ED9C1BB05): 15
LogDevObjectVersion:   Dev-ReflectionCapture (6B266CEC-1EC7-4B8F-A30B-E4D90942FC07): 1
LogDevObjectVersion:   Dev-Automation (0DF73D61-A23F-47EA-B727-89E90C41499A): 1
LogDevObjectVersion:   FortniteMain (601D1886-AC64-4F84-AA16-D3DE0DEAC7D6): 47
LogDevObjectVersion:   FortniteRelease (E7086368-6B23-4C58-8439-1B7016265E91): 1
LogDevObjectVersion:   Dev-Enterprise (9DFFBCD6-494F-0158-E221-12823C92A888): 10
LogDevObjectVersion:   Dev-Niagara (F2AED0AC-9AFE-416F-8664-AA7FFA26D6FC): 1
LogDevObjectVersion:   Dev-Destruction (174F1F0B-B4C6-45A5-B13F-2EE8D0FB917D): 10
LogDevObjectVersion:   Dev-Physics-Ext (35F94A83-E258-406C-A318-09F59610247C): 41
LogDevObjectVersion:   Dev-PhysicsMaterial-Chaos (B68FC16E-8B1B-42E2-B453-215C058844FE): 1
LogDevObjectVersion:   Dev-CineCamera (B2E18506-4273-CFC2-A54E-F4BB758BBA07): 1
LogDevObjectVersion:   Dev-VirtualProduction (64F58936-FD1B-42BA-BA96-7289D5D0FA4E): 1
LogDevObjectVersion:   Dev-MediaFramework (6F0ED827-A609-4895-9C91-998D90180EA4): 2
LogInit: Presizing for max 25165824 objects, including 0 objects not considered by GC, pre-allocating 0 bytes for permanent pool.
LogConfig: Applying CVar settings from Section [/Script/Engine.StreamingSettings] File [D:/UnrealGame01/UnrealGame001/Saved/Config/Windows/Engine.ini]
LogConfig: Setting CVar [[s.MinBulkDataSizeForAsyncLoading:131072]]
LogConfig: Setting CVar [[s.AsyncLoadingThreadEnabled:0]]
LogConfig: Setting CVar [[s.EventDrivenLoaderEnabled:1]]
LogConfig: Setting CVar [[s.WarnIfTimeLimitExceeded:0]]
LogConfig: Setting CVar [[s.TimeLimitExceededMultiplier:1.5]]
LogConfig: Setting CVar [[s.TimeLimitExceededMinTime:0.005]]
LogConfig: Setting CVar [[s.UseBackgroundLevelStreaming:1]]
LogConfig: Setting CVar [[s.PriorityAsyncLoadingExtraTime:15.0]]
LogConfig: Setting CVar [[s.LevelStreamingActorsUpdateTimeLimit:5.0]]
LogConfig: Setting CVar [[s.PriorityLevelStreamingActorsUpdateExtraTime:5.0]]
LogConfig: Setting CVar [[s.LevelStreamingComponentsRegistrationGranularity:10]]
LogConfig: Setting CVar [[s.UnregisterComponentsTimeLimit:1.0]]
LogConfig: Setting CVar [[s.LevelStreamingComponentsUnregistrationGranularity:5]]
LogConfig: Setting CVar [[s.FlushStreamingOnExit:1]]
LogInit: Object subsystem initialized
LogConfig: Setting CVar [[con.DebugEarlyDefault:1]]
LogConfig: Setting CVar [[r.setres:1280x720]]
[2023.10.14-00.02.48:514][  0]LogConfig: Setting CVar [[r.VSync:0]]
[2023.10.14-00.02.48:514][  0]LogConfig: Setting CVar [[r.RHICmdBypass:0]]
[2023.10.14-00.02.48:514][  0]LogConfig: Applying CVar settings from Section [/Script/Engine.RendererSettings] File [D:/UnrealGame01/UnrealGame001/Saved/Config/Windows/Engine.ini]
[2023.10.14-00.02.48:515][  0]LogConfig: Setting CVar [[r.GPUCrashDebugging:0]]
[2023.10.14-00.02.48:515][  0]LogConfig: Applying CVar settings from Section [/Script/Engine.RendererOverrideSettings] File [D:/UnrealGame01/UnrealGame001/Saved/Config/Windows/Engine.ini]
[2023.10.14-00.02.48:515][  0]LogConfig: Applying CVar settings from Section [/Script/Engine.StreamingSettings] File [D:/UnrealGame01/UnrealGame001/Saved/Config/Windows/Engine.ini]
[2023.10.14-00.02.48:515][  0]LogConfig: Setting CVar [[s.MinBulkDataSizeForAsyncLoading:131072]]
[2023.10.14-00.02.48:515][  0]LogConfig: Setting CVar [[s.AsyncLoadingThreadEnabled:0]]
[2023.10.14-00.02.48:515][  0]LogConfig: Setting CVar [[s.EventDrivenLoaderEnabled:1]]
[2023.10.14-00.02.48:515][  0]LogConfig: Setting CVar [[s.WarnIfTimeLimitExceeded:0]]
[2023.10.14-00.02.48:515][  0]LogConfig: Setting CVar [[s.TimeLimitExceededMultiplier:1.5]]
[2023.10.14-00.02.48:515][  0]LogConfig: Setting CVar [[s.TimeLimitExceededMinTime:0.005]]
[2023.10.14-00.02.48:515][  0]LogConfig: Setting CVar [[s.UseBackgroundLevelStreaming:1]]
[2023.10.14-00.02.48:515][  0]LogConfig: Setting CVar [[s.PriorityAsyncLoadingExtraTime:15.0]]
[2023.10.14-00.02.48:515][  0]LogConfig: Setting CVar [[s.LevelStreamingActorsUpdateTimeLimit:5.0]]
[2023.10.14-00.02.48:515][  0]LogConfig: Setting CVar [[s.PriorityLevelStreamingActorsUpdateExtraTime:5.0]]
[2023.10.14-00.02.48:516][  0]LogConfig: Setting CVar [[s.LevelStreamingComponentsRegistrationGranularity:10]]
[2023.10.14-00.02.48:516][  0]LogConfig: Setting CVar [[s.UnregisterComponentsTimeLimit:1.0]]
[2023.10.14-00.02.48:516][  0]LogConfig: Setting CVar [[s.LevelStreamingComponentsUnregistrationGranularity:5]]
[2023.10.14-00.02.48:516][  0]LogConfig: Setting CVar [[s.FlushStreamingOnExit:1]]
[2023.10.14-00.02.48:516][  0]LogConfig: Applying CVar settings from Section [/Script/Engine.GarbageCollectionSettings] File [D:/UnrealGame01/UnrealGame001/Saved/Config/Windows/Engine.ini]
[2023.10.14-00.02.48:516][  0]LogConfig: Setting CVar [[gc.MaxObjectsNotConsideredByGC:1]]
[2023.10.14-00.02.48:516][  0]LogConfig: Setting CVar [[gc.SizeOfPermanentObjectPool:0]]
[2023.10.14-00.02.48:516][  0]LogConfig: Setting CVar [[gc.FlushStreamingOnGC:0]]
[2023.10.14-00.02.48:516][  0]LogConfig: Setting CVar [[gc.NumRetriesBeforeForcingGC:10]]
[2023.10.14-00.02.48:516][  0]LogConfig: Setting CVar [[gc.AllowParallelGC:1]]
[2023.10.14-00.02.48:516][  0]LogConfig: Setting CVar [[gc.TimeBetweenPurgingPendingKillObjects:61.1]]
[2023.10.14-00.02.48:516][  0]LogConfig: Setting CVar [[gc.MaxObjectsInEditor:25165824]]
[2023.10.14-00.02.48:516][  0]LogConfig: Setting CVar [[gc.IncrementalBeginDestroyEnabled:1]]
[2023.10.14-00.02.48:516][  0]LogConfig: Setting CVar [[gc.CreateGCClusters:1]]
[2023.10.14-00.02.48:517][  0]LogConfig: Setting CVar [[gc.MinGCClusterSize:5]]
[2023.10.14-00.02.48:517][  0]LogConfig: Setting CVar [[gc.ActorClusteringEnabled:0]]
[2023.10.14-00.02.48:517][  0]LogConfig: Setting CVar [[gc.BlueprintClusteringEnabled:0]]
[2023.10.14-00.02.48:517][  0]LogConfig: Setting CVar [[gc.UseDisregardForGCOnDedicatedServers:0]]
[2023.10.14-00.02.48:517][  0]LogConfig: Setting CVar [[gc.MultithreadedDestructionEnabled:1]]
[2023.10.14-00.02.48:517][  0]LogConfig: Applying CVar settings from Section [/Script/Engine.NetworkSettings] File [D:/UnrealGame01/UnrealGame001/Saved/Config/Windows/Engine.ini]
[2023.10.14-00.02.48:517][  0]LogConfig: Applying CVar settings from Section [/Script/UnrealEd.CookerSettings] File [D:/UnrealGame01/UnrealGame001/Saved/Config/Windows/Engine.ini]
[2023.10.14-00.02.48:546][  0]LogConfig: Applying CVar settings from Section [ViewDistanceQuality@3] File [D:/UnrealGame01/UnrealGame001/Saved/Config/Windows/Scalability.ini]
[2023.10.14-00.02.48:547][  0]LogConfig: Setting CVar [[r.SkeletalMeshLODBias:0]]
[2023.10.14-00.02.48:547][  0]LogConfig: Setting CVar [[r.ViewDistanceScale:1.0]]
[2023.10.14-00.02.48:547][  0]LogConfig: Applying CVar settings from Section [AntiAliasingQuality@3] File [D:/UnrealGame01/UnrealGame001/Saved/Config/Windows/Scalability.ini]
[2023.10.14-00.02.48:547][  0]LogConfig: Setting CVar [[r.PostProcessAAQuality:4]]
[2023.10.14-00.02.48:547][  0]LogConfig: Applying CVar settings from Section [ShadowQuality@3] File [D:/UnrealGame01/UnrealGame001/Saved/Config/Windows/Scalability.ini]
[2023.10.14-00.02.48:547][  0]LogConfig: Setting CVar [[r.LightFunctionQuality:1]]
[2023.10.14-00.02.48:547][  0]LogConfig: Setting CVar [[r.ShadowQuality:5]]
[2023.10.14-00.02.48:547][  0]LogConfig: Setting CVar [[r.Shadow.CSM.MaxCascades:10]]
[2023.10.14-00.02.48:547][  0]LogConfig: Setting CVar [[r.Shadow.MaxResolution:2048]]
[2023.10.14-00.02.48:547][  0]LogConfig: Setting CVar [[r.Shadow.MaxCSMResolution:2048]]
[2023.10.14-00.02.48:547][  0]LogConfig: Setting CVar [[r.Shadow.RadiusThreshold:0.01]]
[2023.10.14-00.02.48:548][  0]LogConfig: Setting CVar [[r.Shadow.DistanceScale:1.0]]
[2023.10.14-00.02.48:548][  0]LogConfig: Setting CVar [[r.Shadow.CSM.TransitionScale:1.0]]
[2023.10.14-00.02.48:548][  0]LogConfig: Setting CVar [[r.Shadow.PreShadowResolutionFactor:1.0]]
[2023.10.14-00.02.48:548][  0]LogConfig: Setting CVar [[r.DistanceFieldShadowing:1]]
[2023.10.14-00.02.48:548][  0]LogConfig: Setting CVar [[r.DistanceFieldAO:1]]
[2023.10.14-00.02.48:548][  0]LogConfig: Setting CVar [[r.AOQuality:2]]
[2023.10.14-00.02.48:548][  0]LogConfig: Setting CVar [[r.VolumetricFog:1]]
[2023.10.14-00.02.48:548][  0]LogConfig: Setting CVar [[r.VolumetricFog.GridPixelSize:8]]
[2023.10.14-00.02.48:548][  0]LogConfig: Setting CVar [[r.VolumetricFog.GridSizeZ:128]]
[2023.10.14-00.02.48:548][  0]LogConfig: Setting CVar [[r.VolumetricFog.HistoryMissSupersampleCount:4]]
[2023.10.14-00.02.48:548][  0]LogConfig: Setting CVar [[r.LightMaxDrawDistanceScale:1]]
[2023.10.14-00.02.48:548][  0]LogConfig: Setting CVar [[r.CapsuleShadows:1]]
[2023.10.14-00.02.48:548][  0]LogConfig: Applying CVar settings from Section [PostProcessQuality@3] File [D:/UnrealGame01/UnrealGame001/Saved/Config/Windows/Scalability.ini]
[2023.10.14-00.02.48:548][  0]LogConfig: Setting CVar [[r.MotionBlurQuality:4]]
[2023.10.14-00.02.48:548][  0]LogConfig: Setting CVar [[r.AmbientOcclusionMipLevelFactor:0.4]]
[2023.10.14-00.02.48:548][  0]LogConfig: Setting CVar [[r.AmbientOcclusionMaxQuality:100]]
[2023.10.14-00.02.48:549][  0]LogConfig: Setting CVar [[r.AmbientOcclusionLevels:-1]]
[2023.10.14-00.02.48:549][  0]LogConfig: Setting CVar [[r.AmbientOcclusionRadiusScale:1.0]]
[2023.10.14-00.02.48:549][  0]LogConfig: Setting CVar [[r.DepthOfFieldQuality:2]]
[2023.10.14-00.02.48:549][  0]LogConfig: Setting CVar [[r.RenderTargetPoolMin:400]]
[2023.10.14-00.02.48:549][  0]LogConfig: Setting CVar [[r.LensFlareQuality:2]]
[2023.10.14-00.02.48:549][  0]LogConfig: Setting CVar [[r.SceneColorFringeQuality:1]]
[2023.10.14-00.02.48:549][  0]LogConfig: Setting CVar [[r.EyeAdaptationQuality:2]]
[2023.10.14-00.02.48:549][  0]LogConfig: Setting CVar [[r.BloomQuality:5]]
[2023.10.14-00.02.48:549][  0]LogConfig: Setting CVar [[r.FastBlurThreshold:100]]
[2023.10.14-00.02.48:549][  0]LogConfig: Setting CVar [[r.Upscale.Quality:3]]
[2023.10.14-00.02.48:549][  0]LogConfig: Setting CVar [[r.Tonemapper.GrainQuantization:1]]
[2023.10.14-00.02.48:549][  0]LogConfig: Setting CVar [[r.LightShaftQuality:1]]
[2023.10.14-00.02.48:549][  0]LogConfig: Setting CVar [[r.Filter.SizeScale:1]]
[2023.10.14-00.02.48:549][  0]LogConfig: Setting CVar [[r.Tonemapper.Quality:5]]
[2023.10.14-00.02.48:549][  0]LogConfig: Setting CVar [[r.DOF.Gather.AccumulatorQuality:1        ; higher gathering accumulator quality]]
[2023.10.14-00.02.48:550][  0]LogConfig: Setting CVar [[r.DOF.Gather.PostfilterMethod:1          ; Median3x3 postfilering method]]
[2023.10.14-00.02.48:550][  0]LogConfig: Setting CVar [[r.DOF.Gather.EnableBokehSettings:0       ; no bokeh simulation when gathering]]
[2023.10.14-00.02.48:550][  0]LogConfig: Setting CVar [[r.DOF.Gather.RingCount:4                 ; medium number of samples when gathering]]
[2023.10.14-00.02.48:551][  0]LogConfig: Setting CVar [[r.DOF.Scatter.ForegroundCompositing:1    ; additive foreground scattering]]
[2023.10.14-00.02.48:551][  0]LogConfig: Setting CVar [[r.DOF.Scatter.BackgroundCompositing:2    ; additive background scattering]]
[2023.10.14-00.02.48:551][  0]LogConfig: Setting CVar [[r.DOF.Scatter.EnableBokehSettings:1      ; bokeh simulation when scattering]]
[2023.10.14-00.02.48:551][  0]LogConfig: Setting CVar [[r.DOF.Scatter.MaxSpriteRatio:0.1         ; only a maximum of 10% of scattered bokeh]]
[2023.10.14-00.02.48:551][  0]LogConfig: Setting CVar [[r.DOF.Recombine.Quality:1                ; cheap slight out of focus]]
[2023.10.14-00.02.48:551][  0]LogConfig: Setting CVar [[r.DOF.Recombine.EnableBokehSettings:0    ; no bokeh simulation on slight out of focus]]
[2023.10.14-00.02.48:551][  0]LogConfig: Setting CVar [[r.DOF.TemporalAAQuality:1                ; more stable temporal accumulation]]
[2023.10.14-00.02.48:551][  0]LogConfig: Setting CVar [[r.DOF.Kernel.MaxForegroundRadius:0.025]]
[2023.10.14-00.02.48:551][  0]LogConfig: Setting CVar [[r.DOF.Kernel.MaxBackgroundRadius:0.025]]
[2023.10.14-00.02.48:551][  0]LogConfig: Applying CVar settings from Section [TextureQuality@3] File [D:/UnrealGame01/UnrealGame001/Saved/Config/Windows/Scalability.ini]
[2023.10.14-00.02.48:553][  0]LogConfig: Setting CVar [[r.Streaming.MipBias:0]]
[2023.10.14-00.02.48:553][  0]LogConfig: Setting CVar [[r.Streaming.AmortizeCPUToGPUCopy:0]]
[2023.10.14-00.02.48:553][  0]LogConfig: Setting CVar [[r.Streaming.MaxNumTexturesToStreamPerFrame:0]]
[2023.10.14-00.02.48:553][  0]LogConfig: Setting CVar [[r.Streaming.Boost:1]]
[2023.10.14-00.02.48:553][  0]LogConfig: Setting CVar [[r.MaxAnisotropy:8]]
[2023.10.14-00.02.48:553][  0]LogConfig: Setting CVar [[r.VT.MaxAnisotropy:8]]
[2023.10.14-00.02.48:553][  0]LogConfig: Setting CVar [[r.Streaming.LimitPoolSizeToVRAM:0]]
[2023.10.14-00.02.48:553][  0]LogConfig: Setting CVar [[r.Streaming.PoolSize:1000]]
[2023.10.14-00.02.48:553][  0]LogConfig: Setting CVar [[r.Streaming.MaxEffectiveScreenSize:0]]
[2023.10.14-00.02.48:553][  0]LogConfig: Applying CVar settings from Section [EffectsQuality@3] File [D:/UnrealGame01/UnrealGame001/Saved/Config/Windows/Scalability.ini]
[2023.10.14-00.02.48:553][  0]LogConfig: Setting CVar [[r.TranslucencyLightingVolumeDim:64]]
[2023.10.14-00.02.48:554][  0]LogConfig: Setting CVar [[r.RefractionQuality:2]]
[2023.10.14-00.02.48:554][  0]LogConfig: Setting CVar [[r.SSR.Quality:3]]
[2023.10.14-00.02.48:554][  0]LogConfig: Setting CVar [[r.SSR.HalfResSceneColor:0]]
[2023.10.14-00.02.48:554][  0]LogConfig: Setting CVar [[r.SceneColorFormat:4]]
[2023.10.14-00.02.48:554][  0]LogConfig: Setting CVar [[r.DetailMode:2]]
[2023.10.14-00.02.48:554][  0]LogConfig: Setting CVar [[r.TranslucencyVolumeBlur:1]]
[2023.10.14-00.02.48:554][  0]LogConfig: Setting CVar [[r.MaterialQualityLevel:1 ; High quality]]
[2023.10.14-00.02.48:554][  0]LogConfig: Setting CVar [[r.AnisotropicMaterials:1]]
[2023.10.14-00.02.48:554][  0]LogConfig: Setting CVar [[r.SSS.Scale:1]]
[2023.10.14-00.02.48:554][  0]LogConfig: Setting CVar [[r.SSS.SampleSet:2]]
[2023.10.14-00.02.48:554][  0]LogConfig: Setting CVar [[r.SSS.Quality:1]]
[2023.10.14-00.02.48:554][  0]LogConfig: Setting CVar [[r.SSS.HalfRes:0]]
[2023.10.14-00.02.48:554][  0]LogConfig: Setting CVar [[r.SSGI.Quality:3]]
[2023.10.14-00.02.48:554][  0]LogConfig: Setting CVar [[r.EmitterSpawnRateScale:1.0]]
[2023.10.14-00.02.48:554][  0]LogConfig: Setting CVar [[r.ParticleLightQuality:2]]
[2023.10.14-00.02.48:554][  0]LogConfig: Setting CVar [[r.SkyAtmosphere.AerialPerspectiveLUT.FastApplyOnOpaque:1 ; Always have FastSkyLUT 1 in this case to avoid wrong sky]]
[2023.10.14-00.02.48:554][  0]LogConfig: Setting CVar [[r.SkyAtmosphere.AerialPerspectiveLUT.SampleCountMaxPerSlice:4]]
[2023.10.14-00.02.48:555][  0]LogConfig: Setting CVar [[r.SkyAtmosphere.AerialPerspectiveLUT.DepthResolution:16.0]]
[2023.10.14-00.02.48:555][  0]LogConfig: Setting CVar [[r.SkyAtmosphere.FastSkyLUT:1]]
[2023.10.14-00.02.48:555][  0]LogConfig: Setting CVar [[r.SkyAtmosphere.FastSkyLUT.SampleCountMin:4.0]]
[2023.10.14-00.02.48:555][  0]LogConfig: Setting CVar [[r.SkyAtmosphere.FastSkyLUT.SampleCountMax:128.0]]
[2023.10.14-00.02.48:555][  0]LogConfig: Setting CVar [[r.SkyAtmosphere.SampleCountMin:4.0]]
[2023.10.14-00.02.48:555][  0]LogConfig: Setting CVar [[r.SkyAtmosphere.SampleCountMax:128.0]]
[2023.10.14-00.02.48:555][  0]LogConfig: Setting CVar [[r.SkyAtmosphere.TransmittanceLUT.UseSmallFormat:0]]
[2023.10.14-00.02.48:555][  0]LogConfig: Setting CVar [[r.SkyAtmosphere.TransmittanceLUT.SampleCount:10.0]]
[2023.10.14-00.02.48:555][  0]LogConfig: Setting CVar [[r.SkyAtmosphere.MultiScatteringLUT.SampleCount:15.0]]
[2023.10.14-00.02.48:555][  0]LogConfig: Setting CVar [[r.SkyLight.RealTimeReflectionCapture:1]]
[2023.10.14-00.02.48:555][  0]LogConfig: Applying CVar settings from Section [FoliageQuality@3] File [D:/UnrealGame01/UnrealGame001/Saved/Config/Windows/Scalability.ini]
[2023.10.14-00.02.48:555][  0]LogConfig: Setting CVar [[foliage.DensityScale:1.0]]
[2023.10.14-00.02.48:555][  0]LogConfig: Setting CVar [[grass.DensityScale:1.0]]
[2023.10.14-00.02.48:555][  0]LogConfig: Applying CVar settings from Section [ShadingQuality@3] File [D:/UnrealGame01/UnrealGame001/Saved/Config/Windows/Scalability.ini]
[2023.10.14-00.02.48:555][  0]LogConfig: Setting CVar [[r.HairStrands.SkyLighting.IntegrationType:2]]
[2023.10.14-00.02.48:555][  0]LogConfig: Setting CVar [[r.HairStrands.SkyAO.SampleCount:4]]
[2023.10.14-00.02.48:556][  0]LogConfig: Setting CVar [[r.HairStrands.Visibility.MSAA.SamplePerPixel:4]]
[2023.10.14-00.02.48:556][  0]LogInit: Selected Device Profile: [Windows]
[2023.10.14-00.02.48:556][  0]LogInit: Applying CVar settings loaded from the selected device profile: [Windows]
[2023.10.14-00.02.48:556][  0]LogHAL: Display: Platform has ~ 16 GB [16938074112 / 17179869184 / 16], which maps to Larger [LargestMinGB=32, LargerMinGB=12, DefaultMinGB=8, SmallerMinGB=6, SmallestMinGB=0)
[2023.10.14-00.02.48:556][  0]LogInit: Going up to parent DeviceProfile []
[2023.10.14-00.02.48:557][  0]LogConfig: Applying CVar settings from Section [ViewDistanceQuality@3] File [D:/UnrealGame01/UnrealGame001/Saved/Config/Windows/Scalability.ini]
[2023.10.14-00.02.48:557][  0]LogConfig: Setting CVar [[r.SkeletalMeshLODBias:0]]
[2023.10.14-00.02.48:557][  0]LogConfig: Setting CVar [[r.ViewDistanceScale:1.0]]
[2023.10.14-00.02.48:557][  0]LogConfig: Applying CVar settings from Section [AntiAliasingQuality@3] File [D:/UnrealGame01/UnrealGame001/Saved/Config/Windows/Scalability.ini]
[2023.10.14-00.02.48:557][  0]LogConfig: Setting CVar [[r.PostProcessAAQuality:4]]
[2023.10.14-00.02.48:558][  0]LogConfig: Applying CVar settings from Section [ShadowQuality@3] File [D:/UnrealGame01/UnrealGame001/Saved/Config/Windows/Scalability.ini]
[2023.10.14-00.02.48:558][  0]LogConfig: Setting CVar [[r.LightFunctionQuality:1]]
[2023.10.14-00.02.48:558][  0]LogConfig: Setting CVar [[r.ShadowQuality:5]]
[2023.10.14-00.02.48:558][  0]LogConfig: Setting CVar [[r.Shadow.CSM.MaxCascades:10]]
[2023.10.14-00.02.48:558][  0]LogConfig: Setting CVar [[r.Shadow.MaxResolution:2048]]
[2023.10.14-00.02.48:558][  0]LogConfig: Setting CVar [[r.Shadow.MaxCSMResolution:2048]]
[2023.10.14-00.02.48:558][  0]LogConfig: Setting CVar [[r.Shadow.RadiusThreshold:0.01]]
[2023.10.14-00.02.48:559][  0]LogConfig: Setting CVar [[r.Shadow.DistanceScale:1.0]]
[2023.10.14-00.02.48:559][  0]LogConfig: Setting CVar [[r.Shadow.CSM.TransitionScale:1.0]]
[2023.10.14-00.02.48:559][  0]LogConfig: Setting CVar [[r.Shadow.PreShadowResolutionFactor:1.0]]
[2023.10.14-00.02.48:559][  0]LogConfig: Setting CVar [[r.DistanceFieldShadowing:1]]
[2023.10.14-00.02.48:559][  0]LogConfig: Setting CVar [[r.DistanceFieldAO:1]]
[2023.10.14-00.02.48:559][  0]LogConfig: Setting CVar [[r.AOQuality:2]]
[2023.10.14-00.02.48:559][  0]LogConfig: Setting CVar [[r.VolumetricFog:1]]
[2023.10.14-00.02.48:559][  0]LogConfig: Setting CVar [[r.VolumetricFog.GridPixelSize:8]]
[2023.10.14-00.02.48:559][  0]LogConfig: Setting CVar [[r.VolumetricFog.GridSizeZ:128]]
[2023.10.14-00.02.48:559][  0]LogConfig: Setting CVar [[r.VolumetricFog.HistoryMissSupersampleCount:4]]
[2023.10.14-00.02.48:559][  0]LogConfig: Setting CVar [[r.LightMaxDrawDistanceScale:1]]
[2023.10.14-00.02.48:559][  0]LogConfig: Setting CVar [[r.CapsuleShadows:1]]
[2023.10.14-00.02.48:559][  0]LogConfig: Applying CVar settings from Section [PostProcessQuality@3] File [D:/UnrealGame01/UnrealGame001/Saved/Config/Windows/Scalability.ini]
[2023.10.14-00.02.48:559][  0]LogConfig: Setting CVar [[r.MotionBlurQuality:4]]
[2023.10.14-00.02.48:560][  0]LogConfig: Setting CVar [[r.AmbientOcclusionMipLevelFactor:0.4]]
[2023.10.14-00.02.48:560][  0]LogConfig: Setting CVar [[r.AmbientOcclusionMaxQuality:100]]
[2023.10.14-00.02.48:560][  0]LogConfig: Setting CVar [[r.AmbientOcclusionLevels:-1]]
[2023.10.14-00.02.48:560][  0]LogConfig: Setting CVar [[r.AmbientOcclusionRadiusScale:1.0]]
[2023.10.14-00.02.48:560][  0]LogConfig: Setting CVar [[r.DepthOfFieldQuality:2]]
[2023.10.14-00.02.48:560][  0]LogConfig: Setting CVar [[r.RenderTargetPoolMin:400]]
[2023.10.14-00.02.48:560][  0]LogConfig: Setting CVar [[r.LensFlareQuality:2]]
[2023.10.14-00.02.48:560][  0]LogConfig: Setting CVar [[r.SceneColorFringeQuality:1]]
[2023.10.14-00.02.48:560][  0]LogConfig: Setting CVar [[r.EyeAdaptationQuality:2]]
[2023.10.14-00.02.48:560][  0]LogConfig: Setting CVar [[r.BloomQuality:5]]
[2023.10.14-00.02.48:560][  0]LogConfig: Setting CVar [[r.FastBlurThreshold:100]]
[2023.10.14-00.02.48:560][  0]LogConfig: Setting CVar [[r.Upscale.Quality:3]]
[2023.10.14-00.02.48:560][  0]LogConfig: Setting CVar [[r.Tonemapper.GrainQuantization:1]]
[2023.10.14-00.02.48:560][  0]LogConfig: Setting CVar [[r.LightShaftQuality:1]]
[2023.10.14-00.02.48:560][  0]LogConfig: Setting CVar [[r.Filter.SizeScale:1]]
[2023.10.14-00.02.48:560][  0]LogConfig: Setting CVar [[r.Tonemapper.Quality:5]]
[2023.10.14-00.02.48:560][  0]LogConfig: Setting CVar [[r.DOF.Gather.AccumulatorQuality:1        ; higher gathering accumulator quality]]
[2023.10.14-00.02.48:560][  0]LogConfig: Setting CVar [[r.DOF.Gather.PostfilterMethod:1          ; Median3x3 postfilering method]]
[2023.10.14-00.02.48:560][  0]LogConfig: Setting CVar [[r.DOF.Gather.EnableBokehSettings:0       ; no bokeh simulation when gathering]]
[2023.10.14-00.02.48:560][  0]LogConfig: Setting CVar [[r.DOF.Gather.RingCount:4                 ; medium number of samples when gathering]]
[2023.10.14-00.02.48:560][  0]LogConfig: Setting CVar [[r.DOF.Scatter.ForegroundCompositing:1    ; additive foreground scattering]]
[2023.10.14-00.02.48:560][  0]LogConfig: Setting CVar [[r.DOF.Scatter.BackgroundCompositing:2    ; additive background scattering]]
[2023.10.14-00.02.48:561][  0]LogConfig: Setting CVar [[r.DOF.Scatter.EnableBokehSettings:1      ; bokeh simulation when scattering]]
[2023.10.14-00.02.48:561][  0]LogConfig: Setting CVar [[r.DOF.Scatter.MaxSpriteRatio:0.1         ; only a maximum of 10% of scattered bokeh]]
[2023.10.14-00.02.48:562][  0]LogConfig: Setting CVar [[r.DOF.Recombine.Quality:1                ; cheap slight out of focus]]
[2023.10.14-00.02.48:562][  0]LogConfig: Setting CVar [[r.DOF.Recombine.EnableBokehSettings:0    ; no bokeh simulation on slight out of focus]]
[2023.10.14-00.02.48:562][  0]LogConfig: Setting CVar [[r.DOF.TemporalAAQuality:1                ; more stable temporal accumulation]]
[2023.10.14-00.02.48:562][  0]LogConfig: Setting CVar [[r.DOF.Kernel.MaxForegroundRadius:0.025]]
[2023.10.14-00.02.48:562][  0]LogConfig: Setting CVar [[r.DOF.Kernel.MaxBackgroundRadius:0.025]]
[2023.10.14-00.02.48:562][  0]LogConfig: Applying CVar settings from Section [TextureQuality@3] File [D:/UnrealGame01/UnrealGame001/Saved/Config/Windows/Scalability.ini]
[2023.10.14-00.02.48:562][  0]LogConfig: Setting CVar [[r.Streaming.MipBias:0]]
[2023.10.14-00.02.48:562][  0]LogConfig: Setting CVar [[r.Streaming.AmortizeCPUToGPUCopy:0]]
[2023.10.14-00.02.48:562][  0]LogConfig: Setting CVar [[r.Streaming.MaxNumTexturesToStreamPerFrame:0]]
[2023.10.14-00.02.48:562][  0]LogConfig: Setting CVar [[r.Streaming.Boost:1]]
[2023.10.14-00.02.48:562][  0]LogConfig: Setting CVar [[r.MaxAnisotropy:8]]
[2023.10.14-00.02.48:562][  0]LogConfig: Setting CVar [[r.VT.MaxAnisotropy:8]]
[2023.10.14-00.02.48:563][  0]LogConfig: Setting CVar [[r.Streaming.LimitPoolSizeToVRAM:0]]
[2023.10.14-00.02.48:563][  0]LogConfig: Setting CVar [[r.Streaming.PoolSize:1000]]
[2023.10.14-00.02.48:563][  0]LogConfig: Setting CVar [[r.Streaming.MaxEffectiveScreenSize:0]]
[2023.10.14-00.02.48:563][  0]LogConfig: Applying CVar settings from Section [EffectsQuality@3] File [D:/UnrealGame01/UnrealGame001/Saved/Config/Windows/Scalability.ini]
[2023.10.14-00.02.48:563][  0]LogConfig: Setting CVar [[r.TranslucencyLightingVolumeDim:64]]
[2023.10.14-00.02.48:563][  0]LogConfig: Setting CVar [[r.RefractionQuality:2]]
[2023.10.14-00.02.48:563][  0]LogConfig: Setting CVar [[r.SSR.Quality:3]]
[2023.10.14-00.02.48:563][  0]LogConfig: Setting CVar [[r.SSR.HalfResSceneColor:0]]
[2023.10.14-00.02.48:563][  0]LogConfig: Setting CVar [[r.SceneColorFormat:4]]
[2023.10.14-00.02.48:563][  0]LogConfig: Setting CVar [[r.DetailMode:2]]
[2023.10.14-00.02.48:564][  0]LogConfig: Setting CVar [[r.TranslucencyVolumeBlur:1]]
[2023.10.14-00.02.48:564][  0]LogConfig: Setting CVar [[r.MaterialQualityLevel:1 ; High quality]]
[2023.10.14-00.02.48:564][  0]LogConfig: Setting CVar [[r.AnisotropicMaterials:1]]
[2023.10.14-00.02.48:564][  0]LogConfig: Setting CVar [[r.SSS.Scale:1]]
[2023.10.14-00.02.48:564][  0]LogConfig: Setting CVar [[r.SSS.SampleSet:2]]
[2023.10.14-00.02.48:564][  0]LogConfig: Setting CVar [[r.SSS.Quality:1]]
[2023.10.14-00.02.48:564][  0]LogConfig: Setting CVar [[r.SSS.HalfRes:0]]
[2023.10.14-00.02.48:564][  0]LogConfig: Setting CVar [[r.SSGI.Quality:3]]
[2023.10.14-00.02.48:564][  0]LogConfig: Setting CVar [[r.EmitterSpawnRateScale:1.0]]
[2023.10.14-00.02.48:564][  0]LogConfig: Setting CVar [[r.ParticleLightQuality:2]]
[2023.10.14-00.02.48:564][  0]LogConfig: Setting CVar [[r.SkyAtmosphere.AerialPerspectiveLUT.FastApplyOnOpaque:1 ; Always have FastSkyLUT 1 in this case to avoid wrong sky]]
[2023.10.14-00.02.48:564][  0]LogConfig: Setting CVar [[r.SkyAtmosphere.AerialPerspectiveLUT.SampleCountMaxPerSlice:4]]
[2023.10.14-00.02.48:564][  0]LogConfig: Setting CVar [[r.SkyAtmosphere.AerialPerspectiveLUT.DepthResolution:16.0]]
[2023.10.14-00.02.48:564][  0]LogConfig: Setting CVar [[r.SkyAtmosphere.FastSkyLUT:1]]
[2023.10.14-00.02.48:565][  0]LogConfig: Setting CVar [[r.SkyAtmosphere.FastSkyLUT.SampleCountMin:4.0]]
[2023.10.14-00.02.48:565][  0]LogConfig: Setting CVar [[r.SkyAtmosphere.FastSkyLUT.SampleCountMax:128.0]]
[2023.10.14-00.02.48:565][  0]LogConfig: Setting CVar [[r.SkyAtmosphere.SampleCountMin:4.0]]
[2023.10.14-00.02.48:565][  0]LogConfig: Setting CVar [[r.SkyAtmosphere.SampleCountMax:128.0]]
[2023.10.14-00.02.48:565][  0]LogConfig: Setting CVar [[r.SkyAtmosphere.TransmittanceLUT.UseSmallFormat:0]]
[2023.10.14-00.02.48:565][  0]LogConfig: Setting CVar [[r.SkyAtmosphere.TransmittanceLUT.SampleCount:10.0]]
[2023.10.14-00.02.48:565][  0]LogConfig: Setting CVar [[r.SkyAtmosphere.MultiScatteringLUT.SampleCount:15.0]]
[2023.10.14-00.02.48:565][  0]LogConfig: Setting CVar [[r.SkyLight.RealTimeReflectionCapture:1]]
[2023.10.14-00.02.48:565][  0]LogConfig: Applying CVar settings from Section [FoliageQuality@3] File [D:/UnrealGame01/UnrealGame001/Saved/Config/Windows/Scalability.ini]
[2023.10.14-00.02.48:565][  0]LogConfig: Setting CVar [[foliage.DensityScale:1.0]]
[2023.10.14-00.02.48:565][  0]LogConfig: Setting CVar [[grass.DensityScale:1.0]]
[2023.10.14-00.02.48:565][  0]LogConfig: Applying CVar settings from Section [ShadingQuality@3] File [D:/UnrealGame01/UnrealGame001/Saved/Config/Windows/Scalability.ini]
[2023.10.14-00.02.48:565][  0]LogConfig: Setting CVar [[r.HairStrands.SkyLighting.IntegrationType:2]]
[2023.10.14-00.02.48:565][  0]LogConfig: Setting CVar [[r.HairStrands.SkyAO.SampleCount:4]]
[2023.10.14-00.02.48:565][  0]LogConfig: Setting CVar [[r.HairStrands.Visibility.MSAA.SamplePerPixel:4]]
[2023.10.14-00.02.48:565][  0]LogConfig: Applying CVar settings from Section [Startup] File [../../../Engine/Config/ConsoleVariables.ini]
[2023.10.14-00.02.48:567][  0]LogConfig: Setting CVar [[net.UseAdaptiveNetUpdateFrequency:0]]
[2023.10.14-00.02.48:568][  0]LogConfig: Setting CVar [[p.chaos.AllowCreatePhysxBodies:1]]
[2023.10.14-00.02.48:568][  0]LogConfig: Setting CVar [[fx.SkipVectorVMBackendOptimizations:1]]
[2023.10.14-00.02.48:568][  0]LogConfig: Applying CVar settings from Section [ConsoleVariables] File [D:/UnrealGame01/UnrealGame001/Saved/Config/Windows/Engine.ini]
[2023.10.14-00.02.48:568][  0]LogConfig: Applying CVar settings from Section [ConsoleVariables] File [D:/UnrealGame01/UnrealGame001/Saved/Config/Windows/Editor.ini]
[2023.10.14-00.02.48:568][  0]LogInit: Computer: MSI
[2023.10.14-00.02.48:568][  0]LogInit: User: MOON
[2023.10.14-00.02.48:568][  0]LogInit: CPU Page size=4096, Cores=8
[2023.10.14-00.02.48:568][  0]LogInit: High frequency timer resolution =10.000000 MHz
[2023.10.14-00.02.48:568][  0]LogMemory: Memory total: Physical=15.8GB (16GB approx)
[2023.10.14-00.02.48:569][  0]LogMemory: Platform Memory Stats for Windows
[2023.10.14-00.02.48:569][  0]LogMemory: Process Physical Memory: 148.46 MB used, 148.46 MB peak
[2023.10.14-00.02.48:569][  0]LogMemory: Process Virtual Memory: 126.23 MB used, 126.23 MB peak
[2023.10.14-00.02.48:569][  0]LogMemory: Physical Memory: 13363.46 MB used,  2789.95 MB free, 16153.41 MB total
[2023.10.14-00.02.48:569][  0]LogMemory: Virtual Memory: 134212312.00 MB used,  5419.51 MB free, 134217728.00 MB total
[2023.10.14-00.02.48:882][  0]LogWindows: WindowsPlatformFeatures enabled
[2023.10.14-00.02.49:146][  0]LogInit: Physics initialised using underlying interface: PhysX
[2023.10.14-00.02.49:147][  0]LogInit: Using OS detected language (en-US).
[2023.10.14-00.02.49:148][  0]LogInit: Using OS detected locale (en-US).
[2023.10.14-00.02.49:162][  0]LogTextLocalizationManager: No specific localization for 'en-US' exists, so the 'en' localization will be used.
[2023.10.14-00.02.49:518][  0]LogInit: Setting process to per monitor DPI aware
[2023.10.14-00.02.49:560][  0]LogWindowsTextInputMethodSystem: Display: IME system deactivated.
[2023.10.14-00.02.49:738][  0]LogSlate: New Slate User Created.  User Index 0, Is Virtual User: 0
[2023.10.14-00.02.49:738][  0]LogSlate: Slate User Registered.  User Index 0, Is Virtual User: 0
[2023.10.14-00.02.52:167][  0]LogD3D11RHI: Loaded GFSDK_Aftermath_Lib.x64.dll
[2023.10.14-00.02.52:178][  0]LogHMD: Failed to initialize OpenVR with code 110
[2023.10.14-00.02.52:178][  0]LogD3D11RHI: D3D11 min allowed feature level: 11_0
[2023.10.14-00.02.52:178][  0]LogD3D11RHI: D3D11 max allowed feature level: 11_0
[2023.10.14-00.02.52:178][  0]LogD3D11RHI: D3D11 adapters:
[2023.10.14-00.02.52:418][  0]LogD3D11RHI:    0. 'NVIDIA GeForce RTX 3080 Laptop GPU' (Feature Level 11_0)
[2023.10.14-00.02.52:418][  0]LogD3D11RHI:       16191/0/8076 MB DedicatedVideo/DedicatedSystem/SharedSystem, Outputs:1, VendorId:0x10de
[2023.10.14-00.02.52:428][  0]LogD3D11RHI:    1. 'Microsoft Basic Render Driver' (Feature Level 11_0)
[2023.10.14-00.02.52:428][  0]LogD3D11RHI:       0/0/8076 MB DedicatedVideo/DedicatedSystem/SharedSystem, Outputs:0, VendorId:0x1414
[2023.10.14-00.02.52:428][  0]LogD3D11RHI: Chosen D3D11 Adapter:
[2023.10.14-00.02.52:428][  0]LogD3D11RHI:     Description : NVIDIA GeForce RTX 3080 Laptop GPU
[2023.10.14-00.02.52:428][  0]LogD3D11RHI:     VendorId    : 10de
[2023.10.14-00.02.52:428][  0]LogD3D11RHI:     DeviceId    : 249c
[2023.10.14-00.02.52:428][  0]LogD3D11RHI:     SubSysId    : 13051462
[2023.10.14-00.02.52:428][  0]LogD3D11RHI:     Revision    : 00a1
[2023.10.14-00.02.52:428][  0]LogD3D11RHI:     DedicatedVideoMemory : 16977494016 bytes
[2023.10.14-00.02.52:428][  0]LogD3D11RHI:     DedicatedSystemMemory : 0 bytes
[2023.10.14-00.02.52:428][  0]LogD3D11RHI:     SharedSystemMemory : 8469037056 bytes
[2023.10.14-00.02.52:429][  0]LogD3D11RHI:     AdapterLuid : 0 70377
[2023.10.14-00.02.52:438][  0]LogD3D11RHI: Creating new Direct3DDevice
[2023.10.14-00.02.52:438][  0]LogD3D11RHI:     GPU DeviceId: 0x249c (for the marketing name, search the web for "GPU Device Id")
[2023.10.14-00.02.52:438][  0]LogWindows: EnumDisplayDevices:
[2023.10.14-00.02.52:439][  0]LogWindows:    0. 'NVIDIA GeForce RTX 3080 Laptop GPU' (P:1 D:1)
[2023.10.14-00.02.52:439][  0]LogWindows:    1. 'NVIDIA GeForce RTX 3080 Laptop GPU' (P:0 D:0)
[2023.10.14-00.02.52:440][  0]LogWindows:    2. 'NVIDIA GeForce RTX 3080 Laptop GPU' (P:0 D:0)
[2023.10.14-00.02.52:441][  0]LogWindows:    3. 'NVIDIA GeForce RTX 3080 Laptop GPU' (P:0 D:0)
[2023.10.14-00.02.52:442][  0]LogWindows: DebugString: FoundDriverCount:4 
[2023.10.14-00.02.52:442][  0]LogD3D11RHI:     Adapter Name: NVIDIA GeForce RTX 3080 Laptop GPU
[2023.10.14-00.02.52:442][  0]LogD3D11RHI:   Driver Version: 536.99 (internal:31.0.15.3699, unified:536.99)
[2023.10.14-00.02.52:442][  0]LogD3D11RHI:      Driver Date: 8-4-2023
[2023.10.14-00.02.52:442][  0]LogRHI: Texture pool is 11333 MB (70% of 16191 MB)
[2023.10.14-00.02.52:442][  0]LogD3D11RHI: Creating D3DDevice using adapter:
[2023.10.14-00.02.52:442][  0]LogD3D11RHI:     Description : NVIDIA GeForce RTX 3080 Laptop GPU
[2023.10.14-00.02.52:442][  0]LogD3D11RHI:     VendorId    : 10de
[2023.10.14-00.02.52:442][  0]LogD3D11RHI:     DeviceId    : 249c
[2023.10.14-00.02.52:442][  0]LogD3D11RHI:     SubSysId    : 13051462
[2023.10.14-00.02.52:442][  0]LogD3D11RHI:     Revision    : 00a1
[2023.10.14-00.02.52:442][  0]LogD3D11RHI:     DedicatedVideoMemory : 16977494016 bytes
[2023.10.14-00.02.52:442][  0]LogD3D11RHI:     DedicatedSystemMemory : 0 bytes
[2023.10.14-00.02.52:442][  0]LogD3D11RHI:     SharedSystemMemory : 8469037056 bytes
[2023.10.14-00.02.52:442][  0]LogD3D11RHI:     AdapterLuid : 0 70377
[2023.10.14-00.02.52:541][  0]LogD3D11RHI: RHI has support for 64 bit atomics
[2023.10.14-00.02.52:542][  0]LogD3D11RHI: Async texture creation enabled
[2023.10.14-00.02.52:542][  0]LogD3D11RHI: Array index from any shader is supported
[2023.10.14-00.02.52:563][  0]LogD3D11RHI: GPU Timing Frequency: 1000.000000 (Debug: 2 2)
[2023.10.14-00.02.52:649][  0]LogRHI: GeForceNow SDK initialized: 1
[2023.10.14-00.02.53:053][  0]LogTargetPlatformManager: Display: Loaded TargetPlatform 'AllDesktop'
[2023.10.14-00.02.53:076][  0]LogTargetPlatformManager: Display: Loaded TargetPlatform 'Android'
[2023.10.14-00.02.53:076][  0]LogTargetPlatformManager: Display: Loaded TargetPlatform 'Android_ASTC'
[2023.10.14-00.02.53:076][  0]LogTargetPlatformManager: Display: Loaded TargetPlatform 'Android_DXT'
[2023.10.14-00.02.53:076][  0]LogTargetPlatformManager: Display: Loaded TargetPlatform 'Android_ETC2'
[2023.10.14-00.02.53:078][  0]LogTargetPlatformManager: Display: Loaded TargetPlatform 'AndroidClient'
[2023.10.14-00.02.53:078][  0]LogTargetPlatformManager: Display: Loaded TargetPlatform 'Android_ASTCClient'
[2023.10.14-00.02.53:078][  0]LogTargetPlatformManager: Display: Loaded TargetPlatform 'Android_DXTClient'
[2023.10.14-00.02.53:078][  0]LogTargetPlatformManager: Display: Loaded TargetPlatform 'Android_ETC2Client'
[2023.10.14-00.02.53:078][  0]LogTargetPlatformManager: Display: Loaded TargetPlatform 'Android_Multi'
[2023.10.14-00.02.53:078][  0]LogTargetPlatformManager: Display: Loaded TargetPlatform 'Android_MultiClient'
[2023.10.14-00.02.53:120][  0]LogTargetPlatformManager: Display: Loaded TargetPlatform 'IOSClient'
[2023.10.14-00.02.53:120][  0]LogTargetPlatformManager: Display: Loaded TargetPlatform 'IOS'
[2023.10.14-00.02.53:142][  0]LogTargetPlatformManager: Display: Loaded TargetPlatform 'Linux'
[2023.10.14-00.02.53:153][  0]LogTargetPlatformManager: Display: Loaded TargetPlatform 'LinuxNoEditor'
[2023.10.14-00.02.53:163][  0]LogTargetPlatformManager: Display: Loaded TargetPlatform 'LinuxClient'
[2023.10.14-00.02.53:174][  0]LogTargetPlatformManager: Display: Loaded TargetPlatform 'LinuxServer'
[2023.10.14-00.02.53:193][  0]LogTargetPlatformManager: Display: Loaded TargetPlatform 'LinuxAArch64NoEditor'
[2023.10.14-00.02.53:204][  0]LogTargetPlatformManager: Display: Loaded TargetPlatform 'LinuxAArch64Client'
[2023.10.14-00.02.53:215][  0]LogTargetPlatformManager: Display: Loaded TargetPlatform 'LinuxAArch64Server'
[2023.10.14-00.02.53:244][  0]LogTargetPlatformManager: Display: Loaded TargetPlatform 'Lumin'
[2023.10.14-00.02.53:244][  0]LogTargetPlatformManager: Display: Loaded TargetPlatform 'LuminClient'
[2023.10.14-00.02.53:272][  0]LogTargetPlatformManager: Display: Loaded TargetPlatform 'MacNoEditor'
[2023.10.14-00.02.53:285][  0]LogTargetPlatformManager: Display: Loaded TargetPlatform 'Mac'
[2023.10.14-00.02.53:304][  0]LogTargetPlatformManager: Display: Loaded TargetPlatform 'MacClient'
[2023.10.14-00.02.53:319][  0]LogTargetPlatformManager: Display: Loaded TargetPlatform 'MacServer'
[2023.10.14-00.02.53:335][  0]LogTargetPlatformManager: Display: Loaded TargetPlatform 'TVOSClient'
[2023.10.14-00.02.53:335][  0]LogTargetPlatformManager: Display: Loaded TargetPlatform 'TVOS'
[2023.10.14-00.02.53:351][  0]LogTargetPlatformManager: Display: Loaded TargetPlatform 'WindowsNoEditor'
[2023.10.14-00.02.53:366][  0]LogTargetPlatformManager: Display: Loaded TargetPlatform 'Windows'
[2023.10.14-00.02.53:383][  0]LogTargetPlatformManager: Display: Loaded TargetPlatform 'WindowsClient'
[2023.10.14-00.02.53:400][  0]LogTargetPlatformManager: Display: Loaded TargetPlatform 'WindowsServer'
[2023.10.14-00.02.53:400][  0]LogTargetPlatformManager: Display: Building Assets For Windows
[2023.10.14-00.02.53:432][  0]LogAudioDebug: Display: Lib vorbis DLL was dynamically loaded.
[2023.10.14-00.02.53:538][  0]LogTextureFormatOodle: Display: Oodle Texture 2.9.0 init RDO Off
[2023.10.14-00.02.53:675][  0]LogRendererCore: Ray tracing is disabled. Reason: r.RayTracing=0.
[2023.10.14-00.02.53:675][  0]LogShaderCompilers: Guid format shader working directory is 16 characters bigger than the processId version (D:/UnrealGame01/UnrealGame001/Intermediate/Shaders/WorkingDirectory/30700/).
[2023.10.14-00.02.53:675][  0]LogShaderCompilers: Cleaned the shader compiler working directory 'C:/Users/ansdn/AppData/Local/Temp/UnrealShaderWorkingDir/47FA62004BDB5D5A415B2098F25720C9/'.
[2023.10.14-00.02.53:675][  0]LogXGEController: Cannot use XGE Controller as Incredibuild is not installed on this machine.
[2023.10.14-00.02.53:676][  0]LogShaderCompilers: Cannot use XGE Shader Compiler as Incredibuild is not installed on this machine.
[2023.10.14-00.02.53:676][  0]LogShaderCompilers: Display: Using Local Shader Compiler.
[2023.10.14-00.02.56:675][  0]LogDerivedDataCache: Display: Max Cache Size: 512 MB
[2023.10.14-00.02.56:763][  0]LogDerivedDataCache: Loaded boot cache 0.09s 94MB C:/Users/ansdn/AppData/Local/UnrealEngine/4.27/DerivedDataCache/Boot.ddc.
[2023.10.14-00.02.56:763][  0]LogDerivedDataCache: Display: Loaded Boot cache: C:/Users/ansdn/AppData/Local/UnrealEngine/4.27/DerivedDataCache/Boot.ddc
[2023.10.14-00.02.56:763][  0]LogDerivedDataCache: FDerivedDataBackendGraph:  Pak pak cache file D:/UnrealGame01/UnrealGame001/DerivedDataCache/DDC.ddp not found, will not use a pak cache.
[2023.10.14-00.02.56:764][  0]LogDerivedDataCache: Unable to find inner node Pak for hierarchical cache Hierarchy.
[2023.10.14-00.02.56:764][  0]LogDerivedDataCache: FDerivedDataBackendGraph:  CompressedPak pak cache file D:/UnrealGame01/UnrealGame001/DerivedDataCache/Compressed.ddp not found, will not use a pak cache.
[2023.10.14-00.02.56:764][  0]LogDerivedDataCache: Unable to find inner node CompressedPak for hierarchical cache Hierarchy.
[2023.10.14-00.02.56:779][  0]LogDerivedDataCache: Display: Pak cache opened for reading ../../../Engine/DerivedDataCache/Compressed.ddp.
[2023.10.14-00.02.56:780][  0]LogDerivedDataCache: FDerivedDataBackendGraph:  EnterprisePak pak cache file ../../../Enterprise/DerivedDataCache/Compressed.ddp not found, will not use a pak cache.
[2023.10.14-00.02.56:780][  0]LogDerivedDataCache: Unable to find inner node EnterprisePak for hierarchical cache Hierarchy.
[2023.10.14-00.02.56:849][  0]LogDerivedDataCache: Speed tests for C:/Users/ansdn/AppData/Local/UnrealEngine/Common/DerivedDataCache took 0.07 seconds
[2023.10.14-00.02.56:850][  0]LogDerivedDataCache: Display: Performance to C:/Users/ansdn/AppData/Local/UnrealEngine/Common/DerivedDataCache: Latency=0.17ms. RandomReadSpeed=17.18MBs, RandomWriteSpeed=71.23MBs. Assigned SpeedClass 'Local'
[2023.10.14-00.02.56:852][  0]LogDerivedDataCache: Using Local data cache path C:/Users/ansdn/AppData/Local/UnrealEngine/Common/DerivedDataCache: Writable
[2023.10.14-00.02.56:853][  0]LogDerivedDataCache: Shared data cache path not found in *engine.ini, will not use an Shared cache.
[2023.10.14-00.02.56:853][  0]LogDerivedDataCache: Unable to find inner node Shared for hierarchical cache Hierarchy.
[2023.10.14-00.02.56:898][  0]LogSlate: Using FreeType 2.10.0
[2023.10.14-00.02.56:915][  0]LogSlate: SlateFontServices - WITH_FREETYPE: 1, WITH_HARFBUZZ: 1
[2023.10.14-00.02.57:088][  0]LogAssetRegistry: FAssetRegistry took 0.0049 seconds to start up
[2023.10.14-00.02.57:285][  0]LogInit: Selected Device Profile: [Windows]
[2023.10.14-00.02.57:285][  0]LogInit: Active device profile: [000001D5D062B500][000001D5C3C44980 49] Windows
[2023.10.14-00.02.57:285][  0]LogInit: Profiles: [000001D5D062B500][000001D5C3C44980 49] Windows, [000001D5D15DCD00][000001D5C3C4CB00 49] WindowsNoEditor, [000001D5D0628C00][000001D5D1866C80 49] WindowsServer, [000001D5D15DF400][000001D5D186AE00 49] WindowsClient, [000001D5D062B300][000001D5D186EF80 49] IOS, [000001D5D15DD200][000001D5D1873100 49] iPadAir, [000001D5D0629100][000001D5D1877280 49] iPadAir2, [000001D5D158C500][000001D5D187F540 49] IPadPro, [000001D5D158C600][000001D5D187B580 49] iPadAir3, [000001D5D062AE00][000001D5D1883700 49] iPadAir4, [000001D5D158F300][000001D5D1887880 49] iPadMini2, [000001D5D0629300][000001D5D188BA00 49] iPadMini3, [000001D5D158D700][000001D5D188FB80 49] iPadMini4, [000001D5D062AA00][000001D5D1892180 49] iPadMini5, [000001D5D1583D00][000001D5D189A440 49] iPhone6, [000001D5D1583E00][000001D5D1896480 49] iPodTouch6, [000001D5D158ED00][000001D5D189E6C0 49] iPhone7, [000001D5D158EC00][000001D5C3C48700 49] iPodTouch7, [000001D5D1581000][000001D5D18A2840 49] iPhone5S, [000001D5D158E400][000001D5D18A6980 49] iPhone6Plus, [000001D5D1582E00][000001D5D18AEB00 49] iPhone6S, [000001D5D158E900][000001D5D18B2C80 49] iPhone6SPlus, [000001D5D1581500][000001D5D18B6E00 49] iPhone7Plus, [000001D5D158DF00][000001D5D18BAF80 49] iPhoneSE, [000001D5D1582900][000001D5D18BF100 49] iPhone8, [000001D5D158D000][000001D5D18C3280 49] iPhone8Plus, [000001D5D1581A00][000001D5D18C7400 49] iPhoneX, [000001D5D158C800][000001D5D18CB580 49] iPhoneXS, [000001D5D1583000][000001D5D18CF700 49] iPhoneXSMax, [000001D5D158F200][000001D5D18D3880 49] iPhoneXR, [000001D5D1583A00][000001D5D18D7A00 49] iPhone11, [000001D5D158FB00][000001D5D18DBB80 49] iPhone11Pro, [000001D5D1582A00][000001D5D18DE180 49] iPhone11ProMax, [000001D5D158F600][000001D5D18E2300 49] iPhoneSE2, [000001D5D1580F00][000001D5D18E6480 49] iPhone12Mini, [000001D5D158D500][000001D5D18EA600 49] iPhone12, [000001D5D1581200][000001D5D18AA740 49] iPhone12Pro, [000001D5D158CD00][000001D5D18EE880 49] iPhone12ProMax, [000001D5D1581900][000001D5D18F29C0 49] iPadPro105, [000001D5D158CE00][000001D5D18F6B00 49] iPadPro129, [000001D5D1582100][000001D5D18FEC80 49] iPadPro97, [000001D5D158D800][000001D5D1902E00 49] iPadPro2_129, [000001D5D1582000][000001D5D1906F80 49] iPad5, [000001D5D158CC00][000001D5D190B100 49] iPad6, [000001D5D1581E00][000001D5D190F280 49] iPad7, [000001D5D158EF00][000001D5D1913400 49] iPad8, [000001D5D1582C00][000001D5D1917580 49] iPadPro11, [000001D5D158E700][000001D5D191B700 49] iPadPro2_11, [000001D5D1580B00][000001D5D191F880 49] iPadPro3_129, [000001D5D158E800][000001D5D1923A00 49] iPadPro4_129, [000001D5D1583B00][000001D5D1927B80 49] AppleTV, [000001D5D158C300][000001D5D192A180 49] AppleTV4K, [000001D5D1581400][000001D5D192E300 49] TVOS, [000001D5D158F800][000001D5D1932480 49] Mac, [000001D5D1583700][000001D5D1936600 49] MacClient, [000001D5D158F000][000001D5D193A780 49] MacNoEditor, [000001D5D1580100][000001D5D193E900 49] MacServer, [000001D5D158C700][000001D5D18FAA40 49] Linux, [000001D5D1580300][000001D5D1942B80 49] LinuxAArch64, [000001D5D158F400][000001D5D1946CC0 49] LinuxNoEditor, [000001D5D1582700][000001D5D194EE40 49] LinuxAArch64NoEditor, [000001D5D158D900][000001D5D1952FC0 49] LinuxClient, [000001D5D1582200][000001D5D1957140 49] LinuxAArch64Client, [000001D5D158DC00][000001D5D195B2C0 49] LinuxServer, [000001D5D15DE700][000001D5D195F440 49] LinuxAArch64Server, [000001D5D0670900][000001D5D19635C0 49] Android, [000001D5D15DF500][000001D5D1967740 49] Android_Low, [000001D5D0672400][000001D5D196B8C0 49] Android_Mid, [000001D5D15DE400][000001D5D196FA40 49] Android_High, [000001D5D0670C00][000001D5D1973BC0 49] Android_Default, [000001D5D15DC900][000001D5D19761C0 49] Android_Adreno4xx, [000001D5D0671B00][000001D5D197A340 49] Android_Adreno5xx_Low, [000001D5D15DE100][000001D5D197E4C0 49] Android_Adreno5xx, [000001D5D0670300][000001D5D1982640 49] Android_Adreno6xx, [000001D5D15DD600][000001D5D19867C0 49] Android_Adreno6xx_Vulkan, [000001D5D0671400][000001D5D198A940 49] Android_Mali_T6xx, [000001D5D15DE800][000001D5D198EAC0 49] Android_Mali_T7xx, [000001D5D0671F00][000001D5D194AC00 49] Android_Mali_T8xx, [000001D5D15DC300][000001D5D1992D40 49] Android_Mali_G71, [000001D5D0670E00][000001D5D1996E80 49] Android_Mali_G72, [000001D5D15DC200][000001D5D199AFC0 49] Android_Mali_G72_Vulkan, [000001D5D0671000][000001D5D19A3140 49] Android_Mali_G76, [000001D5D15DC600][000001D5D19A72C0 49] Android_Mali_G76_Vulkan, [000001D5D0670B00][000001D5D19AB440 49] Android_Mali_G77, [000001D5D15DD700][000001D5D19AF5C0 49] Android_Mali_G77_Vulkan, [000001D5D0671500][000001D5D19B3740 49] Android_Mali_G78, [000001D5D15DE900][000001D5D19B78C0 49] Android_Mali_G78_Vulkan, [000001D5D0670D00][000001D5D19BBA40 49] Android_Mali_G710, [000001D5D15DCA00][000001D5D19BFBC0 49] Android_Mali_G710_Vulkan, [000001D5D0670100][000001D5D19C21C0 49] Android_Vulkan_SM5, [000001D5D158E500][000001D5D19C6340 49] Android_PowerVR_G6xxx, [000001D5D1583500][000001D5D19CA4C0 49] Android_PowerVR_GT7xxx, [000001D5D158E000][000001D5D19CE640 49] Android_PowerVR_GE8xxx, [000001D5D1580700][000001D5D19D27C0 49] Android_PowerVR_GM9xxx, [000001D5D158E300][000001D5D19D6940 49] Android_PowerVR_GM9xxx_Vulkan, [000001D5D1582600][000001D5D19DAAC0 49] Android_TegraK1, [000001D5D158FA00][000001D5D19DEC40 49] Android_Unknown_Vulkan, [000001D5D1582800][000001D5D199ED80 49] Lumin, [000001D5D158FE00][000001D5D19E2EC0 49] Lumin_Desktop, [000001D5D1581100][000001D5D19E7000 49] HoloLens, 
[2023.10.14-00.02.57:500][  0]LogMeshReduction: Using QuadricMeshReduction for automatic static mesh reduction
[2023.10.14-00.02.57:500][  0]LogMeshReduction: Using SimplygonMeshReduction for automatic skeletal mesh reduction
[2023.10.14-00.02.57:500][  0]LogMeshReduction: Using ProxyLODMeshReduction for automatic mesh merging
[2023.10.14-00.02.57:500][  0]LogMeshReduction: No distributed automatic mesh merging module available
[2023.10.14-00.02.57:500][  0]LogMeshMerging: No distributed automatic mesh merging module available
[2023.10.14-00.02.57:528][  0]LogNetVersion: UnrealGame001 1.0.0, NetCL: 17155196, EngineNetVer: 17, GameNetVer: 0 (Checksum: 1156378723)
[2023.10.14-00.02.57:993][  0]LogTexture: Default maximum texture size for cubemaps generated from long-lat sources has been changed from 512 to unlimited. In order to preserve old behaiour for '/Engine/MapTemplates/Sky/DaylightAmbientCubemap.DaylightAmbientCubemap', its maximum texture size has been explicitly set to 512.
[2023.10.14-00.02.58:050][  0]LogHMD: PokeAHoleMaterial loaded successfully
[2023.10.14-00.02.58:054][  0]LogUObjectArray: 17178 objects as part of root set at end of initial load.
[2023.10.14-00.02.58:054][  0]LogUObjectAllocator: 4302048 out of 0 bytes used by permanent object pool.
[2023.10.14-00.02.58:054][  0]LogUObjectArray: CloseDisregardForGC: 0/0 objects in disregard for GC pool
[2023.10.14-00.02.58:675][  0]LogNiagaraDebuggerClient: Niagara Debugger Client Initialized | Session: 99AE4C344EAF59A29EE5B2A069B51E7C | Instance: A2D4BBC444F412CCBB4D9B95D9A8D6A7 (MSI-30700).
[2023.10.14-00.02.58:835][  0]LogPython: Using Python 3.7.7
[2023.10.14-00.02.59:453][  0]LogUdpMessaging: Initializing bridge on interface 0.0.0.0:0 to multicast group 230.0.0.1:6666.
[2023.10.14-00.02.59:698][  0]LogTcpMessaging: Initializing TcpMessaging bridge
[2023.10.14-00.03.00:551][  0]SourceControl: Source control is disabled
[2023.10.14-00.03.00:552][  0]SourceControl: Source control is disabled
[2023.10.14-00.03.00:570][  0]SourceControl: Source control is disabled
[2023.10.14-00.03.00:613][  0]SourceControl: Source control is disabled
[2023.10.14-00.03.00:647][  0]LogUProjectInfo: Found projects:
[2023.10.14-00.03.00:660][  0]SourceControl: Source control is disabled
[2023.10.14-00.03.01:421][  0]LogOpenImageDenoise: OIDN starting up
[2023.10.14-00.03.01:622][  0]LogAndroidPermission: UAndroidPermissionCallbackProxy::GetInstance
[2023.10.14-00.03.01:684][  0]LogAudioCaptureCore: Display: No Audio Capture implementations found. Audio input will be silent.
[2023.10.14-00.03.01:684][  0]LogAudioCaptureCore: Display: No Audio Capture implementations found. Audio input will be silent.
[2023.10.14-00.03.02:182][  0]LogOcInput: OculusInput pre-init called
[2023.10.14-00.03.02:424][  0]LogCollectionManager: Loaded 0 collections in 0.001777 seconds
[2023.10.14-00.03.02:540][  0]LogFileCache: Scanning file cache for directory 'D:/UnrealGame01/UnrealGame001/Saved/Collections/' took 0.00s
[2023.10.14-00.03.02:540][  0]LogFileCache: Scanning file cache for directory 'D:/UnrealGame01/UnrealGame001/Content/Developers/MOON/Collections/' took 0.00s
[2023.10.14-00.03.02:540][  0]LogFileCache: Scanning file cache for directory 'D:/UnrealGame01/UnrealGame001/Content/Collections/' took 0.00s
[2023.10.14-00.03.02:540][  0]LogEngine: Initializing Engine...
[2023.10.14-00.03.02:544][  0]LogHMD: Failed to enumerate extensions. Please check that you have a valid OpenXR runtime installed.
[2023.10.14-00.03.02:544][  0]LogHMD: Failed to initialize OpenVR with code 110
[2023.10.14-00.03.02:544][  0]LogMagicLeap: Warning: VR disabled because ZI is not enabled.  To enable, in the editor, Edit -> Project Settings -> Plugins -> Magic Leap Plugin -> Enable Zero Iteration
[2023.10.14-00.03.02:545][  0]LogStats: UGameplayTagsManager::InitializeManager -  0.000 s
[2023.10.14-00.03.02:674][  0]LogInit: Initializing FReadOnlyCVARCache
[2023.10.14-00.03.02:698][  0]LogAIModule: Creating AISystem for world Untitled
[2023.10.14-00.03.02:698][  0]LogAudio: Display: Initializing Audio Device Manager...
[2023.10.14-00.03.02:712][  0]LogAudio: Display: Loading Default Audio Settings Objects...
[2023.10.14-00.03.02:713][  0]LogAudio: Display: No default SoundConcurrencyObject specified (or failed to load).
[2023.10.14-00.03.02:713][  0]LogAudio: Display: Audio Device Manager Initialized
[2023.10.14-00.03.02:714][  0]LogAudio: Display: Creating Audio Device:                 Id: 1, Scope: Shared, Realtime: True
[2023.10.14-00.03.02:714][  0]LogAudioMixer: Display: Audio Mixer Platform Settings:
[2023.10.14-00.03.02:714][  0]LogAudioMixer: Display: 	Sample Rate:						  48000
[2023.10.14-00.03.02:714][  0]LogAudioMixer: Display: 	Callback Buffer Frame Size Requested: 1024
[2023.10.14-00.03.02:714][  0]LogAudioMixer: Display: 	Callback Buffer Frame Size To Use:	  1024
[2023.10.14-00.03.02:714][  0]LogAudioMixer: Display: 	Number of buffers to queue:			  2
[2023.10.14-00.03.02:714][  0]LogAudioMixer: Display: 	Max Channels (voices):				  32
[2023.10.14-00.03.02:714][  0]LogAudioMixer: Display: 	Number of Async Source Workers:		  0
[2023.10.14-00.03.02:714][  0]LogAudio: Display: AudioDevice MaxSources: 32
[2023.10.14-00.03.02:714][  0]LogAudio: Display: Audio Spatialization Plugin: None (built-in).
[2023.10.14-00.03.02:714][  0]LogAudio: Display: Audio Reverb Plugin: None (built-in).
[2023.10.14-00.03.02:715][  0]LogAudio: Display: Audio Occlusion Plugin: None (built-in).
[2023.10.14-00.03.02:715][  0]LogAudioMixer: Display: Initializing audio mixer.
[2023.10.14-00.03.02:807][  0]LogAudioMixer: Display: 0: FrontLeft
[2023.10.14-00.03.02:807][  0]LogAudioMixer: Display: 1: FrontRight
[2023.10.14-00.03.02:836][  0]LogAudioMixer: Display: Using Audio Device 헤드폰 (WH-XB910N)
[2023.10.14-00.03.02:840][  0]LogAudioMixer: Display: Initializing Sound Submixes...
[2023.10.14-00.03.02:844][  0]LogAudioMixer: Display: Creating Master Submix 'MasterSubmixDefault'
[2023.10.14-00.03.02:844][  0]LogAudioMixer: Display: Creating Master Submix 'MasterReverbSubmixDefault'
[2023.10.14-00.03.02:845][  0]LogAudioMixer: Display: Creating Master Submix 'MasterEQSubmixDefault'
[2023.10.14-00.03.02:846][  0]LogAudioMixer: FMixerPlatformXAudio2::StartAudioStream() called
[2023.10.14-00.03.02:846][  0]LogAudioMixer: Display: Output buffers initialized: Frames=1024, Channels=2, Samples=2048
[2023.10.14-00.03.02:848][  0]LogAudioMixer: Display: Starting AudioMixerPlatformInterface::RunInternal()
[2023.10.14-00.03.02:848][  0]LogAudioMixer: Display: FMixerPlatformXAudio2::SubmitBuffer() called for the first time
[2023.10.14-00.03.02:848][  0]LogInit: FAudioDevice initialized.
[2023.10.14-00.03.02:848][  0]LogAudio: Display: Audio Device (ID: 1) registered with world 'Untitled'.
[2023.10.14-00.03.02:848][  0]LogNetVersion: Set ProjectVersion to 1.0.0.0. Version Checksum will be recalculated on next use.
[2023.10.14-00.03.02:891][  0]LogDerivedDataCache: Saved boot cache 0.04s 94MB C:/Users/ansdn/AppData/Local/UnrealEngine/4.27/DerivedDataCache/Boot.ddc.
[2023.10.14-00.03.02:892][  0]LogInit: Texture streaming: Enabled
[2023.10.14-00.03.02:928][  0]LogAnalytics: Display: [UEEditor.Rocket.Release] APIServer = https://datarouter.ol.epicgames.com/. AppVersion = 4.27.2-18319896+++UE4+Release-4.27
[2023.10.14-00.03.02:941][  0]LogEngineSessionManager: EngineSessionManager initialized
[2023.10.14-00.03.02:941][  0]LogEditorSessionSummary: Verbose: Initializing EditorSessionSummaryWriter for editor session tracking
[2023.10.14-00.03.02:947][  0]LogEditorSessionSummary: EditorSessionSummaryWriter initialized
[2023.10.14-00.03.03:014][  0]LogInit: Transaction tracking system initialized
[2023.10.14-00.03.03:110][  0]BlueprintLog: New page: Editor Load
[2023.10.14-00.03.03:372][  0]LocalizationService: Localization service is disabled
[2023.10.14-00.03.03:469][  0]TimingProfiler: Initialize
[2023.10.14-00.03.03:469][  0]TimingProfiler: OnSessionChanged
[2023.10.14-00.03.03:469][  0]LoadingProfiler: Initialize
[2023.10.14-00.03.03:470][  0]LoadingProfiler: OnSessionChanged
[2023.10.14-00.03.03:470][  0]NetworkingProfiler: Initialize
[2023.10.14-00.03.03:470][  0]NetworkingProfiler: OnSessionChanged
[2023.10.14-00.03.03:470][  0]MemoryProfiler: Initialize
[2023.10.14-00.03.03:470][  0]MemoryProfiler: OnSessionChanged
[2023.10.14-00.03.03:785][  0]LogCook: Display: CookSettings for Memory: MemoryMaxUsedVirtual 0MiB, MemoryMaxUsedPhysical 16384MiB, MemoryMinFreeVirtual 0MiB, MemoryMinFreePhysical 1024MiB
[2023.10.14-00.03.03:785][  0]LogCook: Display: Mobile HDR setting 1
[2023.10.14-00.03.03:856][  0]LogFileCache: Scanning file cache for directory 'D:/UnrealGame01/UnrealGame001/Content/' took 0.07s
[2023.10.14-00.03.04:672][  0]LogInit: Display: Engine is initialized. Leaving FEngineLoop::Init()
[2023.10.14-00.03.04:678][  0]SourceControl: Source control is disabled
[2023.10.14-00.03.04:678][  0]LogUnrealEdMisc: Loading editor; pre map load, took 19.798
[2023.10.14-00.03.04:678][  0]Cmd: MAP LOAD FILE="../../../Engine/Content/Maps/Templates/Template_Default.umap" TEMPLATE=1 SHOWPROGRESS=1 FEATURELEVEL=3
[2023.10.14-00.03.04:685][  0]LightingResults: New page: Lighting Build
[2023.10.14-00.03.04:687][  0]LogWorld: UWorld::CleanupWorld for Untitled, bSessionEnded=true, bCleanupResources=true
[2023.10.14-00.03.04:687][  0]LogSlate: InvalidateAllWidgets triggered.  All widgets were invalidated
[2023.10.14-00.03.04:687][  0]MapCheck: New page: Map Check
[2023.10.14-00.03.04:687][  0]LightingResults: New page: Lighting Build
[2023.10.14-00.03.04:692][  0]LogAudio: Display: Audio Device unregistered from world 'None'.
[2023.10.14-00.03.04:696][  0]LogUObjectHash: Compacting FUObjectHashTables data took   0.59ms
[2023.10.14-00.03.04:763][  0]LogAudio: Display: Audio Device (ID: 1) registered with world 'Untitled_1'.
[2023.10.14-00.03.04:764][  0]LogAIModule: Creating AISystem for world Untitled_1
[2023.10.14-00.03.04:772][  0]LogEditorServer: Finished looking for orphan Actors (0.000 secs)
[2023.10.14-00.03.04:778][  0]LogUObjectHash: Compacting FUObjectHashTables data took   0.69ms
[2023.10.14-00.03.04:778][  0]Cmd: MAP CHECKDEP NOCLEARLOG
[2023.10.14-00.03.04:779][  0]MapCheck: Map check complete: 0 Error(s), 0 Warning(s), took 0.111ms to complete.
[2023.10.14-00.03.04:779][  0]LogFileHelpers: Loading map 'Template_Default' took 0.101
[2023.10.14-00.03.04:782][  0]LogUnrealEdMisc: Total Editor Startup Time, took 19.901
[2023.10.14-00.03.04:927][  0]LogSlate: Updating window title bar state: overlay mode, drag disabled, window buttons hidden, title bar hidden
[2023.10.14-00.03.04:933][  0]LogSlate: Updating window title bar state: overlay mode, drag disabled, window buttons hidden, title bar hidden
[2023.10.14-00.03.04:938][  0]LogSlate: Updating window title bar state: overlay mode, drag disabled, window buttons hidden, title bar hidden
[2023.10.14-00.03.04:942][  0]LogSlate: Updating window title bar state: overlay mode, drag disabled, window buttons hidden, title bar hidden
[2023.10.14-00.03.04:962][  0]LogNativeClassHierarchy: Verbose: Native class hierarchy populated in 0.0079 seconds. Added 3834 classes and 935 folders.
[2023.10.14-00.03.04:966][  0]LogNativeClassHierarchy: Verbose: Native class hierarchy updated for 'WidgetCarousel' in 0.0002 seconds. Added 0 classes and 0 folders.
[2023.10.14-00.03.04:977][  0]LogPakFile: PakFile PrimaryIndexSize=187
[2023.10.14-00.03.04:977][  0]LogPakFile: PakFile PathHashIndexSize=101
[2023.10.14-00.03.04:977][  0]LogPakFile: PakFile FullDirectoryIndexSize=148
[2023.10.14-00.03.04:977][  0]LogShaderLibrary: Display: ShaderCodeLibraryPakFileMountedCallback: PakFile 'C:/Program Files/Epic Games/UE_4.27/FeaturePacks/FP_FirstPerson.upack' (chunk index -1, root 'root:/') mounted
[2023.10.14-00.03.04:977][  0]LogShaderLibrary: Display: ShaderCodeLibraryPakFileMountedCallback: pending pak file info (ChunkID:-1 Root:root:/ File:C:/Program Files/Epic Games/UE_4.27/FeaturePacks/FP_FirstPerson.upack)
[2023.10.14-00.03.04:977][  0]LogPakFile: OnPakFileMounted2Time == 0.000146
[2023.10.14-00.03.04:985][  0]LogPakFile: PakFile PrimaryIndexSize=189
[2023.10.14-00.03.04:985][  0]LogPakFile: PakFile PathHashIndexSize=101
[2023.10.14-00.03.04:985][  0]LogPakFile: PakFile FullDirectoryIndexSize=152
[2023.10.14-00.03.04:985][  0]LogShaderLibrary: Display: ShaderCodeLibraryPakFileMountedCallback: PakFile 'C:/Program Files/Epic Games/UE_4.27/FeaturePacks/FP_FirstPersonBP.upack' (chunk index -1, root 'root:/') mounted
[2023.10.14-00.03.04:986][  0]LogShaderLibrary: Display: ShaderCodeLibraryPakFileMountedCallback: pending pak file info (ChunkID:-1 Root:root:/ File:C:/Program Files/Epic Games/UE_4.27/FeaturePacks/FP_FirstPersonBP.upack)
[2023.10.14-00.03.04:986][  0]LogPakFile: OnPakFileMounted2Time == 0.000159
[2023.10.14-00.03.04:991][  0]LogPakFile: PakFile PrimaryIndexSize=191
[2023.10.14-00.03.04:991][  0]LogPakFile: PakFile PathHashIndexSize=101
[2023.10.14-00.03.04:991][  0]LogPakFile: PakFile FullDirectoryIndexSize=160
[2023.10.14-00.03.04:991][  0]LogShaderLibrary: Display: ShaderCodeLibraryPakFileMountedCallback: PakFile 'C:/Program Files/Epic Games/UE_4.27/FeaturePacks/MobileStarterContent.upack' (chunk index -1, root 'root:/') mounted
[2023.10.14-00.03.04:991][  0]LogShaderLibrary: Display: ShaderCodeLibraryPakFileMountedCallback: pending pak file info (ChunkID:-1 Root:root:/ File:C:/Program Files/Epic Games/UE_4.27/FeaturePacks/MobileStarterContent.upack)
[2023.10.14-00.03.04:991][  0]LogPakFile: OnPakFileMounted2Time == 0.000136
[2023.10.14-00.03.04:997][  0]LogPakFile: PakFile PrimaryIndexSize=185
[2023.10.14-00.03.04:997][  0]LogPakFile: PakFile PathHashIndexSize=101
[2023.10.14-00.03.04:997][  0]LogPakFile: PakFile FullDirectoryIndexSize=148
[2023.10.14-00.03.04:997][  0]LogShaderLibrary: Display: ShaderCodeLibraryPakFileMountedCallback: PakFile 'C:/Program Files/Epic Games/UE_4.27/FeaturePacks/StarterContent.upack' (chunk index -1, root 'root:/') mounted
[2023.10.14-00.03.04:997][  0]LogShaderLibrary: Display: ShaderCodeLibraryPakFileMountedCallback: pending pak file info (ChunkID:-1 Root:root:/ File:C:/Program Files/Epic Games/UE_4.27/FeaturePacks/StarterContent.upack)
[2023.10.14-00.03.04:997][  0]LogPakFile: OnPakFileMounted2Time == 0.000172
[2023.10.14-00.03.05:003][  0]LogPakFile: PakFile PrimaryIndexSize=190
[2023.10.14-00.03.05:003][  0]LogPakFile: PakFile PathHashIndexSize=101
[2023.10.14-00.03.05:003][  0]LogPakFile: PakFile FullDirectoryIndexSize=154
[2023.10.14-00.03.05:003][  0]LogShaderLibrary: Display: ShaderCodeLibraryPakFileMountedCallback: PakFile 'C:/Program Files/Epic Games/UE_4.27/FeaturePacks/TP_2DSideScroller.upack' (chunk index -1, root 'root:/') mounted
[2023.10.14-00.03.05:004][  0]LogShaderLibrary: Display: ShaderCodeLibraryPakFileMountedCallback: pending pak file info (ChunkID:-1 Root:root:/ File:C:/Program Files/Epic Games/UE_4.27/FeaturePacks/TP_2DSideScroller.upack)
[2023.10.14-00.03.05:004][  0]LogPakFile: OnPakFileMounted2Time == 0.000186
[2023.10.14-00.03.05:009][  0]LogPakFile: PakFile PrimaryIndexSize=192
[2023.10.14-00.03.05:009][  0]LogPakFile: PakFile PathHashIndexSize=101
[2023.10.14-00.03.05:010][  0]LogPakFile: PakFile FullDirectoryIndexSize=158
[2023.10.14-00.03.05:010][  0]LogShaderLibrary: Display: ShaderCodeLibraryPakFileMountedCallback: PakFile 'C:/Program Files/Epic Games/UE_4.27/FeaturePacks/TP_2DSideScrollerBP.upack' (chunk index -1, root 'root:/') mounted
[2023.10.14-00.03.05:010][  0]LogShaderLibrary: Display: ShaderCodeLibraryPakFileMountedCallback: pending pak file info (ChunkID:-1 Root:root:/ File:C:/Program Files/Epic Games/UE_4.27/FeaturePacks/TP_2DSideScrollerBP.upack)
[2023.10.14-00.03.05:010][  0]LogPakFile: OnPakFileMounted2Time == 0.000149
[2023.10.14-00.03.05:015][  0]LogPakFile: PakFile PrimaryIndexSize=182
[2023.10.14-00.03.05:015][  0]LogPakFile: PakFile PathHashIndexSize=101
[2023.10.14-00.03.05:015][  0]LogPakFile: PakFile FullDirectoryIndexSize=138
[2023.10.14-00.03.05:015][  0]LogShaderLibrary: Display: ShaderCodeLibraryPakFileMountedCallback: PakFile 'C:/Program Files/Epic Games/UE_4.27/FeaturePacks/TP_Flying.upack' (chunk index -1, root 'root:/') mounted
[2023.10.14-00.03.05:015][  0]LogShaderLibrary: Display: ShaderCodeLibraryPakFileMountedCallback: pending pak file info (ChunkID:-1 Root:root:/ File:C:/Program Files/Epic Games/UE_4.27/FeaturePacks/TP_Flying.upack)
[2023.10.14-00.03.05:015][  0]LogPakFile: OnPakFileMounted2Time == 0.000187
[2023.10.14-00.03.05:021][  0]LogPakFile: PakFile PrimaryIndexSize=184
[2023.10.14-00.03.05:021][  0]LogPakFile: PakFile PathHashIndexSize=101
[2023.10.14-00.03.05:022][  0]LogPakFile: PakFile FullDirectoryIndexSize=142
[2023.10.14-00.03.05:022][  0]LogShaderLibrary: Display: ShaderCodeLibraryPakFileMountedCallback: PakFile 'C:/Program Files/Epic Games/UE_4.27/FeaturePacks/TP_FlyingBP.upack' (chunk index -1, root 'root:/') mounted
[2023.10.14-00.03.05:022][  0]LogShaderLibrary: Display: ShaderCodeLibraryPakFileMountedCallback: pending pak file info (ChunkID:-1 Root:root:/ File:C:/Program Files/Epic Games/UE_4.27/FeaturePacks/TP_FlyingBP.upack)
[2023.10.14-00.03.05:022][  0]LogPakFile: OnPakFileMounted2Time == 0.000169
[2023.10.14-00.03.05:029][  0]LogPakFile: PakFile PrimaryIndexSize=188
[2023.10.14-00.03.05:029][  0]LogPakFile: PakFile PathHashIndexSize=101
[2023.10.14-00.03.05:029][  0]LogPakFile: PakFile FullDirectoryIndexSize=150
[2023.10.14-00.03.05:029][  0]LogShaderLibrary: Display: ShaderCodeLibraryPakFileMountedCallback: PakFile 'C:/Program Files/Epic Games/UE_4.27/FeaturePacks/TP_HandheldARBP.upack' (chunk index -1, root 'root:/') mounted
[2023.10.14-00.03.05:029][  0]LogShaderLibrary: Display: ShaderCodeLibraryPakFileMountedCallback: pending pak file info (ChunkID:-1 Root:root:/ File:C:/Program Files/Epic Games/UE_4.27/FeaturePacks/TP_HandheldARBP.upack)
[2023.10.14-00.03.05:029][  0]LogPakFile: OnPakFileMounted2Time == 0.000201
[2023.10.14-00.03.05:035][  0]LogPakFile: PakFile PrimaryIndexSize=182
[2023.10.14-00.03.05:035][  0]LogPakFile: PakFile PathHashIndexSize=101
[2023.10.14-00.03.05:035][  0]LogPakFile: PakFile FullDirectoryIndexSize=138
[2023.10.14-00.03.05:035][  0]LogShaderLibrary: Display: ShaderCodeLibraryPakFileMountedCallback: PakFile 'C:/Program Files/Epic Games/UE_4.27/FeaturePacks/TP_Puzzle.upack' (chunk index -1, root 'root:/') mounted
[2023.10.14-00.03.05:036][  0]LogShaderLibrary: Display: ShaderCodeLibraryPakFileMountedCallback: pending pak file info (ChunkID:-1 Root:root:/ File:C:/Program Files/Epic Games/UE_4.27/FeaturePacks/TP_Puzzle.upack)
[2023.10.14-00.03.05:036][  0]LogPakFile: OnPakFileMounted2Time == 0.000221
[2023.10.14-00.03.05:040][  0]LogPakFile: PakFile PrimaryIndexSize=184
[2023.10.14-00.03.05:041][  0]LogPakFile: PakFile PathHashIndexSize=101
[2023.10.14-00.03.05:041][  0]LogPakFile: PakFile FullDirectoryIndexSize=142
[2023.10.14-00.03.05:041][  0]LogShaderLibrary: Display: ShaderCodeLibraryPakFileMountedCallback: PakFile 'C:/Program Files/Epic Games/UE_4.27/FeaturePacks/TP_PuzzleBP.upack' (chunk index -1, root 'root:/') mounted
[2023.10.14-00.03.05:041][  0]LogShaderLibrary: Display: ShaderCodeLibraryPakFileMountedCallback: pending pak file info (ChunkID:-1 Root:root:/ File:C:/Program Files/Epic Games/UE_4.27/FeaturePacks/TP_PuzzleBP.upack)
[2023.10.14-00.03.05:041][  0]LogPakFile: OnPakFileMounted2Time == 0.000133
[2023.10.14-00.03.05:046][  0]LogPakFile: PakFile PrimaryIndexSize=183
[2023.10.14-00.03.05:046][  0]LogPakFile: PakFile PathHashIndexSize=101
[2023.10.14-00.03.05:046][  0]LogPakFile: PakFile FullDirectoryIndexSize=140
[2023.10.14-00.03.05:046][  0]LogShaderLibrary: Display: ShaderCodeLibraryPakFileMountedCallback: PakFile 'C:/Program Files/Epic Games/UE_4.27/FeaturePacks/TP_Rolling.upack' (chunk index -1, root 'root:/') mounted
[2023.10.14-00.03.05:047][  0]LogShaderLibrary: Display: ShaderCodeLibraryPakFileMountedCallback: pending pak file info (ChunkID:-1 Root:root:/ File:C:/Program Files/Epic Games/UE_4.27/FeaturePacks/TP_Rolling.upack)
[2023.10.14-00.03.05:047][  0]LogPakFile: OnPakFileMounted2Time == 0.000158
[2023.10.14-00.03.05:051][  0]LogPakFile: PakFile PrimaryIndexSize=185
[2023.10.14-00.03.05:051][  0]LogPakFile: PakFile PathHashIndexSize=101
[2023.10.14-00.03.05:051][  0]LogPakFile: PakFile FullDirectoryIndexSize=144
[2023.10.14-00.03.05:052][  0]LogShaderLibrary: Display: ShaderCodeLibraryPakFileMountedCallback: PakFile 'C:/Program Files/Epic Games/UE_4.27/FeaturePacks/TP_RollingBP.upack' (chunk index -1, root 'root:/') mounted
[2023.10.14-00.03.05:052][  0]LogShaderLibrary: Display: ShaderCodeLibraryPakFileMountedCallback: pending pak file info (ChunkID:-1 Root:root:/ File:C:/Program Files/Epic Games/UE_4.27/FeaturePacks/TP_RollingBP.upack)
[2023.10.14-00.03.05:052][  0]LogPakFile: OnPakFileMounted2Time == 0.000171
[2023.10.14-00.03.05:057][  0]LogPakFile: PakFile PrimaryIndexSize=188
[2023.10.14-00.03.05:057][  0]LogPakFile: PakFile PathHashIndexSize=101
[2023.10.14-00.03.05:057][  0]LogPakFile: PakFile FullDirectoryIndexSize=150
[2023.10.14-00.03.05:057][  0]LogShaderLibrary: Display: ShaderCodeLibraryPakFileMountedCallback: PakFile 'C:/Program Files/Epic Games/UE_4.27/FeaturePacks/TP_SideScroller.upack' (chunk index -1, root 'root:/') mounted
[2023.10.14-00.03.05:057][  0]LogShaderLibrary: Display: ShaderCodeLibraryPakFileMountedCallback: pending pak file info (ChunkID:-1 Root:root:/ File:C:/Program Files/Epic Games/UE_4.27/FeaturePacks/TP_SideScroller.upack)
[2023.10.14-00.03.05:057][  0]LogPakFile: OnPakFileMounted2Time == 0.000169
[2023.10.14-00.03.05:062][  0]LogPakFile: PakFile PrimaryIndexSize=190
[2023.10.14-00.03.05:062][  0]LogPakFile: PakFile PathHashIndexSize=101
[2023.10.14-00.03.05:062][  0]LogPakFile: PakFile FullDirectoryIndexSize=154
[2023.10.14-00.03.05:062][  0]LogShaderLibrary: Display: ShaderCodeLibraryPakFileMountedCallback: PakFile 'C:/Program Files/Epic Games/UE_4.27/FeaturePacks/TP_SideScrollerBP.upack' (chunk index -1, root 'root:/') mounted
[2023.10.14-00.03.05:062][  0]LogShaderLibrary: Display: ShaderCodeLibraryPakFileMountedCallback: pending pak file info (ChunkID:-1 Root:root:/ File:C:/Program Files/Epic Games/UE_4.27/FeaturePacks/TP_SideScrollerBP.upack)
[2023.10.14-00.03.05:062][  0]LogPakFile: OnPakFileMounted2Time == 0.000186
[2023.10.14-00.03.05:067][  0]LogPakFile: PakFile PrimaryIndexSize=187
[2023.10.14-00.03.05:067][  0]LogPakFile: PakFile PathHashIndexSize=101
[2023.10.14-00.03.05:068][  0]LogPakFile: PakFile FullDirectoryIndexSize=148
[2023.10.14-00.03.05:068][  0]LogShaderLibrary: Display: ShaderCodeLibraryPakFileMountedCallback: PakFile 'C:/Program Files/Epic Games/UE_4.27/FeaturePacks/TP_ThirdPerson.upack' (chunk index -1, root 'root:/') mounted
[2023.10.14-00.03.05:068][  0]LogShaderLibrary: Display: ShaderCodeLibraryPakFileMountedCallback: pending pak file info (ChunkID:-1 Root:root:/ File:C:/Program Files/Epic Games/UE_4.27/FeaturePacks/TP_ThirdPerson.upack)
[2023.10.14-00.03.05:068][  0]LogPakFile: OnPakFileMounted2Time == 0.000171
[2023.10.14-00.03.05:072][  0]LogPakFile: PakFile PrimaryIndexSize=189
[2023.10.14-00.03.05:072][  0]LogPakFile: PakFile PathHashIndexSize=101
[2023.10.14-00.03.05:072][  0]LogPakFile: PakFile FullDirectoryIndexSize=152
[2023.10.14-00.03.05:072][  0]LogShaderLibrary: Display: ShaderCodeLibraryPakFileMountedCallback: PakFile 'C:/Program Files/Epic Games/UE_4.27/FeaturePacks/TP_ThirdPersonBP.upack' (chunk index -1, root 'root:/') mounted
[2023.10.14-00.03.05:073][  0]LogShaderLibrary: Display: ShaderCodeLibraryPakFileMountedCallback: pending pak file info (ChunkID:-1 Root:root:/ File:C:/Program Files/Epic Games/UE_4.27/FeaturePacks/TP_ThirdPersonBP.upack)
[2023.10.14-00.03.05:073][  0]LogPakFile: OnPakFileMounted2Time == 0.000148
[2023.10.14-00.03.05:078][  0]LogPakFile: PakFile PrimaryIndexSize=183
[2023.10.14-00.03.05:078][  0]LogPakFile: PakFile PathHashIndexSize=101
[2023.10.14-00.03.05:078][  0]LogPakFile: PakFile FullDirectoryIndexSize=140
[2023.10.14-00.03.05:078][  0]LogShaderLibrary: Display: ShaderCodeLibraryPakFileMountedCallback: PakFile 'C:/Program Files/Epic Games/UE_4.27/FeaturePacks/TP_TopDown.upack' (chunk index -1, root 'root:/') mounted
[2023.10.14-00.03.05:078][  0]LogShaderLibrary: Display: ShaderCodeLibraryPakFileMountedCallback: pending pak file info (ChunkID:-1 Root:root:/ File:C:/Program Files/Epic Games/UE_4.27/FeaturePacks/TP_TopDown.upack)
[2023.10.14-00.03.05:078][  0]LogPakFile: OnPakFileMounted2Time == 0.000190
[2023.10.14-00.03.05:083][  0]LogPakFile: PakFile PrimaryIndexSize=185
[2023.10.14-00.03.05:084][  0]LogPakFile: PakFile PathHashIndexSize=101
[2023.10.14-00.03.05:084][  0]LogPakFile: PakFile FullDirectoryIndexSize=144
[2023.10.14-00.03.05:084][  0]LogShaderLibrary: Display: ShaderCodeLibraryPakFileMountedCallback: PakFile 'C:/Program Files/Epic Games/UE_4.27/FeaturePacks/TP_TopDownBP.upack' (chunk index -1, root 'root:/') mounted
[2023.10.14-00.03.05:084][  0]LogShaderLibrary: Display: ShaderCodeLibraryPakFileMountedCallback: pending pak file info (ChunkID:-1 Root:root:/ File:C:/Program Files/Epic Games/UE_4.27/FeaturePacks/TP_TopDownBP.upack)
[2023.10.14-00.03.05:084][  0]LogPakFile: OnPakFileMounted2Time == 0.000167
[2023.10.14-00.03.05:093][  0]LogPakFile: PakFile PrimaryIndexSize=185
[2023.10.14-00.03.05:093][  0]LogPakFile: PakFile PathHashIndexSize=101
[2023.10.14-00.03.05:093][  0]LogPakFile: PakFile FullDirectoryIndexSize=144
[2023.10.14-00.03.05:093][  0]LogShaderLibrary: Display: ShaderCodeLibraryPakFileMountedCallback: PakFile 'C:/Program Files/Epic Games/UE_4.27/FeaturePacks/TP_TwinStick.upack' (chunk index -1, root 'root:/') mounted
[2023.10.14-00.03.05:093][  0]LogShaderLibrary: Display: ShaderCodeLibraryPakFileMountedCallback: pending pak file info (ChunkID:-1 Root:root:/ File:C:/Program Files/Epic Games/UE_4.27/FeaturePacks/TP_TwinStick.upack)
[2023.10.14-00.03.05:093][  0]LogPakFile: OnPakFileMounted2Time == 0.000140
[2023.10.14-00.03.05:098][  0]LogPakFile: PakFile PrimaryIndexSize=187
[2023.10.14-00.03.05:098][  0]LogPakFile: PakFile PathHashIndexSize=101
[2023.10.14-00.03.05:099][  0]LogPakFile: PakFile FullDirectoryIndexSize=148
[2023.10.14-00.03.05:099][  0]LogShaderLibrary: Display: ShaderCodeLibraryPakFileMountedCallback: PakFile 'C:/Program Files/Epic Games/UE_4.27/FeaturePacks/TP_TwinStickBP.upack' (chunk index -1, root 'root:/') mounted
[2023.10.14-00.03.05:099][  0]LogShaderLibrary: Display: ShaderCodeLibraryPakFileMountedCallback: pending pak file info (ChunkID:-1 Root:root:/ File:C:/Program Files/Epic Games/UE_4.27/FeaturePacks/TP_TwinStickBP.upack)
[2023.10.14-00.03.05:099][  0]LogPakFile: OnPakFileMounted2Time == 0.000142
[2023.10.14-00.03.05:104][  0]LogPakFile: PakFile PrimaryIndexSize=183
[2023.10.14-00.03.05:104][  0]LogPakFile: PakFile PathHashIndexSize=101
[2023.10.14-00.03.05:104][  0]LogPakFile: PakFile FullDirectoryIndexSize=140
[2023.10.14-00.03.05:104][  0]LogShaderLibrary: Display: ShaderCodeLibraryPakFileMountedCallback: PakFile 'C:/Program Files/Epic Games/UE_4.27/FeaturePacks/TP_Vehicle.upack' (chunk index -1, root 'root:/') mounted
[2023.10.14-00.03.05:104][  0]LogShaderLibrary: Display: ShaderCodeLibraryPakFileMountedCallback: pending pak file info (ChunkID:-1 Root:root:/ File:C:/Program Files/Epic Games/UE_4.27/FeaturePacks/TP_Vehicle.upack)
[2023.10.14-00.03.05:104][  0]LogPakFile: OnPakFileMounted2Time == 0.000139
[2023.10.14-00.03.05:109][  0]LogPakFile: PakFile PrimaryIndexSize=186
[2023.10.14-00.03.05:109][  0]LogPakFile: PakFile PathHashIndexSize=101
[2023.10.14-00.03.05:109][  0]LogPakFile: PakFile FullDirectoryIndexSize=146
[2023.10.14-00.03.05:110][  0]LogShaderLibrary: Display: ShaderCodeLibraryPakFileMountedCallback: PakFile 'C:/Program Files/Epic Games/UE_4.27/FeaturePacks/TP_VehicleAdv.upack' (chunk index -1, root 'root:/') mounted
[2023.10.14-00.03.05:110][  0]LogShaderLibrary: Display: ShaderCodeLibraryPakFileMountedCallback: pending pak file info (ChunkID:-1 Root:root:/ File:C:/Program Files/Epic Games/UE_4.27/FeaturePacks/TP_VehicleAdv.upack)
[2023.10.14-00.03.05:110][  0]LogPakFile: OnPakFileMounted2Time == 0.000147
[2023.10.14-00.03.05:114][  0]LogPakFile: PakFile PrimaryIndexSize=188
[2023.10.14-00.03.05:115][  0]LogPakFile: PakFile PathHashIndexSize=101
[2023.10.14-00.03.05:115][  0]LogPakFile: PakFile FullDirectoryIndexSize=150
[2023.10.14-00.03.05:115][  0]LogShaderLibrary: Display: ShaderCodeLibraryPakFileMountedCallback: PakFile 'C:/Program Files/Epic Games/UE_4.27/FeaturePacks/TP_VehicleAdvBP.upack' (chunk index -1, root 'root:/') mounted
[2023.10.14-00.03.05:115][  0]LogShaderLibrary: Display: ShaderCodeLibraryPakFileMountedCallback: pending pak file info (ChunkID:-1 Root:root:/ File:C:/Program Files/Epic Games/UE_4.27/FeaturePacks/TP_VehicleAdvBP.upack)
[2023.10.14-00.03.05:115][  0]LogPakFile: OnPakFileMounted2Time == 0.000156
[2023.10.14-00.03.05:120][  0]LogPakFile: PakFile PrimaryIndexSize=185
[2023.10.14-00.03.05:120][  0]LogPakFile: PakFile PathHashIndexSize=101
[2023.10.14-00.03.05:120][  0]LogPakFile: PakFile FullDirectoryIndexSize=144
[2023.10.14-00.03.05:120][  0]LogShaderLibrary: Display: ShaderCodeLibraryPakFileMountedCallback: PakFile 'C:/Program Files/Epic Games/UE_4.27/FeaturePacks/TP_VehicleBP.upack' (chunk index -1, root 'root:/') mounted
[2023.10.14-00.03.05:120][  0]LogShaderLibrary: Display: ShaderCodeLibraryPakFileMountedCallback: pending pak file info (ChunkID:-1 Root:root:/ File:C:/Program Files/Epic Games/UE_4.27/FeaturePacks/TP_VehicleBP.upack)
[2023.10.14-00.03.05:120][  0]LogPakFile: OnPakFileMounted2Time == 0.000145
[2023.10.14-00.03.05:125][  0]LogPakFile: PakFile PrimaryIndexSize=192
[2023.10.14-00.03.05:125][  0]LogPakFile: PakFile PathHashIndexSize=101
[2023.10.14-00.03.05:125][  0]LogPakFile: PakFile FullDirectoryIndexSize=158
[2023.10.14-00.03.05:125][  0]LogShaderLibrary: Display: ShaderCodeLibraryPakFileMountedCallback: PakFile 'C:/Program Files/Epic Games/UE_4.27/FeaturePacks/TP_VirtualRealityBP.upack' (chunk index -1, root 'root:/') mounted
[2023.10.14-00.03.05:125][  0]LogShaderLibrary: Display: ShaderCodeLibraryPakFileMountedCallback: pending pak file info (ChunkID:-1 Root:root:/ File:C:/Program Files/Epic Games/UE_4.27/FeaturePacks/TP_VirtualRealityBP.upack)
[2023.10.14-00.03.05:126][  0]LogPakFile: OnPakFileMounted2Time == 0.000167
[2023.10.14-00.03.05:349][  0]LogNativeClassHierarchy: Verbose: Native class hierarchy updated for 'AddContentDialog' in 0.0003 seconds. Added 0 classes and 0 folders.
[2023.10.14-00.03.05:353][  0]LogNativeClassHierarchy: Verbose: Native class hierarchy updated for 'SceneOutliner' in 0.0002 seconds. Added 2 classes and 0 folders.
[2023.10.14-00.03.05:437][  0]LogSlate: Took 0.005020 seconds to synchronously load lazily loaded font '../../../Engine/Content/Slate/Fonts/Roboto-Regular.ttf' (155K)
[2023.10.14-00.03.05:443][  0]LogSlate: Took 0.004443 seconds to synchronously load lazily loaded font '../../../Engine/Content/Editor/Slate/Fonts/FontAwesome.ttf' (139K)
[2023.10.14-00.03.05:448][  0]LogSlate: Took 0.003910 seconds to synchronously load lazily loaded font '../../../Engine/Content/Slate/Fonts/Roboto-Bold.ttf' (160K)
[2023.10.14-00.03.05:555][  0]LogRenderer: Reallocating scene render targets to support 1208x572 Format 10 NumSamples 1 (Frame:1).
[2023.10.14-00.03.05:602][  0]LogSlate: Took 0.006167 seconds to synchronously load lazily loaded font '../../../Engine/Content/Slate/Fonts/Roboto-Light.ttf' (167K)
[2023.10.14-00.03.05:705][  0]LogNativeClassHierarchy: Verbose: Native class hierarchy updated for 'HierarchicalLODOutliner' in 0.0002 seconds. Added 0 classes and 0 folders.
[2023.10.14-00.03.05:705][  0]LogLoad: (Engine Initialization) Total time: 20.82 seconds
[2023.10.14-00.03.05:706][  0]LogLoad: (Engine Initialization) Total Blueprint compile time: 0.00 seconds
[2023.10.14-00.03.05:797][  0]LogAssetRegistry: Asset discovery search completed in 8.7132 seconds
[2023.10.14-00.03.05:814][  0]LogCollectionManager: Fixed up redirectors for 0 collections in 0.000004 seconds (updated 0 objects)
[2023.10.14-00.03.05:834][  0]LogContentStreaming: Texture pool size now 1000 MB
[2023.10.14-00.03.06:741][ 51]LogSlate: Took 0.000227 seconds to synchronously load lazily loaded font '../../../Engine/Content/Slate/Fonts/Roboto-Light.ttf' (167K)
[2023.10.14-00.03.08:900][170]LogUObjectHash: Compacting FUObjectHashTables data took   0.81ms
[2023.10.14-00.03.09:334][170]LogAssetEditorSubsystem: Opening Asset editor for World /Game/Maps/CodeLevel.CodeLevel
[2023.10.14-00.03.09:334][170]Cmd: MAP LOAD FILE="D:/UnrealGame01/UnrealGame001/Content/Maps/CodeLevel.umap" TEMPLATE=0 SHOWPROGRESS=1 FEATURELEVEL=3
[2023.10.14-00.03.09:334][170]LightingResults: New page: Lighting Build
[2023.10.14-00.03.09:334][170]LoadErrors: New page: Loading map: CodeLevel.umap
[2023.10.14-00.03.09:336][170]LogWorld: UWorld::CleanupWorld for Untitled_1, bSessionEnded=true, bCleanupResources=true
[2023.10.14-00.03.09:336][170]LogSlate: InvalidateAllWidgets triggered.  All widgets were invalidated
[2023.10.14-00.03.09:336][170]MapCheck: New page: Map Check
[2023.10.14-00.03.09:336][170]LightingResults: New page: Lighting Build
[2023.10.14-00.03.09:340][170]LogAudio: Display: Audio Device unregistered from world 'None'.
[2023.10.14-00.03.09:343][170]LogUObjectHash: Compacting FUObjectHashTables data took   0.84ms
[2023.10.14-00.03.09:344][170]LogAudio: Display: Audio Device (ID: 1) registered with world 'CodeLevel'.
[2023.10.14-00.03.09:405][170]LogEditorServer: Finished looking for orphan Actors (0.000 secs)
[2023.10.14-00.03.09:405][170]LogAIModule: Creating AISystem for world CodeLevel
[2023.10.14-00.03.09:412][170]LogUObjectHash: Compacting FUObjectHashTables data took   0.49ms
[2023.10.14-00.03.09:428][170]Cmd: MAP CHECKDEP NOCLEARLOG
[2023.10.14-00.03.09:428][170]MapCheck: Map check complete: 0 Error(s), 0 Warning(s), took 0.08ms to complete.
[2023.10.14-00.03.09:428][170]LogFileHelpers: Loading map 'CodeLevel' took 0.095
[2023.10.14-00.03.10:234][211]LogTemp: Repeating last play command: Selected Viewport
[2023.10.14-00.03.10:243][211]LogPlayLevel: PlayLevel: No blueprints needed recompiling
[2023.10.14-00.03.10:243][211]PIE: New page: PIE session: CodeLevel (Oct 13, 2023, 4:03:10 PM)
[2023.10.14-00.03.10:246][211]LogOnline: OSS: Creating online subsystem instance for: NULL
[2023.10.14-00.03.10:248][211]LogOnline: OSS: TryLoadSubsystemAndSetDefault: Loaded subsystem for module [NULL]
[2023.10.14-00.03.10:248][211]LogPlayLevel: Creating play world package: /Game/Maps/UEDPIE_0_CodeLevel
[2023.10.14-00.03.10:252][211]LogPlayLevel: PIE: StaticDuplicateObject took: (0.002722s)
[2023.10.14-00.03.10:252][211]LogAIModule: Creating AISystem for world CodeLevel
[2023.10.14-00.03.10:253][211]LogPlayLevel: PIE: World Init took: (0.001141s)
[2023.10.14-00.03.10:253][211]LogPlayLevel: PIE: Created PIE world by copying editor world from /Game/Maps/CodeLevel.CodeLevel to /Game/Maps/UEDPIE_0_CodeLevel.CodeLevel (0.004262s)
[2023.10.14-00.03.10:256][211]LogUObjectHash: Compacting FUObjectHashTables data took   0.45ms
[2023.10.14-00.03.10:257][211]LogAudio: Display: Creating Audio Device:                 Id: 2, Scope: Unique, Realtime: True
[2023.10.14-00.03.10:257][211]LogAudioMixer: Display: Audio Mixer Platform Settings:
[2023.10.14-00.03.10:257][211]LogAudioMixer: Display: 	Sample Rate:						  48000
[2023.10.14-00.03.10:257][211]LogAudioMixer: Display: 	Callback Buffer Frame Size Requested: 1024
[2023.10.14-00.03.10:257][211]LogAudioMixer: Display: 	Callback Buffer Frame Size To Use:	  1024
[2023.10.14-00.03.10:257][211]LogAudioMixer: Display: 	Number of buffers to queue:			  2
[2023.10.14-00.03.10:257][211]LogAudioMixer: Display: 	Max Channels (voices):				  32
[2023.10.14-00.03.10:258][211]LogAudioMixer: Display: 	Number of Async Source Workers:		  0
[2023.10.14-00.03.10:258][211]LogAudio: Display: AudioDevice MaxSources: 32
[2023.10.14-00.03.10:258][211]LogAudio: Display: Audio Spatialization Plugin: None (built-in).
[2023.10.14-00.03.10:258][211]LogAudio: Display: Audio Reverb Plugin: None (built-in).
[2023.10.14-00.03.10:258][211]LogAudio: Display: Audio Occlusion Plugin: None (built-in).
[2023.10.14-00.03.10:258][211]LogAudioMixer: Display: Initializing audio mixer.
[2023.10.14-00.03.10:280][211]LogAudioMixer: Display: 0: FrontLeft
[2023.10.14-00.03.10:280][211]LogAudioMixer: Display: 1: FrontRight
[2023.10.14-00.03.10:297][211]LogAudioMixer: Display: Using Audio Device 헤드폰 (WH-XB910N)
[2023.10.14-00.03.10:297][211]LogAudioMixer: Display: Initializing Sound Submixes...
[2023.10.14-00.03.10:297][211]LogAudioMixer: Display: Creating Master Submix 'MasterSubmixDefault'
[2023.10.14-00.03.10:297][211]LogAudioMixer: Display: Creating Master Submix 'MasterReverbSubmixDefault'
[2023.10.14-00.03.10:297][211]LogAudioMixer: Display: Creating Master Submix 'MasterEQSubmixDefault'
[2023.10.14-00.03.10:298][211]LogAudioMixer: FMixerPlatformXAudio2::StartAudioStream() called
[2023.10.14-00.03.10:298][211]LogAudioMixer: Display: Output buffers initialized: Frames=1024, Channels=2, Samples=2048
[2023.10.14-00.03.10:300][211]LogAudioMixer: Display: Starting AudioMixerPlatformInterface::RunInternal()
[2023.10.14-00.03.10:300][211]LogAudioMixer: Display: FMixerPlatformXAudio2::SubmitBuffer() called for the first time
[2023.10.14-00.03.10:300][211]LogInit: FAudioDevice initialized.
[2023.10.14-00.03.10:300][211]LogAudio: Display: Audio Device (ID: 2) registered with world 'CodeLevel'.
[2023.10.14-00.03.10:310][211]LogLoad: Game class is 'BP_CodeGame_C'
[2023.10.14-00.03.10:313][211]LogWorld: Bringing World /Game/Maps/UEDPIE_0_CodeLevel.CodeLevel up for play (max tick rate 60) at 2023.10.13-20.03.10
[2023.10.14-00.03.10:313][211]LogWorld: Bringing up level for play took: 0.001483
[2023.10.14-00.03.10:313][211]LogOnline: OSS: Creating online subsystem instance for: :Context_2
[2023.10.14-00.03.10:318][211]LogNativeClassHierarchy: Verbose: Native class hierarchy updated for 'MovieSceneCapture' in 0.0007 seconds. Added 20 classes and 0 folders.
[2023.10.14-00.03.10:320][211]LogActor: Warning: BP_BaseRifle_C /Game/Maps/UEDPIE_0_CodeLevel.CodeLevel:PersistentLevel.BP_BaseRifle_C_0 has natively added scene component(s), but none of them were set as the actor's RootComponent - picking one arbitrarily
[2023.10.14-00.03.10:320][211]LogActor: Warning: BP_BaseRifle_C /Game/Maps/UEDPIE_0_CodeLevel.CodeLevel:PersistentLevel.BP_BaseRifle_C_1 has natively added scene component(s), but none of them were set as the actor's RootComponent - picking one arbitrarily
[2023.10.14-00.03.10:321][211]Game: Warning: valid in the NativeOnInitialized
[2023.10.14-00.03.10:321][211]PIE: Server logged in
[2023.10.14-00.03.10:322][211]PIE: Play in editor total start time 0.082 seconds.
[2023.10.14-00.03.16:646][251]Game: Error: notify hit
[2023.10.14-00.03.20:348][318]Game: Error: notify hit
[2023.10.14-00.03.21:894][392]Game: Error: notify hit
[2023.10.14-00.03.23:127][466]Game: Error: notify hit
[2023.10.14-00.03.24:293][536]Game: Error: notify hit
[2023.10.14-00.03.24:360][540]Game: Error: notify hit
[2023.10.14-00.03.33:175][575]LogAudioMixer: Display: Audio Buffer Underrun (starvation) detected.
[2023.10.14-00.03.33:175][575]LogAudioMixer: Display: Audio Buffer Underrun (starvation) detected.
[2023.10.14-00.03.33:175][575]LogAudioMixer: Resetting audio stream to device id 
[2023.10.14-00.03.33:196][575]LogAudioMixer: Display: 0: FrontLeft
[2023.10.14-00.03.33:196][575]LogAudioMixer: Display: 1: FrontRight
[2023.10.14-00.03.33:596][577]Game: Error: notify hit
[2023.10.14-00.03.35:141][632]Game: Error: notify hit
[2023.10.14-00.03.36:374][706]Game: Error: notify hit
[2023.10.14-00.03.37:607][780]Game: Error: notify hit
[2023.10.14-00.03.37:674][784]Game: Error: notify hit
