Log file open, 10/13/23 15:39:30
LogWindows: Failed to load 'aqProf.dll' (GetLastError=126)
LogWindows: File 'aqProf.dll' does not exist
LogWindows: Failed to load 'VtuneApi.dll' (GetLastError=126)
LogWindows: File 'VtuneApi.dll' does not exist
LogWindows: Failed to load 'VtuneApi32e.dll' (GetLastError=126)
LogWindows: File 'VtuneApi32e.dll' does not exist
LogConsoleResponse: Display: Failed to find resolution value strings in scalability ini. Falling back to default.
LogConsoleResponse: Display: Failed to find resolution value strings in scalability ini. Falling back to default.
LogInit: Display: Running engine for game: UnrealGame001
LogPlatformFile: Not using cached read wrapper
LogTaskGraph: Started task graph with 5 named threads and 47 total threads with 3 sets of task threads.
LogStats: Stats thread started at 0.664227
LogICUInternationalization: ICU TimeZone Detection - Raw Offset: -5:00, Platform Override: ''
LogInit: Display: Loading text-based GConfig....
LogPluginManager: Mounting plugin MeshPainting
LogPluginManager: Mounting plugin XGEController
LogPluginManager: Mounting plugin Paper2D
LogPluginManager: Mounting plugin AISupport
LogPluginManager: Mounting plugin EnvironmentQueryEditor
LogPluginManager: Mounting plugin LiveLink
LogPluginManager: Mounting plugin CameraShakePreviewer
LogPluginManager: Mounting plugin GameplayCameras
LogPluginManager: Mounting plugin OodleData
LogPluginManager: Mounting plugin AssetManagerEditor
LogPluginManager: Mounting plugin CryptoKeys
LogPluginManager: Mounting plugin DataValidation
LogPluginManager: Mounting plugin CurveEditorTools
LogPluginManager: Mounting plugin FacialAnimation
LogPluginManager: Mounting plugin OodleNetwork
LogPluginManager: Mounting plugin GameplayTagsEditor
LogPluginManager: Mounting plugin GeometryMode
LogPluginManager: Mounting plugin MacGraphicsSwitching
LogPluginManager: Mounting plugin MaterialAnalyzer
LogPluginManager: Mounting plugin MobileLauncherProfileWizard
LogPluginManager: Mounting plugin PluginBrowser
LogPluginManager: Mounting plugin SpeedTreeImporter
LogPluginManager: Mounting plugin LuminPlatformFeatures
LogPluginManager: Mounting plugin MagicLeap
LogPluginManager: Mounting plugin MagicLeapLightEstimation
LogPluginManager: Mounting plugin MagicLeapMedia
LogPluginManager: Mounting plugin Niagara
LogPluginManager: Mounting plugin MagicLeapPassableWorld
LogPluginManager: Mounting plugin LightPropagationVolume
LogPluginManager: Mounting plugin MLSDK
LogPluginManager: Mounting plugin AlembicImporter
LogPluginManager: Mounting plugin BackChannel
LogPluginManager: Mounting plugin AutomationUtils
LogPluginManager: Mounting plugin ChaosClothEditor
LogPluginManager: Mounting plugin ChaosEditor
LogPluginManager: Mounting plugin ChaosSolverPlugin
LogPluginManager: Mounting plugin ChaosNiagara
LogPluginManager: Mounting plugin CharacterAI
LogPluginManager: Mounting plugin GeometryCache
LogPluginManager: Mounting plugin GeometryCollectionPlugin
LogPluginManager: Mounting plugin GeometryProcessing
LogPluginManager: Mounting plugin MotoSynth
LogPluginManager: Mounting plugin OpenImageDenoise
LogPluginManager: Mounting plugin PlanarCut
LogPluginManager: Mounting plugin PythonScriptPlugin
LogPluginManager: Mounting plugin PlatformCrypto
LogPluginManager: Mounting plugin ProxyLODPlugin
LogPluginManager: Mounting plugin AndroidMedia
LogPluginManager: Mounting plugin AvfMedia
LogPluginManager: Mounting plugin ChaosCloth
LogPluginManager: Mounting plugin ImgMedia
LogPluginManager: Mounting plugin MediaCompositing
LogPluginManager: Mounting plugin SkeletalReduction
LogPluginManager: Mounting plugin MediaPlayerEditor
LogPluginManager: Mounting plugin WmfMedia
LogPluginManager: Mounting plugin WebMMedia
LogPluginManager: Mounting plugin VariantManagerContent
LogPluginManager: Mounting plugin DatasmithContent
LogPluginManager: Mounting plugin AnimationSharing
LogPluginManager: Mounting plugin CLionSourceCodeAccess
LogPluginManager: Mounting plugin CodeLiteSourceCodeAccess
LogPluginManager: Mounting plugin GitSourceControl
LogPluginManager: Mounting plugin KDevelopSourceCodeAccess
LogPluginManager: Mounting plugin NullSourceCodeAccess
LogPluginManager: Mounting plugin PixWinPlugin
LogPluginManager: Mounting plugin PlasticSourceControl
LogPluginManager: Mounting plugin PluginUtils
LogPluginManager: Mounting plugin PropertyAccessNode
LogPluginManager: Mounting plugin RiderSourceCodeAccess
LogPluginManager: Mounting plugin PerforceSourceControl
LogPluginManager: Mounting plugin TextureFormatOodle
LogPluginManager: Mounting plugin SubversionSourceControl
LogPluginManager: Mounting plugin VisualStudioCodeSourceCodeAccess
LogPluginManager: Mounting plugin UObjectPlugin
LogPluginManager: Mounting plugin VisualStudioSourceCodeAccess
LogPluginManager: Mounting plugin UdpMessaging
LogPluginManager: Mounting plugin TcpMessaging
LogPluginManager: Mounting plugin ActorSequence
LogPluginManager: Mounting plugin XCodeSourceCodeAccess
LogPluginManager: Mounting plugin LevelSequenceEditor
LogPluginManager: Mounting plugin TemplateSequence
LogPluginManager: Mounting plugin MatineeToLevelSequence
LogPluginManager: Mounting plugin LauncherChunkInstaller
LogPluginManager: Mounting plugin ScreenshotTools
LogPluginManager: Mounting plugin AndroidMoviePlayer
LogPluginManager: Mounting plugin ActorLayerUtilities
LogPluginManager: Mounting plugin AppleImageUtils
LogPluginManager: Mounting plugin AndroidPermission
LogPluginManager: Mounting plugin AppleMoviePlayer
LogPluginManager: Mounting plugin AndroidDeviceProfileSelector
LogPluginManager: Mounting plugin AssetTags
LogPluginManager: Mounting plugin ArchVisCharacter
LogPluginManager: Mounting plugin AudioCapture
LogPluginManager: Mounting plugin AudioSynesthesia
LogPluginManager: Mounting plugin ChunkDownloader
LogPluginManager: Mounting plugin CableComponent
LogPluginManager: Mounting plugin EditableMesh
LogPluginManager: Mounting plugin CustomMeshComponent
LogPluginManager: Mounting plugin ExampleDeviceProfileSelector
LogPluginManager: Mounting plugin Takes
LogPluginManager: Mounting plugin GooglePAD
LogPluginManager: Mounting plugin GoogleCloudMessaging
LogPluginManager: Mounting plugin IOSDeviceProfileSelector
LogPluginManager: Mounting plugin LinuxDeviceProfileSelector
LogPluginManager: Mounting plugin LocationServicesBPLibrary
LogPluginManager: Mounting plugin MobilePatchingUtils
LogPluginManager: Mounting plugin OpenXRHandTracking
LogPluginManager: Mounting plugin OpenXR
LogPluginManager: Mounting plugin OpenXREyeTracker
LogPluginManager: Mounting plugin PostSplashScreen
LogPluginManager: Mounting plugin ProceduralMeshComponent
LogPluginManager: Mounting plugin PhysXVehicles
LogPluginManager: Mounting plugin SignificanceManager
LogPluginManager: Mounting plugin PropertyAccessEditor
LogPluginManager: Mounting plugin RuntimePhysXCooking
LogPluginManager: Mounting plugin SoundFields
LogPluginManager: Mounting plugin Synthesis
LogPluginManager: Mounting plugin WebMMoviePlayer
LogPluginManager: Mounting plugin WindowsMoviePlayer
LogPluginManager: Mounting plugin OnlineSubsystem
LogPluginManager: Mounting plugin OnlineSubsystemNull
LogPluginManager: Mounting plugin OnlineSubsystemUtils
LogPluginManager: Mounting plugin ContentBrowserAssetDataSource
LogPluginManager: Mounting plugin ContentBrowserClassDataSource
LogPluginManager: Mounting plugin ContentBrowserFileDataSource
LogPluginManager: Mounting plugin OculusVR
LogPluginManager: Mounting plugin SteamVR
LogPluginManager: Mounting plugin OnlineSubsystemIOS
LogPluginManager: Mounting plugin OnlineSubsystemGooglePlay
PixWinPlugin: PIX capture plugin failed to initialize! Check that the process is launched from PIX.
LogInit: Using libcurl 7.55.1-DEV
LogInit:  - built for x86_64-pc-win32
LogInit:  - supports SSL with OpenSSL/1.1.1
LogInit:  - supports HTTP deflate (compression) using libz 1.2.8
LogInit:  - other features:
LogInit:      CURL_VERSION_SSL
LogInit:      CURL_VERSION_LIBZ
LogInit:      CURL_VERSION_IPV6
LogInit:      CURL_VERSION_ASYNCHDNS
LogInit:      CURL_VERSION_LARGEFILE
LogInit:      CURL_VERSION_IDN
LogInit:  CurlRequestOptions (configurable via config and command line):
LogInit:  - bVerifyPeer = true  - Libcurl will verify peer certificate
LogInit:  - bUseHttpProxy = false  - Libcurl will NOT use HTTP proxy
LogInit:  - bDontReuseConnections = false  - Libcurl will reuse connections
LogInit:  - MaxHostConnections = 16  - Libcurl will limit the number of connections to a host
LogInit:  - LocalHostAddr = Default
LogInit:  - BufferSize = 65536
LogOnline: OSS: Creating online subsystem instance for: NULL
LogInit: WinSock: version 1.1 (2.2), MaxSocks=32767, MaxUdp=65467
LogOnline: OSS: TryLoadSubsystemAndSetDefault: Loaded subsystem for module [NULL]
LogOculusPluginWrapper: OculusPlugin initialized successfully
LogHMD: Failed initializing OVRPlugin 1.59.0
LogInit: Build: ++UE4+Release-4.27-CL-18319896
LogInit: Engine Version: 4.27.2-18319896+++UE4+Release-4.27
LogInit: Compatible Engine Version: 4.27.0-17155196+++UE4+Release-4.27
LogInit: Net CL: 17155196
LogInit: OS: Windows 10 (Release 2009) (), CPU: 11th Gen Intel(R) Core(TM) i7-11800H @ 2.30GHz, GPU: NVIDIA GeForce RTX 3080 Laptop GPU
LogInit: Compiled (64-bit): Nov 30 2021 07:12:08
LogInit: Compiled with Visual C++: 19.24.28315.00
LogInit: Build Configuration: Development
LogInit: Branch Name: ++UE4+Release-4.27
LogInit: Command Line:  -skipcompile
LogInit: Base Directory: C:/Program Files/Epic Games/UE_4.27/Engine/Binaries/Win64/
LogInit: Allocator: TBB
LogInit: Installed Engine Build: 1
LogDevObjectVersion: Number of dev versions registered: 29
LogDevObjectVersion:   Dev-Blueprints (B0D832E4-1F89-4F0D-ACCF-7EB736FD4AA2): 10
LogDevObjectVersion:   Dev-Build (E1C64328-A22C-4D53-A36C-8E866417BD8C): 0
LogDevObjectVersion:   Dev-Core (375EC13C-06E4-48FB-B500-84F0262A717E): 4
LogDevObjectVersion:   Dev-Editor (E4B068ED-F494-42E9-A231-DA0B2E46BB41): 40
LogDevObjectVersion:   Dev-Framework (CFFC743F-43B0-4480-9391-14DF171D2073): 37
LogDevObjectVersion:   Dev-Mobile (B02B49B5-BB20-44E9-A304-32B752E40360): 3
LogDevObjectVersion:   Dev-Networking (A4E4105C-59A1-49B5-A7C5-40C4547EDFEE): 0
LogDevObjectVersion:   Dev-Online (39C831C9-5AE6-47DC-9A44-9C173E1C8E7C): 0
LogDevObjectVersion:   Dev-Physics (78F01B33-EBEA-4F98-B9B4-84EACCB95AA2): 14
LogDevObjectVersion:   Dev-Platform (6631380F-2D4D-43E0-8009-CF276956A95A): 0
LogDevObjectVersion:   Dev-Rendering (12F88B9F-8875-4AFC-A67C-D90C383ABD29): 45
LogDevObjectVersion:   Dev-Sequencer (7B5AE74C-D270-4C10-A958-57980B212A5A): 13
LogDevObjectVersion:   Dev-VR (D7296918-1DD6-4BDD-9DE2-64A83CC13884): 3
LogDevObjectVersion:   Dev-LoadTimes (C2A15278-BFE7-4AFE-6C17-90FF531DF755): 1
LogDevObjectVersion:   Private-Geometry (6EACA3D4-40EC-4CC1-B786-8BED09428FC5): 3
LogDevObjectVersion:   Dev-AnimPhys (29E575DD-E0A3-4627-9D10-D276232CDCEA): 17
LogDevObjectVersion:   Dev-Anim (AF43A65D-7FD3-4947-9873-3E8ED9C1BB05): 15
LogDevObjectVersion:   Dev-ReflectionCapture (6B266CEC-1EC7-4B8F-A30B-E4D90942FC07): 1
LogDevObjectVersion:   Dev-Automation (0DF73D61-A23F-47EA-B727-89E90C41499A): 1
LogDevObjectVersion:   FortniteMain (601D1886-AC64-4F84-AA16-D3DE0DEAC7D6): 47
LogDevObjectVersion:   FortniteRelease (E7086368-6B23-4C58-8439-1B7016265E91): 1
LogDevObjectVersion:   Dev-Enterprise (9DFFBCD6-494F-0158-E221-12823C92A888): 10
LogDevObjectVersion:   Dev-Niagara (F2AED0AC-9AFE-416F-8664-AA7FFA26D6FC): 1
LogDevObjectVersion:   Dev-Destruction (174F1F0B-B4C6-45A5-B13F-2EE8D0FB917D): 10
LogDevObjectVersion:   Dev-Physics-Ext (35F94A83-E258-406C-A318-09F59610247C): 41
LogDevObjectVersion:   Dev-PhysicsMaterial-Chaos (B68FC16E-8B1B-42E2-B453-215C058844FE): 1
LogDevObjectVersion:   Dev-CineCamera (B2E18506-4273-CFC2-A54E-F4BB758BBA07): 1
LogDevObjectVersion:   Dev-VirtualProduction (64F58936-FD1B-42BA-BA96-7289D5D0FA4E): 1
LogDevObjectVersion:   Dev-MediaFramework (6F0ED827-A609-4895-9C91-998D90180EA4): 2
LogInit: Presizing for max 25165824 objects, including 0 objects not considered by GC, pre-allocating 0 bytes for permanent pool.
LogConfig: Applying CVar settings from Section [/Script/Engine.StreamingSettings] File [D:/UnrealGame01/UnrealGame001/Saved/Config/Windows/Engine.ini]
LogConfig: Setting CVar [[s.MinBulkDataSizeForAsyncLoading:131072]]
LogConfig: Setting CVar [[s.AsyncLoadingThreadEnabled:0]]
LogConfig: Setting CVar [[s.EventDrivenLoaderEnabled:1]]
LogConfig: Setting CVar [[s.WarnIfTimeLimitExceeded:0]]
LogConfig: Setting CVar [[s.TimeLimitExceededMultiplier:1.5]]
LogConfig: Setting CVar [[s.TimeLimitExceededMinTime:0.005]]
LogConfig: Setting CVar [[s.UseBackgroundLevelStreaming:1]]
LogConfig: Setting CVar [[s.PriorityAsyncLoadingExtraTime:15.0]]
LogConfig: Setting CVar [[s.LevelStreamingActorsUpdateTimeLimit:5.0]]
LogConfig: Setting CVar [[s.PriorityLevelStreamingActorsUpdateExtraTime:5.0]]
LogConfig: Setting CVar [[s.LevelStreamingComponentsRegistrationGranularity:10]]
LogConfig: Setting CVar [[s.UnregisterComponentsTimeLimit:1.0]]
LogConfig: Setting CVar [[s.LevelStreamingComponentsUnregistrationGranularity:5]]
LogConfig: Setting CVar [[s.FlushStreamingOnExit:1]]
LogInit: Object subsystem initialized
LogConfig: Setting CVar [[con.DebugEarlyDefault:1]]
LogConfig: Setting CVar [[r.setres:1280x720]]
[2023.10.13-19.39.32:333][  0]LogConfig: Setting CVar [[r.VSync:0]]
[2023.10.13-19.39.32:333][  0]LogConfig: Setting CVar [[r.RHICmdBypass:0]]
[2023.10.13-19.39.32:333][  0]LogConfig: Applying CVar settings from Section [/Script/Engine.RendererSettings] File [D:/UnrealGame01/UnrealGame001/Saved/Config/Windows/Engine.ini]
[2023.10.13-19.39.32:333][  0]LogConfig: Setting CVar [[r.GPUCrashDebugging:0]]
[2023.10.13-19.39.32:333][  0]LogConfig: Applying CVar settings from Section [/Script/Engine.RendererOverrideSettings] File [D:/UnrealGame01/UnrealGame001/Saved/Config/Windows/Engine.ini]
[2023.10.13-19.39.32:334][  0]LogConfig: Applying CVar settings from Section [/Script/Engine.StreamingSettings] File [D:/UnrealGame01/UnrealGame001/Saved/Config/Windows/Engine.ini]
[2023.10.13-19.39.32:334][  0]LogConfig: Setting CVar [[s.MinBulkDataSizeForAsyncLoading:131072]]
[2023.10.13-19.39.32:334][  0]LogConfig: Setting CVar [[s.AsyncLoadingThreadEnabled:0]]
[2023.10.13-19.39.32:334][  0]LogConfig: Setting CVar [[s.EventDrivenLoaderEnabled:1]]
[2023.10.13-19.39.32:334][  0]LogConfig: Setting CVar [[s.WarnIfTimeLimitExceeded:0]]
[2023.10.13-19.39.32:334][  0]LogConfig: Setting CVar [[s.TimeLimitExceededMultiplier:1.5]]
[2023.10.13-19.39.32:334][  0]LogConfig: Setting CVar [[s.TimeLimitExceededMinTime:0.005]]
[2023.10.13-19.39.32:334][  0]LogConfig: Setting CVar [[s.UseBackgroundLevelStreaming:1]]
[2023.10.13-19.39.32:334][  0]LogConfig: Setting CVar [[s.PriorityAsyncLoadingExtraTime:15.0]]
[2023.10.13-19.39.32:334][  0]LogConfig: Setting CVar [[s.LevelStreamingActorsUpdateTimeLimit:5.0]]
[2023.10.13-19.39.32:335][  0]LogConfig: Setting CVar [[s.PriorityLevelStreamingActorsUpdateExtraTime:5.0]]
[2023.10.13-19.39.32:335][  0]LogConfig: Setting CVar [[s.LevelStreamingComponentsRegistrationGranularity:10]]
[2023.10.13-19.39.32:335][  0]LogConfig: Setting CVar [[s.UnregisterComponentsTimeLimit:1.0]]
[2023.10.13-19.39.32:335][  0]LogConfig: Setting CVar [[s.LevelStreamingComponentsUnregistrationGranularity:5]]
[2023.10.13-19.39.32:335][  0]LogConfig: Setting CVar [[s.FlushStreamingOnExit:1]]
[2023.10.13-19.39.32:335][  0]LogConfig: Applying CVar settings from Section [/Script/Engine.GarbageCollectionSettings] File [D:/UnrealGame01/UnrealGame001/Saved/Config/Windows/Engine.ini]
[2023.10.13-19.39.32:335][  0]LogConfig: Setting CVar [[gc.MaxObjectsNotConsideredByGC:1]]
[2023.10.13-19.39.32:336][  0]LogConfig: Setting CVar [[gc.SizeOfPermanentObjectPool:0]]
[2023.10.13-19.39.32:336][  0]LogConfig: Setting CVar [[gc.FlushStreamingOnGC:0]]
[2023.10.13-19.39.32:336][  0]LogConfig: Setting CVar [[gc.NumRetriesBeforeForcingGC:10]]
[2023.10.13-19.39.32:336][  0]LogConfig: Setting CVar [[gc.AllowParallelGC:1]]
[2023.10.13-19.39.32:336][  0]LogConfig: Setting CVar [[gc.TimeBetweenPurgingPendingKillObjects:61.1]]
[2023.10.13-19.39.32:336][  0]LogConfig: Setting CVar [[gc.MaxObjectsInEditor:25165824]]
[2023.10.13-19.39.32:336][  0]LogConfig: Setting CVar [[gc.IncrementalBeginDestroyEnabled:1]]
[2023.10.13-19.39.32:336][  0]LogConfig: Setting CVar [[gc.CreateGCClusters:1]]
[2023.10.13-19.39.32:337][  0]LogConfig: Setting CVar [[gc.MinGCClusterSize:5]]
[2023.10.13-19.39.32:337][  0]LogConfig: Setting CVar [[gc.ActorClusteringEnabled:0]]
[2023.10.13-19.39.32:337][  0]LogConfig: Setting CVar [[gc.BlueprintClusteringEnabled:0]]
[2023.10.13-19.39.32:337][  0]LogConfig: Setting CVar [[gc.UseDisregardForGCOnDedicatedServers:0]]
[2023.10.13-19.39.32:337][  0]LogConfig: Setting CVar [[gc.MultithreadedDestructionEnabled:1]]
[2023.10.13-19.39.32:338][  0]LogConfig: Applying CVar settings from Section [/Script/Engine.NetworkSettings] File [D:/UnrealGame01/UnrealGame001/Saved/Config/Windows/Engine.ini]
[2023.10.13-19.39.32:338][  0]LogConfig: Applying CVar settings from Section [/Script/UnrealEd.CookerSettings] File [D:/UnrealGame01/UnrealGame001/Saved/Config/Windows/Engine.ini]
[2023.10.13-19.39.32:384][  0]LogConfig: Applying CVar settings from Section [ViewDistanceQuality@3] File [D:/UnrealGame01/UnrealGame001/Saved/Config/Windows/Scalability.ini]
[2023.10.13-19.39.32:384][  0]LogConfig: Setting CVar [[r.SkeletalMeshLODBias:0]]
[2023.10.13-19.39.32:384][  0]LogConfig: Setting CVar [[r.ViewDistanceScale:1.0]]
[2023.10.13-19.39.32:384][  0]LogConfig: Applying CVar settings from Section [AntiAliasingQuality@3] File [D:/UnrealGame01/UnrealGame001/Saved/Config/Windows/Scalability.ini]
[2023.10.13-19.39.32:384][  0]LogConfig: Setting CVar [[r.PostProcessAAQuality:4]]
[2023.10.13-19.39.32:384][  0]LogConfig: Applying CVar settings from Section [ShadowQuality@3] File [D:/UnrealGame01/UnrealGame001/Saved/Config/Windows/Scalability.ini]
[2023.10.13-19.39.32:384][  0]LogConfig: Setting CVar [[r.LightFunctionQuality:1]]
[2023.10.13-19.39.32:384][  0]LogConfig: Setting CVar [[r.ShadowQuality:5]]
[2023.10.13-19.39.32:385][  0]LogConfig: Setting CVar [[r.Shadow.CSM.MaxCascades:10]]
[2023.10.13-19.39.32:385][  0]LogConfig: Setting CVar [[r.Shadow.MaxResolution:2048]]
[2023.10.13-19.39.32:385][  0]LogConfig: Setting CVar [[r.Shadow.MaxCSMResolution:2048]]
[2023.10.13-19.39.32:385][  0]LogConfig: Setting CVar [[r.Shadow.RadiusThreshold:0.01]]
[2023.10.13-19.39.32:385][  0]LogConfig: Setting CVar [[r.Shadow.DistanceScale:1.0]]
[2023.10.13-19.39.32:385][  0]LogConfig: Setting CVar [[r.Shadow.CSM.TransitionScale:1.0]]
[2023.10.13-19.39.32:385][  0]LogConfig: Setting CVar [[r.Shadow.PreShadowResolutionFactor:1.0]]
[2023.10.13-19.39.32:385][  0]LogConfig: Setting CVar [[r.DistanceFieldShadowing:1]]
[2023.10.13-19.39.32:385][  0]LogConfig: Setting CVar [[r.DistanceFieldAO:1]]
[2023.10.13-19.39.32:385][  0]LogConfig: Setting CVar [[r.AOQuality:2]]
[2023.10.13-19.39.32:385][  0]LogConfig: Setting CVar [[r.VolumetricFog:1]]
[2023.10.13-19.39.32:385][  0]LogConfig: Setting CVar [[r.VolumetricFog.GridPixelSize:8]]
[2023.10.13-19.39.32:385][  0]LogConfig: Setting CVar [[r.VolumetricFog.GridSizeZ:128]]
[2023.10.13-19.39.32:385][  0]LogConfig: Setting CVar [[r.VolumetricFog.HistoryMissSupersampleCount:4]]
[2023.10.13-19.39.32:385][  0]LogConfig: Setting CVar [[r.LightMaxDrawDistanceScale:1]]
[2023.10.13-19.39.32:385][  0]LogConfig: Setting CVar [[r.CapsuleShadows:1]]
[2023.10.13-19.39.32:385][  0]LogConfig: Applying CVar settings from Section [PostProcessQuality@3] File [D:/UnrealGame01/UnrealGame001/Saved/Config/Windows/Scalability.ini]
[2023.10.13-19.39.32:385][  0]LogConfig: Setting CVar [[r.MotionBlurQuality:4]]
[2023.10.13-19.39.32:387][  0]LogConfig: Setting CVar [[r.AmbientOcclusionMipLevelFactor:0.4]]
[2023.10.13-19.39.32:387][  0]LogConfig: Setting CVar [[r.AmbientOcclusionMaxQuality:100]]
[2023.10.13-19.39.32:387][  0]LogConfig: Setting CVar [[r.AmbientOcclusionLevels:-1]]
[2023.10.13-19.39.32:387][  0]LogConfig: Setting CVar [[r.AmbientOcclusionRadiusScale:1.0]]
[2023.10.13-19.39.32:387][  0]LogConfig: Setting CVar [[r.DepthOfFieldQuality:2]]
[2023.10.13-19.39.32:387][  0]LogConfig: Setting CVar [[r.RenderTargetPoolMin:400]]
[2023.10.13-19.39.32:387][  0]LogConfig: Setting CVar [[r.LensFlareQuality:2]]
[2023.10.13-19.39.32:387][  0]LogConfig: Setting CVar [[r.SceneColorFringeQuality:1]]
[2023.10.13-19.39.32:387][  0]LogConfig: Setting CVar [[r.EyeAdaptationQuality:2]]
[2023.10.13-19.39.32:387][  0]LogConfig: Setting CVar [[r.BloomQuality:5]]
[2023.10.13-19.39.32:387][  0]LogConfig: Setting CVar [[r.FastBlurThreshold:100]]
[2023.10.13-19.39.32:387][  0]LogConfig: Setting CVar [[r.Upscale.Quality:3]]
[2023.10.13-19.39.32:387][  0]LogConfig: Setting CVar [[r.Tonemapper.GrainQuantization:1]]
[2023.10.13-19.39.32:387][  0]LogConfig: Setting CVar [[r.LightShaftQuality:1]]
[2023.10.13-19.39.32:388][  0]LogConfig: Setting CVar [[r.Filter.SizeScale:1]]
[2023.10.13-19.39.32:388][  0]LogConfig: Setting CVar [[r.Tonemapper.Quality:5]]
[2023.10.13-19.39.32:388][  0]LogConfig: Setting CVar [[r.DOF.Gather.AccumulatorQuality:1        ; higher gathering accumulator quality]]
[2023.10.13-19.39.32:388][  0]LogConfig: Setting CVar [[r.DOF.Gather.PostfilterMethod:1          ; Median3x3 postfilering method]]
[2023.10.13-19.39.32:388][  0]LogConfig: Setting CVar [[r.DOF.Gather.EnableBokehSettings:0       ; no bokeh simulation when gathering]]
[2023.10.13-19.39.32:388][  0]LogConfig: Setting CVar [[r.DOF.Gather.RingCount:4                 ; medium number of samples when gathering]]
[2023.10.13-19.39.32:389][  0]LogConfig: Setting CVar [[r.DOF.Scatter.ForegroundCompositing:1    ; additive foreground scattering]]
[2023.10.13-19.39.32:389][  0]LogConfig: Setting CVar [[r.DOF.Scatter.BackgroundCompositing:2    ; additive background scattering]]
[2023.10.13-19.39.32:389][  0]LogConfig: Setting CVar [[r.DOF.Scatter.EnableBokehSettings:1      ; bokeh simulation when scattering]]
[2023.10.13-19.39.32:389][  0]LogConfig: Setting CVar [[r.DOF.Scatter.MaxSpriteRatio:0.1         ; only a maximum of 10% of scattered bokeh]]
[2023.10.13-19.39.32:389][  0]LogConfig: Setting CVar [[r.DOF.Recombine.Quality:1                ; cheap slight out of focus]]
[2023.10.13-19.39.32:389][  0]LogConfig: Setting CVar [[r.DOF.Recombine.EnableBokehSettings:0    ; no bokeh simulation on slight out of focus]]
[2023.10.13-19.39.32:389][  0]LogConfig: Setting CVar [[r.DOF.TemporalAAQuality:1                ; more stable temporal accumulation]]
[2023.10.13-19.39.32:389][  0]LogConfig: Setting CVar [[r.DOF.Kernel.MaxForegroundRadius:0.025]]
[2023.10.13-19.39.32:389][  0]LogConfig: Setting CVar [[r.DOF.Kernel.MaxBackgroundRadius:0.025]]
[2023.10.13-19.39.32:389][  0]LogConfig: Applying CVar settings from Section [TextureQuality@3] File [D:/UnrealGame01/UnrealGame001/Saved/Config/Windows/Scalability.ini]
[2023.10.13-19.39.32:389][  0]LogConfig: Setting CVar [[r.Streaming.MipBias:0]]
[2023.10.13-19.39.32:389][  0]LogConfig: Setting CVar [[r.Streaming.AmortizeCPUToGPUCopy:0]]
[2023.10.13-19.39.32:390][  0]LogConfig: Setting CVar [[r.Streaming.MaxNumTexturesToStreamPerFrame:0]]
[2023.10.13-19.39.32:390][  0]LogConfig: Setting CVar [[r.Streaming.Boost:1]]
[2023.10.13-19.39.32:390][  0]LogConfig: Setting CVar [[r.MaxAnisotropy:8]]
[2023.10.13-19.39.32:390][  0]LogConfig: Setting CVar [[r.VT.MaxAnisotropy:8]]
[2023.10.13-19.39.32:390][  0]LogConfig: Setting CVar [[r.Streaming.LimitPoolSizeToVRAM:0]]
[2023.10.13-19.39.32:390][  0]LogConfig: Setting CVar [[r.Streaming.PoolSize:1000]]
[2023.10.13-19.39.32:390][  0]LogConfig: Setting CVar [[r.Streaming.MaxEffectiveScreenSize:0]]
[2023.10.13-19.39.32:390][  0]LogConfig: Applying CVar settings from Section [EffectsQuality@3] File [D:/UnrealGame01/UnrealGame001/Saved/Config/Windows/Scalability.ini]
[2023.10.13-19.39.32:390][  0]LogConfig: Setting CVar [[r.TranslucencyLightingVolumeDim:64]]
[2023.10.13-19.39.32:390][  0]LogConfig: Setting CVar [[r.RefractionQuality:2]]
[2023.10.13-19.39.32:390][  0]LogConfig: Setting CVar [[r.SSR.Quality:3]]
[2023.10.13-19.39.32:391][  0]LogConfig: Setting CVar [[r.SSR.HalfResSceneColor:0]]
[2023.10.13-19.39.32:391][  0]LogConfig: Setting CVar [[r.SceneColorFormat:4]]
[2023.10.13-19.39.32:391][  0]LogConfig: Setting CVar [[r.DetailMode:2]]
[2023.10.13-19.39.32:391][  0]LogConfig: Setting CVar [[r.TranslucencyVolumeBlur:1]]
[2023.10.13-19.39.32:391][  0]LogConfig: Setting CVar [[r.MaterialQualityLevel:1 ; High quality]]
[2023.10.13-19.39.32:391][  0]LogConfig: Setting CVar [[r.AnisotropicMaterials:1]]
[2023.10.13-19.39.32:391][  0]LogConfig: Setting CVar [[r.SSS.Scale:1]]
[2023.10.13-19.39.32:391][  0]LogConfig: Setting CVar [[r.SSS.SampleSet:2]]
[2023.10.13-19.39.32:391][  0]LogConfig: Setting CVar [[r.SSS.Quality:1]]
[2023.10.13-19.39.32:391][  0]LogConfig: Setting CVar [[r.SSS.HalfRes:0]]
[2023.10.13-19.39.32:391][  0]LogConfig: Setting CVar [[r.SSGI.Quality:3]]
[2023.10.13-19.39.32:392][  0]LogConfig: Setting CVar [[r.EmitterSpawnRateScale:1.0]]
[2023.10.13-19.39.32:392][  0]LogConfig: Setting CVar [[r.ParticleLightQuality:2]]
[2023.10.13-19.39.32:392][  0]LogConfig: Setting CVar [[r.SkyAtmosphere.AerialPerspectiveLUT.FastApplyOnOpaque:1 ; Always have FastSkyLUT 1 in this case to avoid wrong sky]]
[2023.10.13-19.39.32:392][  0]LogConfig: Setting CVar [[r.SkyAtmosphere.AerialPerspectiveLUT.SampleCountMaxPerSlice:4]]
[2023.10.13-19.39.32:392][  0]LogConfig: Setting CVar [[r.SkyAtmosphere.AerialPerspectiveLUT.DepthResolution:16.0]]
[2023.10.13-19.39.32:392][  0]LogConfig: Setting CVar [[r.SkyAtmosphere.FastSkyLUT:1]]
[2023.10.13-19.39.32:392][  0]LogConfig: Setting CVar [[r.SkyAtmosphere.FastSkyLUT.SampleCountMin:4.0]]
[2023.10.13-19.39.32:392][  0]LogConfig: Setting CVar [[r.SkyAtmosphere.FastSkyLUT.SampleCountMax:128.0]]
[2023.10.13-19.39.32:392][  0]LogConfig: Setting CVar [[r.SkyAtmosphere.SampleCountMin:4.0]]
[2023.10.13-19.39.32:392][  0]LogConfig: Setting CVar [[r.SkyAtmosphere.SampleCountMax:128.0]]
[2023.10.13-19.39.32:392][  0]LogConfig: Setting CVar [[r.SkyAtmosphere.TransmittanceLUT.UseSmallFormat:0]]
[2023.10.13-19.39.32:392][  0]LogConfig: Setting CVar [[r.SkyAtmosphere.TransmittanceLUT.SampleCount:10.0]]
[2023.10.13-19.39.32:393][  0]LogConfig: Setting CVar [[r.SkyAtmosphere.MultiScatteringLUT.SampleCount:15.0]]
[2023.10.13-19.39.32:393][  0]LogConfig: Setting CVar [[r.SkyLight.RealTimeReflectionCapture:1]]
[2023.10.13-19.39.32:393][  0]LogConfig: Applying CVar settings from Section [FoliageQuality@3] File [D:/UnrealGame01/UnrealGame001/Saved/Config/Windows/Scalability.ini]
[2023.10.13-19.39.32:393][  0]LogConfig: Setting CVar [[foliage.DensityScale:1.0]]
[2023.10.13-19.39.32:393][  0]LogConfig: Setting CVar [[grass.DensityScale:1.0]]
[2023.10.13-19.39.32:393][  0]LogConfig: Applying CVar settings from Section [ShadingQuality@3] File [D:/UnrealGame01/UnrealGame001/Saved/Config/Windows/Scalability.ini]
[2023.10.13-19.39.32:393][  0]LogConfig: Setting CVar [[r.HairStrands.SkyLighting.IntegrationType:2]]
[2023.10.13-19.39.32:393][  0]LogConfig: Setting CVar [[r.HairStrands.SkyAO.SampleCount:4]]
[2023.10.13-19.39.32:393][  0]LogConfig: Setting CVar [[r.HairStrands.Visibility.MSAA.SamplePerPixel:4]]
[2023.10.13-19.39.32:393][  0]LogInit: Selected Device Profile: [Windows]
[2023.10.13-19.39.32:393][  0]LogInit: Applying CVar settings loaded from the selected device profile: [Windows]
[2023.10.13-19.39.32:394][  0]LogHAL: Display: Platform has ~ 16 GB [16938074112 / 17179869184 / 16], which maps to Larger [LargestMinGB=32, LargerMinGB=12, DefaultMinGB=8, SmallerMinGB=6, SmallestMinGB=0)
[2023.10.13-19.39.32:394][  0]LogInit: Going up to parent DeviceProfile []
[2023.10.13-19.39.32:394][  0]LogConfig: Applying CVar settings from Section [ViewDistanceQuality@3] File [D:/UnrealGame01/UnrealGame001/Saved/Config/Windows/Scalability.ini]
[2023.10.13-19.39.32:394][  0]LogConfig: Setting CVar [[r.SkeletalMeshLODBias:0]]
[2023.10.13-19.39.32:394][  0]LogConfig: Setting CVar [[r.ViewDistanceScale:1.0]]
[2023.10.13-19.39.32:394][  0]LogConfig: Applying CVar settings from Section [AntiAliasingQuality@3] File [D:/UnrealGame01/UnrealGame001/Saved/Config/Windows/Scalability.ini]
[2023.10.13-19.39.32:394][  0]LogConfig: Setting CVar [[r.PostProcessAAQuality:4]]
[2023.10.13-19.39.32:394][  0]LogConfig: Applying CVar settings from Section [ShadowQuality@3] File [D:/UnrealGame01/UnrealGame001/Saved/Config/Windows/Scalability.ini]
[2023.10.13-19.39.32:394][  0]LogConfig: Setting CVar [[r.LightFunctionQuality:1]]
[2023.10.13-19.39.32:394][  0]LogConfig: Setting CVar [[r.ShadowQuality:5]]
[2023.10.13-19.39.32:395][  0]LogConfig: Setting CVar [[r.Shadow.CSM.MaxCascades:10]]
[2023.10.13-19.39.32:395][  0]LogConfig: Setting CVar [[r.Shadow.MaxResolution:2048]]
[2023.10.13-19.39.32:395][  0]LogConfig: Setting CVar [[r.Shadow.MaxCSMResolution:2048]]
[2023.10.13-19.39.32:395][  0]LogConfig: Setting CVar [[r.Shadow.RadiusThreshold:0.01]]
[2023.10.13-19.39.32:395][  0]LogConfig: Setting CVar [[r.Shadow.DistanceScale:1.0]]
[2023.10.13-19.39.32:395][  0]LogConfig: Setting CVar [[r.Shadow.CSM.TransitionScale:1.0]]
[2023.10.13-19.39.32:395][  0]LogConfig: Setting CVar [[r.Shadow.PreShadowResolutionFactor:1.0]]
[2023.10.13-19.39.32:395][  0]LogConfig: Setting CVar [[r.DistanceFieldShadowing:1]]
[2023.10.13-19.39.32:395][  0]LogConfig: Setting CVar [[r.DistanceFieldAO:1]]
[2023.10.13-19.39.32:395][  0]LogConfig: Setting CVar [[r.AOQuality:2]]
[2023.10.13-19.39.32:395][  0]LogConfig: Setting CVar [[r.VolumetricFog:1]]
[2023.10.13-19.39.32:396][  0]LogConfig: Setting CVar [[r.VolumetricFog.GridPixelSize:8]]
[2023.10.13-19.39.32:396][  0]LogConfig: Setting CVar [[r.VolumetricFog.GridSizeZ:128]]
[2023.10.13-19.39.32:396][  0]LogConfig: Setting CVar [[r.VolumetricFog.HistoryMissSupersampleCount:4]]
[2023.10.13-19.39.32:396][  0]LogConfig: Setting CVar [[r.LightMaxDrawDistanceScale:1]]
[2023.10.13-19.39.32:396][  0]LogConfig: Setting CVar [[r.CapsuleShadows:1]]
[2023.10.13-19.39.32:396][  0]LogConfig: Applying CVar settings from Section [PostProcessQuality@3] File [D:/UnrealGame01/UnrealGame001/Saved/Config/Windows/Scalability.ini]
[2023.10.13-19.39.32:396][  0]LogConfig: Setting CVar [[r.MotionBlurQuality:4]]
[2023.10.13-19.39.32:396][  0]LogConfig: Setting CVar [[r.AmbientOcclusionMipLevelFactor:0.4]]
[2023.10.13-19.39.32:396][  0]LogConfig: Setting CVar [[r.AmbientOcclusionMaxQuality:100]]
[2023.10.13-19.39.32:396][  0]LogConfig: Setting CVar [[r.AmbientOcclusionLevels:-1]]
[2023.10.13-19.39.32:396][  0]LogConfig: Setting CVar [[r.AmbientOcclusionRadiusScale:1.0]]
[2023.10.13-19.39.32:396][  0]LogConfig: Setting CVar [[r.DepthOfFieldQuality:2]]
[2023.10.13-19.39.32:396][  0]LogConfig: Setting CVar [[r.RenderTargetPoolMin:400]]
[2023.10.13-19.39.32:396][  0]LogConfig: Setting CVar [[r.LensFlareQuality:2]]
[2023.10.13-19.39.32:396][  0]LogConfig: Setting CVar [[r.SceneColorFringeQuality:1]]
[2023.10.13-19.39.32:396][  0]LogConfig: Setting CVar [[r.EyeAdaptationQuality:2]]
[2023.10.13-19.39.32:396][  0]LogConfig: Setting CVar [[r.BloomQuality:5]]
[2023.10.13-19.39.32:397][  0]LogConfig: Setting CVar [[r.FastBlurThreshold:100]]
[2023.10.13-19.39.32:397][  0]LogConfig: Setting CVar [[r.Upscale.Quality:3]]
[2023.10.13-19.39.32:397][  0]LogConfig: Setting CVar [[r.Tonemapper.GrainQuantization:1]]
[2023.10.13-19.39.32:397][  0]LogConfig: Setting CVar [[r.LightShaftQuality:1]]
[2023.10.13-19.39.32:397][  0]LogConfig: Setting CVar [[r.Filter.SizeScale:1]]
[2023.10.13-19.39.32:397][  0]LogConfig: Setting CVar [[r.Tonemapper.Quality:5]]
[2023.10.13-19.39.32:397][  0]LogConfig: Setting CVar [[r.DOF.Gather.AccumulatorQuality:1        ; higher gathering accumulator quality]]
[2023.10.13-19.39.32:397][  0]LogConfig: Setting CVar [[r.DOF.Gather.PostfilterMethod:1          ; Median3x3 postfilering method]]
[2023.10.13-19.39.32:398][  0]LogConfig: Setting CVar [[r.DOF.Gather.EnableBokehSettings:0       ; no bokeh simulation when gathering]]
[2023.10.13-19.39.32:398][  0]LogConfig: Setting CVar [[r.DOF.Gather.RingCount:4                 ; medium number of samples when gathering]]
[2023.10.13-19.39.32:398][  0]LogConfig: Setting CVar [[r.DOF.Scatter.ForegroundCompositing:1    ; additive foreground scattering]]
[2023.10.13-19.39.32:398][  0]LogConfig: Setting CVar [[r.DOF.Scatter.BackgroundCompositing:2    ; additive background scattering]]
[2023.10.13-19.39.32:398][  0]LogConfig: Setting CVar [[r.DOF.Scatter.EnableBokehSettings:1      ; bokeh simulation when scattering]]
[2023.10.13-19.39.32:398][  0]LogConfig: Setting CVar [[r.DOF.Scatter.MaxSpriteRatio:0.1         ; only a maximum of 10% of scattered bokeh]]
[2023.10.13-19.39.32:398][  0]LogConfig: Setting CVar [[r.DOF.Recombine.Quality:1                ; cheap slight out of focus]]
[2023.10.13-19.39.32:398][  0]LogConfig: Setting CVar [[r.DOF.Recombine.EnableBokehSettings:0    ; no bokeh simulation on slight out of focus]]
[2023.10.13-19.39.32:398][  0]LogConfig: Setting CVar [[r.DOF.TemporalAAQuality:1                ; more stable temporal accumulation]]
[2023.10.13-19.39.32:398][  0]LogConfig: Setting CVar [[r.DOF.Kernel.MaxForegroundRadius:0.025]]
[2023.10.13-19.39.32:398][  0]LogConfig: Setting CVar [[r.DOF.Kernel.MaxBackgroundRadius:0.025]]
[2023.10.13-19.39.32:398][  0]LogConfig: Applying CVar settings from Section [TextureQuality@3] File [D:/UnrealGame01/UnrealGame001/Saved/Config/Windows/Scalability.ini]
[2023.10.13-19.39.32:399][  0]LogConfig: Setting CVar [[r.Streaming.MipBias:0]]
[2023.10.13-19.39.32:399][  0]LogConfig: Setting CVar [[r.Streaming.AmortizeCPUToGPUCopy:0]]
[2023.10.13-19.39.32:399][  0]LogConfig: Setting CVar [[r.Streaming.MaxNumTexturesToStreamPerFrame:0]]
[2023.10.13-19.39.32:399][  0]LogConfig: Setting CVar [[r.Streaming.Boost:1]]
[2023.10.13-19.39.32:399][  0]LogConfig: Setting CVar [[r.MaxAnisotropy:8]]
[2023.10.13-19.39.32:399][  0]LogConfig: Setting CVar [[r.VT.MaxAnisotropy:8]]
[2023.10.13-19.39.32:399][  0]LogConfig: Setting CVar [[r.Streaming.LimitPoolSizeToVRAM:0]]
[2023.10.13-19.39.32:399][  0]LogConfig: Setting CVar [[r.Streaming.PoolSize:1000]]
[2023.10.13-19.39.32:399][  0]LogConfig: Setting CVar [[r.Streaming.MaxEffectiveScreenSize:0]]
[2023.10.13-19.39.32:399][  0]LogConfig: Applying CVar settings from Section [EffectsQuality@3] File [D:/UnrealGame01/UnrealGame001/Saved/Config/Windows/Scalability.ini]
[2023.10.13-19.39.32:399][  0]LogConfig: Setting CVar [[r.TranslucencyLightingVolumeDim:64]]
[2023.10.13-19.39.32:399][  0]LogConfig: Setting CVar [[r.RefractionQuality:2]]
[2023.10.13-19.39.32:399][  0]LogConfig: Setting CVar [[r.SSR.Quality:3]]
[2023.10.13-19.39.32:399][  0]LogConfig: Setting CVar [[r.SSR.HalfResSceneColor:0]]
[2023.10.13-19.39.32:399][  0]LogConfig: Setting CVar [[r.SceneColorFormat:4]]
[2023.10.13-19.39.32:399][  0]LogConfig: Setting CVar [[r.DetailMode:2]]
[2023.10.13-19.39.32:399][  0]LogConfig: Setting CVar [[r.TranslucencyVolumeBlur:1]]
[2023.10.13-19.39.32:400][  0]LogConfig: Setting CVar [[r.MaterialQualityLevel:1 ; High quality]]
[2023.10.13-19.39.32:400][  0]LogConfig: Setting CVar [[r.AnisotropicMaterials:1]]
[2023.10.13-19.39.32:400][  0]LogConfig: Setting CVar [[r.SSS.Scale:1]]
[2023.10.13-19.39.32:400][  0]LogConfig: Setting CVar [[r.SSS.SampleSet:2]]
[2023.10.13-19.39.32:400][  0]LogConfig: Setting CVar [[r.SSS.Quality:1]]
[2023.10.13-19.39.32:400][  0]LogConfig: Setting CVar [[r.SSS.HalfRes:0]]
[2023.10.13-19.39.32:400][  0]LogConfig: Setting CVar [[r.SSGI.Quality:3]]
[2023.10.13-19.39.32:400][  0]LogConfig: Setting CVar [[r.EmitterSpawnRateScale:1.0]]
[2023.10.13-19.39.32:400][  0]LogConfig: Setting CVar [[r.ParticleLightQuality:2]]
[2023.10.13-19.39.32:400][  0]LogConfig: Setting CVar [[r.SkyAtmosphere.AerialPerspectiveLUT.FastApplyOnOpaque:1 ; Always have FastSkyLUT 1 in this case to avoid wrong sky]]
[2023.10.13-19.39.32:401][  0]LogConfig: Setting CVar [[r.SkyAtmosphere.AerialPerspectiveLUT.SampleCountMaxPerSlice:4]]
[2023.10.13-19.39.32:401][  0]LogConfig: Setting CVar [[r.SkyAtmosphere.AerialPerspectiveLUT.DepthResolution:16.0]]
[2023.10.13-19.39.32:401][  0]LogConfig: Setting CVar [[r.SkyAtmosphere.FastSkyLUT:1]]
[2023.10.13-19.39.32:401][  0]LogConfig: Setting CVar [[r.SkyAtmosphere.FastSkyLUT.SampleCountMin:4.0]]
[2023.10.13-19.39.32:401][  0]LogConfig: Setting CVar [[r.SkyAtmosphere.FastSkyLUT.SampleCountMax:128.0]]
[2023.10.13-19.39.32:401][  0]LogConfig: Setting CVar [[r.SkyAtmosphere.SampleCountMin:4.0]]
[2023.10.13-19.39.32:401][  0]LogConfig: Setting CVar [[r.SkyAtmosphere.SampleCountMax:128.0]]
[2023.10.13-19.39.32:401][  0]LogConfig: Setting CVar [[r.SkyAtmosphere.TransmittanceLUT.UseSmallFormat:0]]
[2023.10.13-19.39.32:401][  0]LogConfig: Setting CVar [[r.SkyAtmosphere.TransmittanceLUT.SampleCount:10.0]]
[2023.10.13-19.39.32:401][  0]LogConfig: Setting CVar [[r.SkyAtmosphere.MultiScatteringLUT.SampleCount:15.0]]
[2023.10.13-19.39.32:401][  0]LogConfig: Setting CVar [[r.SkyLight.RealTimeReflectionCapture:1]]
[2023.10.13-19.39.32:401][  0]LogConfig: Applying CVar settings from Section [FoliageQuality@3] File [D:/UnrealGame01/UnrealGame001/Saved/Config/Windows/Scalability.ini]
[2023.10.13-19.39.32:402][  0]LogConfig: Setting CVar [[foliage.DensityScale:1.0]]
[2023.10.13-19.39.32:402][  0]LogConfig: Setting CVar [[grass.DensityScale:1.0]]
[2023.10.13-19.39.32:402][  0]LogConfig: Applying CVar settings from Section [ShadingQuality@3] File [D:/UnrealGame01/UnrealGame001/Saved/Config/Windows/Scalability.ini]
[2023.10.13-19.39.32:402][  0]LogConfig: Setting CVar [[r.HairStrands.SkyLighting.IntegrationType:2]]
[2023.10.13-19.39.32:402][  0]LogConfig: Setting CVar [[r.HairStrands.SkyAO.SampleCount:4]]
[2023.10.13-19.39.32:402][  0]LogConfig: Setting CVar [[r.HairStrands.Visibility.MSAA.SamplePerPixel:4]]
[2023.10.13-19.39.32:402][  0]LogConfig: Applying CVar settings from Section [Startup] File [../../../Engine/Config/ConsoleVariables.ini]
[2023.10.13-19.39.32:403][  0]LogConfig: Setting CVar [[net.UseAdaptiveNetUpdateFrequency:0]]
[2023.10.13-19.39.32:403][  0]LogConfig: Setting CVar [[p.chaos.AllowCreatePhysxBodies:1]]
[2023.10.13-19.39.32:403][  0]LogConfig: Setting CVar [[fx.SkipVectorVMBackendOptimizations:1]]
[2023.10.13-19.39.32:403][  0]LogConfig: Applying CVar settings from Section [ConsoleVariables] File [D:/UnrealGame01/UnrealGame001/Saved/Config/Windows/Engine.ini]
[2023.10.13-19.39.32:403][  0]LogConfig: Applying CVar settings from Section [ConsoleVariables] File [D:/UnrealGame01/UnrealGame001/Saved/Config/Windows/Editor.ini]
[2023.10.13-19.39.32:403][  0]LogInit: Computer: MSI
[2023.10.13-19.39.32:403][  0]LogInit: User: MOON
[2023.10.13-19.39.32:403][  0]LogInit: CPU Page size=4096, Cores=8
[2023.10.13-19.39.32:403][  0]LogInit: High frequency timer resolution =10.000000 MHz
[2023.10.13-19.39.32:404][  0]LogMemory: Memory total: Physical=15.8GB (16GB approx)
[2023.10.13-19.39.32:404][  0]LogMemory: Platform Memory Stats for Windows
[2023.10.13-19.39.32:404][  0]LogMemory: Process Physical Memory: 148.44 MB used, 148.44 MB peak
[2023.10.13-19.39.32:404][  0]LogMemory: Process Virtual Memory: 126.39 MB used, 126.39 MB peak
[2023.10.13-19.39.32:404][  0]LogMemory: Physical Memory: 12996.43 MB used,  3156.97 MB free, 16153.41 MB total
[2023.10.13-19.39.32:404][  0]LogMemory: Virtual Memory: 134208872.00 MB used,  8854.10 MB free, 134217728.00 MB total
[2023.10.13-19.39.32:805][  0]LogWindows: WindowsPlatformFeatures enabled
[2023.10.13-19.39.33:141][  0]LogInit: Physics initialised using underlying interface: PhysX
[2023.10.13-19.39.33:143][  0]LogInit: Using OS detected language (en-US).
[2023.10.13-19.39.33:144][  0]LogInit: Using OS detected locale (en-US).
[2023.10.13-19.39.33:162][  0]LogTextLocalizationManager: No specific localization for 'en-US' exists, so the 'en' localization will be used.
[2023.10.13-19.39.33:577][  0]LogInit: Setting process to per monitor DPI aware
[2023.10.13-19.39.33:630][  0]LogWindowsTextInputMethodSystem: Display: IME system deactivated.
[2023.10.13-19.39.33:667][  0]LogSlate: New Slate User Created.  User Index 0, Is Virtual User: 0
[2023.10.13-19.39.33:667][  0]LogSlate: Slate User Registered.  User Index 0, Is Virtual User: 0
[2023.10.13-19.39.34:036][  0]LogD3D11RHI: Loaded GFSDK_Aftermath_Lib.x64.dll
[2023.10.13-19.39.34:050][  0]LogHMD: Failed to initialize OpenVR with code 110
[2023.10.13-19.39.34:050][  0]LogD3D11RHI: D3D11 min allowed feature level: 11_0
[2023.10.13-19.39.34:050][  0]LogD3D11RHI: D3D11 max allowed feature level: 11_0
[2023.10.13-19.39.34:050][  0]LogD3D11RHI: D3D11 adapters:
[2023.10.13-19.39.34:405][  0]LogD3D11RHI:    0. 'NVIDIA GeForce RTX 3080 Laptop GPU' (Feature Level 11_0)
[2023.10.13-19.39.34:405][  0]LogD3D11RHI:       16191/0/8076 MB DedicatedVideo/DedicatedSystem/SharedSystem, Outputs:1, VendorId:0x10de
[2023.10.13-19.39.34:418][  0]LogD3D11RHI:    1. 'Microsoft Basic Render Driver' (Feature Level 11_0)
[2023.10.13-19.39.34:418][  0]LogD3D11RHI:       0/0/8076 MB DedicatedVideo/DedicatedSystem/SharedSystem, Outputs:0, VendorId:0x1414
[2023.10.13-19.39.34:418][  0]LogD3D11RHI: Chosen D3D11 Adapter:
[2023.10.13-19.39.34:418][  0]LogD3D11RHI:     Description : NVIDIA GeForce RTX 3080 Laptop GPU
[2023.10.13-19.39.34:418][  0]LogD3D11RHI:     VendorId    : 10de
[2023.10.13-19.39.34:419][  0]LogD3D11RHI:     DeviceId    : 249c
[2023.10.13-19.39.34:419][  0]LogD3D11RHI:     SubSysId    : 13051462
[2023.10.13-19.39.34:419][  0]LogD3D11RHI:     Revision    : 00a1
[2023.10.13-19.39.34:419][  0]LogD3D11RHI:     DedicatedVideoMemory : 16977494016 bytes
[2023.10.13-19.39.34:419][  0]LogD3D11RHI:     DedicatedSystemMemory : 0 bytes
[2023.10.13-19.39.34:419][  0]LogD3D11RHI:     SharedSystemMemory : 8469037056 bytes
[2023.10.13-19.39.34:419][  0]LogD3D11RHI:     AdapterLuid : 0 70377
[2023.10.13-19.39.34:430][  0]LogD3D11RHI: Creating new Direct3DDevice
[2023.10.13-19.39.34:430][  0]LogD3D11RHI:     GPU DeviceId: 0x249c (for the marketing name, search the web for "GPU Device Id")
[2023.10.13-19.39.34:431][  0]LogWindows: EnumDisplayDevices:
[2023.10.13-19.39.34:431][  0]LogWindows:    0. 'NVIDIA GeForce RTX 3080 Laptop GPU' (P:1 D:1)
[2023.10.13-19.39.34:433][  0]LogWindows:    1. 'NVIDIA GeForce RTX 3080 Laptop GPU' (P:0 D:0)
[2023.10.13-19.39.34:434][  0]LogWindows:    2. 'NVIDIA GeForce RTX 3080 Laptop GPU' (P:0 D:0)
[2023.10.13-19.39.34:435][  0]LogWindows:    3. 'NVIDIA GeForce RTX 3080 Laptop GPU' (P:0 D:0)
[2023.10.13-19.39.34:436][  0]LogWindows: DebugString: FoundDriverCount:4 
[2023.10.13-19.39.34:437][  0]LogD3D11RHI:     Adapter Name: NVIDIA GeForce RTX 3080 Laptop GPU
[2023.10.13-19.39.34:437][  0]LogD3D11RHI:   Driver Version: 536.99 (internal:31.0.15.3699, unified:536.99)
[2023.10.13-19.39.34:437][  0]LogD3D11RHI:      Driver Date: 8-4-2023
[2023.10.13-19.39.34:437][  0]LogRHI: Texture pool is 11333 MB (70% of 16191 MB)
[2023.10.13-19.39.34:437][  0]LogD3D11RHI: Creating D3DDevice using adapter:
[2023.10.13-19.39.34:437][  0]LogD3D11RHI:     Description : NVIDIA GeForce RTX 3080 Laptop GPU
[2023.10.13-19.39.34:437][  0]LogD3D11RHI:     VendorId    : 10de
[2023.10.13-19.39.34:437][  0]LogD3D11RHI:     DeviceId    : 249c
[2023.10.13-19.39.34:437][  0]LogD3D11RHI:     SubSysId    : 13051462
[2023.10.13-19.39.34:437][  0]LogD3D11RHI:     Revision    : 00a1
[2023.10.13-19.39.34:437][  0]LogD3D11RHI:     DedicatedVideoMemory : 16977494016 bytes
[2023.10.13-19.39.34:437][  0]LogD3D11RHI:     DedicatedSystemMemory : 0 bytes
[2023.10.13-19.39.34:438][  0]LogD3D11RHI:     SharedSystemMemory : 8469037056 bytes
[2023.10.13-19.39.34:438][  0]LogD3D11RHI:     AdapterLuid : 0 70377
[2023.10.13-19.39.34:601][  0]LogD3D11RHI: RHI has support for 64 bit atomics
[2023.10.13-19.39.34:602][  0]LogD3D11RHI: Async texture creation enabled
[2023.10.13-19.39.34:602][  0]LogD3D11RHI: Array index from any shader is supported
[2023.10.13-19.39.34:624][  0]LogD3D11RHI: GPU Timing Frequency: 1000.000000 (Debug: 2 1)
[2023.10.13-19.39.34:753][  0]LogRHI: GeForceNow SDK initialized: 1
[2023.10.13-19.39.35:408][  0]LogTargetPlatformManager: Display: Loaded TargetPlatform 'AllDesktop'
[2023.10.13-19.39.35:449][  0]LogTargetPlatformManager: Display: Loaded TargetPlatform 'Android'
[2023.10.13-19.39.35:449][  0]LogTargetPlatformManager: Display: Loaded TargetPlatform 'Android_ASTC'
[2023.10.13-19.39.35:449][  0]LogTargetPlatformManager: Display: Loaded TargetPlatform 'Android_DXT'
[2023.10.13-19.39.35:449][  0]LogTargetPlatformManager: Display: Loaded TargetPlatform 'Android_ETC2'
[2023.10.13-19.39.35:449][  0]LogTargetPlatformManager: Display: Loaded TargetPlatform 'AndroidClient'
[2023.10.13-19.39.35:449][  0]LogTargetPlatformManager: Display: Loaded TargetPlatform 'Android_ASTCClient'
[2023.10.13-19.39.35:449][  0]LogTargetPlatformManager: Display: Loaded TargetPlatform 'Android_DXTClient'
[2023.10.13-19.39.35:450][  0]LogTargetPlatformManager: Display: Loaded TargetPlatform 'Android_ETC2Client'
[2023.10.13-19.39.35:450][  0]LogTargetPlatformManager: Display: Loaded TargetPlatform 'Android_Multi'
[2023.10.13-19.39.35:450][  0]LogTargetPlatformManager: Display: Loaded TargetPlatform 'Android_MultiClient'
[2023.10.13-19.39.35:526][  0]LogTargetPlatformManager: Display: Loaded TargetPlatform 'IOSClient'
[2023.10.13-19.39.35:526][  0]LogTargetPlatformManager: Display: Loaded TargetPlatform 'IOS'
[2023.10.13-19.39.35:549][  0]LogTargetPlatformManager: Display: Loaded TargetPlatform 'Linux'
[2023.10.13-19.39.35:568][  0]LogTargetPlatformManager: Display: Loaded TargetPlatform 'LinuxNoEditor'
[2023.10.13-19.39.35:589][  0]LogTargetPlatformManager: Display: Loaded TargetPlatform 'LinuxClient'
[2023.10.13-19.39.35:610][  0]LogTargetPlatformManager: Display: Loaded TargetPlatform 'LinuxServer'
[2023.10.13-19.39.35:634][  0]LogTargetPlatformManager: Display: Loaded TargetPlatform 'LinuxAArch64NoEditor'
[2023.10.13-19.39.35:652][  0]LogTargetPlatformManager: Display: Loaded TargetPlatform 'LinuxAArch64Client'
[2023.10.13-19.39.35:672][  0]LogTargetPlatformManager: Display: Loaded TargetPlatform 'LinuxAArch64Server'
[2023.10.13-19.39.35:713][  0]LogTargetPlatformManager: Display: Loaded TargetPlatform 'Lumin'
[2023.10.13-19.39.35:713][  0]LogTargetPlatformManager: Display: Loaded TargetPlatform 'LuminClient'
[2023.10.13-19.39.35:740][  0]LogTargetPlatformManager: Display: Loaded TargetPlatform 'MacNoEditor'
[2023.10.13-19.39.35:766][  0]LogTargetPlatformManager: Display: Loaded TargetPlatform 'Mac'
[2023.10.13-19.39.35:790][  0]LogTargetPlatformManager: Display: Loaded TargetPlatform 'MacClient'
[2023.10.13-19.39.35:814][  0]LogTargetPlatformManager: Display: Loaded TargetPlatform 'MacServer'
[2023.10.13-19.39.35:839][  0]LogTargetPlatformManager: Display: Loaded TargetPlatform 'TVOSClient'
[2023.10.13-19.39.35:839][  0]LogTargetPlatformManager: Display: Loaded TargetPlatform 'TVOS'
[2023.10.13-19.39.35:869][  0]LogTargetPlatformManager: Display: Loaded TargetPlatform 'WindowsNoEditor'
[2023.10.13-19.39.35:896][  0]LogTargetPlatformManager: Display: Loaded TargetPlatform 'Windows'
[2023.10.13-19.39.35:926][  0]LogTargetPlatformManager: Display: Loaded TargetPlatform 'WindowsClient'
[2023.10.13-19.39.35:949][  0]LogTargetPlatformManager: Display: Loaded TargetPlatform 'WindowsServer'
[2023.10.13-19.39.35:949][  0]LogTargetPlatformManager: Display: Building Assets For Windows
[2023.10.13-19.39.36:002][  0]LogAudioDebug: Display: Lib vorbis DLL was dynamically loaded.
[2023.10.13-19.39.36:202][  0]LogTextureFormatOodle: Display: Oodle Texture 2.9.0 init RDO Off
[2023.10.13-19.39.36:495][  0]LogRendererCore: Ray tracing is disabled. Reason: r.RayTracing=0.
[2023.10.13-19.39.36:495][  0]LogShaderCompilers: Guid format shader working directory is 16 characters bigger than the processId version (D:/UnrealGame01/UnrealGame001/Intermediate/Shaders/WorkingDirectory/25392/).
[2023.10.13-19.39.36:495][  0]LogShaderCompilers: Cleaned the shader compiler working directory 'C:/Users/ansdn/AppData/Local/Temp/UnrealShaderWorkingDir/2948C0484FA7E499BFB06F9A31771ADD/'.
[2023.10.13-19.39.36:497][  0]LogXGEController: Cannot use XGE Controller as Incredibuild is not installed on this machine.
[2023.10.13-19.39.36:497][  0]LogShaderCompilers: Cannot use XGE Shader Compiler as Incredibuild is not installed on this machine.
[2023.10.13-19.39.36:497][  0]LogShaderCompilers: Display: Using Local Shader Compiler.
[2023.10.13-19.39.37:496][  0]LogDerivedDataCache: Display: Max Cache Size: 512 MB
[2023.10.13-19.39.37:601][  0]LogDerivedDataCache: Loaded boot cache 0.10s 94MB C:/Users/ansdn/AppData/Local/UnrealEngine/4.27/DerivedDataCache/Boot.ddc.
[2023.10.13-19.39.37:602][  0]LogDerivedDataCache: Display: Loaded Boot cache: C:/Users/ansdn/AppData/Local/UnrealEngine/4.27/DerivedDataCache/Boot.ddc
[2023.10.13-19.39.37:602][  0]LogDerivedDataCache: FDerivedDataBackendGraph:  Pak pak cache file D:/UnrealGame01/UnrealGame001/DerivedDataCache/DDC.ddp not found, will not use a pak cache.
[2023.10.13-19.39.37:602][  0]LogDerivedDataCache: Unable to find inner node Pak for hierarchical cache Hierarchy.
[2023.10.13-19.39.37:602][  0]LogDerivedDataCache: FDerivedDataBackendGraph:  CompressedPak pak cache file D:/UnrealGame01/UnrealGame001/DerivedDataCache/Compressed.ddp not found, will not use a pak cache.
[2023.10.13-19.39.37:602][  0]LogDerivedDataCache: Unable to find inner node CompressedPak for hierarchical cache Hierarchy.
[2023.10.13-19.39.37:623][  0]LogDerivedDataCache: Display: Pak cache opened for reading ../../../Engine/DerivedDataCache/Compressed.ddp.
[2023.10.13-19.39.37:623][  0]LogDerivedDataCache: FDerivedDataBackendGraph:  EnterprisePak pak cache file ../../../Enterprise/DerivedDataCache/Compressed.ddp not found, will not use a pak cache.
[2023.10.13-19.39.37:624][  0]LogDerivedDataCache: Unable to find inner node EnterprisePak for hierarchical cache Hierarchy.
[2023.10.13-19.39.37:642][  0]LogDerivedDataCache: Speed tests for C:/Users/ansdn/AppData/Local/UnrealEngine/Common/DerivedDataCache took 0.02 seconds
[2023.10.13-19.39.37:643][  0]LogDerivedDataCache: Display: Performance to C:/Users/ansdn/AppData/Local/UnrealEngine/Common/DerivedDataCache: Latency=0.09ms. RandomReadSpeed=209.08MBs, RandomWriteSpeed=71.28MBs. Assigned SpeedClass 'Local'
[2023.10.13-19.39.37:646][  0]LogDerivedDataCache: Using Local data cache path C:/Users/ansdn/AppData/Local/UnrealEngine/Common/DerivedDataCache: Writable
[2023.10.13-19.39.37:647][  0]LogDerivedDataCache: Shared data cache path not found in *engine.ini, will not use an Shared cache.
[2023.10.13-19.39.37:647][  0]LogDerivedDataCache: Unable to find inner node Shared for hierarchical cache Hierarchy.
[2023.10.13-19.39.37:698][  0]LogSlate: Using FreeType 2.10.0
[2023.10.13-19.39.37:700][  0]LogSlate: SlateFontServices - WITH_FREETYPE: 1, WITH_HARFBUZZ: 1
[2023.10.13-19.39.37:761][  0]LogAssetRegistry: FAssetRegistry took 0.0103 seconds to start up
[2023.10.13-19.39.38:064][  0]LogInit: Selected Device Profile: [Windows]
[2023.10.13-19.39.38:065][  0]LogInit: Active device profile: [0000022A8EF0B500][0000022A8BAEC7C0 49] Windows
[2023.10.13-19.39.38:065][  0]LogInit: Profiles: [0000022A8EF0B500][0000022A8BAEC7C0 49] Windows, [0000022A8EEC8D00][0000022A8BAF4940 49] WindowsNoEditor, [0000022A8EF08C00][0000022A8BAF8AC0 49] WindowsServer, [0000022A8EECB400][0000022A8BAFCC40 49] WindowsClient, [0000022A8EF0B300][0000022A8DEAADC0 49] IOS, [0000022A8EEC9200][0000022A8DEAEF40 49] iPadAir, [0000022A8EF09100][0000022A8DEB30C0 49] iPadAir2, [0000022A8EE74500][0000022A8DEBB380 49] IPadPro, [0000022A8EE74600][0000022A8DEB73C0 49] iPadAir3, [0000022A8EF0AE00][0000022A8DEBF540 49] iPadAir4, [0000022A8EE77300][0000022A8DEC36C0 49] iPadMini2, [0000022A8EF09300][0000022A8DEC7840 49] iPadMini3, [0000022A8EE75700][0000022A8DECB9C0 49] iPadMini4, [0000022A8EF0AA00][0000022A8DECFB40 49] iPadMini5, [0000022A8EE67D00][0000022A8DED6280 49] iPhone6, [0000022A8EE67E00][0000022A8DED22C0 49] iPodTouch6, [0000022A8EE76D00][0000022A8BAF0540 49] iPhone7, [0000022A8EE76C00][0000022A8DEDA580 49] iPodTouch7, [0000022A8EE65000][0000022A8DEDE6C0 49] iPhone5S, [0000022A8EE76400][0000022A8DEE2800 49] iPhone6Plus, [0000022A8EE66E00][0000022A8DEE6940 49] iPhone6S, [0000022A8EE76900][0000022A8DEEEAC0 49] iPhone6SPlus, [0000022A8EE65500][0000022A8DEF2C40 49] iPhone7Plus, [0000022A8EE75F00][0000022A8DEF6DC0 49] iPhoneSE, [0000022A8EE66900][0000022A8DEFAF40 49] iPhone8, [0000022A8EE75000][0000022A8DEFF0C0 49] iPhone8Plus, [0000022A8EE65A00][0000022A8DF03240 49] iPhoneX, [0000022A8EE74800][0000022A8DF073C0 49] iPhoneXS, [0000022A8EE67000][0000022A8DF0B540 49] iPhoneXSMax, [0000022A8EE77200][0000022A8EF216C0 49] iPhoneXR, [0000022A8EE67A00][0000022A8EF25840 49] iPhone11, [0000022A8EE77B00][0000022A8EF299C0 49] iPhone11Pro, [0000022A8EE66A00][0000022A8EF2DB40 49] iPhone11ProMax, [0000022A8EE77600][0000022A8EF30140 49] iPhoneSE2, [0000022A8EE64F00][0000022A8EF342C0 49] iPhone12Mini, [0000022A8EE75500][0000022A8EF38440 49] iPhone12, [0000022A8EE65200][0000022A8EF3C5C0 49] iPhone12Pro, [0000022A8EE74D00][0000022A8EF40740 49] iPhone12ProMax, [0000022A8EE65900][0000022A8DEEA880 49] iPadPro105, [0000022A8EE74E00][0000022A8EF449C0 49] iPadPro129, [0000022A8EE66100][0000022A8EF48B00 49] iPadPro97, [0000022A8EE75800][0000022A8EF50C80 49] iPadPro2_129, [0000022A8EE66000][0000022A8EF54E00 49] iPad5, [0000022A8EE74C00][0000022A8EF58F80 49] iPad6, [0000022A8EE65E00][0000022A8EF5D100 49] iPad7, [0000022A8EE76F00][0000022A8EF61280 49] iPad8, [0000022A8EE66C00][0000022A8EF65400 49] iPadPro11, [0000022A8EE76700][0000022A8EF69580 49] iPadPro2_11, [0000022A8EE64B00][0000022A8EF6D700 49] iPadPro3_129, [0000022A8EE76800][0000022A8EF71880 49] iPadPro4_129, [0000022A8EE67B00][0000022A8EF75A00 49] AppleTV, [0000022A8EE74300][0000022A8EF79B80 49] AppleTV4K, [0000022A8EE65400][0000022A8EF7C180 49] TVOS, [0000022A8EE77800][0000022A8EF80300 49] Mac, [0000022A8EE67700][0000022A8EF84480 49] MacClient, [0000022A8EE77000][0000022A8EF88600 49] MacNoEditor, [0000022A8EE64100][0000022A8EF8C780 49] MacServer, [0000022A8EE74700][0000022A8EF90900 49] Linux, [0000022A8EE64300][0000022A8EF4CA40 49] LinuxAArch64, [0000022A8EE77400][0000022A8EF94B80 49] LinuxNoEditor, [0000022A8EE66700][0000022A8EF98CC0 49] LinuxAArch64NoEditor, [0000022A8EE75900][0000022A8EFA0E40 49] LinuxClient, [0000022A8EE66200][0000022A8EFA4FC0 49] LinuxAArch64Client, [0000022A8EE75C00][0000022A8EFA9140 49] LinuxServer, [0000022A8EECA700][0000022A8EFAD2C0 49] LinuxAArch64Server, [0000022A8DF54900][0000022A8EFB1440 49] Android, [0000022A8EECB500][0000022A8EFB55C0 49] Android_Low, [0000022A8DF56400][0000022A8EFB9740 49] Android_Mid, [0000022A8EECA400][0000022A8EFBD8C0 49] Android_High, [0000022A8DF54C00][0000022A8EFC1A40 49] Android_Default, [0000022A8EEC8900][0000022A8EFC5BC0 49] Android_Adreno4xx, [0000022A8DF55B00][0000022A8EFC81C0 49] Android_Adreno5xx_Low, [0000022A8EECA100][0000022A8EFCC340 49] Android_Adreno5xx, [0000022A8DF54300][0000022A8EFD04C0 49] Android_Adreno6xx, [0000022A8EEC9600][0000022A8EFD4640 49] Android_Adreno6xx_Vulkan, [0000022A8DF55400][0000022A8EFD87C0 49] Android_Mali_T6xx, [0000022A8EECA800][0000022A8EFDC940 49] Android_Mali_T7xx, [0000022A8DF55F00][0000022A8EFE0AC0 49] Android_Mali_T8xx, [0000022A8EEC8300][0000022A8EF9CC00 49] Android_Mali_G71, [0000022A8DF54E00][0000022A8EFE4D40 49] Android_Mali_G72, [0000022A8EEC8200][0000022A8EFE8E80 49] Android_Mali_G72_Vulkan, [0000022A8DF55000][0000022A8EFECFC0 49] Android_Mali_G76, [0000022A8EEC8600][0000022A8EFF5140 49] Android_Mali_G76_Vulkan, [0000022A8DF54B00][0000022A8EFF92C0 49] Android_Mali_G77, [0000022A8EEC9700][0000022A8EFFD440 49] Android_Mali_G77_Vulkan, [0000022A8DF55500][0000022A8F0015C0 49] Android_Mali_G78, [0000022A8EECA900][0000022A8F005740 49] Android_Mali_G78_Vulkan, [0000022A8DF54D00][0000022A8F0098C0 49] Android_Mali_G710, [0000022A8EEC8A00][0000022A8F00DA40 49] Android_Mali_G710_Vulkan, [0000022A8DF54100][0000022A8F011BC0 49] Android_Vulkan_SM5, [0000022A8EE76500][0000022A8F0141C0 49] Android_PowerVR_G6xxx, [0000022A8EE67500][0000022A8F018340 49] Android_PowerVR_GT7xxx, [0000022A8EE76000][0000022A8F01C4C0 49] Android_PowerVR_GE8xxx, [0000022A8EE64700][0000022A8F020640 49] Android_PowerVR_GM9xxx, [0000022A8EE76300][0000022A8F0247C0 49] Android_PowerVR_GM9xxx_Vulkan, [0000022A8EE66600][0000022A8F028940 49] Android_TegraK1, [0000022A8EE77A00][0000022A8F02CAC0 49] Android_Unknown_Vulkan, [0000022A8EE66800][0000022A8F030C40 49] Lumin, [0000022A8EE77E00][0000022A8EFF0D80 49] Lumin_Desktop, [0000022A8EE65100][0000022A8F034EC0 49] HoloLens, 
[2023.10.13-19.39.38:431][  0]LogMeshReduction: Using QuadricMeshReduction for automatic static mesh reduction
[2023.10.13-19.39.38:431][  0]LogMeshReduction: Using SimplygonMeshReduction for automatic skeletal mesh reduction
[2023.10.13-19.39.38:431][  0]LogMeshReduction: Using ProxyLODMeshReduction for automatic mesh merging
[2023.10.13-19.39.38:431][  0]LogMeshReduction: No distributed automatic mesh merging module available
[2023.10.13-19.39.38:432][  0]LogMeshMerging: No distributed automatic mesh merging module available
[2023.10.13-19.39.38:477][  0]LogNetVersion: UnrealGame001 1.0.0, NetCL: 17155196, EngineNetVer: 17, GameNetVer: 0 (Checksum: 1156378723)
[2023.10.13-19.39.39:025][  0]LogTexture: Default maximum texture size for cubemaps generated from long-lat sources has been changed from 512 to unlimited. In order to preserve old behaiour for '/Engine/MapTemplates/Sky/DaylightAmbientCubemap.DaylightAmbientCubemap', its maximum texture size has been explicitly set to 512.
[2023.10.13-19.39.39:110][  0]LogHMD: PokeAHoleMaterial loaded successfully
[2023.10.13-19.39.39:118][  0]LogUObjectArray: 17178 objects as part of root set at end of initial load.
[2023.10.13-19.39.39:119][  0]LogUObjectAllocator: 4302048 out of 0 bytes used by permanent object pool.
[2023.10.13-19.39.39:119][  0]LogUObjectArray: CloseDisregardForGC: 0/0 objects in disregard for GC pool
[2023.10.13-19.39.41:518][  0]LogNiagaraDebuggerClient: Niagara Debugger Client Initialized | Session: 02D699A44078316C299315B56AE2A6F9 | Instance: 1FA4747E4D2E531A379EBAAC976C7753 (MSI-25392).
[2023.10.13-19.39.41:905][  0]LogPython: Using Python 3.7.7
[2023.10.13-19.39.42:688][  0]LogUdpMessaging: Initializing bridge on interface 0.0.0.0:0 to multicast group 230.0.0.1:6666.
[2023.10.13-19.39.42:724][  0]LogTcpMessaging: Initializing TcpMessaging bridge
[2023.10.13-19.39.46:127][  0]LogOpenImageDenoise: OIDN starting up
[2023.10.13-19.39.46:476][  0]SourceControl: Source control is disabled
[2023.10.13-19.39.46:476][  0]SourceControl: Source control is disabled
[2023.10.13-19.39.46:505][  0]SourceControl: Source control is disabled
[2023.10.13-19.39.46:612][  0]SourceControl: Source control is disabled
[2023.10.13-19.39.46:642][  0]SourceControl: Source control is disabled
[2023.10.13-19.39.46:665][  0]LogUProjectInfo: Found projects:
[2023.10.13-19.39.46:940][  0]LogAndroidPermission: UAndroidPermissionCallbackProxy::GetInstance
[2023.10.13-19.39.47:053][  0]LogAudioCaptureCore: Display: No Audio Capture implementations found. Audio input will be silent.
[2023.10.13-19.39.47:053][  0]LogAudioCaptureCore: Display: No Audio Capture implementations found. Audio input will be silent.
[2023.10.13-19.39.47:628][  0]LogCollectionManager: Loaded 0 collections in 0.005288 seconds
[2023.10.13-19.39.47:813][  0]LogFileCache: Scanning file cache for directory 'D:/UnrealGame01/UnrealGame001/Saved/Collections/' took 0.01s
[2023.10.13-19.39.47:814][  0]LogFileCache: Scanning file cache for directory 'D:/UnrealGame01/UnrealGame001/Content/Developers/MOON/Collections/' took 0.00s
[2023.10.13-19.39.47:814][  0]LogFileCache: Scanning file cache for directory 'D:/UnrealGame01/UnrealGame001/Content/Collections/' took 0.01s
[2023.10.13-19.39.47:814][  0]LogOcInput: OculusInput pre-init called
[2023.10.13-19.39.48:420][  0]LogEngine: Initializing Engine...
[2023.10.13-19.39.48:429][  0]LogHMD: Failed to enumerate extensions. Please check that you have a valid OpenXR runtime installed.
[2023.10.13-19.39.48:430][  0]LogHMD: Failed to initialize OpenVR with code 110
[2023.10.13-19.39.48:430][  0]LogMagicLeap: Warning: VR disabled because ZI is not enabled.  To enable, in the editor, Edit -> Project Settings -> Plugins -> Magic Leap Plugin -> Enable Zero Iteration
[2023.10.13-19.39.48:432][  0]LogStats: UGameplayTagsManager::InitializeManager -  0.000 s
[2023.10.13-19.39.48:589][  0]LogInit: Initializing FReadOnlyCVARCache
[2023.10.13-19.39.48:634][  0]LogAIModule: Creating AISystem for world Untitled
[2023.10.13-19.39.48:635][  0]LogAudio: Display: Initializing Audio Device Manager...
[2023.10.13-19.39.48:664][  0]LogAudio: Display: Loading Default Audio Settings Objects...
[2023.10.13-19.39.48:665][  0]LogAudio: Display: No default SoundConcurrencyObject specified (or failed to load).
[2023.10.13-19.39.48:666][  0]LogAudio: Display: Audio Device Manager Initialized
[2023.10.13-19.39.48:666][  0]LogAudio: Display: Creating Audio Device:                 Id: 1, Scope: Shared, Realtime: True
[2023.10.13-19.39.48:667][  0]LogAudioMixer: Display: Audio Mixer Platform Settings:
[2023.10.13-19.39.48:667][  0]LogAudioMixer: Display: 	Sample Rate:						  48000
[2023.10.13-19.39.48:667][  0]LogAudioMixer: Display: 	Callback Buffer Frame Size Requested: 1024
[2023.10.13-19.39.48:667][  0]LogAudioMixer: Display: 	Callback Buffer Frame Size To Use:	  1024
[2023.10.13-19.39.48:668][  0]LogAudioMixer: Display: 	Number of buffers to queue:			  2
[2023.10.13-19.39.48:668][  0]LogAudioMixer: Display: 	Max Channels (voices):				  32
[2023.10.13-19.39.48:668][  0]LogAudioMixer: Display: 	Number of Async Source Workers:		  0
[2023.10.13-19.39.48:668][  0]LogAudio: Display: AudioDevice MaxSources: 32
[2023.10.13-19.39.48:668][  0]LogAudio: Display: Audio Spatialization Plugin: None (built-in).
[2023.10.13-19.39.48:669][  0]LogAudio: Display: Audio Reverb Plugin: None (built-in).
[2023.10.13-19.39.48:669][  0]LogAudio: Display: Audio Occlusion Plugin: None (built-in).
[2023.10.13-19.39.48:669][  0]LogAudioMixer: Display: Initializing audio mixer.
[2023.10.13-19.39.48:819][  0]LogAudioMixer: Display: 0: FrontLeft
[2023.10.13-19.39.48:819][  0]LogAudioMixer: Display: 1: FrontRight
[2023.10.13-19.39.48:866][  0]LogAudioMixer: Display: Using Audio Device 헤드폰 (WH-XB910N)
[2023.10.13-19.39.48:872][  0]LogAudioMixer: Display: Initializing Sound Submixes...
[2023.10.13-19.39.48:877][  0]LogAudioMixer: Display: Creating Master Submix 'MasterSubmixDefault'
[2023.10.13-19.39.48:877][  0]LogAudioMixer: Display: Creating Master Submix 'MasterReverbSubmixDefault'
[2023.10.13-19.39.48:879][  0]LogAudioMixer: Display: Creating Master Submix 'MasterEQSubmixDefault'
[2023.10.13-19.39.48:879][  0]LogAudioMixer: FMixerPlatformXAudio2::StartAudioStream() called
[2023.10.13-19.39.48:879][  0]LogAudioMixer: Display: Output buffers initialized: Frames=1024, Channels=2, Samples=2048
[2023.10.13-19.39.48:883][  0]LogAudioMixer: Display: Starting AudioMixerPlatformInterface::RunInternal()
[2023.10.13-19.39.48:883][  0]LogAudioMixer: Display: FMixerPlatformXAudio2::SubmitBuffer() called for the first time
[2023.10.13-19.39.48:883][  0]LogInit: FAudioDevice initialized.
[2023.10.13-19.39.48:883][  0]LogAudio: Display: Audio Device (ID: 1) registered with world 'Untitled'.
[2023.10.13-19.39.48:883][  0]LogNetVersion: Set ProjectVersion to 1.0.0.0. Version Checksum will be recalculated on next use.
[2023.10.13-19.39.48:946][  0]LogDerivedDataCache: Saved boot cache 0.06s 94MB C:/Users/ansdn/AppData/Local/UnrealEngine/4.27/DerivedDataCache/Boot.ddc.
[2023.10.13-19.39.48:947][  0]LogInit: Texture streaming: Enabled
[2023.10.13-19.39.49:054][  0]LogAnalytics: Display: [UEEditor.Rocket.Release] APIServer = https://datarouter.ol.epicgames.com/. AppVersion = 4.27.2-18319896+++UE4+Release-4.27
[2023.10.13-19.39.49:078][  0]LogEngineSessionManager: EngineSessionManager initialized
[2023.10.13-19.39.49:078][  0]LogEditorSessionSummary: Verbose: Initializing EditorSessionSummaryWriter for editor session tracking
[2023.10.13-19.39.49:089][  0]LogEditorSessionSummary: EditorSessionSummaryWriter initialized
[2023.10.13-19.39.49:226][  0]LogInit: Transaction tracking system initialized
[2023.10.13-19.39.49:448][  0]BlueprintLog: New page: Editor Load
[2023.10.13-19.39.50:032][  0]LocalizationService: Localization service is disabled
[2023.10.13-19.39.50:240][  0]TimingProfiler: Initialize
[2023.10.13-19.39.50:240][  0]TimingProfiler: OnSessionChanged
[2023.10.13-19.39.50:241][  0]LoadingProfiler: Initialize
[2023.10.13-19.39.50:241][  0]LoadingProfiler: OnSessionChanged
[2023.10.13-19.39.50:241][  0]NetworkingProfiler: Initialize
[2023.10.13-19.39.50:241][  0]NetworkingProfiler: OnSessionChanged
[2023.10.13-19.39.50:242][  0]MemoryProfiler: Initialize
[2023.10.13-19.39.50:242][  0]MemoryProfiler: OnSessionChanged
[2023.10.13-19.39.50:859][  0]LogCook: Display: CookSettings for Memory: MemoryMaxUsedVirtual 0MiB, MemoryMaxUsedPhysical 16384MiB, MemoryMinFreeVirtual 0MiB, MemoryMinFreePhysical 1024MiB
[2023.10.13-19.39.50:859][  0]LogCook: Display: Mobile HDR setting 1
[2023.10.13-19.39.51:678][  0]LogFileCache: Scanning file cache for directory 'D:/UnrealGame01/UnrealGame001/Content/' took 0.01s
[2023.10.13-19.39.52:959][  0]LogInit: Display: Engine is initialized. Leaving FEngineLoop::Init()
[2023.10.13-19.39.52:971][  0]SourceControl: Source control is disabled
[2023.10.13-19.39.52:972][  0]LogUnrealEdMisc: Loading editor; pre map load, took 23.819
[2023.10.13-19.39.52:972][  0]Cmd: MAP LOAD FILE="../../../Engine/Content/Maps/Templates/Template_Default.umap" TEMPLATE=1 SHOWPROGRESS=1 FEATURELEVEL=3
[2023.10.13-19.39.52:974][  0]LightingResults: New page: Lighting Build
[2023.10.13-19.39.52:976][  0]LogWorld: UWorld::CleanupWorld for Untitled, bSessionEnded=true, bCleanupResources=true
[2023.10.13-19.39.52:976][  0]LogSlate: InvalidateAllWidgets triggered.  All widgets were invalidated
[2023.10.13-19.39.52:977][  0]MapCheck: New page: Map Check
[2023.10.13-19.39.52:977][  0]LightingResults: New page: Lighting Build
[2023.10.13-19.39.52:982][  0]LogAudio: Display: Audio Device unregistered from world 'None'.
[2023.10.13-19.39.52:988][  0]LogUObjectHash: Compacting FUObjectHashTables data took   0.76ms
[2023.10.13-19.39.53:055][  0]LogAudio: Display: Audio Device (ID: 1) registered with world 'Untitled_1'.
[2023.10.13-19.39.53:058][  0]LogAIModule: Creating AISystem for world Untitled_1
[2023.10.13-19.39.53:062][  0]LogEditorServer: Finished looking for orphan Actors (0.000 secs)
[2023.10.13-19.39.53:079][  0]LogUObjectHash: Compacting FUObjectHashTables data took   0.87ms
[2023.10.13-19.39.53:081][  0]Cmd: MAP CHECKDEP NOCLEARLOG
[2023.10.13-19.39.53:081][  0]MapCheck: Map check complete: 0 Error(s), 0 Warning(s), took 0.161ms to complete.
[2023.10.13-19.39.53:081][  0]LogFileHelpers: Loading map 'Template_Default' took 0.109
[2023.10.13-19.39.53:084][  0]LogUnrealEdMisc: Total Editor Startup Time, took 23.931
[2023.10.13-19.39.53:258][  0]LogWindowsTextInputMethodSystem: Display: IME system activated using TSF (Microsoft IME).
[2023.10.13-19.39.53:365][  0]LogSlate: Updating window title bar state: overlay mode, drag disabled, window buttons hidden, title bar hidden
[2023.10.13-19.39.53:372][  0]LogSlate: Updating window title bar state: overlay mode, drag disabled, window buttons hidden, title bar hidden
[2023.10.13-19.39.53:378][  0]LogSlate: Updating window title bar state: overlay mode, drag disabled, window buttons hidden, title bar hidden
[2023.10.13-19.39.53:386][  0]LogSlate: Updating window title bar state: overlay mode, drag disabled, window buttons hidden, title bar hidden
[2023.10.13-19.39.53:415][  0]LogNativeClassHierarchy: Verbose: Native class hierarchy populated in 0.0124 seconds. Added 3831 classes and 935 folders.
[2023.10.13-19.39.53:419][  0]LogNativeClassHierarchy: Verbose: Native class hierarchy updated for 'WidgetCarousel' in 0.0003 seconds. Added 0 classes and 0 folders.
[2023.10.13-19.39.53:422][  0]LogPakFile: PakFile PrimaryIndexSize=187
[2023.10.13-19.39.53:422][  0]LogPakFile: PakFile PathHashIndexSize=101
[2023.10.13-19.39.53:422][  0]LogPakFile: PakFile FullDirectoryIndexSize=148
[2023.10.13-19.39.53:422][  0]LogShaderLibrary: Display: ShaderCodeLibraryPakFileMountedCallback: PakFile 'C:/Program Files/Epic Games/UE_4.27/FeaturePacks/FP_FirstPerson.upack' (chunk index -1, root 'root:/') mounted
[2023.10.13-19.39.53:422][  0]LogShaderLibrary: Display: ShaderCodeLibraryPakFileMountedCallback: pending pak file info (ChunkID:-1 Root:root:/ File:C:/Program Files/Epic Games/UE_4.27/FeaturePacks/FP_FirstPerson.upack)
[2023.10.13-19.39.53:422][  0]LogPakFile: OnPakFileMounted2Time == 0.000298
[2023.10.13-19.39.53:424][  0]LogPakFile: PakFile PrimaryIndexSize=189
[2023.10.13-19.39.53:424][  0]LogPakFile: PakFile PathHashIndexSize=101
[2023.10.13-19.39.53:424][  0]LogPakFile: PakFile FullDirectoryIndexSize=152
[2023.10.13-19.39.53:424][  0]LogShaderLibrary: Display: ShaderCodeLibraryPakFileMountedCallback: PakFile 'C:/Program Files/Epic Games/UE_4.27/FeaturePacks/FP_FirstPersonBP.upack' (chunk index -1, root 'root:/') mounted
[2023.10.13-19.39.53:424][  0]LogShaderLibrary: Display: ShaderCodeLibraryPakFileMountedCallback: pending pak file info (ChunkID:-1 Root:root:/ File:C:/Program Files/Epic Games/UE_4.27/FeaturePacks/FP_FirstPersonBP.upack)
[2023.10.13-19.39.53:424][  0]LogPakFile: OnPakFileMounted2Time == 0.000315
[2023.10.13-19.39.53:426][  0]LogPakFile: PakFile PrimaryIndexSize=191
[2023.10.13-19.39.53:426][  0]LogPakFile: PakFile PathHashIndexSize=101
[2023.10.13-19.39.53:426][  0]LogPakFile: PakFile FullDirectoryIndexSize=160
[2023.10.13-19.39.53:426][  0]LogShaderLibrary: Display: ShaderCodeLibraryPakFileMountedCallback: PakFile 'C:/Program Files/Epic Games/UE_4.27/FeaturePacks/MobileStarterContent.upack' (chunk index -1, root 'root:/') mounted
[2023.10.13-19.39.53:426][  0]LogShaderLibrary: Display: ShaderCodeLibraryPakFileMountedCallback: pending pak file info (ChunkID:-1 Root:root:/ File:C:/Program Files/Epic Games/UE_4.27/FeaturePacks/MobileStarterContent.upack)
[2023.10.13-19.39.53:427][  0]LogPakFile: OnPakFileMounted2Time == 0.000339
[2023.10.13-19.39.53:429][  0]LogPakFile: PakFile PrimaryIndexSize=185
[2023.10.13-19.39.53:429][  0]LogPakFile: PakFile PathHashIndexSize=101
[2023.10.13-19.39.53:429][  0]LogPakFile: PakFile FullDirectoryIndexSize=148
[2023.10.13-19.39.53:429][  0]LogShaderLibrary: Display: ShaderCodeLibraryPakFileMountedCallback: PakFile 'C:/Program Files/Epic Games/UE_4.27/FeaturePacks/StarterContent.upack' (chunk index -1, root 'root:/') mounted
[2023.10.13-19.39.53:429][  0]LogShaderLibrary: Display: ShaderCodeLibraryPakFileMountedCallback: pending pak file info (ChunkID:-1 Root:root:/ File:C:/Program Files/Epic Games/UE_4.27/FeaturePacks/StarterContent.upack)
[2023.10.13-19.39.53:430][  0]LogPakFile: OnPakFileMounted2Time == 0.000232
[2023.10.13-19.39.53:431][  0]LogPakFile: PakFile PrimaryIndexSize=190
[2023.10.13-19.39.53:431][  0]LogPakFile: PakFile PathHashIndexSize=101
[2023.10.13-19.39.53:431][  0]LogPakFile: PakFile FullDirectoryIndexSize=154
[2023.10.13-19.39.53:432][  0]LogShaderLibrary: Display: ShaderCodeLibraryPakFileMountedCallback: PakFile 'C:/Program Files/Epic Games/UE_4.27/FeaturePacks/TP_2DSideScroller.upack' (chunk index -1, root 'root:/') mounted
[2023.10.13-19.39.53:432][  0]LogShaderLibrary: Display: ShaderCodeLibraryPakFileMountedCallback: pending pak file info (ChunkID:-1 Root:root:/ File:C:/Program Files/Epic Games/UE_4.27/FeaturePacks/TP_2DSideScroller.upack)
[2023.10.13-19.39.53:432][  0]LogPakFile: OnPakFileMounted2Time == 0.000209
[2023.10.13-19.39.53:433][  0]LogPakFile: PakFile PrimaryIndexSize=192
[2023.10.13-19.39.53:433][  0]LogPakFile: PakFile PathHashIndexSize=101
[2023.10.13-19.39.53:434][  0]LogPakFile: PakFile FullDirectoryIndexSize=158
[2023.10.13-19.39.53:434][  0]LogShaderLibrary: Display: ShaderCodeLibraryPakFileMountedCallback: PakFile 'C:/Program Files/Epic Games/UE_4.27/FeaturePacks/TP_2DSideScrollerBP.upack' (chunk index -1, root 'root:/') mounted
[2023.10.13-19.39.53:434][  0]LogShaderLibrary: Display: ShaderCodeLibraryPakFileMountedCallback: pending pak file info (ChunkID:-1 Root:root:/ File:C:/Program Files/Epic Games/UE_4.27/FeaturePacks/TP_2DSideScrollerBP.upack)
[2023.10.13-19.39.53:434][  0]LogPakFile: OnPakFileMounted2Time == 0.000307
[2023.10.13-19.39.53:436][  0]LogPakFile: PakFile PrimaryIndexSize=182
[2023.10.13-19.39.53:436][  0]LogPakFile: PakFile PathHashIndexSize=101
[2023.10.13-19.39.53:436][  0]LogPakFile: PakFile FullDirectoryIndexSize=138
[2023.10.13-19.39.53:436][  0]LogShaderLibrary: Display: ShaderCodeLibraryPakFileMountedCallback: PakFile 'C:/Program Files/Epic Games/UE_4.27/FeaturePacks/TP_Flying.upack' (chunk index -1, root 'root:/') mounted
[2023.10.13-19.39.53:436][  0]LogShaderLibrary: Display: ShaderCodeLibraryPakFileMountedCallback: pending pak file info (ChunkID:-1 Root:root:/ File:C:/Program Files/Epic Games/UE_4.27/FeaturePacks/TP_Flying.upack)
[2023.10.13-19.39.53:436][  0]LogPakFile: OnPakFileMounted2Time == 0.000280
[2023.10.13-19.39.53:438][  0]LogPakFile: PakFile PrimaryIndexSize=184
[2023.10.13-19.39.53:438][  0]LogPakFile: PakFile PathHashIndexSize=101
[2023.10.13-19.39.53:438][  0]LogPakFile: PakFile FullDirectoryIndexSize=142
[2023.10.13-19.39.53:439][  0]LogShaderLibrary: Display: ShaderCodeLibraryPakFileMountedCallback: PakFile 'C:/Program Files/Epic Games/UE_4.27/FeaturePacks/TP_FlyingBP.upack' (chunk index -1, root 'root:/') mounted
[2023.10.13-19.39.53:439][  0]LogShaderLibrary: Display: ShaderCodeLibraryPakFileMountedCallback: pending pak file info (ChunkID:-1 Root:root:/ File:C:/Program Files/Epic Games/UE_4.27/FeaturePacks/TP_FlyingBP.upack)
[2023.10.13-19.39.53:439][  0]LogPakFile: OnPakFileMounted2Time == 0.000225
[2023.10.13-19.39.53:440][  0]LogPakFile: PakFile PrimaryIndexSize=188
[2023.10.13-19.39.53:440][  0]LogPakFile: PakFile PathHashIndexSize=101
[2023.10.13-19.39.53:440][  0]LogPakFile: PakFile FullDirectoryIndexSize=150
[2023.10.13-19.39.53:440][  0]LogShaderLibrary: Display: ShaderCodeLibraryPakFileMountedCallback: PakFile 'C:/Program Files/Epic Games/UE_4.27/FeaturePacks/TP_HandheldARBP.upack' (chunk index -1, root 'root:/') mounted
[2023.10.13-19.39.53:440][  0]LogShaderLibrary: Display: ShaderCodeLibraryPakFileMountedCallback: pending pak file info (ChunkID:-1 Root:root:/ File:C:/Program Files/Epic Games/UE_4.27/FeaturePacks/TP_HandheldARBP.upack)
[2023.10.13-19.39.53:441][  0]LogPakFile: OnPakFileMounted2Time == 0.000257
[2023.10.13-19.39.53:443][  0]LogPakFile: PakFile PrimaryIndexSize=182
[2023.10.13-19.39.53:443][  0]LogPakFile: PakFile PathHashIndexSize=101
[2023.10.13-19.39.53:443][  0]LogPakFile: PakFile FullDirectoryIndexSize=138
[2023.10.13-19.39.53:443][  0]LogShaderLibrary: Display: ShaderCodeLibraryPakFileMountedCallback: PakFile 'C:/Program Files/Epic Games/UE_4.27/FeaturePacks/TP_Puzzle.upack' (chunk index -1, root 'root:/') mounted
[2023.10.13-19.39.53:444][  0]LogShaderLibrary: Display: ShaderCodeLibraryPakFileMountedCallback: pending pak file info (ChunkID:-1 Root:root:/ File:C:/Program Files/Epic Games/UE_4.27/FeaturePacks/TP_Puzzle.upack)
[2023.10.13-19.39.53:444][  0]LogPakFile: OnPakFileMounted2Time == 0.000259
[2023.10.13-19.39.53:445][  0]LogPakFile: PakFile PrimaryIndexSize=184
[2023.10.13-19.39.53:445][  0]LogPakFile: PakFile PathHashIndexSize=101
[2023.10.13-19.39.53:445][  0]LogPakFile: PakFile FullDirectoryIndexSize=142
[2023.10.13-19.39.53:445][  0]LogShaderLibrary: Display: ShaderCodeLibraryPakFileMountedCallback: PakFile 'C:/Program Files/Epic Games/UE_4.27/FeaturePacks/TP_PuzzleBP.upack' (chunk index -1, root 'root:/') mounted
[2023.10.13-19.39.53:445][  0]LogShaderLibrary: Display: ShaderCodeLibraryPakFileMountedCallback: pending pak file info (ChunkID:-1 Root:root:/ File:C:/Program Files/Epic Games/UE_4.27/FeaturePacks/TP_PuzzleBP.upack)
[2023.10.13-19.39.53:445][  0]LogPakFile: OnPakFileMounted2Time == 0.000351
[2023.10.13-19.39.53:448][  0]LogPakFile: PakFile PrimaryIndexSize=183
[2023.10.13-19.39.53:448][  0]LogPakFile: PakFile PathHashIndexSize=101
[2023.10.13-19.39.53:448][  0]LogPakFile: PakFile FullDirectoryIndexSize=140
[2023.10.13-19.39.53:448][  0]LogShaderLibrary: Display: ShaderCodeLibraryPakFileMountedCallback: PakFile 'C:/Program Files/Epic Games/UE_4.27/FeaturePacks/TP_Rolling.upack' (chunk index -1, root 'root:/') mounted
[2023.10.13-19.39.53:448][  0]LogShaderLibrary: Display: ShaderCodeLibraryPakFileMountedCallback: pending pak file info (ChunkID:-1 Root:root:/ File:C:/Program Files/Epic Games/UE_4.27/FeaturePacks/TP_Rolling.upack)
[2023.10.13-19.39.53:448][  0]LogPakFile: OnPakFileMounted2Time == 0.000338
[2023.10.13-19.39.53:450][  0]LogPakFile: PakFile PrimaryIndexSize=185
[2023.10.13-19.39.53:450][  0]LogPakFile: PakFile PathHashIndexSize=101
[2023.10.13-19.39.53:450][  0]LogPakFile: PakFile FullDirectoryIndexSize=144
[2023.10.13-19.39.53:450][  0]LogShaderLibrary: Display: ShaderCodeLibraryPakFileMountedCallback: PakFile 'C:/Program Files/Epic Games/UE_4.27/FeaturePacks/TP_RollingBP.upack' (chunk index -1, root 'root:/') mounted
[2023.10.13-19.39.53:450][  0]LogShaderLibrary: Display: ShaderCodeLibraryPakFileMountedCallback: pending pak file info (ChunkID:-1 Root:root:/ File:C:/Program Files/Epic Games/UE_4.27/FeaturePacks/TP_RollingBP.upack)
[2023.10.13-19.39.53:450][  0]LogPakFile: OnPakFileMounted2Time == 0.000328
[2023.10.13-19.39.53:452][  0]LogPakFile: PakFile PrimaryIndexSize=188
[2023.10.13-19.39.53:452][  0]LogPakFile: PakFile PathHashIndexSize=101
[2023.10.13-19.39.53:452][  0]LogPakFile: PakFile FullDirectoryIndexSize=150
[2023.10.13-19.39.53:452][  0]LogShaderLibrary: Display: ShaderCodeLibraryPakFileMountedCallback: PakFile 'C:/Program Files/Epic Games/UE_4.27/FeaturePacks/TP_SideScroller.upack' (chunk index -1, root 'root:/') mounted
[2023.10.13-19.39.53:453][  0]LogShaderLibrary: Display: ShaderCodeLibraryPakFileMountedCallback: pending pak file info (ChunkID:-1 Root:root:/ File:C:/Program Files/Epic Games/UE_4.27/FeaturePacks/TP_SideScroller.upack)
[2023.10.13-19.39.53:453][  0]LogPakFile: OnPakFileMounted2Time == 0.000251
[2023.10.13-19.39.53:454][  0]LogPakFile: PakFile PrimaryIndexSize=190
[2023.10.13-19.39.53:455][  0]LogPakFile: PakFile PathHashIndexSize=101
[2023.10.13-19.39.53:455][  0]LogPakFile: PakFile FullDirectoryIndexSize=154
[2023.10.13-19.39.53:455][  0]LogShaderLibrary: Display: ShaderCodeLibraryPakFileMountedCallback: PakFile 'C:/Program Files/Epic Games/UE_4.27/FeaturePacks/TP_SideScrollerBP.upack' (chunk index -1, root 'root:/') mounted
[2023.10.13-19.39.53:455][  0]LogShaderLibrary: Display: ShaderCodeLibraryPakFileMountedCallback: pending pak file info (ChunkID:-1 Root:root:/ File:C:/Program Files/Epic Games/UE_4.27/FeaturePacks/TP_SideScrollerBP.upack)
[2023.10.13-19.39.53:455][  0]LogPakFile: OnPakFileMounted2Time == 0.000209
[2023.10.13-19.39.53:456][  0]LogPakFile: PakFile PrimaryIndexSize=187
[2023.10.13-19.39.53:457][  0]LogPakFile: PakFile PathHashIndexSize=101
[2023.10.13-19.39.53:457][  0]LogPakFile: PakFile FullDirectoryIndexSize=148
[2023.10.13-19.39.53:457][  0]LogShaderLibrary: Display: ShaderCodeLibraryPakFileMountedCallback: PakFile 'C:/Program Files/Epic Games/UE_4.27/FeaturePacks/TP_ThirdPerson.upack' (chunk index -1, root 'root:/') mounted
[2023.10.13-19.39.53:458][  0]LogShaderLibrary: Display: ShaderCodeLibraryPakFileMountedCallback: pending pak file info (ChunkID:-1 Root:root:/ File:C:/Program Files/Epic Games/UE_4.27/FeaturePacks/TP_ThirdPerson.upack)
[2023.10.13-19.39.53:458][  0]LogPakFile: OnPakFileMounted2Time == 0.000267
[2023.10.13-19.39.53:459][  0]LogPakFile: PakFile PrimaryIndexSize=189
[2023.10.13-19.39.53:459][  0]LogPakFile: PakFile PathHashIndexSize=101
[2023.10.13-19.39.53:459][  0]LogPakFile: PakFile FullDirectoryIndexSize=152
[2023.10.13-19.39.53:459][  0]LogShaderLibrary: Display: ShaderCodeLibraryPakFileMountedCallback: PakFile 'C:/Program Files/Epic Games/UE_4.27/FeaturePacks/TP_ThirdPersonBP.upack' (chunk index -1, root 'root:/') mounted
[2023.10.13-19.39.53:459][  0]LogShaderLibrary: Display: ShaderCodeLibraryPakFileMountedCallback: pending pak file info (ChunkID:-1 Root:root:/ File:C:/Program Files/Epic Games/UE_4.27/FeaturePacks/TP_ThirdPersonBP.upack)
[2023.10.13-19.39.53:459][  0]LogPakFile: OnPakFileMounted2Time == 0.000434
[2023.10.13-19.39.53:462][  0]LogPakFile: PakFile PrimaryIndexSize=183
[2023.10.13-19.39.53:462][  0]LogPakFile: PakFile PathHashIndexSize=101
[2023.10.13-19.39.53:462][  0]LogPakFile: PakFile FullDirectoryIndexSize=140
[2023.10.13-19.39.53:462][  0]LogShaderLibrary: Display: ShaderCodeLibraryPakFileMountedCallback: PakFile 'C:/Program Files/Epic Games/UE_4.27/FeaturePacks/TP_TopDown.upack' (chunk index -1, root 'root:/') mounted
[2023.10.13-19.39.53:462][  0]LogShaderLibrary: Display: ShaderCodeLibraryPakFileMountedCallback: pending pak file info (ChunkID:-1 Root:root:/ File:C:/Program Files/Epic Games/UE_4.27/FeaturePacks/TP_TopDown.upack)
[2023.10.13-19.39.53:463][  0]LogPakFile: OnPakFileMounted2Time == 0.000272
[2023.10.13-19.39.53:464][  0]LogPakFile: PakFile PrimaryIndexSize=185
[2023.10.13-19.39.53:464][  0]LogPakFile: PakFile PathHashIndexSize=101
[2023.10.13-19.39.53:465][  0]LogPakFile: PakFile FullDirectoryIndexSize=144
[2023.10.13-19.39.53:465][  0]LogShaderLibrary: Display: ShaderCodeLibraryPakFileMountedCallback: PakFile 'C:/Program Files/Epic Games/UE_4.27/FeaturePacks/TP_TopDownBP.upack' (chunk index -1, root 'root:/') mounted
[2023.10.13-19.39.53:465][  0]LogShaderLibrary: Display: ShaderCodeLibraryPakFileMountedCallback: pending pak file info (ChunkID:-1 Root:root:/ File:C:/Program Files/Epic Games/UE_4.27/FeaturePacks/TP_TopDownBP.upack)
[2023.10.13-19.39.53:465][  0]LogPakFile: OnPakFileMounted2Time == 0.000193
[2023.10.13-19.39.53:466][  0]LogPakFile: PakFile PrimaryIndexSize=185
[2023.10.13-19.39.53:466][  0]LogPakFile: PakFile PathHashIndexSize=101
[2023.10.13-19.39.53:466][  0]LogPakFile: PakFile FullDirectoryIndexSize=144
[2023.10.13-19.39.53:466][  0]LogShaderLibrary: Display: ShaderCodeLibraryPakFileMountedCallback: PakFile 'C:/Program Files/Epic Games/UE_4.27/FeaturePacks/TP_TwinStick.upack' (chunk index -1, root 'root:/') mounted
[2023.10.13-19.39.53:466][  0]LogShaderLibrary: Display: ShaderCodeLibraryPakFileMountedCallback: pending pak file info (ChunkID:-1 Root:root:/ File:C:/Program Files/Epic Games/UE_4.27/FeaturePacks/TP_TwinStick.upack)
[2023.10.13-19.39.53:466][  0]LogPakFile: OnPakFileMounted2Time == 0.000356
[2023.10.13-19.39.53:468][  0]LogPakFile: PakFile PrimaryIndexSize=187
[2023.10.13-19.39.53:468][  0]LogPakFile: PakFile PathHashIndexSize=101
[2023.10.13-19.39.53:469][  0]LogPakFile: PakFile FullDirectoryIndexSize=148
[2023.10.13-19.39.53:469][  0]LogShaderLibrary: Display: ShaderCodeLibraryPakFileMountedCallback: PakFile 'C:/Program Files/Epic Games/UE_4.27/FeaturePacks/TP_TwinStickBP.upack' (chunk index -1, root 'root:/') mounted
[2023.10.13-19.39.53:469][  0]LogShaderLibrary: Display: ShaderCodeLibraryPakFileMountedCallback: pending pak file info (ChunkID:-1 Root:root:/ File:C:/Program Files/Epic Games/UE_4.27/FeaturePacks/TP_TwinStickBP.upack)
[2023.10.13-19.39.53:469][  0]LogPakFile: OnPakFileMounted2Time == 0.000265
[2023.10.13-19.39.53:470][  0]LogPakFile: PakFile PrimaryIndexSize=183
[2023.10.13-19.39.53:471][  0]LogPakFile: PakFile PathHashIndexSize=101
[2023.10.13-19.39.53:471][  0]LogPakFile: PakFile FullDirectoryIndexSize=140
[2023.10.13-19.39.53:471][  0]LogShaderLibrary: Display: ShaderCodeLibraryPakFileMountedCallback: PakFile 'C:/Program Files/Epic Games/UE_4.27/FeaturePacks/TP_Vehicle.upack' (chunk index -1, root 'root:/') mounted
[2023.10.13-19.39.53:471][  0]LogShaderLibrary: Display: ShaderCodeLibraryPakFileMountedCallback: pending pak file info (ChunkID:-1 Root:root:/ File:C:/Program Files/Epic Games/UE_4.27/FeaturePacks/TP_Vehicle.upack)
[2023.10.13-19.39.53:471][  0]LogPakFile: OnPakFileMounted2Time == 0.000219
[2023.10.13-19.39.53:473][  0]LogPakFile: PakFile PrimaryIndexSize=186
[2023.10.13-19.39.53:473][  0]LogPakFile: PakFile PathHashIndexSize=101
[2023.10.13-19.39.53:473][  0]LogPakFile: PakFile FullDirectoryIndexSize=146
[2023.10.13-19.39.53:473][  0]LogShaderLibrary: Display: ShaderCodeLibraryPakFileMountedCallback: PakFile 'C:/Program Files/Epic Games/UE_4.27/FeaturePacks/TP_VehicleAdv.upack' (chunk index -1, root 'root:/') mounted
[2023.10.13-19.39.53:473][  0]LogShaderLibrary: Display: ShaderCodeLibraryPakFileMountedCallback: pending pak file info (ChunkID:-1 Root:root:/ File:C:/Program Files/Epic Games/UE_4.27/FeaturePacks/TP_VehicleAdv.upack)
[2023.10.13-19.39.53:473][  0]LogPakFile: OnPakFileMounted2Time == 0.000227
[2023.10.13-19.39.53:475][  0]LogPakFile: PakFile PrimaryIndexSize=188
[2023.10.13-19.39.53:475][  0]LogPakFile: PakFile PathHashIndexSize=101
[2023.10.13-19.39.53:475][  0]LogPakFile: PakFile FullDirectoryIndexSize=150
[2023.10.13-19.39.53:475][  0]LogShaderLibrary: Display: ShaderCodeLibraryPakFileMountedCallback: PakFile 'C:/Program Files/Epic Games/UE_4.27/FeaturePacks/TP_VehicleAdvBP.upack' (chunk index -1, root 'root:/') mounted
[2023.10.13-19.39.53:475][  0]LogShaderLibrary: Display: ShaderCodeLibraryPakFileMountedCallback: pending pak file info (ChunkID:-1 Root:root:/ File:C:/Program Files/Epic Games/UE_4.27/FeaturePacks/TP_VehicleAdvBP.upack)
[2023.10.13-19.39.53:475][  0]LogPakFile: OnPakFileMounted2Time == 0.000219
[2023.10.13-19.39.53:477][  0]LogPakFile: PakFile PrimaryIndexSize=185
[2023.10.13-19.39.53:477][  0]LogPakFile: PakFile PathHashIndexSize=101
[2023.10.13-19.39.53:477][  0]LogPakFile: PakFile FullDirectoryIndexSize=144
[2023.10.13-19.39.53:477][  0]LogShaderLibrary: Display: ShaderCodeLibraryPakFileMountedCallback: PakFile 'C:/Program Files/Epic Games/UE_4.27/FeaturePacks/TP_VehicleBP.upack' (chunk index -1, root 'root:/') mounted
[2023.10.13-19.39.53:478][  0]LogShaderLibrary: Display: ShaderCodeLibraryPakFileMountedCallback: pending pak file info (ChunkID:-1 Root:root:/ File:C:/Program Files/Epic Games/UE_4.27/FeaturePacks/TP_VehicleBP.upack)
[2023.10.13-19.39.53:478][  0]LogPakFile: OnPakFileMounted2Time == 0.000292
[2023.10.13-19.39.53:479][  0]LogPakFile: PakFile PrimaryIndexSize=192
[2023.10.13-19.39.53:479][  0]LogPakFile: PakFile PathHashIndexSize=101
[2023.10.13-19.39.53:479][  0]LogPakFile: PakFile FullDirectoryIndexSize=158
[2023.10.13-19.39.53:479][  0]LogShaderLibrary: Display: ShaderCodeLibraryPakFileMountedCallback: PakFile 'C:/Program Files/Epic Games/UE_4.27/FeaturePacks/TP_VirtualRealityBP.upack' (chunk index -1, root 'root:/') mounted
[2023.10.13-19.39.53:479][  0]LogShaderLibrary: Display: ShaderCodeLibraryPakFileMountedCallback: pending pak file info (ChunkID:-1 Root:root:/ File:C:/Program Files/Epic Games/UE_4.27/FeaturePacks/TP_VirtualRealityBP.upack)
[2023.10.13-19.39.53:479][  0]LogPakFile: OnPakFileMounted2Time == 0.000224
[2023.10.13-19.39.53:637][  0]LogNativeClassHierarchy: Verbose: Native class hierarchy updated for 'AddContentDialog' in 0.0003 seconds. Added 0 classes and 0 folders.
[2023.10.13-19.39.53:643][  0]LogNativeClassHierarchy: Verbose: Native class hierarchy updated for 'SceneOutliner' in 0.0003 seconds. Added 2 classes and 0 folders.
[2023.10.13-19.39.53:741][  0]LogSlate: Took 0.000468 seconds to synchronously load lazily loaded font '../../../Engine/Content/Slate/Fonts/Roboto-Regular.ttf' (155K)
[2023.10.13-19.39.53:742][  0]LogSlate: Took 0.000514 seconds to synchronously load lazily loaded font '../../../Engine/Content/Editor/Slate/Fonts/FontAwesome.ttf' (139K)
[2023.10.13-19.39.53:745][  0]LogSlate: Took 0.000558 seconds to synchronously load lazily loaded font '../../../Engine/Content/Slate/Fonts/Roboto-Bold.ttf' (160K)
[2023.10.13-19.39.53:861][  0]LogRenderer: Reallocating scene render targets to support 1208x572 Format 10 NumSamples 1 (Frame:1).
[2023.10.13-19.39.53:915][  0]LogSlate: Took 0.000607 seconds to synchronously load lazily loaded font '../../../Engine/Content/Slate/Fonts/Roboto-Light.ttf' (167K)
[2023.10.13-19.39.54:114][  0]LogNativeClassHierarchy: Verbose: Native class hierarchy updated for 'HierarchicalLODOutliner' in 0.0006 seconds. Added 0 classes and 0 folders.
[2023.10.13-19.39.54:115][  0]LogLoad: (Engine Initialization) Total time: 24.96 seconds
[2023.10.13-19.39.54:115][  0]LogLoad: (Engine Initialization) Total Blueprint compile time: 0.00 seconds
[2023.10.13-19.39.54:223][  0]LogContentStreaming: Texture pool size now 1000 MB
[2023.10.13-19.39.54:262][  1]LogAssetRegistry: Asset discovery search completed in 16.5089 seconds
[2023.10.13-19.39.54:273][  1]LogCollectionManager: Fixed up redirectors for 0 collections in 0.000004 seconds (updated 0 objects)
[2023.10.13-19.39.55:235][ 29]LogSlate: Took 0.000403 seconds to synchronously load lazily loaded font '../../../Engine/Content/Slate/Fonts/Roboto-Light.ttf' (167K)
[2023.10.13-19.39.57:258][ 77]LogUObjectHash: Compacting FUObjectHashTables data took   1.35ms
[2023.10.13-19.39.57:766][ 77]LogAssetEditorSubsystem: Opening Asset editor for World /Game/Maps/CodeLevel.CodeLevel
[2023.10.13-19.39.57:766][ 77]Cmd: MAP LOAD FILE="D:/UnrealGame01/UnrealGame001/Content/Maps/CodeLevel.umap" TEMPLATE=0 SHOWPROGRESS=1 FEATURELEVEL=3
[2023.10.13-19.39.57:766][ 77]LightingResults: New page: Lighting Build
[2023.10.13-19.39.57:766][ 77]LoadErrors: New page: Loading map: CodeLevel.umap
[2023.10.13-19.39.57:768][ 77]LogWorld: UWorld::CleanupWorld for Untitled_1, bSessionEnded=true, bCleanupResources=true
[2023.10.13-19.39.57:768][ 77]LogSlate: InvalidateAllWidgets triggered.  All widgets were invalidated
[2023.10.13-19.39.57:768][ 77]MapCheck: New page: Map Check
[2023.10.13-19.39.57:768][ 77]LightingResults: New page: Lighting Build
[2023.10.13-19.39.57:774][ 77]LogAudio: Display: Audio Device unregistered from world 'None'.
[2023.10.13-19.39.57:785][ 77]LogUObjectHash: Compacting FUObjectHashTables data took   1.06ms
[2023.10.13-19.39.57:787][ 77]LogAudio: Display: Audio Device (ID: 1) registered with world 'CodeLevel'.
[2023.10.13-19.39.57:860][ 77]LogEditorServer: Finished looking for orphan Actors (0.000 secs)
[2023.10.13-19.39.57:860][ 77]LogAIModule: Creating AISystem for world CodeLevel
[2023.10.13-19.39.57:869][ 77]LogUObjectHash: Compacting FUObjectHashTables data took   1.03ms
[2023.10.13-19.39.57:903][ 77]Cmd: MAP CHECKDEP NOCLEARLOG
[2023.10.13-19.39.57:903][ 77]MapCheck: Map check complete: 0 Error(s), 0 Warning(s), took 0.122ms to complete.
[2023.10.13-19.39.57:903][ 77]LogFileHelpers: Loading map 'CodeLevel' took 0.137
[2023.10.13-19.39.58:879][102]LogEditorViewport: Clicking on Actor (LMB): BP_Sky_Sphere_C (Sky Sphere)
[2023.10.13-19.39.59:645][120]LogTemp: Repeating last play command: Selected Viewport
[2023.10.13-19.39.59:663][120]LogPlayLevel: PlayLevel: No blueprints needed recompiling
[2023.10.13-19.39.59:664][120]PIE: New page: PIE session: CodeLevel (Oct 13, 2023, 11:39:59 AM)
[2023.10.13-19.39.59:670][120]LogOnline: OSS: Creating online subsystem instance for: NULL
[2023.10.13-19.39.59:678][120]LogOnline: OSS: TryLoadSubsystemAndSetDefault: Loaded subsystem for module [NULL]
[2023.10.13-19.39.59:679][120]LogPlayLevel: Creating play world package: /Game/Maps/UEDPIE_0_CodeLevel
[2023.10.13-19.39.59:683][120]LogPlayLevel: PIE: StaticDuplicateObject took: (0.003990s)
[2023.10.13-19.39.59:685][120]LogAIModule: Creating AISystem for world CodeLevel
[2023.10.13-19.39.59:686][120]LogPlayLevel: PIE: World Init took: (0.002054s)
[2023.10.13-19.39.59:686][120]LogPlayLevel: PIE: Created PIE world by copying editor world from /Game/Maps/CodeLevel.CodeLevel to /Game/Maps/UEDPIE_0_CodeLevel.CodeLevel (0.007044s)
[2023.10.13-19.39.59:692][120]LogUObjectHash: Compacting FUObjectHashTables data took   0.60ms
[2023.10.13-19.39.59:695][120]LogAudio: Display: Creating Audio Device:                 Id: 2, Scope: Unique, Realtime: True
[2023.10.13-19.39.59:695][120]LogAudioMixer: Display: Audio Mixer Platform Settings:
[2023.10.13-19.39.59:695][120]LogAudioMixer: Display: 	Sample Rate:						  48000
[2023.10.13-19.39.59:696][120]LogAudioMixer: Display: 	Callback Buffer Frame Size Requested: 1024
[2023.10.13-19.39.59:696][120]LogAudioMixer: Display: 	Callback Buffer Frame Size To Use:	  1024
[2023.10.13-19.39.59:696][120]LogAudioMixer: Display: 	Number of buffers to queue:			  2
[2023.10.13-19.39.59:697][120]LogAudioMixer: Display: 	Max Channels (voices):				  32
[2023.10.13-19.39.59:697][120]LogAudioMixer: Display: 	Number of Async Source Workers:		  0
[2023.10.13-19.39.59:698][120]LogAudio: Display: AudioDevice MaxSources: 32
[2023.10.13-19.39.59:699][120]LogAudio: Display: Audio Spatialization Plugin: None (built-in).
[2023.10.13-19.39.59:699][120]LogAudio: Display: Audio Reverb Plugin: None (built-in).
[2023.10.13-19.39.59:699][120]LogAudio: Display: Audio Occlusion Plugin: None (built-in).
[2023.10.13-19.39.59:700][120]LogAudioMixer: Display: Initializing audio mixer.
[2023.10.13-19.39.59:728][120]LogAudioMixer: Display: 0: FrontLeft
[2023.10.13-19.39.59:728][120]LogAudioMixer: Display: 1: FrontRight
[2023.10.13-19.39.59:753][120]LogAudioMixer: Display: Using Audio Device 헤드폰 (WH-XB910N)
[2023.10.13-19.39.59:754][120]LogAudioMixer: Display: Initializing Sound Submixes...
[2023.10.13-19.39.59:754][120]LogAudioMixer: Display: Creating Master Submix 'MasterSubmixDefault'
[2023.10.13-19.39.59:754][120]LogAudioMixer: Display: Creating Master Submix 'MasterReverbSubmixDefault'
[2023.10.13-19.39.59:755][120]LogAudioMixer: Display: Creating Master Submix 'MasterEQSubmixDefault'
[2023.10.13-19.39.59:755][120]LogAudioMixer: FMixerPlatformXAudio2::StartAudioStream() called
[2023.10.13-19.39.59:755][120]LogAudioMixer: Display: Output buffers initialized: Frames=1024, Channels=2, Samples=2048
[2023.10.13-19.39.59:761][120]LogAudioMixer: Display: Starting AudioMixerPlatformInterface::RunInternal()
[2023.10.13-19.39.59:761][120]LogAudioMixer: Display: FMixerPlatformXAudio2::SubmitBuffer() called for the first time
[2023.10.13-19.39.59:761][120]LogInit: FAudioDevice initialized.
[2023.10.13-19.39.59:762][120]LogAudio: Display: Audio Device (ID: 2) registered with world 'CodeLevel'.
[2023.10.13-19.39.59:783][120]LogLoad: Game class is 'BP_CodeGame_C'
[2023.10.13-19.39.59:789][120]LogWorld: Bringing World /Game/Maps/UEDPIE_0_CodeLevel.CodeLevel up for play (max tick rate 60) at 2023.10.13-15.39.59
[2023.10.13-19.39.59:803][120]LogWorld: Bringing up level for play took: 0.016449
[2023.10.13-19.39.59:804][120]LogOnline: OSS: Creating online subsystem instance for: :Context_2
[2023.10.13-19.39.59:826][120]LogNativeClassHierarchy: Verbose: Native class hierarchy updated for 'MovieSceneCapture' in 0.0006 seconds. Added 20 classes and 0 folders.
[2023.10.13-19.39.59:834][120]LogActor: Warning: BP_BaseRifle_C /Game/Maps/UEDPIE_0_CodeLevel.CodeLevel:PersistentLevel.BP_BaseRifle_C_0 has natively added scene component(s), but none of them were set as the actor's RootComponent - picking one arbitrarily
[2023.10.13-19.39.59:835][120]LogActor: Warning: BP_BaseRifle_C /Game/Maps/UEDPIE_0_CodeLevel.CodeLevel:PersistentLevel.BP_BaseRifle_C_1 has natively added scene component(s), but none of them were set as the actor's RootComponent - picking one arbitrarily
[2023.10.13-19.39.59:838][120]Game: Warning: valid in the NativeOnInitialized
[2023.10.13-19.39.59:844][120]PIE: Server logged in
[2023.10.13-19.39.59:848][120]PIE: Play in editor total start time 0.191 seconds.
[2023.10.13-19.39.59:860][120]Game: Error: FireAnimation
[2023.10.13-19.39.59:860][120]Game: Error: FireAnimation
[2023.10.13-19.39.59:889][121]Game: Error: FireAnimation
[2023.10.13-19.39.59:923][122]Game: Error: FireAnimation
[2023.10.13-19.39.59:943][123]Game: Error: FireAnimation
[2023.10.13-19.39.59:976][124]Game: Error: FireAnimation
[2023.10.13-19.40.00:010][125]Game: Error: FireAnimation
[2023.10.13-19.40.00:042][126]Game: Error: FireAnimation
[2023.10.13-19.40.00:077][127]Game: Error: FireAnimation
[2023.10.13-19.40.00:109][128]Game: Error: FireAnimation
[2023.10.13-19.40.00:142][129]Game: Error: FireAnimation
[2023.10.13-19.40.00:177][130]Game: Error: FireAnimation
[2023.10.13-19.40.00:212][131]Game: Error: FireAnimation
[2023.10.13-19.40.00:244][132]Game: Error: FireAnimation
[2023.10.13-19.40.00:278][133]Game: Error: FireAnimation
[2023.10.13-19.40.00:309][134]Game: Error: FireAnimation
[2023.10.13-19.40.00:343][135]Game: Error: FireAnimation
[2023.10.13-19.40.00:376][136]Game: Error: FireAnimation
[2023.10.13-19.40.00:410][137]Game: Error: FireAnimation
[2023.10.13-19.40.00:443][138]Game: Error: FireAnimation
[2023.10.13-19.40.00:476][139]Game: Error: FireAnimation
[2023.10.13-19.40.00:511][140]Game: Error: FireAnimation
[2023.10.13-19.40.00:559][141]Game: Error: FireAnimation
[2023.10.13-19.40.00:560][141]Game: Error: FireAnimation
[2023.10.13-19.40.00:560][141]Game: Error: FireAnimation
[2023.10.13-19.40.00:575][142]Game: Error: FireAnimation
[2023.10.13-19.40.00:610][143]Game: Error: FireAnimation
[2023.10.13-19.40.00:643][144]Game: Error: FireAnimation
[2023.10.13-19.40.00:677][145]Game: Error: FireAnimation
[2023.10.13-19.40.00:711][146]Game: Error: FireAnimation
[2023.10.13-19.40.00:743][147]Game: Error: FireAnimation
[2023.10.13-19.40.00:775][148]Game: Error: FireAnimation
[2023.10.13-19.40.00:808][149]Game: Error: FireAnimation
[2023.10.13-19.40.00:845][150]Game: Error: FireAnimation
[2023.10.13-19.40.00:878][151]Game: Error: FireAnimation
[2023.10.13-19.40.00:909][152]Game: Error: FireAnimation
[2023.10.13-19.40.00:942][153]Game: Error: FireAnimation
[2023.10.13-19.40.00:980][154]Game: Error: FireAnimation
[2023.10.13-19.40.01:011][155]Game: Error: FireAnimation
[2023.10.13-19.40.01:042][156]Game: Error: FireAnimation
[2023.10.13-19.40.01:075][157]Game: Error: FireAnimation
[2023.10.13-19.40.01:110][158]Game: Error: FireAnimation
[2023.10.13-19.40.01:144][159]Game: Error: FireAnimation
[2023.10.13-19.40.01:178][160]Game: Error: FireAnimation
[2023.10.13-19.40.01:210][161]Game: Error: FireAnimation
[2023.10.13-19.40.01:244][162]Game: Error: FireAnimation
[2023.10.13-19.40.01:275][163]Game: Error: FireAnimation
[2023.10.13-19.40.01:309][164]Game: Error: FireAnimation
[2023.10.13-19.40.01:344][165]Game: Error: FireAnimation
[2023.10.13-19.40.01:380][166]Game: Error: FireAnimation
[2023.10.13-19.40.01:410][167]Game: Error: FireAnimation
[2023.10.13-19.40.01:445][168]Game: Error: FireAnimation
[2023.10.13-19.40.01:477][169]Game: Error: FireAnimation
[2023.10.13-19.40.01:510][170]Game: Error: FireAnimation
[2023.10.13-19.40.01:543][171]Game: Error: FireAnimation
[2023.10.13-19.40.01:586][172]Game: Error: FireAnimation
[2023.10.13-19.40.01:610][173]Game: Error: FireAnimation
[2023.10.13-19.40.01:643][174]Game: Error: FireAnimation
[2023.10.13-19.40.01:675][175]Game: Error: FireAnimation
[2023.10.13-19.40.01:711][176]Game: Error: FireAnimation
[2023.10.13-19.40.01:711][176]Game: Error: FireAnimation
[2023.10.13-19.40.01:748][177]Game: Error: FireAnimation
[2023.10.13-19.40.23:294][177]Game: Error: notify hit
